<?xml version="1.0" encoding="UTF-8"?>
<testsuite name="de.tum.cit.aet.artemis.communication.GroupChatIntegrationTest" tests="19" skipped="0" failures="0" errors="0" timestamp="2025-02-14T23:43:46" hostname="fv-az1721-502" time="2.166">
  <properties/>
  <testcase name="postInGroupChat_firstPostReceivedByAllMembers()" classname="de.tum.cit.aet.artemis.communication.GroupChatIntegrationTest" time="0.169"/>
  <testcase name="registerUsersToGroupChat_asNonMember_shouldReturnForbidden()" classname="de.tum.cit.aet.artemis.communication.GroupChatIntegrationTest" time="0.116"/>
  <testcase name="[1] courseInformationSharingConfiguration=DISABLED" classname="de.tum.cit.aet.artemis.communication.GroupChatIntegrationTest" time="0.111"/>
  <testcase name="[2] courseInformationSharingConfiguration=COMMUNICATION_ONLY" classname="de.tum.cit.aet.artemis.communication.GroupChatIntegrationTest" time="0.129"/>
  <testcase name="startGroupChat_invalidNumberOfChatPartners_shouldReturnBadRequest()" classname="de.tum.cit.aet.artemis.communication.GroupChatIntegrationTest" time="0.095"/>
  <testcase name="deregisterUsersFromGroupChat_asNonMember_shouldReturnForbidden()" classname="de.tum.cit.aet.artemis.communication.GroupChatIntegrationTest" time="0.091"/>
  <testcase name="updateGroupChat_updateName_shouldUpdateName()" classname="de.tum.cit.aet.artemis.communication.GroupChatIntegrationTest" time="0.147"/>
  <testcase name="startGroupChat_asStudent1WithStudent2AndStudent3_shouldCreateGroupChat()" classname="de.tum.cit.aet.artemis.communication.GroupChatIntegrationTest" time="0.094"/>
  <testcase name="deregisterUsersFromGroupChat_asMember_shouldRemoveMembers()" classname="de.tum.cit.aet.artemis.communication.GroupChatIntegrationTest" time="0.149"/>
  <testcase name="shouldReturnExistingGroupChatWhenChatAlreadyExists()" classname="de.tum.cit.aet.artemis.communication.GroupChatIntegrationTest" time="0.143"/>
  <testcase name="registerUsersToGroupChat_memberOfGroupChat_shouldAddUsers()" classname="de.tum.cit.aet.artemis.communication.GroupChatIntegrationTest" time="0.247"/>
  <testcase name="registerUsersToGroupChat_wouldBreakGroupChatLimit_shouldReturnBadRequest()" classname="de.tum.cit.aet.artemis.communication.GroupChatIntegrationTest" time="0.098"/>
  <testcase name="updateGroupChat_notAMemberOfGroupChat_shouldReturnForbidden()" classname="de.tum.cit.aet.artemis.communication.GroupChatIntegrationTest" time="0.083"/>
  <testcase name="[1] courseInformationSharingConfiguration=DISABLED" classname="de.tum.cit.aet.artemis.communication.GroupChatIntegrationTest" time="0.068"/>
  <testcase name="[2] courseInformationSharingConfiguration=COMMUNICATION_ONLY" classname="de.tum.cit.aet.artemis.communication.GroupChatIntegrationTest" time="0.073"/>
  <testcase name="[1] courseInformationSharingConfiguration=DISABLED" classname="de.tum.cit.aet.artemis.communication.GroupChatIntegrationTest" time="0.047"/>
  <testcase name="[2] courseInformationSharingConfiguration=COMMUNICATION_ONLY" classname="de.tum.cit.aet.artemis.communication.GroupChatIntegrationTest" time="0.078"/>
  <testcase name="startGroupChat_notAllowedAsNotStudentInCourse_shouldReturnBadRequest()" classname="de.tum.cit.aet.artemis.communication.GroupChatIntegrationTest" time="0.088"/>
  <testcase name="deregisterUsersFromGroupChat_selfDeregistration_shouldRemoveRequestingMember()" classname="de.tum.cit.aet.artemis.communication.GroupChatIntegrationTest" time="0.106"/>
  <system-out><![CDATA[
Starting logs for GroupChatIntegrationTest

  Starting logs for GroupChatIntegrationTest > postInGroupChat_firstPostReceivedByAllMembers()
    23:43:46.751 | 136 Pool-1-worker-51 | DEBUG | d.t.c.a.a.c.u.util.UserUtilService   : Generate 11 students...
    23:43:46.758 | 136 Pool-1-worker-51 | DEBUG | d.t.c.a.a.c.u.util.UserUtilService   : 11 students generated. Generate 0 tutors...
    23:43:46.759 | 136 Pool-1-worker-51 | DEBUG | d.t.c.a.a.c.u.util.UserUtilService   : 0 tutors generated. Generate 0 editors...
    23:43:46.761 | 136 Pool-1-worker-51 | DEBUG | d.t.c.a.a.c.u.util.UserUtilService   : 0 editors generated. Generate 0 instructors...
    23:43:46.762 | 136 Pool-1-worker-51 | DEBUG | d.t.c.a.a.c.u.util.UserUtilService   : 0 instructors generated
    23:43:46.763 | 136 Pool-1-worker-51 | DEBUG | d.t.c.a.a.c.u.util.UserUtilService   : Removing 4 users from all courses...
    23:43:46.764 | 136 Pool-1-worker-51 | DEBUG | d.t.c.a.a.c.u.util.UserUtilService   : Removing 4 users from all courses. Done
    23:43:46.764 | 136 Pool-1-worker-51 | DEBUG | d.t.c.a.a.c.u.util.UserUtilService   : Save 11 users to database...
    23:43:46.768 | 136 Pool-1-worker-51 | DEBUG | d.t.c.a.a.c.u.util.UserUtilService   : Save 11 users to database. Done
    23:43:46.770 | 136 Pool-1-worker-51 | INFO  | i.z.t.d.l.EmbeddedDatabaseReporter   : JDBC URL to connect to 'dataSource': url='jdbc:h2:tcp://localhost:41063/mem:df70fc46-7e57-4cb5-9cd0-c1d90c14afa7;USER=sa', scope='GroupChatIntegrationTest#postInGroupChat_firstPostReceivedByAllMembers'
    23:43:46.772 | 136 Pool-1-worker-51 | DEBUG | d.t.c.a.a.c.s.f.ApiVersionFilter     : Adding Version to Request POST /api/courses/1031/group-chats
    23:43:46.785 | 136 Pool-1-worker-51 | DEBUG | d.t.c.a.a.c.w.c.GroupChatResource    : REST request to create group chat in course 1031 between: grteststudent1 and : [grteststudent2, grteststudent3]
    23:43:46.822 | 136 Pool-1-worker-51 | DEBUG | .a.c.r.ConversationMessageRepository : findPostIdsWithSpecification took 633µs
    23:43:46.824 | 136 Pool-1-worker-51 | DEBUG | .a.c.r.ConversationMessageRepository : findByPostIdsWithEagerRelationships took 1.41ms
    23:43:46.827 | 136 Pool-1-worker-51 | DEBUG | d.t.c.a.a.c.s.f.ApiVersionFilter     : Adding Version to Request POST /api/courses/1031/messages
    23:43:46.829 | 136 Pool-1-worker-51 | DEBUG | .a.a.c.w.ConversationMessageResource : POST createMessage invoked for course 1031 with post null
    23:43:46.832 | 136 Pool-1-worker-51 | DEBUG | a.a.c.s.ConversationMessagingService :       createMessage:conversationService.isMemberOrCreateForCourseWideElseThrow DONE
    23:43:46.832 | 136 Pool-1-worker-51 | DEBUG | a.a.c.s.ConversationMessagingService :       createMessage:additional authorization DONE
    23:43:46.833 | 136 Pool-1-worker-51 | DEBUG | a.a.c.s.ConversationMessagingService :       createMessage:parseUserMentions DONE
    23:43:46.836 | 136 Pool-1-worker-51 | DEBUG | a.a.c.s.ConversationMessagingService :       conversationMessageRepository.save DONE
    23:43:46.837 | 136 Pool-1-worker-51 | DEBUG | a.a.c.s.ConversationMessagingService :       conversationMessageRepository.save DONE
    23:43:46.839 | 136 Pool-1-worker-51 | DEBUG | .a.a.c.w.ConversationMessageResource : createMessage took 10.42ms
    23:43:46.847 | 136 Pool-1-worker-51 | DEBUG | .a.c.r.ConversationMessageRepository : findPostIdsWithSpecification took 4.60ms
    23:43:46.848 | 136 Pool-1-worker-51 | DEBUG | .a.c.r.ConversationMessageRepository : findByPostIdsWithEagerRelationships took 1.64ms
    23:43:46.851 | 621 artemis-task-1   | DEBUG | a.a.c.s.ConversationMessagingService :       getNotificationRecipients DONE
    23:43:46.852 | 621 artemis-task-1   | DEBUG | a.a.c.s.ConversationMessagingService :       broadcastForPost DONE
    23:43:46.854 | 621 artemis-task-1   | DEBUG | a.a.c.s.ConversationMessagingService :       conversationNotificationService.notifyAboutNewMessage DONE
    23:43:46.857 | 621 artemis-task-1   | DEBUG | a.a.c.s.ConversationMessagingService :       incrementUnreadMessagesCountOfParticipants DONE
    23:43:46.857 | 621 artemis-task-1   | DEBUG | a.a.c.s.ConversationMessagingService :       notifyAboutMessageCreation DONE

  Starting logs for GroupChatIntegrationTest > registerUsersToGroupChat_asNonMember_shouldReturnForbidden()
    23:43:46.902 | 136 Pool-1-worker-51 | DEBUG | d.t.c.a.a.c.u.util.UserUtilService   : Generate 11 students...
    23:43:46.918 | 136 Pool-1-worker-51 | DEBUG | d.t.c.a.a.c.u.util.UserUtilService   : 11 students generated. Generate 0 tutors...
    23:43:46.919 | 136 Pool-1-worker-51 | DEBUG | d.t.c.a.a.c.u.util.UserUtilService   : 0 tutors generated. Generate 0 editors...
    23:43:46.920 | 136 Pool-1-worker-51 | DEBUG | d.t.c.a.a.c.u.util.UserUtilService   : 0 editors generated. Generate 0 instructors...
    23:43:46.922 | 136 Pool-1-worker-51 | DEBUG | d.t.c.a.a.c.u.util.UserUtilService   : 0 instructors generated
    23:43:46.923 | 136 Pool-1-worker-51 | DEBUG | d.t.c.a.a.c.u.util.UserUtilService   : Removing 11 users from all courses...
    23:43:46.925 | 136 Pool-1-worker-51 | DEBUG | d.t.c.a.a.c.u.util.UserUtilService   : Removing 11 users from all courses. Done
    23:43:46.925 | 136 Pool-1-worker-51 | DEBUG | d.t.c.a.a.c.u.util.UserUtilService   : Save 11 users to database...
    23:43:46.947 | 136 Pool-1-worker-51 | DEBUG | d.t.c.a.a.c.u.util.UserUtilService   : Save 11 users to database. Done
    23:43:46.948 | 136 Pool-1-worker-51 | INFO  | i.z.t.d.l.EmbeddedDatabaseReporter   : JDBC URL to connect to 'dataSource': url='jdbc:h2:tcp://localhost:41063/mem:df70fc46-7e57-4cb5-9cd0-c1d90c14afa7;USER=sa', scope='GroupChatIntegrationTest#registerUsersToGroupChat_asNonMember_shouldReturnForbidden'
    23:43:46.949 | 136 Pool-1-worker-51 | DEBUG | d.t.c.a.a.c.s.f.ApiVersionFilter     : Adding Version to Request POST /api/courses/1032/group-chats
    23:43:46.951 | 136 Pool-1-worker-51 | DEBUG | d.t.c.a.a.c.w.c.GroupChatResource    : REST request to create group chat in course 1032 between: grteststudent1 and : [grteststudent2, grteststudent3]
    23:43:46.990 | 136 Pool-1-worker-51 | DEBUG | d.t.c.a.a.c.s.f.ApiVersionFilter     : Adding Version to Request POST /api/courses/1032/group-chats/662/register
    23:43:46.992 | 136 Pool-1-worker-51 | WARN  | o.z.p.spring.common.AdviceTraits     : Forbidden: Access Denied

  Starting logs for GroupChatIntegrationTest > [1] courseInformationSharingConfiguration=DISABLED
    23:43:47.028 | 136 Pool-1-worker-51 | DEBUG | d.t.c.a.a.c.u.util.UserUtilService   : Generate 11 students...
    23:43:47.045 | 136 Pool-1-worker-51 | DEBUG | d.t.c.a.a.c.u.util.UserUtilService   : 11 students generated. Generate 0 tutors...
    23:43:47.047 | 136 Pool-1-worker-51 | DEBUG | d.t.c.a.a.c.u.util.UserUtilService   : 0 tutors generated. Generate 0 editors...
    23:43:47.049 | 136 Pool-1-worker-51 | DEBUG | d.t.c.a.a.c.u.util.UserUtilService   : 0 editors generated. Generate 0 instructors...
    23:43:47.050 | 136 Pool-1-worker-51 | DEBUG | d.t.c.a.a.c.u.util.UserUtilService   : 0 instructors generated
    23:43:47.052 | 136 Pool-1-worker-51 | DEBUG | d.t.c.a.a.c.u.util.UserUtilService   : Removing 11 users from all courses...
    23:43:47.054 | 136 Pool-1-worker-51 | DEBUG | d.t.c.a.a.c.u.util.UserUtilService   : Removing 11 users from all courses. Done
    23:43:47.054 | 136 Pool-1-worker-51 | DEBUG | d.t.c.a.a.c.u.util.UserUtilService   : Save 11 users to database...
    23:43:47.064 | 136 Pool-1-worker-51 | DEBUG | d.t.c.a.a.c.u.util.UserUtilService   : Save 11 users to database. Done
    23:43:47.065 | 136 Pool-1-worker-51 | INFO  | i.z.t.d.l.EmbeddedDatabaseReporter   : JDBC URL to connect to 'dataSource': url='jdbc:h2:tcp://localhost:41063/mem:df70fc46-7e57-4cb5-9cd0-c1d90c14afa7;USER=sa', scope='GroupChatIntegrationTest#registerDeregisterUsersToGroupChat_messagingFeatureDeactivated_shouldReturnForbidden'
    23:43:47.067 | 136 Pool-1-worker-51 | DEBUG | d.t.c.a.a.c.s.f.ApiVersionFilter     : Adding Version to Request POST /api/courses/1033/group-chats
    23:43:47.070 | 136 Pool-1-worker-51 | DEBUG | d.t.c.a.a.c.w.c.GroupChatResource    : REST request to create group chat in course 1033 between: grteststudent1 and : [grteststudent2, grteststudent3]
    23:43:47.104 | 136 Pool-1-worker-51 | DEBUG | d.t.c.a.a.c.s.f.ApiVersionFilter     : Adding Version to Request POST /api/courses/1033/group-chats/663/register
    23:43:47.104 | 136 Pool-1-worker-51 | DEBUG | d.t.c.a.a.c.w.c.GroupChatResource    : REST request to register 1 users to group chat: 663
    23:43:47.106 | 136 Pool-1-worker-51 | WARN  | o.z.p.spring.common.AdviceTraits     : Forbidden: 403 FORBIDDEN "Messaging is not enabled for this course"
    23:43:47.107 | 136 Pool-1-worker-51 | DEBUG | d.t.c.a.a.c.s.f.ApiVersionFilter     : Adding Version to Request POST /api/courses/1033/group-chats/663/deregister
    23:43:47.108 | 136 Pool-1-worker-51 | DEBUG | d.t.c.a.a.c.w.c.GroupChatResource    : REST request to deregister 1 users from the group chat : 663
    23:43:47.109 | 136 Pool-1-worker-51 | WARN  | o.z.p.spring.common.AdviceTraits     : Forbidden: 403 FORBIDDEN "Messaging is not enabled for this course"

  Starting logs for GroupChatIntegrationTest > [2] courseInformationSharingConfiguration=COMMUNICATION_ONLY
    23:43:47.137 | 136 Pool-1-worker-51 | DEBUG | d.t.c.a.a.c.u.util.UserUtilService   : Generate 11 students...
    23:43:47.154 | 136 Pool-1-worker-51 | DEBUG | d.t.c.a.a.c.u.util.UserUtilService   : 11 students generated. Generate 0 tutors...
    23:43:47.155 | 136 Pool-1-worker-51 | DEBUG | d.t.c.a.a.c.u.util.UserUtilService   : 0 tutors generated. Generate 0 editors...
    23:43:47.157 | 136 Pool-1-worker-51 | DEBUG | d.t.c.a.a.c.u.util.UserUtilService   : 0 editors generated. Generate 0 instructors...
    23:43:47.158 | 136 Pool-1-worker-51 | DEBUG | d.t.c.a.a.c.u.util.UserUtilService   : 0 instructors generated
    23:43:47.160 | 136 Pool-1-worker-51 | DEBUG | d.t.c.a.a.c.u.util.UserUtilService   : Removing 11 users from all courses...
    23:43:47.162 | 136 Pool-1-worker-51 | DEBUG | d.t.c.a.a.c.u.util.UserUtilService   : Removing 11 users from all courses. Done
    23:43:47.162 | 136 Pool-1-worker-51 | DEBUG | d.t.c.a.a.c.u.util.UserUtilService   : Save 11 users to database...
    23:43:47.171 | 136 Pool-1-worker-51 | DEBUG | d.t.c.a.a.c.u.util.UserUtilService   : Save 11 users to database. Done
    23:43:47.172 | 136 Pool-1-worker-51 | INFO  | i.z.t.d.l.EmbeddedDatabaseReporter   : JDBC URL to connect to 'dataSource': url='jdbc:h2:tcp://localhost:41063/mem:df70fc46-7e57-4cb5-9cd0-c1d90c14afa7;USER=sa', scope='GroupChatIntegrationTest#registerDeregisterUsersToGroupChat_messagingFeatureDeactivated_shouldReturnForbidden'
    23:43:47.174 | 136 Pool-1-worker-51 | DEBUG | d.t.c.a.a.c.s.f.ApiVersionFilter     : Adding Version to Request POST /api/courses/1034/group-chats
    23:43:47.175 | 136 Pool-1-worker-51 | DEBUG | d.t.c.a.a.c.w.c.GroupChatResource    : REST request to create group chat in course 1034 between: grteststudent1 and : [grteststudent2, grteststudent3]
    23:43:47.216 | 136 Pool-1-worker-51 | DEBUG | d.t.c.a.a.c.s.f.ApiVersionFilter     : Adding Version to Request POST /api/courses/1034/group-chats/664/register
    23:43:47.216 | 136 Pool-1-worker-51 | DEBUG | d.t.c.a.a.c.w.c.GroupChatResource    : REST request to register 1 users to group chat: 664
    23:43:47.220 | 136 Pool-1-worker-51 | WARN  | o.z.p.spring.common.AdviceTraits     : Forbidden: 403 FORBIDDEN "Messaging is not enabled for this course"
    23:43:47.224 | 136 Pool-1-worker-51 | DEBUG | d.t.c.a.a.c.s.f.ApiVersionFilter     : Adding Version to Request POST /api/courses/1034/group-chats/664/deregister
    23:43:47.225 | 136 Pool-1-worker-51 | DEBUG | d.t.c.a.a.c.w.c.GroupChatResource    : REST request to deregister 1 users from the group chat : 664
    23:43:47.226 | 136 Pool-1-worker-51 | WARN  | o.z.p.spring.common.AdviceTraits     : Forbidden: 403 FORBIDDEN "Messaging is not enabled for this course"

  Starting logs for GroupChatIntegrationTest > startGroupChat_invalidNumberOfChatPartners_shouldReturnBadRequest()
    23:43:47.281 | 136 Pool-1-worker-51 | DEBUG | d.t.c.a.a.c.u.util.UserUtilService   : Generate 11 students...
    23:43:47.305 | 136 Pool-1-worker-51 | DEBUG | d.t.c.a.a.c.u.util.UserUtilService   : 11 students generated. Generate 0 tutors...
    23:43:47.307 | 136 Pool-1-worker-51 | DEBUG | d.t.c.a.a.c.u.util.UserUtilService   : 0 tutors generated. Generate 0 editors...
    23:43:47.308 | 136 Pool-1-worker-51 | DEBUG | d.t.c.a.a.c.u.util.UserUtilService   : 0 editors generated. Generate 0 instructors...
    23:43:47.309 | 136 Pool-1-worker-51 | DEBUG | d.t.c.a.a.c.u.util.UserUtilService   : 0 instructors generated
    23:43:47.311 | 136 Pool-1-worker-51 | DEBUG | d.t.c.a.a.c.u.util.UserUtilService   : Removing 11 users from all courses...
    23:43:47.313 | 136 Pool-1-worker-51 | DEBUG | d.t.c.a.a.c.u.util.UserUtilService   : Removing 11 users from all courses. Done
    23:43:47.313 | 136 Pool-1-worker-51 | DEBUG | d.t.c.a.a.c.u.util.UserUtilService   : Save 11 users to database...
    23:43:47.322 | 136 Pool-1-worker-51 | DEBUG | d.t.c.a.a.c.u.util.UserUtilService   : Save 11 users to database. Done
    23:43:47.322 | 136 Pool-1-worker-51 | INFO  | i.z.t.d.l.EmbeddedDatabaseReporter   : JDBC URL to connect to 'dataSource': url='jdbc:h2:tcp://localhost:41063/mem:df70fc46-7e57-4cb5-9cd0-c1d90c14afa7;USER=sa', scope='GroupChatIntegrationTest#startGroupChat_invalidNumberOfChatPartners_shouldReturnBadRequest'
    23:43:47.324 | 136 Pool-1-worker-51 | DEBUG | d.t.c.a.a.c.s.f.ApiVersionFilter     : Adding Version to Request POST /api/courses/1035/group-chats
    23:43:47.325 | 136 Pool-1-worker-51 | DEBUG | d.t.c.a.a.c.w.c.GroupChatResource    : REST request to create group chat in course 1035 between: grteststudent1 and : [grteststudent2, grteststudent3, grteststudent4, grteststudent5, grteststudent6, grteststudent7, grteststudent8, grteststudent9, grteststudent10, grteststudent11]
    23:43:47.336 | 136 Pool-1-worker-51 | ERROR | tech.jhipster.web.util.HeaderUtil    : Entity processing failed, The number of participants in a group chat must be between 2 and 10
    23:43:47.336 | 136 Pool-1-worker-51 | WARN  | o.z.p.spring.common.AdviceTraits     : Bad Request: The number of participants in a group chat must be between 2 and 10
    23:43:47.338 | 136 Pool-1-worker-51 | DEBUG | d.t.c.a.a.c.s.f.ApiVersionFilter     : Adding Version to Request POST /api/courses/1035/group-chats
    23:43:47.340 | 136 Pool-1-worker-51 | DEBUG | d.t.c.a.a.c.w.c.GroupChatResource    : REST request to create group chat in course 1035 between: grteststudent1 and : []
    23:43:47.342 | 136 Pool-1-worker-51 | ERROR | tech.jhipster.web.util.HeaderUtil    : Entity processing failed, The number of participants in a group chat must be between 2 and 10
    23:43:47.342 | 136 Pool-1-worker-51 | WARN  | o.z.p.spring.common.AdviceTraits     : Bad Request: The number of participants in a group chat must be between 2 and 10

  Starting logs for GroupChatIntegrationTest > deregisterUsersFromGroupChat_asNonMember_shouldReturnForbidden()
    23:43:47.363 | 136 Pool-1-worker-51 | DEBUG | d.t.c.a.a.c.u.util.UserUtilService   : Generate 11 students...
    23:43:47.378 | 136 Pool-1-worker-51 | DEBUG | d.t.c.a.a.c.u.util.UserUtilService   : 11 students generated. Generate 0 tutors...
    23:43:47.380 | 136 Pool-1-worker-51 | DEBUG | d.t.c.a.a.c.u.util.UserUtilService   : 0 tutors generated. Generate 0 editors...
    23:43:47.381 | 136 Pool-1-worker-51 | DEBUG | d.t.c.a.a.c.u.util.UserUtilService   : 0 editors generated. Generate 0 instructors...
    23:43:47.383 | 136 Pool-1-worker-51 | DEBUG | d.t.c.a.a.c.u.util.UserUtilService   : 0 instructors generated
    23:43:47.385 | 136 Pool-1-worker-51 | DEBUG | d.t.c.a.a.c.u.util.UserUtilService   : Removing 11 users from all courses...
    23:43:47.386 | 136 Pool-1-worker-51 | DEBUG | d.t.c.a.a.c.u.util.UserUtilService   : Removing 11 users from all courses. Done
    23:43:47.386 | 136 Pool-1-worker-51 | DEBUG | d.t.c.a.a.c.u.util.UserUtilService   : Save 11 users to database...
    23:43:47.395 | 136 Pool-1-worker-51 | DEBUG | d.t.c.a.a.c.u.util.UserUtilService   : Save 11 users to database. Done
    23:43:47.396 | 136 Pool-1-worker-51 | INFO  | i.z.t.d.l.EmbeddedDatabaseReporter   : JDBC URL to connect to 'dataSource': url='jdbc:h2:tcp://localhost:41063/mem:df70fc46-7e57-4cb5-9cd0-c1d90c14afa7;USER=sa', scope='GroupChatIntegrationTest#deregisterUsersFromGroupChat_asNonMember_shouldReturnForbidden'
    23:43:47.398 | 136 Pool-1-worker-51 | DEBUG | d.t.c.a.a.c.s.f.ApiVersionFilter     : Adding Version to Request POST /api/courses/1036/group-chats
    23:43:47.400 | 136 Pool-1-worker-51 | DEBUG | d.t.c.a.a.c.w.c.GroupChatResource    : REST request to create group chat in course 1036 between: grteststudent1 and : [grteststudent2, grteststudent3]
    23:43:47.429 | 136 Pool-1-worker-51 | DEBUG | d.t.c.a.a.c.s.f.ApiVersionFilter     : Adding Version to Request POST /api/courses/1036/group-chats/665/deregister
    23:43:47.431 | 136 Pool-1-worker-51 | WARN  | o.z.p.spring.common.AdviceTraits     : Forbidden: Access Denied

  Starting logs for GroupChatIntegrationTest > updateGroupChat_updateName_shouldUpdateName()
    23:43:47.456 | 136 Pool-1-worker-51 | DEBUG | d.t.c.a.a.c.u.util.UserUtilService   : Generate 11 students...
    23:43:47.473 | 136 Pool-1-worker-51 | DEBUG | d.t.c.a.a.c.u.util.UserUtilService   : 11 students generated. Generate 0 tutors...
    23:43:47.474 | 136 Pool-1-worker-51 | DEBUG | d.t.c.a.a.c.u.util.UserUtilService   : 0 tutors generated. Generate 0 editors...
    23:43:47.476 | 136 Pool-1-worker-51 | DEBUG | d.t.c.a.a.c.u.util.UserUtilService   : 0 editors generated. Generate 0 instructors...
    23:43:47.477 | 136 Pool-1-worker-51 | DEBUG | d.t.c.a.a.c.u.util.UserUtilService   : 0 instructors generated
    23:43:47.480 | 136 Pool-1-worker-51 | DEBUG | d.t.c.a.a.c.u.util.UserUtilService   : Removing 11 users from all courses...
    23:43:47.481 | 136 Pool-1-worker-51 | DEBUG | d.t.c.a.a.c.u.util.UserUtilService   : Removing 11 users from all courses. Done
    23:43:47.482 | 136 Pool-1-worker-51 | DEBUG | d.t.c.a.a.c.u.util.UserUtilService   : Save 11 users to database...
    23:43:47.491 | 136 Pool-1-worker-51 | DEBUG | d.t.c.a.a.c.u.util.UserUtilService   : Save 11 users to database. Done
    23:43:47.492 | 136 Pool-1-worker-51 | INFO  | i.z.t.d.l.EmbeddedDatabaseReporter   : JDBC URL to connect to 'dataSource': url='jdbc:h2:tcp://localhost:41063/mem:df70fc46-7e57-4cb5-9cd0-c1d90c14afa7;USER=sa', scope='GroupChatIntegrationTest#updateGroupChat_updateName_shouldUpdateName'
    23:43:47.494 | 136 Pool-1-worker-51 | DEBUG | d.t.c.a.a.c.s.f.ApiVersionFilter     : Adding Version to Request POST /api/courses/1037/group-chats
    23:43:47.498 | 136 Pool-1-worker-51 | DEBUG | d.t.c.a.a.c.w.c.GroupChatResource    : REST request to create group chat in course 1037 between: grteststudent1 and : [grteststudent2, grteststudent3]
    23:43:47.555 | 136 Pool-1-worker-51 | DEBUG | d.t.c.a.a.c.s.f.ApiVersionFilter     : Adding Version to Request PUT /api/courses/1037/group-chats/666
    23:43:47.556 | 136 Pool-1-worker-51 | DEBUG | d.t.c.a.a.c.w.c.GroupChatResource    : REST request to update groupChat 666 with properties : GroupChatDTO{name='updated'members=[UserPublicInfoDTO{id=170, login='grteststudent1', name='grteststudent1First grteststudent1Last', firstName='grteststudent1First', lastName='grteststudent1Last', imageUrl='null', isInstructor=false, isEditor=false, isTeachingAssistant=false, isStudent=true}, UserPublicInfoDTO{id=171, login='grteststudent2', name='grteststudent2First grteststudent2Last', firstName='grteststudent2First', lastName='grteststudent2Last', imageUrl='null', isInstructor=false, isEditor=false, isTeachingAssistant=false, isStudent=true}, UserPublicInfoDTO{id=172, login='grteststudent3', name='grteststudent3First grteststudent3Last', firstName='grteststudent3First', lastName='grteststudent3Last', imageUrl='null', isInstructor=false, isEditor=false, isTeachingAssistant=false, isStudent=true}]} ConversationDTO{type='groupChat', id=666, creationDate=2025-02-14T23:43:47.510226164Z, lastMessageDate=null, unreadMessageCount=0, lastReadDate=2023-02-14T23:43:47.510707Z, isMember=true, isFavorite=false, isHidden=false, isCreator=true, numberOfMembers=3, creator=grteststudent1First grteststudent1Last}

  Starting logs for GroupChatIntegrationTest > startGroupChat_asStudent1WithStudent2AndStudent3_shouldCreateGroupChat()
    23:43:47.603 | 136 Pool-1-worker-51 | DEBUG | d.t.c.a.a.c.u.util.UserUtilService   : Generate 11 students...
    23:43:47.620 | 136 Pool-1-worker-51 | DEBUG | d.t.c.a.a.c.u.util.UserUtilService   : 11 students generated. Generate 0 tutors...
    23:43:47.622 | 136 Pool-1-worker-51 | DEBUG | d.t.c.a.a.c.u.util.UserUtilService   : 0 tutors generated. Generate 0 editors...
    23:43:47.623 | 136 Pool-1-worker-51 | DEBUG | d.t.c.a.a.c.u.util.UserUtilService   : 0 editors generated. Generate 0 instructors...
    23:43:47.624 | 136 Pool-1-worker-51 | DEBUG | d.t.c.a.a.c.u.util.UserUtilService   : 0 instructors generated
    23:43:47.626 | 136 Pool-1-worker-51 | DEBUG | d.t.c.a.a.c.u.util.UserUtilService   : Removing 11 users from all courses...
    23:43:47.628 | 136 Pool-1-worker-51 | DEBUG | d.t.c.a.a.c.u.util.UserUtilService   : Removing 11 users from all courses. Done
    23:43:47.628 | 136 Pool-1-worker-51 | DEBUG | d.t.c.a.a.c.u.util.UserUtilService   : Save 11 users to database...
    23:43:47.640 | 136 Pool-1-worker-51 | DEBUG | d.t.c.a.a.c.u.util.UserUtilService   : Save 11 users to database. Done
    23:43:47.641 | 136 Pool-1-worker-51 | INFO  | i.z.t.d.l.EmbeddedDatabaseReporter   : JDBC URL to connect to 'dataSource': url='jdbc:h2:tcp://localhost:41063/mem:df70fc46-7e57-4cb5-9cd0-c1d90c14afa7;USER=sa', scope='GroupChatIntegrationTest#startGroupChat_asStudent1WithStudent2AndStudent3_shouldCreateGroupChat'
    23:43:47.642 | 136 Pool-1-worker-51 | DEBUG | d.t.c.a.a.c.s.f.ApiVersionFilter     : Adding Version to Request POST /api/courses/1038/group-chats
    23:43:47.644 | 136 Pool-1-worker-51 | DEBUG | d.t.c.a.a.c.w.c.GroupChatResource    : REST request to create group chat in course 1038 between: grteststudent1 and : [grteststudent2, grteststudent3]

  Starting logs for GroupChatIntegrationTest > deregisterUsersFromGroupChat_asMember_shouldRemoveMembers()
    23:43:47.701 | 136 Pool-1-worker-51 | DEBUG | d.t.c.a.a.c.u.util.UserUtilService   : Generate 11 students...
    23:43:47.728 | 136 Pool-1-worker-51 | DEBUG | d.t.c.a.a.c.u.util.UserUtilService   : 11 students generated. Generate 0 tutors...
    23:43:47.731 | 136 Pool-1-worker-51 | DEBUG | d.t.c.a.a.c.u.util.UserUtilService   : 0 tutors generated. Generate 0 editors...
    23:43:47.733 | 136 Pool-1-worker-51 | DEBUG | d.t.c.a.a.c.u.util.UserUtilService   : 0 editors generated. Generate 0 instructors...
    23:43:47.736 | 136 Pool-1-worker-51 | DEBUG | d.t.c.a.a.c.u.util.UserUtilService   : 0 instructors generated
    23:43:47.740 | 136 Pool-1-worker-51 | DEBUG | d.t.c.a.a.c.u.util.UserUtilService   : Removing 11 users from all courses...
    23:43:47.744 | 136 Pool-1-worker-51 | DEBUG | d.t.c.a.a.c.u.util.UserUtilService   : Removing 11 users from all courses. Done
    23:43:47.744 | 136 Pool-1-worker-51 | DEBUG | d.t.c.a.a.c.u.util.UserUtilService   : Save 11 users to database...
    23:43:47.760 | 136 Pool-1-worker-51 | DEBUG | d.t.c.a.a.c.u.util.UserUtilService   : Save 11 users to database. Done
    23:43:47.764 | 136 Pool-1-worker-51 | INFO  | i.z.t.d.l.EmbeddedDatabaseReporter   : JDBC URL to connect to 'dataSource': url='jdbc:h2:tcp://localhost:41063/mem:df70fc46-7e57-4cb5-9cd0-c1d90c14afa7;USER=sa', scope='GroupChatIntegrationTest#deregisterUsersFromGroupChat_asMember_shouldRemoveMembers'
    23:43:47.767 | 136 Pool-1-worker-51 | DEBUG | d.t.c.a.a.c.s.f.ApiVersionFilter     : Adding Version to Request POST /api/courses/1039/group-chats
    23:43:47.771 | 136 Pool-1-worker-51 | DEBUG | d.t.c.a.a.c.w.c.GroupChatResource    : REST request to create group chat in course 1039 between: grteststudent1 and : [grteststudent2, grteststudent3]
    23:43:47.802 | 136 Pool-1-worker-51 | DEBUG | d.t.c.a.a.c.s.f.ApiVersionFilter     : Adding Version to Request POST /api/courses/1039/group-chats/668/deregister
    23:43:47.803 | 136 Pool-1-worker-51 | DEBUG | d.t.c.a.a.c.w.c.GroupChatResource    : REST request to deregister 1 users from the group chat : 668

  Starting logs for GroupChatIntegrationTest > shouldReturnExistingGroupChatWhenChatAlreadyExists()
    23:43:47.853 | 136 Pool-1-worker-51 | DEBUG | d.t.c.a.a.c.u.util.UserUtilService   : Generate 11 students...
    23:43:47.867 | 136 Pool-1-worker-51 | DEBUG | d.t.c.a.a.c.u.util.UserUtilService   : 11 students generated. Generate 0 tutors...
    23:43:47.869 | 136 Pool-1-worker-51 | DEBUG | d.t.c.a.a.c.u.util.UserUtilService   : 0 tutors generated. Generate 0 editors...
    23:43:47.870 | 136 Pool-1-worker-51 | DEBUG | d.t.c.a.a.c.u.util.UserUtilService   : 0 editors generated. Generate 0 instructors...
    23:43:47.871 | 136 Pool-1-worker-51 | DEBUG | d.t.c.a.a.c.u.util.UserUtilService   : 0 instructors generated
    23:43:47.873 | 136 Pool-1-worker-51 | DEBUG | d.t.c.a.a.c.u.util.UserUtilService   : Removing 11 users from all courses...
    23:43:47.874 | 136 Pool-1-worker-51 | DEBUG | d.t.c.a.a.c.u.util.UserUtilService   : Removing 11 users from all courses. Done
    23:43:47.875 | 136 Pool-1-worker-51 | DEBUG | d.t.c.a.a.c.u.util.UserUtilService   : Save 11 users to database...
    23:43:47.888 | 136 Pool-1-worker-51 | DEBUG | d.t.c.a.a.c.u.util.UserUtilService   : Save 11 users to database. Done
    23:43:47.893 | 136 Pool-1-worker-51 | INFO  | i.z.t.d.l.EmbeddedDatabaseReporter   : JDBC URL to connect to 'dataSource': url='jdbc:h2:tcp://localhost:41063/mem:df70fc46-7e57-4cb5-9cd0-c1d90c14afa7;USER=sa', scope='GroupChatIntegrationTest#shouldReturnExistingGroupChatWhenChatAlreadyExists'
    23:43:47.894 | 136 Pool-1-worker-51 | DEBUG | d.t.c.a.a.c.s.f.ApiVersionFilter     : Adding Version to Request POST /api/courses/1040/group-chats
    23:43:47.899 | 136 Pool-1-worker-51 | DEBUG | d.t.c.a.a.c.w.c.GroupChatResource    : REST request to create group chat in course 1040 between: grteststudent1 and : [grteststudent2, grteststudent3]
    23:43:47.928 | 136 Pool-1-worker-51 | DEBUG | d.t.c.a.a.c.s.f.ApiVersionFilter     : Adding Version to Request POST /api/courses/1040/group-chats
    23:43:47.930 | 136 Pool-1-worker-51 | DEBUG | d.t.c.a.a.c.w.c.GroupChatResource    : REST request to create group chat in course 1040 between: grteststudent1 and : [grteststudent2, grteststudent3]

  Starting logs for GroupChatIntegrationTest > registerUsersToGroupChat_memberOfGroupChat_shouldAddUsers()
    23:43:47.999 | 136 Pool-1-worker-51 | DEBUG | d.t.c.a.a.c.u.util.UserUtilService   : Generate 11 students...
    23:43:48.023 | 136 Pool-1-worker-51 | DEBUG | d.t.c.a.a.c.u.util.UserUtilService   : 11 students generated. Generate 0 tutors...
    23:43:48.024 | 136 Pool-1-worker-51 | DEBUG | d.t.c.a.a.c.u.util.UserUtilService   : 0 tutors generated. Generate 0 editors...
    23:43:48.026 | 136 Pool-1-worker-51 | DEBUG | d.t.c.a.a.c.u.util.UserUtilService   : 0 editors generated. Generate 0 instructors...
    23:43:48.029 | 136 Pool-1-worker-51 | DEBUG | d.t.c.a.a.c.u.util.UserUtilService   : 0 instructors generated
    23:43:48.031 | 136 Pool-1-worker-51 | DEBUG | d.t.c.a.a.c.u.util.UserUtilService   : Removing 11 users from all courses...
    23:43:48.040 | 136 Pool-1-worker-51 | DEBUG | d.t.c.a.a.c.u.util.UserUtilService   : Removing 11 users from all courses. Done
    23:43:48.040 | 136 Pool-1-worker-51 | DEBUG | d.t.c.a.a.c.u.util.UserUtilService   : Save 11 users to database...
    23:43:48.053 | 136 Pool-1-worker-51 | DEBUG | d.t.c.a.a.c.u.util.UserUtilService   : Save 11 users to database. Done
    23:43:48.054 | 136 Pool-1-worker-51 | INFO  | i.z.t.d.l.EmbeddedDatabaseReporter   : JDBC URL to connect to 'dataSource': url='jdbc:h2:tcp://localhost:41063/mem:df70fc46-7e57-4cb5-9cd0-c1d90c14afa7;USER=sa', scope='GroupChatIntegrationTest#registerUsersToGroupChat_memberOfGroupChat_shouldAddUsers'
    23:43:48.059 | 136 Pool-1-worker-51 | DEBUG | d.t.c.a.a.c.s.f.ApiVersionFilter     : Adding Version to Request POST /api/courses/1041/group-chats
    23:43:48.063 | 136 Pool-1-worker-51 | DEBUG | d.t.c.a.a.c.w.c.GroupChatResource    : REST request to create group chat in course 1041 between: grteststudent1 and : [grteststudent2, grteststudent3]
    23:43:48.126 | 136 Pool-1-worker-51 | DEBUG | d.t.c.a.a.c.s.f.ApiVersionFilter     : Adding Version to Request POST /api/courses/1041/group-chats/670/register
    23:43:48.127 | 136 Pool-1-worker-51 | DEBUG | d.t.c.a.a.c.w.c.GroupChatResource    : REST request to register 4 users to group chat: 670

  Starting logs for GroupChatIntegrationTest > registerUsersToGroupChat_wouldBreakGroupChatLimit_shouldReturnBadRequest()
    23:43:48.244 | 136 Pool-1-worker-51 | DEBUG | d.t.c.a.a.c.u.util.UserUtilService   : Generate 11 students...
    23:43:48.260 | 136 Pool-1-worker-51 | DEBUG | d.t.c.a.a.c.u.util.UserUtilService   : 11 students generated. Generate 0 tutors...
    23:43:48.262 | 136 Pool-1-worker-51 | DEBUG | d.t.c.a.a.c.u.util.UserUtilService   : 0 tutors generated. Generate 0 editors...
    23:43:48.263 | 136 Pool-1-worker-51 | DEBUG | d.t.c.a.a.c.u.util.UserUtilService   : 0 editors generated. Generate 0 instructors...
    23:43:48.265 | 136 Pool-1-worker-51 | DEBUG | d.t.c.a.a.c.u.util.UserUtilService   : 0 instructors generated
    23:43:48.266 | 136 Pool-1-worker-51 | DEBUG | d.t.c.a.a.c.u.util.UserUtilService   : Removing 11 users from all courses...
    23:43:48.268 | 136 Pool-1-worker-51 | DEBUG | d.t.c.a.a.c.u.util.UserUtilService   : Removing 11 users from all courses. Done
    23:43:48.268 | 136 Pool-1-worker-51 | DEBUG | d.t.c.a.a.c.u.util.UserUtilService   : Save 11 users to database...
    23:43:48.277 | 136 Pool-1-worker-51 | DEBUG | d.t.c.a.a.c.u.util.UserUtilService   : Save 11 users to database. Done
    23:43:48.278 | 136 Pool-1-worker-51 | INFO  | i.z.t.d.l.EmbeddedDatabaseReporter   : JDBC URL to connect to 'dataSource': url='jdbc:h2:tcp://localhost:41063/mem:df70fc46-7e57-4cb5-9cd0-c1d90c14afa7;USER=sa', scope='GroupChatIntegrationTest#registerUsersToGroupChat_wouldBreakGroupChatLimit_shouldReturnBadRequest'
    23:43:48.279 | 136 Pool-1-worker-51 | DEBUG | d.t.c.a.a.c.s.f.ApiVersionFilter     : Adding Version to Request POST /api/courses/1042/group-chats
    23:43:48.280 | 136 Pool-1-worker-51 | DEBUG | d.t.c.a.a.c.w.c.GroupChatResource    : REST request to create group chat in course 1042 between: grteststudent1 and : [grteststudent2, grteststudent3]
    23:43:48.309 | 136 Pool-1-worker-51 | DEBUG | d.t.c.a.a.c.s.f.ApiVersionFilter     : Adding Version to Request POST /api/courses/1042/group-chats/671/register
    23:43:48.309 | 136 Pool-1-worker-51 | DEBUG | d.t.c.a.a.c.w.c.GroupChatResource    : REST request to register 8 users to group chat: 671
    23:43:48.319 | 136 Pool-1-worker-51 | ERROR | tech.jhipster.web.util.HeaderUtil    : Entity processing failed, The maximum number of members has been reached
    23:43:48.319 | 136 Pool-1-worker-51 | WARN  | o.z.p.spring.common.AdviceTraits     : Bad Request: The maximum number of members has been reached

  Starting logs for GroupChatIntegrationTest > updateGroupChat_notAMemberOfGroupChat_shouldReturnForbidden()
    23:43:48.342 | 136 Pool-1-worker-51 | DEBUG | d.t.c.a.a.c.u.util.UserUtilService   : Generate 11 students...
    23:43:48.357 | 136 Pool-1-worker-51 | DEBUG | d.t.c.a.a.c.u.util.UserUtilService   : 11 students generated. Generate 0 tutors...
    23:43:48.358 | 136 Pool-1-worker-51 | DEBUG | d.t.c.a.a.c.u.util.UserUtilService   : 0 tutors generated. Generate 0 editors...
    23:43:48.360 | 136 Pool-1-worker-51 | DEBUG | d.t.c.a.a.c.u.util.UserUtilService   : 0 editors generated. Generate 0 instructors...
    23:43:48.361 | 136 Pool-1-worker-51 | DEBUG | d.t.c.a.a.c.u.util.UserUtilService   : 0 instructors generated
    23:43:48.363 | 136 Pool-1-worker-51 | DEBUG | d.t.c.a.a.c.u.util.UserUtilService   : Removing 11 users from all courses...
    23:43:48.365 | 136 Pool-1-worker-51 | DEBUG | d.t.c.a.a.c.u.util.UserUtilService   : Removing 11 users from all courses. Done
    23:43:48.365 | 136 Pool-1-worker-51 | DEBUG | d.t.c.a.a.c.u.util.UserUtilService   : Save 11 users to database...
    23:43:48.373 | 136 Pool-1-worker-51 | DEBUG | d.t.c.a.a.c.u.util.UserUtilService   : Save 11 users to database. Done
    23:43:48.374 | 136 Pool-1-worker-51 | INFO  | i.z.t.d.l.EmbeddedDatabaseReporter   : JDBC URL to connect to 'dataSource': url='jdbc:h2:tcp://localhost:41063/mem:df70fc46-7e57-4cb5-9cd0-c1d90c14afa7;USER=sa', scope='GroupChatIntegrationTest#updateGroupChat_notAMemberOfGroupChat_shouldReturnForbidden'
    23:43:48.375 | 136 Pool-1-worker-51 | DEBUG | d.t.c.a.a.c.s.f.ApiVersionFilter     : Adding Version to Request POST /api/courses/1043/group-chats
    23:43:48.377 | 136 Pool-1-worker-51 | DEBUG | d.t.c.a.a.c.w.c.GroupChatResource    : REST request to create group chat in course 1043 between: grteststudent1 and : [grteststudent2, grteststudent3]
    23:43:48.403 | 136 Pool-1-worker-51 | DEBUG | d.t.c.a.a.c.s.f.ApiVersionFilter     : Adding Version to Request PUT /api/courses/1043/group-chats/672
    23:43:48.404 | 136 Pool-1-worker-51 | WARN  | o.z.p.spring.common.AdviceTraits     : Forbidden: Access Denied

  Starting logs for GroupChatIntegrationTest > [1] courseInformationSharingConfiguration=DISABLED
    23:43:48.423 | 136 Pool-1-worker-51 | DEBUG | d.t.c.a.a.c.u.util.UserUtilService   : Generate 11 students...
    23:43:48.435 | 136 Pool-1-worker-51 | DEBUG | d.t.c.a.a.c.u.util.UserUtilService   : 11 students generated. Generate 0 tutors...
    23:43:48.437 | 136 Pool-1-worker-51 | DEBUG | d.t.c.a.a.c.u.util.UserUtilService   : 0 tutors generated. Generate 0 editors...
    23:43:48.438 | 136 Pool-1-worker-51 | DEBUG | d.t.c.a.a.c.u.util.UserUtilService   : 0 editors generated. Generate 0 instructors...
    23:43:48.439 | 136 Pool-1-worker-51 | DEBUG | d.t.c.a.a.c.u.util.UserUtilService   : 0 instructors generated
    23:43:48.440 | 136 Pool-1-worker-51 | DEBUG | d.t.c.a.a.c.u.util.UserUtilService   : Removing 11 users from all courses...
    23:43:48.441 | 136 Pool-1-worker-51 | DEBUG | d.t.c.a.a.c.u.util.UserUtilService   : Removing 11 users from all courses. Done
    23:43:48.441 | 136 Pool-1-worker-51 | DEBUG | d.t.c.a.a.c.u.util.UserUtilService   : Save 11 users to database...
    23:43:48.446 | 136 Pool-1-worker-51 | DEBUG | d.t.c.a.a.c.u.util.UserUtilService   : Save 11 users to database. Done
    23:43:48.447 | 136 Pool-1-worker-51 | INFO  | i.z.t.d.l.EmbeddedDatabaseReporter   : JDBC URL to connect to 'dataSource': url='jdbc:h2:tcp://localhost:41063/mem:df70fc46-7e57-4cb5-9cd0-c1d90c14afa7;USER=sa', scope='GroupChatIntegrationTest#updateGroupChat_messagingFeatureDeactivated_shouldReturnForbidden'
    23:43:48.448 | 136 Pool-1-worker-51 | DEBUG | d.t.c.a.a.c.s.f.ApiVersionFilter     : Adding Version to Request POST /api/courses/1044/group-chats
    23:43:48.450 | 136 Pool-1-worker-51 | DEBUG | d.t.c.a.a.c.w.c.GroupChatResource    : REST request to create group chat in course 1044 between: grteststudent1 and : [grteststudent2, grteststudent3]
    23:43:48.473 | 136 Pool-1-worker-51 | DEBUG | d.t.c.a.a.c.s.f.ApiVersionFilter     : Adding Version to Request PUT /api/courses/1044/group-chats/673
    23:43:48.473 | 136 Pool-1-worker-51 | DEBUG | d.t.c.a.a.c.w.c.GroupChatResource    : REST request to update groupChat 673 with properties : GroupChatDTO{name='updated'members=[UserPublicInfoDTO{id=170, login='grteststudent1', name='grteststudent1First grteststudent1Last', firstName='grteststudent1First', lastName='grteststudent1Last', imageUrl='null', isInstructor=false, isEditor=false, isTeachingAssistant=false, isStudent=true}, UserPublicInfoDTO{id=171, login='grteststudent2', name='grteststudent2First grteststudent2Last', firstName='grteststudent2First', lastName='grteststudent2Last', imageUrl='null', isInstructor=false, isEditor=false, isTeachingAssistant=false, isStudent=true}, UserPublicInfoDTO{id=172, login='grteststudent3', name='grteststudent3First grteststudent3Last', firstName='grteststudent3First', lastName='grteststudent3Last', imageUrl='null', isInstructor=false, isEditor=false, isTeachingAssistant=false, isStudent=true}]} ConversationDTO{type='groupChat', id=673, creationDate=2025-02-14T23:43:48.454331973Z, lastMessageDate=null, unreadMessageCount=0, lastReadDate=2023-02-14T23:43:48.454691Z, isMember=true, isFavorite=false, isHidden=false, isCreator=true, numberOfMembers=3, creator=grteststudent1First grteststudent1Last}
    23:43:48.474 | 136 Pool-1-worker-51 | WARN  | o.z.p.spring.common.AdviceTraits     : Forbidden: 403 FORBIDDEN "Messaging is not enabled for this course"

  Starting logs for GroupChatIntegrationTest > [2] courseInformationSharingConfiguration=COMMUNICATION_ONLY
    23:43:48.494 | 136 Pool-1-worker-51 | DEBUG | d.t.c.a.a.c.u.util.UserUtilService   : Generate 11 students...
    23:43:48.506 | 136 Pool-1-worker-51 | DEBUG | d.t.c.a.a.c.u.util.UserUtilService   : 11 students generated. Generate 0 tutors...
    23:43:48.507 | 136 Pool-1-worker-51 | DEBUG | d.t.c.a.a.c.u.util.UserUtilService   : 0 tutors generated. Generate 0 editors...
    23:43:48.509 | 136 Pool-1-worker-51 | DEBUG | d.t.c.a.a.c.u.util.UserUtilService   : 0 editors generated. Generate 0 instructors...
    23:43:48.510 | 136 Pool-1-worker-51 | DEBUG | d.t.c.a.a.c.u.util.UserUtilService   : 0 instructors generated
    23:43:48.511 | 136 Pool-1-worker-51 | DEBUG | d.t.c.a.a.c.u.util.UserUtilService   : Removing 11 users from all courses...
    23:43:48.512 | 136 Pool-1-worker-51 | DEBUG | d.t.c.a.a.c.u.util.UserUtilService   : Removing 11 users from all courses. Done
    23:43:48.512 | 136 Pool-1-worker-51 | DEBUG | d.t.c.a.a.c.u.util.UserUtilService   : Save 11 users to database...
    23:43:48.517 | 136 Pool-1-worker-51 | DEBUG | d.t.c.a.a.c.u.util.UserUtilService   : Save 11 users to database. Done
    23:43:48.518 | 136 Pool-1-worker-51 | INFO  | i.z.t.d.l.EmbeddedDatabaseReporter   : JDBC URL to connect to 'dataSource': url='jdbc:h2:tcp://localhost:41063/mem:df70fc46-7e57-4cb5-9cd0-c1d90c14afa7;USER=sa', scope='GroupChatIntegrationTest#updateGroupChat_messagingFeatureDeactivated_shouldReturnForbidden'
    23:43:48.519 | 136 Pool-1-worker-51 | DEBUG | d.t.c.a.a.c.s.f.ApiVersionFilter     : Adding Version to Request POST /api/courses/1045/group-chats
    23:43:48.521 | 136 Pool-1-worker-51 | DEBUG | d.t.c.a.a.c.w.c.GroupChatResource    : REST request to create group chat in course 1045 between: grteststudent1 and : [grteststudent2, grteststudent3]
    23:43:48.547 | 136 Pool-1-worker-51 | DEBUG | d.t.c.a.a.c.s.f.ApiVersionFilter     : Adding Version to Request PUT /api/courses/1045/group-chats/674
    23:43:48.548 | 136 Pool-1-worker-51 | DEBUG | d.t.c.a.a.c.w.c.GroupChatResource    : REST request to update groupChat 674 with properties : GroupChatDTO{name='updated'members=[UserPublicInfoDTO{id=170, login='grteststudent1', name='grteststudent1First grteststudent1Last', firstName='grteststudent1First', lastName='grteststudent1Last', imageUrl='null', isInstructor=false, isEditor=false, isTeachingAssistant=false, isStudent=true}, UserPublicInfoDTO{id=171, login='grteststudent2', name='grteststudent2First grteststudent2Last', firstName='grteststudent2First', lastName='grteststudent2Last', imageUrl='null', isInstructor=false, isEditor=false, isTeachingAssistant=false, isStudent=true}, UserPublicInfoDTO{id=172, login='grteststudent3', name='grteststudent3First grteststudent3Last', firstName='grteststudent3First', lastName='grteststudent3Last', imageUrl='null', isInstructor=false, isEditor=false, isTeachingAssistant=false, isStudent=true}]} ConversationDTO{type='groupChat', id=674, creationDate=2025-02-14T23:43:48.525467151Z, lastMessageDate=null, unreadMessageCount=0, lastReadDate=2023-02-14T23:43:48.525869Z, isMember=true, isFavorite=false, isHidden=false, isCreator=true, numberOfMembers=3, creator=grteststudent1First grteststudent1Last}
    23:43:48.549 | 136 Pool-1-worker-51 | WARN  | o.z.p.spring.common.AdviceTraits     : Forbidden: 403 FORBIDDEN "Messaging is not enabled for this course"

  Starting logs for GroupChatIntegrationTest > [1] courseInformationSharingConfiguration=DISABLED
    23:43:48.569 | 136 Pool-1-worker-51 | DEBUG | d.t.c.a.a.c.u.util.UserUtilService   : Generate 11 students...
    23:43:48.582 | 136 Pool-1-worker-51 | DEBUG | d.t.c.a.a.c.u.util.UserUtilService   : 11 students generated. Generate 0 tutors...
    23:43:48.583 | 136 Pool-1-worker-51 | DEBUG | d.t.c.a.a.c.u.util.UserUtilService   : 0 tutors generated. Generate 0 editors...
    23:43:48.585 | 136 Pool-1-worker-51 | DEBUG | d.t.c.a.a.c.u.util.UserUtilService   : 0 editors generated. Generate 0 instructors...
    23:43:48.586 | 136 Pool-1-worker-51 | DEBUG | d.t.c.a.a.c.u.util.UserUtilService   : 0 instructors generated
    23:43:48.587 | 136 Pool-1-worker-51 | DEBUG | d.t.c.a.a.c.u.util.UserUtilService   : Removing 11 users from all courses...
    23:43:48.588 | 136 Pool-1-worker-51 | DEBUG | d.t.c.a.a.c.u.util.UserUtilService   : Removing 11 users from all courses. Done
    23:43:48.588 | 136 Pool-1-worker-51 | DEBUG | d.t.c.a.a.c.u.util.UserUtilService   : Save 11 users to database...
    23:43:48.593 | 136 Pool-1-worker-51 | DEBUG | d.t.c.a.a.c.u.util.UserUtilService   : Save 11 users to database. Done
    23:43:48.594 | 136 Pool-1-worker-51 | INFO  | i.z.t.d.l.EmbeddedDatabaseReporter   : JDBC URL to connect to 'dataSource': url='jdbc:h2:tcp://localhost:41063/mem:df70fc46-7e57-4cb5-9cd0-c1d90c14afa7;USER=sa', scope='GroupChatIntegrationTest#startGroupChat_messagingFeatureDeactivated_shouldReturnForbidden'
    23:43:48.596 | 136 Pool-1-worker-51 | DEBUG | d.t.c.a.a.c.s.f.ApiVersionFilter     : Adding Version to Request POST /api/courses/1046/group-chats
    23:43:48.598 | 136 Pool-1-worker-51 | DEBUG | d.t.c.a.a.c.w.c.GroupChatResource    : REST request to create group chat in course 1046 between: grteststudent1 and : [grteststudent2, grteststudent3]
    23:43:48.599 | 136 Pool-1-worker-51 | WARN  | o.z.p.spring.common.AdviceTraits     : Forbidden: 403 FORBIDDEN "Messaging is not enabled for this course"

  Starting logs for GroupChatIntegrationTest > [2] courseInformationSharingConfiguration=COMMUNICATION_ONLY
    23:43:48.623 | 136 Pool-1-worker-51 | DEBUG | d.t.c.a.a.c.u.util.UserUtilService   : Generate 11 students...
    23:43:48.641 | 136 Pool-1-worker-51 | DEBUG | d.t.c.a.a.c.u.util.UserUtilService   : 11 students generated. Generate 0 tutors...
    23:43:48.642 | 136 Pool-1-worker-51 | DEBUG | d.t.c.a.a.c.u.util.UserUtilService   : 0 tutors generated. Generate 0 editors...
    23:43:48.644 | 136 Pool-1-worker-51 | DEBUG | d.t.c.a.a.c.u.util.UserUtilService   : 0 editors generated. Generate 0 instructors...
    23:43:48.645 | 136 Pool-1-worker-51 | DEBUG | d.t.c.a.a.c.u.util.UserUtilService   : 0 instructors generated
    23:43:48.647 | 136 Pool-1-worker-51 | DEBUG | d.t.c.a.a.c.u.util.UserUtilService   : Removing 11 users from all courses...
    23:43:48.652 | 136 Pool-1-worker-51 | DEBUG | d.t.c.a.a.c.u.util.UserUtilService   : Removing 11 users from all courses. Done
    23:43:48.652 | 136 Pool-1-worker-51 | DEBUG | d.t.c.a.a.c.u.util.UserUtilService   : Save 11 users to database...
    23:43:48.666 | 136 Pool-1-worker-51 | DEBUG | d.t.c.a.a.c.u.util.UserUtilService   : Save 11 users to database. Done
    23:43:48.667 | 136 Pool-1-worker-51 | INFO  | i.z.t.d.l.EmbeddedDatabaseReporter   : JDBC URL to connect to 'dataSource': url='jdbc:h2:tcp://localhost:41063/mem:df70fc46-7e57-4cb5-9cd0-c1d90c14afa7;USER=sa', scope='GroupChatIntegrationTest#startGroupChat_messagingFeatureDeactivated_shouldReturnForbidden'
    23:43:48.672 | 136 Pool-1-worker-51 | DEBUG | d.t.c.a.a.c.s.f.ApiVersionFilter     : Adding Version to Request POST /api/courses/1047/group-chats
    23:43:48.677 | 136 Pool-1-worker-51 | DEBUG | d.t.c.a.a.c.w.c.GroupChatResource    : REST request to create group chat in course 1047 between: grteststudent1 and : [grteststudent2, grteststudent3]
    23:43:48.678 | 136 Pool-1-worker-51 | WARN  | o.z.p.spring.common.AdviceTraits     : Forbidden: 403 FORBIDDEN "Messaging is not enabled for this course"

  Starting logs for GroupChatIntegrationTest > startGroupChat_notAllowedAsNotStudentInCourse_shouldReturnBadRequest()
    23:43:48.702 | 136 Pool-1-worker-51 | DEBUG | d.t.c.a.a.c.u.util.UserUtilService   : Generate 11 students...
    23:43:48.748 | 136 Pool-1-worker-51 | DEBUG | d.t.c.a.a.c.u.util.UserUtilService   : 11 students generated. Generate 0 tutors...
    23:43:48.750 | 136 Pool-1-worker-51 | DEBUG | d.t.c.a.a.c.u.util.UserUtilService   : 0 tutors generated. Generate 0 editors...
    23:43:48.751 | 136 Pool-1-worker-51 | DEBUG | d.t.c.a.a.c.u.util.UserUtilService   : 0 editors generated. Generate 0 instructors...
    23:43:48.752 | 136 Pool-1-worker-51 | DEBUG | d.t.c.a.a.c.u.util.UserUtilService   : 0 instructors generated
    23:43:48.754 | 136 Pool-1-worker-51 | DEBUG | d.t.c.a.a.c.u.util.UserUtilService   : Removing 11 users from all courses...
    23:43:48.756 | 136 Pool-1-worker-51 | DEBUG | d.t.c.a.a.c.u.util.UserUtilService   : Removing 11 users from all courses. Done
    23:43:48.756 | 136 Pool-1-worker-51 | DEBUG | d.t.c.a.a.c.u.util.UserUtilService   : Save 11 users to database...
    23:43:48.764 | 136 Pool-1-worker-51 | DEBUG | d.t.c.a.a.c.u.util.UserUtilService   : Save 11 users to database. Done
    23:43:48.765 | 136 Pool-1-worker-51 | INFO  | i.z.t.d.l.EmbeddedDatabaseReporter   : JDBC URL to connect to 'dataSource': url='jdbc:h2:tcp://localhost:41063/mem:df70fc46-7e57-4cb5-9cd0-c1d90c14afa7;USER=sa', scope='GroupChatIntegrationTest#startGroupChat_notAllowedAsNotStudentInCourse_shouldReturnBadRequest'
    23:43:48.767 | 136 Pool-1-worker-51 | DEBUG | d.t.c.a.a.c.s.f.ApiVersionFilter     : Adding Version to Request POST /api/courses/1048/group-chats
    23:43:48.769 | 136 Pool-1-worker-51 | DEBUG | d.t.c.a.a.c.w.c.GroupChatResource    : REST request to create group chat in course 1048 between: grteststudent42 and : [grteststudent2, grteststudent3]
    23:43:48.770 | 136 Pool-1-worker-51 | WARN  | o.z.p.spring.common.AdviceTraits     : Forbidden: You are not allowed to access the Course with id 1048

  Starting logs for GroupChatIntegrationTest > deregisterUsersFromGroupChat_selfDeregistration_shouldRemoveRequestingMember()
    23:43:48.793 | 136 Pool-1-worker-51 | DEBUG | d.t.c.a.a.c.u.util.UserUtilService   : Generate 11 students...
    23:43:48.809 | 136 Pool-1-worker-51 | DEBUG | d.t.c.a.a.c.u.util.UserUtilService   : 11 students generated. Generate 0 tutors...
    23:43:48.811 | 136 Pool-1-worker-51 | DEBUG | d.t.c.a.a.c.u.util.UserUtilService   : 0 tutors generated. Generate 0 editors...
    23:43:48.812 | 136 Pool-1-worker-51 | DEBUG | d.t.c.a.a.c.u.util.UserUtilService   : 0 editors generated. Generate 0 instructors...
    23:43:48.813 | 136 Pool-1-worker-51 | DEBUG | d.t.c.a.a.c.u.util.UserUtilService   : 0 instructors generated
    23:43:48.815 | 136 Pool-1-worker-51 | DEBUG | d.t.c.a.a.c.u.util.UserUtilService   : Removing 11 users from all courses...
    23:43:48.817 | 136 Pool-1-worker-51 | DEBUG | d.t.c.a.a.c.u.util.UserUtilService   : Removing 11 users from all courses. Done
    23:43:48.817 | 136 Pool-1-worker-51 | DEBUG | d.t.c.a.a.c.u.util.UserUtilService   : Save 11 users to database...
    23:43:48.824 | 136 Pool-1-worker-51 | DEBUG | d.t.c.a.a.c.u.util.UserUtilService   : Save 11 users to database. Done
    23:43:48.825 | 136 Pool-1-worker-51 | INFO  | i.z.t.d.l.EmbeddedDatabaseReporter   : JDBC URL to connect to 'dataSource': url='jdbc:h2:tcp://localhost:41063/mem:df70fc46-7e57-4cb5-9cd0-c1d90c14afa7;USER=sa', scope='GroupChatIntegrationTest#deregisterUsersFromGroupChat_selfDeregistration_shouldRemoveRequestingMember'
    23:43:48.826 | 136 Pool-1-worker-51 | DEBUG | d.t.c.a.a.c.s.f.ApiVersionFilter     : Adding Version to Request POST /api/courses/1049/group-chats
    23:43:48.828 | 136 Pool-1-worker-51 | DEBUG | d.t.c.a.a.c.w.c.GroupChatResource    : REST request to create group chat in course 1049 between: grteststudent1 and : [grteststudent2, grteststudent3]
    23:43:48.855 | 136 Pool-1-worker-51 | DEBUG | d.t.c.a.a.c.s.f.ApiVersionFilter     : Adding Version to Request POST /api/courses/1049/group-chats/675/deregister
    23:43:48.856 | 136 Pool-1-worker-51 | DEBUG | d.t.c.a.a.c.w.c.GroupChatResource    : REST request to deregister 1 users from the group chat : 675

Finished logs for GroupChatIntegrationTest
]]></system-out>
  <system-err><![CDATA[]]></system-err>
</testsuite>
