<?xml version="1.0" encoding="UTF-8"?>
<testsuite name="de.tum.cit.aet.artemis.assessment.service.CourseScoreCalculationServiceTest" tests="9" skipped="0" failures="0" errors="0" timestamp="2025-02-14T23:42:49" hostname="fv-az1721-502" time="2.008">
  <properties/>
  <testcase name="getScoresAndParticipationResultsForPastCourse()" classname="de.tum.cit.aet.artemis.assessment.service.CourseScoreCalculationServiceTest" time="0.341"/>
  <testcase name="calculateCourseScoresForExamBonusSourceWithNotIncludedExercises()" classname="de.tum.cit.aet.artemis.assessment.service.CourseScoreCalculationServiceTest" time="0.172"/>
  <testcase name="calculateCourseScoreForExamBonusSourceWithMultipleResultsInParticipation(boolean) [1] withDueDate=true" classname="de.tum.cit.aet.artemis.assessment.service.CourseScoreCalculationServiceTest" time="0.165"/>
  <testcase name="calculateCourseScoreForExamBonusSourceWithMultipleResultsInParticipation(boolean) [2] withDueDate=false" classname="de.tum.cit.aet.artemis.assessment.service.CourseScoreCalculationServiceTest" time="0.223"/>
  <testcase name="calculateCourseScoreWithNoParticipations()" classname="de.tum.cit.aet.artemis.assessment.service.CourseScoreCalculationServiceTest" time="0.137"/>
  <testcase name="getResultsForParticipationEdgeCases()" classname="de.tum.cit.aet.artemis.assessment.service.CourseScoreCalculationServiceTest" time="0.22"/>
  <testcase name="calculateCourseScoreForExamBonusSourceWithoutExercises()" classname="de.tum.cit.aet.artemis.assessment.service.CourseScoreCalculationServiceTest" time="0.156"/>
  <testcase name="getScoresAndParticipationResultsWithNotIncludedExercise()" classname="de.tum.cit.aet.artemis.assessment.service.CourseScoreCalculationServiceTest" time="0.251"/>
  <testcase name="getScoresAndParticipationResultsForPastCourseWithGradedPresentations()" classname="de.tum.cit.aet.artemis.assessment.service.CourseScoreCalculationServiceTest" time="0.322"/>
  <system-out><![CDATA[
Starting logs for CourseScoreCalculationServiceTest

  Starting logs for CourseScoreCalculationServiceTest > getScoresAndParticipationResultsForPastCourse()
    23:42:49.526 |  47 Pool-1-worker-21 | DEBUG | d.t.c.a.a.c.u.util.UserUtilService   : Generate 2 students...
    23:42:49.532 |  47 Pool-1-worker-21 | DEBUG | d.t.c.a.a.c.u.util.UserUtilService   : 2 students generated. Generate 2 tutors...
    23:42:49.537 |  47 Pool-1-worker-21 | DEBUG | d.t.c.a.a.c.u.util.UserUtilService   : 2 tutors generated. Generate 0 editors...
    23:42:49.538 |  47 Pool-1-worker-21 | DEBUG | d.t.c.a.a.c.u.util.UserUtilService   : 0 editors generated. Generate 1 instructors...
    23:42:49.540 |  47 Pool-1-worker-21 | DEBUG | d.t.c.a.a.c.u.util.UserUtilService   : 1 instructors generated
    23:42:49.542 |  47 Pool-1-worker-21 | DEBUG | d.t.c.a.a.c.u.util.UserUtilService   : Removing 5 users from all courses...
    23:42:49.542 |  47 Pool-1-worker-21 | DEBUG | d.t.c.a.a.c.u.util.UserUtilService   : Removing 5 users from all courses. Done
    23:42:49.542 |  47 Pool-1-worker-21 | DEBUG | d.t.c.a.a.c.u.util.UserUtilService   : Save 5 users to database...
    23:42:49.545 |  47 Pool-1-worker-21 | DEBUG | d.t.c.a.a.c.u.util.UserUtilService   : Save 5 users to database. Done
    23:42:49.553 |  47 Pool-1-worker-21 | DEBUG | .c.s.m.InstanceMessageReceiveService : Received schedule participant score for exercise 346 and participant 66 (result to be deleted: null)
    23:42:49.553 |  47 Pool-1-worker-21 | DEBUG | .a.s.ParticipantScoreScheduleService : Scheduled task for exercise 346 and participant 66 at 2025-02-14T23:42:49.653934923Z[Etc/UTC].
    23:42:49.554 |  47 Pool-1-worker-21 | DEBUG | .c.s.m.InstanceMessageReceiveService : Received schedule participant score for exercise 347 and participant 66 (result to be deleted: null)
    23:42:49.554 |  47 Pool-1-worker-21 | DEBUG | .a.s.ParticipantScoreScheduleService : Scheduled task for exercise 347 and participant 66 at 2025-02-14T23:42:49.654468929Z[Etc/UTC].
    23:42:49.554 |  47 Pool-1-worker-21 | DEBUG | .c.s.m.InstanceMessageReceiveService : Received schedule participant score for exercise 348 and participant 66 (result to be deleted: null)
    23:42:49.554 |  47 Pool-1-worker-21 | DEBUG | .a.s.ParticipantScoreScheduleService : Scheduled task for exercise 348 and participant 66 at 2025-02-14T23:42:49.654963241Z[Etc/UTC].
    23:42:49.555 |  47 Pool-1-worker-21 | DEBUG | .c.s.m.InstanceMessageReceiveService : Received schedule participant score for exercise 350 and participant 66 (result to be deleted: null)
    23:42:49.555 |  47 Pool-1-worker-21 | DEBUG | .a.s.ParticipantScoreScheduleService : Scheduled task for exercise 350 and participant 66 at 2025-02-14T23:42:49.655479975Z[Etc/UTC].
    23:42:49.555 |  47 Pool-1-worker-21 | DEBUG | .c.s.m.InstanceMessageReceiveService : Received schedule participant score for exercise 349 and participant 66 (result to be deleted: null)
    23:42:49.555 |  47 Pool-1-worker-21 | DEBUG | .a.s.ParticipantScoreScheduleService : Scheduled task for exercise 349 and participant 66 at 2025-02-14T23:42:49.655970098Z[Etc/UTC].
    23:42:49.583 |  47 Pool-1-worker-21 | DEBUG | .c.s.m.InstanceMessageReceiveService : Received schedule participant score for exercise 346 and participant 66 (result to be deleted: null)
    23:42:49.583 |  47 Pool-1-worker-21 | DEBUG | .a.s.ParticipantScoreScheduleService : Scheduled task for exercise 346 and participant 66 at 2025-02-14T23:42:49.683880738Z[Etc/UTC].
    23:42:49.589 |  47 Pool-1-worker-21 | DEBUG | .c.s.m.InstanceMessageReceiveService : Received schedule participant score for exercise 347 and participant 66 (result to be deleted: null)
    23:42:49.589 |  47 Pool-1-worker-21 | DEBUG | .a.s.ParticipantScoreScheduleService : Scheduled task for exercise 347 and participant 66 at 2025-02-14T23:42:49.689346291Z[Etc/UTC].
    23:42:49.594 |  47 Pool-1-worker-21 | DEBUG | .c.s.m.InstanceMessageReceiveService : Received schedule participant score for exercise 348 and participant 66 (result to be deleted: null)
    23:42:49.594 |  47 Pool-1-worker-21 | DEBUG | .a.s.ParticipantScoreScheduleService : Scheduled task for exercise 348 and participant 66 at 2025-02-14T23:42:49.694778651Z[Etc/UTC].
    23:42:49.608 |  47 Pool-1-worker-21 | DEBUG | .c.s.m.InstanceMessageReceiveService : Received schedule participant score for exercise 350 and participant 66 (result to be deleted: null)
    23:42:49.608 |  47 Pool-1-worker-21 | DEBUG | .a.s.ParticipantScoreScheduleService : Scheduled task for exercise 350 and participant 66 at 2025-02-14T23:42:49.708544122Z[Etc/UTC].
    23:42:49.621 |  47 Pool-1-worker-21 | DEBUG | .c.s.m.InstanceMessageReceiveService : Received schedule participant score for exercise 349 and participant 66 (result to be deleted: null)
    23:42:49.621 |  47 Pool-1-worker-21 | DEBUG | .a.s.ParticipantScoreScheduleService : Scheduled task for exercise 349 and participant 66 at 2025-02-14T23:42:49.721183753Z[Etc/UTC].
    23:42:49.683 | 666 taskScheduler-4  | DEBUG | .a.s.ParticipantScoreScheduleService : Processing exercise 346 and participant 66 to update participant scores.
    23:42:49.689 | 665 taskScheduler-3  | DEBUG | .a.s.ParticipantScoreScheduleService : Processing exercise 347 and participant 66 to update participant scores.
    23:42:49.694 | 666 taskScheduler-4  | DEBUG | .a.s.ParticipantScoreScheduleService : Updating the participant score for exercise 346 and participant 66 took 11 ms.
    23:42:49.694 | 664 taskScheduler-2  | DEBUG | .a.s.ParticipantScoreScheduleService : Processing exercise 348 and participant 66 to update participant scores.
    23:42:49.698 | 664 taskScheduler-2  | DEBUG | .a.s.ParticipantScoreScheduleService : Updating the participant score for exercise 348 and participant 66 took 4 ms.
    23:42:49.701 | 665 taskScheduler-3  | DEBUG | .a.s.ParticipantScoreScheduleService : Updating the participant score for exercise 347 and participant 66 took 12 ms.
    23:42:49.708 | 663 taskScheduler-1  | DEBUG | .a.s.ParticipantScoreScheduleService : Processing exercise 350 and participant 66 to update participant scores.
    23:42:49.712 | 663 taskScheduler-1  | DEBUG | .a.s.ParticipantScoreScheduleService : Updating the participant score for exercise 350 and participant 66 took 4 ms.
    23:42:49.713 |  47 Pool-1-worker-21 | INFO  | i.z.t.d.l.EmbeddedDatabaseReporter   : JDBC URL to connect to 'dataSource': url='jdbc:h2:tcp://localhost:41063/mem:df70fc46-7e57-4cb5-9cd0-c1d90c14afa7;USER=sa', scope='CourseScoreCalculationServiceTest#getScoresAndParticipationResultsForPastCourse'
    23:42:49.721 |  47 Pool-1-worker-21 | DEBUG | .c.s.m.InstanceMessageReceiveService : Received schedule participant score for exercise 351 and participant 66 (result to be deleted: null)
    23:42:49.721 |  47 Pool-1-worker-21 | DEBUG | .a.s.ParticipantScoreScheduleService : Scheduled task for exercise 351 and participant 66 at 2025-02-14T23:42:49.821835154Z[Etc/UTC].
    23:42:49.722 |  47 Pool-1-worker-21 | DEBUG | .c.s.m.InstanceMessageReceiveService : Received schedule participant score for exercise 352 and participant 66 (result to be deleted: null)
    23:42:49.722 |  47 Pool-1-worker-21 | DEBUG | .a.s.ParticipantScoreScheduleService : Scheduled task for exercise 352 and participant 66 at 2025-02-14T23:42:49.822368448Z[Etc/UTC].
    23:42:49.722 |  47 Pool-1-worker-21 | DEBUG | .c.s.m.InstanceMessageReceiveService : Received schedule participant score for exercise 353 and participant 66 (result to be deleted: null)
    23:42:49.722 |  47 Pool-1-worker-21 | DEBUG | .a.s.ParticipantScoreScheduleService : Scheduled task for exercise 353 and participant 66 at 2025-02-14T23:42:49.822820291Z[Etc/UTC].
    23:42:49.723 | 663 taskScheduler-1  | DEBUG | .a.s.ParticipantScoreScheduleService : Processing exercise 349 and participant 66 to update participant scores.
    23:42:49.726 |  47 Pool-1-worker-21 | DEBUG | .c.s.m.InstanceMessageReceiveService : Received schedule participant score for exercise 355 and participant 66 (result to be deleted: null)
    23:42:49.726 |  47 Pool-1-worker-21 | DEBUG | .a.s.ParticipantScoreScheduleService : Scheduled task for exercise 355 and participant 66 at 2025-02-14T23:42:49.826318615Z[Etc/UTC].
    23:42:49.726 |  47 Pool-1-worker-21 | DEBUG | .c.s.m.InstanceMessageReceiveService : Received schedule participant score for exercise 354 and participant 66 (result to be deleted: null)
    23:42:49.726 |  47 Pool-1-worker-21 | DEBUG | .a.s.ParticipantScoreScheduleService : Scheduled task for exercise 354 and participant 66 at 2025-02-14T23:42:49.826836330Z[Etc/UTC].
    23:42:49.731 | 663 taskScheduler-1  | DEBUG | .a.s.ParticipantScoreScheduleService : Updating the participant score for exercise 349 and participant 66 took 8 ms.
    23:42:49.754 |  47 Pool-1-worker-21 | DEBUG | .c.s.m.InstanceMessageReceiveService : Received schedule participant score for exercise 351 and participant 66 (result to be deleted: null)
    23:42:49.754 |  47 Pool-1-worker-21 | DEBUG | .a.s.ParticipantScoreScheduleService : Scheduled task for exercise 351 and participant 66 at 2025-02-14T23:42:49.854096116Z[Etc/UTC].
    23:42:49.760 |  47 Pool-1-worker-21 | DEBUG | .c.s.m.InstanceMessageReceiveService : Received schedule participant score for exercise 352 and participant 66 (result to be deleted: null)
    23:42:49.760 |  47 Pool-1-worker-21 | DEBUG | .a.s.ParticipantScoreScheduleService : Scheduled task for exercise 352 and participant 66 at 2025-02-14T23:42:49.860456066Z[Etc/UTC].
    23:42:49.766 |  47 Pool-1-worker-21 | DEBUG | .c.s.m.InstanceMessageReceiveService : Received schedule participant score for exercise 353 and participant 66 (result to be deleted: null)
    23:42:49.766 |  47 Pool-1-worker-21 | DEBUG | .a.s.ParticipantScoreScheduleService : Scheduled task for exercise 353 and participant 66 at 2025-02-14T23:42:49.866672179Z[Etc/UTC].
    23:42:49.772 |  47 Pool-1-worker-21 | DEBUG | .c.s.m.InstanceMessageReceiveService : Received schedule participant score for exercise 355 and participant 66 (result to be deleted: null)
    23:42:49.772 |  47 Pool-1-worker-21 | DEBUG | .a.s.ParticipantScoreScheduleService : Scheduled task for exercise 355 and participant 66 at 2025-02-14T23:42:49.872819022Z[Etc/UTC].
    23:42:49.779 |  47 Pool-1-worker-21 | DEBUG | .c.s.m.InstanceMessageReceiveService : Received schedule participant score for exercise 354 and participant 66 (result to be deleted: null)
    23:42:49.779 |  47 Pool-1-worker-21 | DEBUG | .a.s.ParticipantScoreScheduleService : Scheduled task for exercise 354 and participant 66 at 2025-02-14T23:42:50.279141101Z[Etc/UTC].

  Starting logs for CourseScoreCalculationServiceTest > calculateCourseScoresForExamBonusSourceWithNotIncludedExercises()
    23:42:49.863 |  47 Pool-1-worker-21 | DEBUG | d.t.c.a.a.c.u.util.UserUtilService   : Generate 2 students...
    23:42:49.867 |  47 Pool-1-worker-21 | DEBUG | d.t.c.a.a.c.u.util.UserUtilService   : 2 students generated. Generate 2 tutors...
    23:42:49.871 |  47 Pool-1-worker-21 | DEBUG | d.t.c.a.a.c.u.util.UserUtilService   : 2 tutors generated. Generate 0 editors...
    23:42:49.872 |  47 Pool-1-worker-21 | DEBUG | d.t.c.a.a.c.u.util.UserUtilService   : 0 editors generated. Generate 1 instructors...
    23:42:49.875 |  47 Pool-1-worker-21 | DEBUG | d.t.c.a.a.c.u.util.UserUtilService   : 1 instructors generated
    23:42:49.876 |  47 Pool-1-worker-21 | DEBUG | d.t.c.a.a.c.u.util.UserUtilService   : Removing 5 users from all courses...
    23:42:49.878 |  47 Pool-1-worker-21 | DEBUG | d.t.c.a.a.c.u.util.UserUtilService   : Removing 5 users from all courses. Done
    23:42:49.878 |  47 Pool-1-worker-21 | DEBUG | d.t.c.a.a.c.u.util.UserUtilService   : Save 5 users to database...
    23:42:49.887 |  47 Pool-1-worker-21 | DEBUG | d.t.c.a.a.c.u.util.UserUtilService   : Save 5 users to database. Done
    23:42:49.897 |  47 Pool-1-worker-21 | DEBUG | .c.s.m.InstanceMessageReceiveService : Received schedule participant score for exercise 356 and participant 66 (result to be deleted: null)
    23:42:49.897 |  47 Pool-1-worker-21 | DEBUG | .a.s.ParticipantScoreScheduleService : Scheduled task for exercise 356 and participant 66 at 2025-02-14T23:42:49.997647299Z[Etc/UTC].
    23:42:49.898 |  47 Pool-1-worker-21 | DEBUG | .c.s.m.InstanceMessageReceiveService : Received schedule participant score for exercise 357 and participant 66 (result to be deleted: null)
    23:42:49.898 |  47 Pool-1-worker-21 | DEBUG | .a.s.ParticipantScoreScheduleService : Scheduled task for exercise 357 and participant 66 at 2025-02-14T23:42:49.998254582Z[Etc/UTC].
    23:42:49.898 |  47 Pool-1-worker-21 | DEBUG | .c.s.m.InstanceMessageReceiveService : Received schedule participant score for exercise 358 and participant 66 (result to be deleted: null)
    23:42:49.898 |  47 Pool-1-worker-21 | DEBUG | .a.s.ParticipantScoreScheduleService : Scheduled task for exercise 358 and participant 66 at 2025-02-14T23:42:49.998809817Z[Etc/UTC].
    23:42:49.899 |  47 Pool-1-worker-21 | DEBUG | .c.s.m.InstanceMessageReceiveService : Received schedule participant score for exercise 360 and participant 66 (result to be deleted: null)
    23:42:49.899 |  47 Pool-1-worker-21 | DEBUG | .a.s.ParticipantScoreScheduleService : Scheduled task for exercise 360 and participant 66 at 2025-02-14T23:42:49.999370483Z[Etc/UTC].
    23:42:49.899 |  47 Pool-1-worker-21 | DEBUG | .c.s.m.InstanceMessageReceiveService : Received schedule participant score for exercise 359 and participant 66 (result to be deleted: null)
    23:42:49.899 |  47 Pool-1-worker-21 | DEBUG | .a.s.ParticipantScoreScheduleService : Scheduled task for exercise 359 and participant 66 at 2025-02-14T23:42:49.999898026Z[Etc/UTC].
    23:42:49.925 |  47 Pool-1-worker-21 | DEBUG | .c.s.m.InstanceMessageReceiveService : Received schedule participant score for exercise 356 and participant 66 (result to be deleted: null)
    23:42:49.925 |  47 Pool-1-worker-21 | DEBUG | .a.s.ParticipantScoreScheduleService : Scheduled task for exercise 356 and participant 66 at 2025-02-14T23:42:50.025793367Z[Etc/UTC].
    23:42:49.931 |  47 Pool-1-worker-21 | DEBUG | .c.s.m.InstanceMessageReceiveService : Received schedule participant score for exercise 357 and participant 66 (result to be deleted: null)
    23:42:49.931 |  47 Pool-1-worker-21 | DEBUG | .a.s.ParticipantScoreScheduleService : Scheduled task for exercise 357 and participant 66 at 2025-02-14T23:42:50.031593033Z[Etc/UTC].
    23:42:49.937 |  47 Pool-1-worker-21 | DEBUG | .c.s.m.InstanceMessageReceiveService : Received schedule participant score for exercise 358 and participant 66 (result to be deleted: null)
    23:42:49.937 |  47 Pool-1-worker-21 | DEBUG | .a.s.ParticipantScoreScheduleService : Scheduled task for exercise 358 and participant 66 at 2025-02-14T23:42:50.037446649Z[Etc/UTC].
    23:42:49.943 |  47 Pool-1-worker-21 | DEBUG | .c.s.m.InstanceMessageReceiveService : Received schedule participant score for exercise 360 and participant 66 (result to be deleted: null)
    23:42:49.944 |  47 Pool-1-worker-21 | DEBUG | .a.s.ParticipantScoreScheduleService : Scheduled task for exercise 360 and participant 66 at 2025-02-14T23:42:50.044054111Z[Etc/UTC].
    23:42:49.950 |  47 Pool-1-worker-21 | DEBUG | .c.s.m.InstanceMessageReceiveService : Received schedule participant score for exercise 359 and participant 66 (result to be deleted: null)
    23:42:49.950 |  47 Pool-1-worker-21 | DEBUG | .a.s.ParticipantScoreScheduleService : Scheduled task for exercise 359 and participant 66 at 2025-02-14T23:42:50.050567448Z[Etc/UTC].
    23:42:50.001 |  47 Pool-1-worker-21 | INFO  | i.z.t.d.l.EmbeddedDatabaseReporter   : JDBC URL to connect to 'dataSource': url='jdbc:h2:tcp://localhost:41063/mem:df70fc46-7e57-4cb5-9cd0-c1d90c14afa7;USER=sa', scope='CourseScoreCalculationServiceTest#calculateCourseScoresForExamBonusSourceWithNotIncludedExercises'

  Starting logs for CourseScoreCalculationServiceTest > calculateCourseScoreForExamBonusSourceWithMultipleResultsInParticipation(boolean) [1] withDueDate=true
    23:42:50.046 |  47 Pool-1-worker-21 | DEBUG | d.t.c.a.a.c.u.util.UserUtilService   : Generate 2 students...
    23:42:50.050 |  47 Pool-1-worker-21 | DEBUG | d.t.c.a.a.c.u.util.UserUtilService   : 2 students generated. Generate 2 tutors...
    23:42:50.054 |  47 Pool-1-worker-21 | DEBUG | d.t.c.a.a.c.u.util.UserUtilService   : 2 tutors generated. Generate 0 editors...
    23:42:50.055 |  47 Pool-1-worker-21 | DEBUG | d.t.c.a.a.c.u.util.UserUtilService   : 0 editors generated. Generate 1 instructors...
    23:42:50.058 |  47 Pool-1-worker-21 | DEBUG | d.t.c.a.a.c.u.util.UserUtilService   : 1 instructors generated
    23:42:50.059 |  47 Pool-1-worker-21 | DEBUG | d.t.c.a.a.c.u.util.UserUtilService   : Removing 5 users from all courses...
    23:42:50.060 |  47 Pool-1-worker-21 | DEBUG | d.t.c.a.a.c.u.util.UserUtilService   : Removing 5 users from all courses. Done
    23:42:50.060 |  47 Pool-1-worker-21 | DEBUG | d.t.c.a.a.c.u.util.UserUtilService   : Save 5 users to database...
    23:42:50.065 |  47 Pool-1-worker-21 | DEBUG | d.t.c.a.a.c.u.util.UserUtilService   : Save 5 users to database. Done
    23:42:50.074 |  47 Pool-1-worker-21 | DEBUG | .c.s.m.InstanceMessageReceiveService : Received schedule participant score for exercise 361 and participant 66 (result to be deleted: null)
    23:42:50.074 |  47 Pool-1-worker-21 | DEBUG | .a.s.ParticipantScoreScheduleService : Scheduled task for exercise 361 and participant 66 at 2025-02-14T23:42:50.174399406Z[Etc/UTC].
    23:42:50.074 |  47 Pool-1-worker-21 | DEBUG | .c.s.m.InstanceMessageReceiveService : Received schedule participant score for exercise 362 and participant 66 (result to be deleted: null)
    23:42:50.074 |  47 Pool-1-worker-21 | DEBUG | .a.s.ParticipantScoreScheduleService : Scheduled task for exercise 362 and participant 66 at 2025-02-14T23:42:50.174963017Z[Etc/UTC].
    23:42:50.075 |  47 Pool-1-worker-21 | DEBUG | .c.s.m.InstanceMessageReceiveService : Received schedule participant score for exercise 363 and participant 66 (result to be deleted: null)
    23:42:50.075 |  47 Pool-1-worker-21 | DEBUG | .a.s.ParticipantScoreScheduleService : Scheduled task for exercise 363 and participant 66 at 2025-02-14T23:42:50.175506491Z[Etc/UTC].
    23:42:50.075 |  47 Pool-1-worker-21 | DEBUG | .c.s.m.InstanceMessageReceiveService : Received schedule participant score for exercise 365 and participant 66 (result to be deleted: null)
    23:42:50.076 |  47 Pool-1-worker-21 | DEBUG | .a.s.ParticipantScoreScheduleService : Scheduled task for exercise 365 and participant 66 at 2025-02-14T23:42:50.176027873Z[Etc/UTC].
    23:42:50.076 |  47 Pool-1-worker-21 | DEBUG | .c.s.m.InstanceMessageReceiveService : Received schedule participant score for exercise 364 and participant 66 (result to be deleted: null)
    23:42:50.076 |  47 Pool-1-worker-21 | DEBUG | .a.s.ParticipantScoreScheduleService : Scheduled task for exercise 364 and participant 66 at 2025-02-14T23:42:50.176576617Z[Etc/UTC].
    23:42:50.106 |  47 Pool-1-worker-21 | DEBUG | .c.s.m.InstanceMessageReceiveService : Received schedule participant score for exercise 361 and participant 66 (result to be deleted: null)
    23:42:50.106 |  47 Pool-1-worker-21 | DEBUG | .a.s.ParticipantScoreScheduleService : Scheduled task for exercise 361 and participant 66 at 2025-02-14T23:42:50.206304475Z[Etc/UTC].
    23:42:50.112 |  47 Pool-1-worker-21 | DEBUG | .c.s.m.InstanceMessageReceiveService : Received schedule participant score for exercise 362 and participant 66 (result to be deleted: null)
    23:42:50.112 |  47 Pool-1-worker-21 | DEBUG | .a.s.ParticipantScoreScheduleService : Scheduled task for exercise 362 and participant 66 at 2025-02-14T23:42:50.212425219Z[Etc/UTC].
    23:42:50.118 |  47 Pool-1-worker-21 | DEBUG | .c.s.m.InstanceMessageReceiveService : Received schedule participant score for exercise 363 and participant 66 (result to be deleted: null)
    23:42:50.118 |  47 Pool-1-worker-21 | DEBUG | .a.s.ParticipantScoreScheduleService : Scheduled task for exercise 363 and participant 66 at 2025-02-14T23:42:50.218456036Z[Etc/UTC].
    23:42:50.123 |  47 Pool-1-worker-21 | DEBUG | .c.s.m.InstanceMessageReceiveService : Received schedule participant score for exercise 365 and participant 66 (result to be deleted: null)
    23:42:50.123 |  47 Pool-1-worker-21 | DEBUG | .a.s.ParticipantScoreScheduleService : Scheduled task for exercise 365 and participant 66 at 2025-02-14T23:42:50.223461370Z[Etc/UTC].
    23:42:50.127 |  47 Pool-1-worker-21 | DEBUG | .c.s.m.InstanceMessageReceiveService : Received schedule participant score for exercise 364 and participant 66 (result to be deleted: null)
    23:42:50.128 |  47 Pool-1-worker-21 | DEBUG | .a.s.ParticipantScoreScheduleService : Scheduled task for exercise 364 and participant 66 at 2025-02-14T23:42:50.227994223Z[Etc/UTC].
    23:42:50.166 |  47 Pool-1-worker-21 | INFO  | i.z.t.d.l.EmbeddedDatabaseReporter   : JDBC URL to connect to 'dataSource': url='jdbc:h2:tcp://localhost:41063/mem:df70fc46-7e57-4cb5-9cd0-c1d90c14afa7;USER=sa', scope='CourseScoreCalculationServiceTest#calculateCourseScoreForExamBonusSourceWithMultipleResultsInParticipation'
    23:42:50.177 |  47 Pool-1-worker-21 | DEBUG | .c.s.m.InstanceMessageReceiveService : Received schedule participant score for exercise 361 and participant 66 (result to be deleted: null)
    23:42:50.177 |  47 Pool-1-worker-21 | DEBUG | .a.s.ParticipantScoreScheduleService : Scheduled task for exercise 361 and participant 66 at 2025-02-14T23:42:50.277494194Z[Etc/UTC].
    23:42:50.180 |  47 Pool-1-worker-21 | DEBUG | .c.s.m.InstanceMessageReceiveService : Received schedule participant score for exercise 361 and participant 66 (result to be deleted: null)
    23:42:50.180 |  47 Pool-1-worker-21 | DEBUG | .a.s.ParticipantScoreScheduleService : Scheduled task for exercise 361 and participant 66 at 2025-02-14T23:42:50.280841987Z[Etc/UTC].
    23:42:50.184 |  47 Pool-1-worker-21 | DEBUG | .c.s.m.InstanceMessageReceiveService : Received schedule participant score for exercise 361 and participant 66 (result to be deleted: null)
    23:42:50.184 |  47 Pool-1-worker-21 | DEBUG | .a.s.ParticipantScoreScheduleService : Scheduled task for exercise 361 and participant 66 at 2025-02-14T23:42:50.284966509Z[Etc/UTC].
    23:42:50.188 |  47 Pool-1-worker-21 | DEBUG | .c.s.m.InstanceMessageReceiveService : Received schedule participant score for exercise 362 and participant 66 (result to be deleted: 221)
    23:42:50.188 |  47 Pool-1-worker-21 | DEBUG | .a.s.ParticipantScoreScheduleService : Scheduled task for exercise 362 and participant 66 at 2025-02-14T23:42:50.288821698Z[Etc/UTC].

  Starting logs for CourseScoreCalculationServiceTest > calculateCourseScoreForExamBonusSourceWithMultipleResultsInParticipation(boolean) [2] withDueDate=false
    23:42:50.203 |  47 Pool-1-worker-21 | DEBUG | d.t.c.a.a.c.u.util.UserUtilService   : Generate 2 students...
    23:42:50.207 |  47 Pool-1-worker-21 | DEBUG | d.t.c.a.a.c.u.util.UserUtilService   : 2 students generated. Generate 2 tutors...
    23:42:50.210 |  47 Pool-1-worker-21 | DEBUG | d.t.c.a.a.c.u.util.UserUtilService   : 2 tutors generated. Generate 0 editors...
    23:42:50.211 |  47 Pool-1-worker-21 | DEBUG | d.t.c.a.a.c.u.util.UserUtilService   : 0 editors generated. Generate 1 instructors...
    23:42:50.213 |  47 Pool-1-worker-21 | DEBUG | d.t.c.a.a.c.u.util.UserUtilService   : 1 instructors generated
    23:42:50.214 |  47 Pool-1-worker-21 | DEBUG | d.t.c.a.a.c.u.util.UserUtilService   : Removing 5 users from all courses...
    23:42:50.215 |  47 Pool-1-worker-21 | DEBUG | d.t.c.a.a.c.u.util.UserUtilService   : Removing 5 users from all courses. Done
    23:42:50.215 |  47 Pool-1-worker-21 | DEBUG | d.t.c.a.a.c.u.util.UserUtilService   : Save 5 users to database...
    23:42:50.218 |  47 Pool-1-worker-21 | DEBUG | d.t.c.a.a.c.u.util.UserUtilService   : Save 5 users to database. Done
    23:42:50.227 |  47 Pool-1-worker-21 | DEBUG | .c.s.m.InstanceMessageReceiveService : Received schedule participant score for exercise 366 and participant 66 (result to be deleted: null)
    23:42:50.227 |  47 Pool-1-worker-21 | DEBUG | .a.s.ParticipantScoreScheduleService : Scheduled task for exercise 366 and participant 66 at 2025-02-14T23:42:50.327238831Z[Etc/UTC].
    23:42:50.227 |  47 Pool-1-worker-21 | DEBUG | .c.s.m.InstanceMessageReceiveService : Received schedule participant score for exercise 367 and participant 66 (result to be deleted: null)
    23:42:50.227 |  47 Pool-1-worker-21 | DEBUG | .a.s.ParticipantScoreScheduleService : Scheduled task for exercise 367 and participant 66 at 2025-02-14T23:42:50.327860079Z[Etc/UTC].
    23:42:50.228 |  47 Pool-1-worker-21 | DEBUG | .c.s.m.InstanceMessageReceiveService : Received schedule participant score for exercise 368 and participant 66 (result to be deleted: null)
    23:42:50.228 |  47 Pool-1-worker-21 | DEBUG | .a.s.ParticipantScoreScheduleService : Scheduled task for exercise 368 and participant 66 at 2025-02-14T23:42:50.328436194Z[Etc/UTC].
    23:42:50.228 |  47 Pool-1-worker-21 | DEBUG | .c.s.m.InstanceMessageReceiveService : Received schedule participant score for exercise 370 and participant 66 (result to be deleted: null)
    23:42:50.229 |  47 Pool-1-worker-21 | DEBUG | .a.s.ParticipantScoreScheduleService : Scheduled task for exercise 370 and participant 66 at 2025-02-14T23:42:50.328996599Z[Etc/UTC].
    23:42:50.229 |  47 Pool-1-worker-21 | DEBUG | .c.s.m.InstanceMessageReceiveService : Received schedule participant score for exercise 369 and participant 66 (result to be deleted: null)
    23:42:50.229 |  47 Pool-1-worker-21 | DEBUG | .a.s.ParticipantScoreScheduleService : Scheduled task for exercise 369 and participant 66 at 2025-02-14T23:42:50.329574216Z[Etc/UTC].
    23:42:50.258 |  47 Pool-1-worker-21 | DEBUG | .c.s.m.InstanceMessageReceiveService : Received schedule participant score for exercise 366 and participant 66 (result to be deleted: null)
    23:42:50.258 |  47 Pool-1-worker-21 | DEBUG | .a.s.ParticipantScoreScheduleService : Scheduled task for exercise 366 and participant 66 at 2025-02-14T23:42:50.458614011Z[Etc/UTC].
    23:42:50.264 |  47 Pool-1-worker-21 | DEBUG | .c.s.m.InstanceMessageReceiveService : Received schedule participant score for exercise 367 and participant 66 (result to be deleted: null)
    23:42:50.264 |  47 Pool-1-worker-21 | DEBUG | .a.s.ParticipantScoreScheduleService : Scheduled task for exercise 367 and participant 66 at 2025-02-14T23:42:50.464783396Z[Etc/UTC].
    23:42:50.273 |  47 Pool-1-worker-21 | DEBUG | .c.s.m.InstanceMessageReceiveService : Received schedule participant score for exercise 368 and participant 66 (result to be deleted: null)
    23:42:50.273 |  47 Pool-1-worker-21 | DEBUG | .a.s.ParticipantScoreScheduleService : Scheduled task for exercise 368 and participant 66 at 2025-02-14T23:42:50.473646865Z[Etc/UTC].
    23:42:50.284 |  47 Pool-1-worker-21 | DEBUG | .c.s.m.InstanceMessageReceiveService : Received schedule participant score for exercise 370 and participant 66 (result to be deleted: null)
    23:42:50.284 |  47 Pool-1-worker-21 | DEBUG | .a.s.ParticipantScoreScheduleService : Scheduled task for exercise 370 and participant 66 at 2025-02-14T23:42:50.484098586Z[Etc/UTC].
    23:42:50.293 |  47 Pool-1-worker-21 | DEBUG | .c.s.m.InstanceMessageReceiveService : Received schedule participant score for exercise 369 and participant 66 (result to be deleted: null)
    23:42:50.293 |  47 Pool-1-worker-21 | DEBUG | .a.s.ParticipantScoreScheduleService : Scheduled task for exercise 369 and participant 66 at 2025-02-14T23:42:50.493158452Z[Etc/UTC].
    23:42:50.386 |  47 Pool-1-worker-21 | INFO  | i.z.t.d.l.EmbeddedDatabaseReporter   : JDBC URL to connect to 'dataSource': url='jdbc:h2:tcp://localhost:41063/mem:df70fc46-7e57-4cb5-9cd0-c1d90c14afa7;USER=sa', scope='CourseScoreCalculationServiceTest#calculateCourseScoreForExamBonusSourceWithMultipleResultsInParticipation'
    23:42:50.399 |  47 Pool-1-worker-21 | DEBUG | .c.s.m.InstanceMessageReceiveService : Received schedule participant score for exercise 366 and participant 66 (result to be deleted: null)
    23:42:50.400 |  47 Pool-1-worker-21 | DEBUG | .a.s.ParticipantScoreScheduleService : Scheduled task for exercise 366 and participant 66 at 2025-02-14T23:42:50.600018340Z[Etc/UTC].
    23:42:50.403 |  47 Pool-1-worker-21 | DEBUG | .c.s.m.InstanceMessageReceiveService : Received schedule participant score for exercise 366 and participant 66 (result to be deleted: null)
    23:42:50.403 |  47 Pool-1-worker-21 | DEBUG | .a.s.ParticipantScoreScheduleService : Scheduled task for exercise 366 and participant 66 at 2025-02-14T23:42:50.603329134Z[Etc/UTC].
    23:42:50.406 |  47 Pool-1-worker-21 | DEBUG | .c.s.m.InstanceMessageReceiveService : Received schedule participant score for exercise 366 and participant 66 (result to be deleted: null)
    23:42:50.406 |  47 Pool-1-worker-21 | DEBUG | .a.s.ParticipantScoreScheduleService : Scheduled task for exercise 366 and participant 66 at 2025-02-14T23:42:50.606524564Z[Etc/UTC].
    23:42:50.410 |  47 Pool-1-worker-21 | DEBUG | .c.s.m.InstanceMessageReceiveService : Received schedule participant score for exercise 367 and participant 66 (result to be deleted: 229)
    23:42:50.410 |  47 Pool-1-worker-21 | DEBUG | .a.s.ParticipantScoreScheduleService : Scheduled task for exercise 367 and participant 66 at 2025-02-14T23:42:50.610375766Z[Etc/UTC].

  Starting logs for CourseScoreCalculationServiceTest > calculateCourseScoreWithNoParticipations()
    23:42:50.428 |  47 Pool-1-worker-21 | DEBUG | d.t.c.a.a.c.u.util.UserUtilService   : Generate 2 students...
    23:42:50.433 |  47 Pool-1-worker-21 | DEBUG | d.t.c.a.a.c.u.util.UserUtilService   : 2 students generated. Generate 2 tutors...
    23:42:50.437 |  47 Pool-1-worker-21 | DEBUG | d.t.c.a.a.c.u.util.UserUtilService   : 2 tutors generated. Generate 0 editors...
    23:42:50.438 |  47 Pool-1-worker-21 | DEBUG | d.t.c.a.a.c.u.util.UserUtilService   : 0 editors generated. Generate 1 instructors...
    23:42:50.441 |  47 Pool-1-worker-21 | DEBUG | d.t.c.a.a.c.u.util.UserUtilService   : 1 instructors generated
    23:42:50.442 |  47 Pool-1-worker-21 | DEBUG | d.t.c.a.a.c.u.util.UserUtilService   : Removing 5 users from all courses...
    23:42:50.443 |  47 Pool-1-worker-21 | DEBUG | d.t.c.a.a.c.u.util.UserUtilService   : Removing 5 users from all courses. Done
    23:42:50.443 |  47 Pool-1-worker-21 | DEBUG | d.t.c.a.a.c.u.util.UserUtilService   : Save 5 users to database...
    23:42:50.447 |  47 Pool-1-worker-21 | DEBUG | d.t.c.a.a.c.u.util.UserUtilService   : Save 5 users to database. Done
    23:42:50.455 |  47 Pool-1-worker-21 | DEBUG | .c.s.m.InstanceMessageReceiveService : Received schedule participant score for exercise 371 and participant 66 (result to be deleted: null)
    23:42:50.455 |  47 Pool-1-worker-21 | DEBUG | .a.s.ParticipantScoreScheduleService : Scheduled task for exercise 371 and participant 66 at 2025-02-14T23:42:50.955485459Z[Etc/UTC].
    23:42:50.455 |  47 Pool-1-worker-21 | DEBUG | .c.s.m.InstanceMessageReceiveService : Received schedule participant score for exercise 372 and participant 66 (result to be deleted: null)
    23:42:50.456 |  47 Pool-1-worker-21 | DEBUG | .a.s.ParticipantScoreScheduleService : Scheduled task for exercise 372 and participant 66 at 2025-02-14T23:42:50.955998406Z[Etc/UTC].
    23:42:50.456 |  47 Pool-1-worker-21 | DEBUG | .c.s.m.InstanceMessageReceiveService : Received schedule participant score for exercise 373 and participant 66 (result to be deleted: null)
    23:42:50.456 |  47 Pool-1-worker-21 | DEBUG | .a.s.ParticipantScoreScheduleService : Scheduled task for exercise 373 and participant 66 at 2025-02-14T23:42:50.956511913Z[Etc/UTC].
    23:42:50.456 |  47 Pool-1-worker-21 | DEBUG | .c.s.m.InstanceMessageReceiveService : Received schedule participant score for exercise 375 and participant 66 (result to be deleted: null)
    23:42:50.457 |  47 Pool-1-worker-21 | DEBUG | .a.s.ParticipantScoreScheduleService : Scheduled task for exercise 375 and participant 66 at 2025-02-14T23:42:50.957010072Z[Etc/UTC].
    23:42:50.457 |  47 Pool-1-worker-21 | DEBUG | .c.s.m.InstanceMessageReceiveService : Received schedule participant score for exercise 374 and participant 66 (result to be deleted: null)
    23:42:50.457 |  47 Pool-1-worker-21 | DEBUG | .a.s.ParticipantScoreScheduleService : Scheduled task for exercise 374 and participant 66 at 2025-02-14T23:42:50.957523199Z[Etc/UTC].
    23:42:50.481 |  47 Pool-1-worker-21 | DEBUG | .c.s.m.InstanceMessageReceiveService : Received schedule participant score for exercise 371 and participant 66 (result to be deleted: null)
    23:42:50.481 |  47 Pool-1-worker-21 | DEBUG | .a.s.ParticipantScoreScheduleService : Scheduled task for exercise 371 and participant 66 at 2025-02-14T23:42:50.981943760Z[Etc/UTC].
    23:42:50.487 |  47 Pool-1-worker-21 | DEBUG | .c.s.m.InstanceMessageReceiveService : Received schedule participant score for exercise 372 and participant 66 (result to be deleted: null)
    23:42:50.487 |  47 Pool-1-worker-21 | DEBUG | .a.s.ParticipantScoreScheduleService : Scheduled task for exercise 372 and participant 66 at 2025-02-14T23:42:50.987440050Z[Etc/UTC].
    23:42:50.492 |  47 Pool-1-worker-21 | DEBUG | .c.s.m.InstanceMessageReceiveService : Received schedule participant score for exercise 373 and participant 66 (result to be deleted: null)
    23:42:50.492 |  47 Pool-1-worker-21 | DEBUG | .a.s.ParticipantScoreScheduleService : Scheduled task for exercise 373 and participant 66 at 2025-02-14T23:42:50.992922664Z[Etc/UTC].
    23:42:50.499 |  47 Pool-1-worker-21 | DEBUG | .c.s.m.InstanceMessageReceiveService : Received schedule participant score for exercise 375 and participant 66 (result to be deleted: null)
    23:42:50.499 |  47 Pool-1-worker-21 | DEBUG | .a.s.ParticipantScoreScheduleService : Scheduled task for exercise 375 and participant 66 at 2025-02-14T23:42:50.999400735Z[Etc/UTC].
    23:42:50.505 |  47 Pool-1-worker-21 | DEBUG | .c.s.m.InstanceMessageReceiveService : Received schedule participant score for exercise 374 and participant 66 (result to be deleted: null)
    23:42:50.505 |  47 Pool-1-worker-21 | DEBUG | .a.s.ParticipantScoreScheduleService : Scheduled task for exercise 374 and participant 66 at 2025-02-14T23:42:51.005279027Z[Etc/UTC].
    23:42:50.553 |  47 Pool-1-worker-21 | INFO  | i.z.t.d.l.EmbeddedDatabaseReporter   : JDBC URL to connect to 'dataSource': url='jdbc:h2:tcp://localhost:41063/mem:df70fc46-7e57-4cb5-9cd0-c1d90c14afa7;USER=sa', scope='CourseScoreCalculationServiceTest#calculateCourseScoreWithNoParticipations'

  Starting logs for CourseScoreCalculationServiceTest > getResultsForParticipationEdgeCases()
    23:42:50.568 |  47 Pool-1-worker-21 | DEBUG | d.t.c.a.a.c.u.util.UserUtilService   : Generate 2 students...
    23:42:50.572 |  47 Pool-1-worker-21 | DEBUG | d.t.c.a.a.c.u.util.UserUtilService   : 2 students generated. Generate 2 tutors...
    23:42:50.576 |  47 Pool-1-worker-21 | DEBUG | d.t.c.a.a.c.u.util.UserUtilService   : 2 tutors generated. Generate 0 editors...
    23:42:50.577 |  47 Pool-1-worker-21 | DEBUG | d.t.c.a.a.c.u.util.UserUtilService   : 0 editors generated. Generate 1 instructors...
    23:42:50.580 |  47 Pool-1-worker-21 | DEBUG | d.t.c.a.a.c.u.util.UserUtilService   : 1 instructors generated
    23:42:50.581 |  47 Pool-1-worker-21 | DEBUG | d.t.c.a.a.c.u.util.UserUtilService   : Removing 5 users from all courses...
    23:42:50.582 |  47 Pool-1-worker-21 | DEBUG | d.t.c.a.a.c.u.util.UserUtilService   : Removing 5 users from all courses. Done
    23:42:50.582 |  47 Pool-1-worker-21 | DEBUG | d.t.c.a.a.c.u.util.UserUtilService   : Save 5 users to database...
    23:42:50.628 |  47 Pool-1-worker-21 | DEBUG | d.t.c.a.a.c.u.util.UserUtilService   : Save 5 users to database. Done
    23:42:50.643 |  47 Pool-1-worker-21 | DEBUG | .c.s.m.InstanceMessageReceiveService : Received schedule participant score for exercise 376 and participant 66 (result to be deleted: null)
    23:42:50.643 |  47 Pool-1-worker-21 | DEBUG | .a.s.ParticipantScoreScheduleService : Scheduled task for exercise 376 and participant 66 at 2025-02-14T23:42:50.743686585Z[Etc/UTC].
    23:42:50.644 |  47 Pool-1-worker-21 | DEBUG | .c.s.m.InstanceMessageReceiveService : Received schedule participant score for exercise 377 and participant 66 (result to be deleted: null)
    23:42:50.644 |  47 Pool-1-worker-21 | DEBUG | .a.s.ParticipantScoreScheduleService : Scheduled task for exercise 377 and participant 66 at 2025-02-14T23:42:50.744255576Z[Etc/UTC].
    23:42:50.644 |  47 Pool-1-worker-21 | DEBUG | .c.s.m.InstanceMessageReceiveService : Received schedule participant score for exercise 378 and participant 66 (result to be deleted: null)
    23:42:50.644 |  47 Pool-1-worker-21 | DEBUG | .a.s.ParticipantScoreScheduleService : Scheduled task for exercise 378 and participant 66 at 2025-02-14T23:42:50.744762341Z[Etc/UTC].
    23:42:50.645 |  47 Pool-1-worker-21 | DEBUG | .c.s.m.InstanceMessageReceiveService : Received schedule participant score for exercise 380 and participant 66 (result to be deleted: null)
    23:42:50.645 |  47 Pool-1-worker-21 | DEBUG | .a.s.ParticipantScoreScheduleService : Scheduled task for exercise 380 and participant 66 at 2025-02-14T23:42:50.745284154Z[Etc/UTC].
    23:42:50.645 |  47 Pool-1-worker-21 | DEBUG | .c.s.m.InstanceMessageReceiveService : Received schedule participant score for exercise 379 and participant 66 (result to be deleted: null)
    23:42:50.645 |  47 Pool-1-worker-21 | DEBUG | .a.s.ParticipantScoreScheduleService : Scheduled task for exercise 379 and participant 66 at 2025-02-14T23:42:50.745767986Z[Etc/UTC].
    23:42:50.673 |  47 Pool-1-worker-21 | DEBUG | .c.s.m.InstanceMessageReceiveService : Received schedule participant score for exercise 376 and participant 66 (result to be deleted: null)
    23:42:50.673 |  47 Pool-1-worker-21 | DEBUG | .a.s.ParticipantScoreScheduleService : Scheduled task for exercise 376 and participant 66 at 2025-02-14T23:42:50.773440194Z[Etc/UTC].
    23:42:50.679 |  47 Pool-1-worker-21 | DEBUG | .c.s.m.InstanceMessageReceiveService : Received schedule participant score for exercise 377 and participant 66 (result to be deleted: null)
    23:42:50.679 |  47 Pool-1-worker-21 | DEBUG | .a.s.ParticipantScoreScheduleService : Scheduled task for exercise 377 and participant 66 at 2025-02-14T23:42:50.779136297Z[Etc/UTC].
    23:42:50.684 |  47 Pool-1-worker-21 | DEBUG | .c.s.m.InstanceMessageReceiveService : Received schedule participant score for exercise 378 and participant 66 (result to be deleted: null)
    23:42:50.684 |  47 Pool-1-worker-21 | DEBUG | .a.s.ParticipantScoreScheduleService : Scheduled task for exercise 378 and participant 66 at 2025-02-14T23:42:50.784630322Z[Etc/UTC].
    23:42:50.690 |  47 Pool-1-worker-21 | DEBUG | .c.s.m.InstanceMessageReceiveService : Received schedule participant score for exercise 380 and participant 66 (result to be deleted: null)
    23:42:50.690 |  47 Pool-1-worker-21 | DEBUG | .a.s.ParticipantScoreScheduleService : Scheduled task for exercise 380 and participant 66 at 2025-02-14T23:42:50.790950358Z[Etc/UTC].
    23:42:50.696 |  47 Pool-1-worker-21 | DEBUG | .c.s.m.InstanceMessageReceiveService : Received schedule participant score for exercise 379 and participant 66 (result to be deleted: null)
    23:42:50.696 |  47 Pool-1-worker-21 | DEBUG | .a.s.ParticipantScoreScheduleService : Scheduled task for exercise 379 and participant 66 at 2025-02-14T23:42:50.796717142Z[Etc/UTC].
    23:42:50.746 |  47 Pool-1-worker-21 | INFO  | i.z.t.d.l.EmbeddedDatabaseReporter   : JDBC URL to connect to 'dataSource': url='jdbc:h2:tcp://localhost:41063/mem:df70fc46-7e57-4cb5-9cd0-c1d90c14afa7;USER=sa', scope='CourseScoreCalculationServiceTest#getResultsForParticipationEdgeCases'
    23:42:50.761 |  47 Pool-1-worker-21 | DEBUG | .c.s.m.InstanceMessageReceiveService : Received schedule participant score for exercise 376 and participant 66 (result to be deleted: null)
    23:42:50.761 |  47 Pool-1-worker-21 | DEBUG | .a.s.ParticipantScoreScheduleService : Scheduled task for exercise 376 and participant 66 at 2025-02-14T23:42:50.861591795Z[Etc/UTC].
    23:42:50.764 |  47 Pool-1-worker-21 | DEBUG | .c.s.m.InstanceMessageReceiveService : Received schedule participant score for exercise 376 and participant 66 (result to be deleted: null)
    23:42:50.764 |  47 Pool-1-worker-21 | DEBUG | .a.s.ParticipantScoreScheduleService : Scheduled task for exercise 376 and participant 66 at 2025-02-14T23:42:50.864937203Z[Etc/UTC].
    23:42:50.768 |  47 Pool-1-worker-21 | DEBUG | .c.s.m.InstanceMessageReceiveService : Received schedule participant score for exercise 376 and participant 66 (result to be deleted: null)
    23:42:50.768 |  47 Pool-1-worker-21 | DEBUG | .a.s.ParticipantScoreScheduleService : Scheduled task for exercise 376 and participant 66 at 2025-02-14T23:42:50.868374764Z[Etc/UTC].
    23:42:50.772 |  47 Pool-1-worker-21 | DEBUG | .c.s.m.InstanceMessageReceiveService : Received schedule participant score for exercise 376 and participant 66 (result to be deleted: null)
    23:42:50.772 |  47 Pool-1-worker-21 | DEBUG | .a.s.ParticipantScoreScheduleService : Scheduled task for exercise 376 and participant 66 at 2025-02-14T23:42:50.872990351Z[Etc/UTC].

  Starting logs for CourseScoreCalculationServiceTest > calculateCourseScoreForExamBonusSourceWithoutExercises()
    23:42:50.791 |  47 Pool-1-worker-21 | DEBUG | d.t.c.a.a.c.u.util.UserUtilService   : Generate 2 students...
    23:42:50.795 |  47 Pool-1-worker-21 | DEBUG | d.t.c.a.a.c.u.util.UserUtilService   : 2 students generated. Generate 2 tutors...
    23:42:50.799 |  47 Pool-1-worker-21 | DEBUG | d.t.c.a.a.c.u.util.UserUtilService   : 2 tutors generated. Generate 0 editors...
    23:42:50.800 |  47 Pool-1-worker-21 | DEBUG | d.t.c.a.a.c.u.util.UserUtilService   : 0 editors generated. Generate 1 instructors...
    23:42:50.803 |  47 Pool-1-worker-21 | DEBUG | d.t.c.a.a.c.u.util.UserUtilService   : 1 instructors generated
    23:42:50.804 |  47 Pool-1-worker-21 | DEBUG | d.t.c.a.a.c.u.util.UserUtilService   : Removing 5 users from all courses...
    23:42:50.805 |  47 Pool-1-worker-21 | DEBUG | d.t.c.a.a.c.u.util.UserUtilService   : Removing 5 users from all courses. Done
    23:42:50.805 |  47 Pool-1-worker-21 | DEBUG | d.t.c.a.a.c.u.util.UserUtilService   : Save 5 users to database...
    23:42:50.809 |  47 Pool-1-worker-21 | DEBUG | d.t.c.a.a.c.u.util.UserUtilService   : Save 5 users to database. Done
    23:42:50.817 |  47 Pool-1-worker-21 | DEBUG | .c.s.m.InstanceMessageReceiveService : Received schedule participant score for exercise 381 and participant 66 (result to be deleted: null)
    23:42:50.817 |  47 Pool-1-worker-21 | DEBUG | .a.s.ParticipantScoreScheduleService : Scheduled task for exercise 381 and participant 66 at 2025-02-14T23:42:50.917519442Z[Etc/UTC].
    23:42:50.818 |  47 Pool-1-worker-21 | DEBUG | .c.s.m.InstanceMessageReceiveService : Received schedule participant score for exercise 382 and participant 66 (result to be deleted: null)
    23:42:50.818 |  47 Pool-1-worker-21 | DEBUG | .a.s.ParticipantScoreScheduleService : Scheduled task for exercise 382 and participant 66 at 2025-02-14T23:42:50.918056503Z[Etc/UTC].
    23:42:50.818 |  47 Pool-1-worker-21 | DEBUG | .c.s.m.InstanceMessageReceiveService : Received schedule participant score for exercise 383 and participant 66 (result to be deleted: null)
    23:42:50.818 |  47 Pool-1-worker-21 | DEBUG | .a.s.ParticipantScoreScheduleService : Scheduled task for exercise 383 and participant 66 at 2025-02-14T23:42:50.918580631Z[Etc/UTC].
    23:42:50.819 |  47 Pool-1-worker-21 | DEBUG | .c.s.m.InstanceMessageReceiveService : Received schedule participant score for exercise 385 and participant 66 (result to be deleted: null)
    23:42:50.819 |  47 Pool-1-worker-21 | DEBUG | .a.s.ParticipantScoreScheduleService : Scheduled task for exercise 385 and participant 66 at 2025-02-14T23:42:50.919084330Z[Etc/UTC].
    23:42:50.819 |  47 Pool-1-worker-21 | DEBUG | .c.s.m.InstanceMessageReceiveService : Received schedule participant score for exercise 384 and participant 66 (result to be deleted: null)
    23:42:50.819 |  47 Pool-1-worker-21 | DEBUG | .a.s.ParticipantScoreScheduleService : Scheduled task for exercise 384 and participant 66 at 2025-02-14T23:42:50.919617384Z[Etc/UTC].
    23:42:50.845 |  47 Pool-1-worker-21 | DEBUG | .c.s.m.InstanceMessageReceiveService : Received schedule participant score for exercise 381 and participant 66 (result to be deleted: null)
    23:42:50.845 |  47 Pool-1-worker-21 | DEBUG | .a.s.ParticipantScoreScheduleService : Scheduled task for exercise 381 and participant 66 at 2025-02-14T23:42:50.945941986Z[Etc/UTC].
    23:42:50.854 |  47 Pool-1-worker-21 | DEBUG | .c.s.m.InstanceMessageReceiveService : Received schedule participant score for exercise 382 and participant 66 (result to be deleted: null)
    23:42:50.854 |  47 Pool-1-worker-21 | DEBUG | .a.s.ParticipantScoreScheduleService : Scheduled task for exercise 382 and participant 66 at 2025-02-14T23:42:50.954378870Z[Etc/UTC].
    23:42:50.863 |  47 Pool-1-worker-21 | DEBUG | .c.s.m.InstanceMessageReceiveService : Received schedule participant score for exercise 383 and participant 66 (result to be deleted: null)
    23:42:50.863 |  47 Pool-1-worker-21 | DEBUG | .a.s.ParticipantScoreScheduleService : Scheduled task for exercise 383 and participant 66 at 2025-02-14T23:42:50.963275681Z[Etc/UTC].
    23:42:50.872 |  47 Pool-1-worker-21 | DEBUG | .c.s.m.InstanceMessageReceiveService : Received schedule participant score for exercise 385 and participant 66 (result to be deleted: null)
    23:42:50.872 |  47 Pool-1-worker-21 | DEBUG | .a.s.ParticipantScoreScheduleService : Scheduled task for exercise 385 and participant 66 at 2025-02-14T23:42:50.972883418Z[Etc/UTC].
    23:42:50.879 |  47 Pool-1-worker-21 | DEBUG | .c.s.m.InstanceMessageReceiveService : Received schedule participant score for exercise 384 and participant 66 (result to be deleted: null)
    23:42:50.879 |  47 Pool-1-worker-21 | DEBUG | .a.s.ParticipantScoreScheduleService : Scheduled task for exercise 384 and participant 66 at 2025-02-14T23:42:50.979168789Z[Etc/UTC].
    23:42:50.933 |  47 Pool-1-worker-21 | INFO  | i.z.t.d.l.EmbeddedDatabaseReporter   : JDBC URL to connect to 'dataSource': url='jdbc:h2:tcp://localhost:41063/mem:df70fc46-7e57-4cb5-9cd0-c1d90c14afa7;USER=sa', scope='CourseScoreCalculationServiceTest#calculateCourseScoreForExamBonusSourceWithoutExercises'

  Starting logs for CourseScoreCalculationServiceTest > getScoresAndParticipationResultsWithNotIncludedExercise()
    23:42:50.949 |  47 Pool-1-worker-21 | DEBUG | d.t.c.a.a.c.u.util.UserUtilService   : Generate 2 students...
    23:42:50.953 |  47 Pool-1-worker-21 | DEBUG | d.t.c.a.a.c.u.util.UserUtilService   : 2 students generated. Generate 2 tutors...
    23:42:50.956 |  47 Pool-1-worker-21 | DEBUG | d.t.c.a.a.c.u.util.UserUtilService   : 2 tutors generated. Generate 0 editors...
    23:42:50.958 |  47 Pool-1-worker-21 | DEBUG | d.t.c.a.a.c.u.util.UserUtilService   : 0 editors generated. Generate 1 instructors...
    23:42:50.960 |  47 Pool-1-worker-21 | DEBUG | d.t.c.a.a.c.u.util.UserUtilService   : 1 instructors generated
    23:42:50.961 |  47 Pool-1-worker-21 | DEBUG | d.t.c.a.a.c.u.util.UserUtilService   : Removing 5 users from all courses...
    23:42:50.962 |  47 Pool-1-worker-21 | DEBUG | d.t.c.a.a.c.u.util.UserUtilService   : Removing 5 users from all courses. Done
    23:42:50.962 |  47 Pool-1-worker-21 | DEBUG | d.t.c.a.a.c.u.util.UserUtilService   : Save 5 users to database...
    23:42:50.965 |  47 Pool-1-worker-21 | DEBUG | d.t.c.a.a.c.u.util.UserUtilService   : Save 5 users to database. Done
    23:42:50.972 |  47 Pool-1-worker-21 | DEBUG | .c.s.m.InstanceMessageReceiveService : Received schedule participant score for exercise 386 and participant 66 (result to be deleted: null)
    23:42:50.972 |  47 Pool-1-worker-21 | DEBUG | .a.s.ParticipantScoreScheduleService : Scheduled task for exercise 386 and participant 66 at 2025-02-14T23:42:51.072709607Z[Etc/UTC].
    23:42:50.973 |  47 Pool-1-worker-21 | DEBUG | .c.s.m.InstanceMessageReceiveService : Received schedule participant score for exercise 387 and participant 66 (result to be deleted: null)
    23:42:50.973 |  47 Pool-1-worker-21 | DEBUG | .a.s.ParticipantScoreScheduleService : Scheduled task for exercise 387 and participant 66 at 2025-02-14T23:42:51.073283708Z[Etc/UTC].
    23:42:50.973 |  47 Pool-1-worker-21 | DEBUG | .c.s.m.InstanceMessageReceiveService : Received schedule participant score for exercise 388 and participant 66 (result to be deleted: null)
    23:42:50.973 |  47 Pool-1-worker-21 | DEBUG | .a.s.ParticipantScoreScheduleService : Scheduled task for exercise 388 and participant 66 at 2025-02-14T23:42:51.073764574Z[Etc/UTC].
    23:42:50.974 |  47 Pool-1-worker-21 | DEBUG | .c.s.m.InstanceMessageReceiveService : Received schedule participant score for exercise 390 and participant 66 (result to be deleted: null)
    23:42:50.974 |  47 Pool-1-worker-21 | DEBUG | .a.s.ParticipantScoreScheduleService : Scheduled task for exercise 390 and participant 66 at 2025-02-14T23:42:51.074287329Z[Etc/UTC].
    23:42:50.974 |  47 Pool-1-worker-21 | DEBUG | .c.s.m.InstanceMessageReceiveService : Received schedule participant score for exercise 389 and participant 66 (result to be deleted: null)
    23:42:50.974 |  47 Pool-1-worker-21 | DEBUG | .a.s.ParticipantScoreScheduleService : Scheduled task for exercise 389 and participant 66 at 2025-02-14T23:42:51.074814402Z[Etc/UTC].
    23:42:51.020 |  47 Pool-1-worker-21 | DEBUG | .c.s.m.InstanceMessageReceiveService : Received schedule participant score for exercise 386 and participant 66 (result to be deleted: null)
    23:42:51.020 |  47 Pool-1-worker-21 | DEBUG | .a.s.ParticipantScoreScheduleService : Scheduled task for exercise 386 and participant 66 at 2025-02-14T23:42:51.120668978Z[Etc/UTC].
    23:42:51.033 |  47 Pool-1-worker-21 | DEBUG | .c.s.m.InstanceMessageReceiveService : Received schedule participant score for exercise 387 and participant 66 (result to be deleted: null)
    23:42:51.033 |  47 Pool-1-worker-21 | DEBUG | .a.s.ParticipantScoreScheduleService : Scheduled task for exercise 387 and participant 66 at 2025-02-14T23:42:51.133975653Z[Etc/UTC].
    23:42:51.048 |  47 Pool-1-worker-21 | DEBUG | .c.s.m.InstanceMessageReceiveService : Received schedule participant score for exercise 388 and participant 66 (result to be deleted: null)
    23:42:51.048 |  47 Pool-1-worker-21 | DEBUG | .a.s.ParticipantScoreScheduleService : Scheduled task for exercise 388 and participant 66 at 2025-02-14T23:42:51.148073804Z[Etc/UTC].
    23:42:51.064 |  47 Pool-1-worker-21 | DEBUG | .c.s.m.InstanceMessageReceiveService : Received schedule participant score for exercise 390 and participant 66 (result to be deleted: null)
    23:42:51.064 |  47 Pool-1-worker-21 | DEBUG | .a.s.ParticipantScoreScheduleService : Scheduled task for exercise 390 and participant 66 at 2025-02-14T23:42:51.164220846Z[Etc/UTC].
    23:42:51.074 | 663 taskScheduler-1  | DEBUG | .a.s.ParticipantScoreScheduleService : Processing exercise 389 and participant 66 to update participant scores.
    23:42:51.080 |  47 Pool-1-worker-21 | DEBUG | .c.s.m.InstanceMessageReceiveService : Received schedule participant score for exercise 389 and participant 66 (result to be deleted: null)
    23:42:51.080 |  47 Pool-1-worker-21 | DEBUG | .a.s.ParticipantScoreScheduleService : Scheduled task for exercise 389 and participant 66 at 2025-02-14T23:42:51.180744300Z[Etc/UTC].
    23:42:51.093 | 663 taskScheduler-1  | DEBUG | .a.s.ParticipantScoreScheduleService : Updating the participant score for exercise 389 and participant 66 took 19 ms.
    23:42:51.120 | 666 taskScheduler-4  | DEBUG | .a.s.ParticipantScoreScheduleService : Processing exercise 386 and participant 66 to update participant scores.
    23:42:51.126 | 666 taskScheduler-4  | DEBUG | .a.s.ParticipantScoreScheduleService : Updating the participant score for exercise 386 and participant 66 took 6 ms.
    23:42:51.134 | 664 taskScheduler-2  | DEBUG | .a.s.ParticipantScoreScheduleService : Processing exercise 387 and participant 66 to update participant scores.
    23:42:51.144 | 664 taskScheduler-2  | DEBUG | .a.s.ParticipantScoreScheduleService : Updating the participant score for exercise 387 and participant 66 took 10 ms.
    23:42:51.148 | 665 taskScheduler-3  | DEBUG | .a.s.ParticipantScoreScheduleService : Processing exercise 388 and participant 66 to update participant scores.
    23:42:51.155 | 665 taskScheduler-3  | DEBUG | .a.s.ParticipantScoreScheduleService : Updating the participant score for exercise 388 and participant 66 took 7 ms.
    23:42:51.164 | 663 taskScheduler-1  | DEBUG | .a.s.ParticipantScoreScheduleService : Processing exercise 390 and participant 66 to update participant scores.
    23:42:51.173 |  47 Pool-1-worker-21 | INFO  | i.z.t.d.l.EmbeddedDatabaseReporter   : JDBC URL to connect to 'dataSource': url='jdbc:h2:tcp://localhost:41063/mem:df70fc46-7e57-4cb5-9cd0-c1d90c14afa7;USER=sa', scope='CourseScoreCalculationServiceTest#getScoresAndParticipationResultsWithNotIncludedExercise'
    23:42:51.175 | 663 taskScheduler-1  | DEBUG | .a.s.ParticipantScoreScheduleService : Updating the participant score for exercise 390 and participant 66 took 11 ms.
    23:42:51.183 | 666 taskScheduler-4  | DEBUG | .a.s.ParticipantScoreScheduleService : Processing exercise 389 and participant 66 to update participant scores.

  Starting logs for CourseScoreCalculationServiceTest > getScoresAndParticipationResultsForPastCourseWithGradedPresentations()
    23:42:51.200 | 666 taskScheduler-4  | DEBUG | .a.s.ParticipantScoreScheduleService : Updating the participant score for exercise 389 and participant 66 took 17 ms.
    23:42:51.204 | 566 localvc.event-13 | DEBUG | a.a.b.s.SharedQueueProcessingService : Build job completed: BuildJobQueueItem[id=4651739576569330, name=SHORTB06DD3F905F4604F6E085260D83ED657A6DFTSTEXC-LOCALCIINTSTUDENT1, buildAgent=BuildAgentDTO[name=artemis-build-agent-test, memberAddress=[127.0.0.1]:5703, displayName=artemis-build-agent-test], participationId=465, courseId=148, exerciseId=299, retryCount=0, priority=2, status=null, repositoryInfo=RepositoryInfo[repositoryName=shortb06dd3f905f4604f6e085260d83ed657a6dftstexc-localciintstudent1, repositoryType=user, triggeredByPushTo=user, assignmentRepositoryUri=http://localhost:49152/git/SHORTB06DD3F905F4604F6E085260D83ED657A6DFTSTEXC/shortb06dd3f905f4604f6e085260d83ed657a6dftstexc-localciintstudent1.git, testRepositoryUri=http://localhost:49152/git/SHORTB06DD3F905F4604F6E085260D83ED657A6DFTSTEXC/shortb06dd3f905f4604f6e085260d83ed657a6dftstexc-tests.git, solutionRepositoryUri=null, auxiliaryRepositoryUris=[Ljava.lang.String;@74c3dfbd, auxiliaryRepositoryCheckoutDirectories=[Ljava.lang.String;@5f287d4a], jobTimingInfo=JobTimingInfo[submissionDate=2025-02-14T23:42:49.330093960Z[Etc/UTC], buildStartDate=2025-02-14T23:42:49.347797345Z[Etc/UTC], buildCompletionDate=null, estimatedCompletionDate=2025-02-14T23:43:08.347788449Z[Etc/UTC], estimatedDuration=19], buildConfig=BuildConfig[buildScript=#!/bin/bash
cd /var/tmp/testing-dir
chmod +x ./gradlew
./gradlew clean test
, dockerImage=dummy-docker-image:latest, commitHashToBuild=41581fff25954d36cf07586926ee0c77d1003131, assignmentCommitHash=41581fff25954d36cf07586926ee0c77d1003131, testCommitHash=41581fff25954d36cf07586926ee0c77d1003131, branch=main, programmingLanguage=JAVA, projectType=PLAIN_GRADLE, scaEnabled=false, sequentialTestRunsEnabled=false, resultPaths=[/var/tmp/testing-dir/**/test-results/test/*.xml], timeoutSeconds=0, assignmentCheckoutPath=null, testCheckoutPath=null, solutionCheckoutPath=null, dockerRunConfig=null], submissionResult=null]
    23:42:51.207 | 565 localvc.event-12 | DEBUG | a.p.s.l.LocalCIQueueWebsocketService : CIBuildJobQueueItem removed from processing jobs: BuildJobQueueItem[id=4651739576569330, name=SHORTB06DD3F905F4604F6E085260D83ED657A6DFTSTEXC-LOCALCIINTSTUDENT1, buildAgent=BuildAgentDTO[name=artemis-build-agent-test, memberAddress=[127.0.0.1]:5703, displayName=artemis-build-agent-test], participationId=465, courseId=148, exerciseId=299, retryCount=0, priority=2, status=null, repositoryInfo=RepositoryInfo[repositoryName=shortb06dd3f905f4604f6e085260d83ed657a6dftstexc-localciintstudent1, repositoryType=user, triggeredByPushTo=user, assignmentRepositoryUri=http://localhost:49152/git/SHORTB06DD3F905F4604F6E085260D83ED657A6DFTSTEXC/shortb06dd3f905f4604f6e085260d83ed657a6dftstexc-localciintstudent1.git, testRepositoryUri=http://localhost:49152/git/SHORTB06DD3F905F4604F6E085260D83ED657A6DFTSTEXC/shortb06dd3f905f4604f6e085260d83ed657a6dftstexc-tests.git, solutionRepositoryUri=null, auxiliaryRepositoryUris=[Ljava.lang.String;@10f35006, auxiliaryRepositoryCheckoutDirectories=[Ljava.lang.String;@5696aa1a], jobTimingInfo=JobTimingInfo[submissionDate=2025-02-14T23:42:49.330093960Z[Etc/UTC], buildStartDate=2025-02-14T23:42:49.347797345Z[Etc/UTC], buildCompletionDate=null, estimatedCompletionDate=2025-02-14T23:43:08.347788449Z[Etc/UTC], estimatedDuration=19], buildConfig=BuildConfig[buildScript=#!/bin/bash
cd /var/tmp/testing-dir
chmod +x ./gradlew
./gradlew clean test
, dockerImage=dummy-docker-image:latest, commitHashToBuild=41581fff25954d36cf07586926ee0c77d1003131, assignmentCommitHash=41581fff25954d36cf07586926ee0c77d1003131, testCommitHash=41581fff25954d36cf07586926ee0c77d1003131, branch=main, programmingLanguage=JAVA, projectType=PLAIN_GRADLE, scaEnabled=false, sequentialTestRunsEnabled=false, resultPaths=[/var/tmp/testing-dir/**/test-results/test/*.xml], timeoutSeconds=0, assignmentCheckoutPath=null, testCheckoutPath=null, solutionCheckoutPath=null, dockerRunConfig=null], submissionResult=null]
    23:42:51.208 | 565 localvc.event-12 | DEBUG | s.l.LocalCIWebsocketMessagingService : Sending message on topic /topic/admin/running-jobs: []
    23:42:51.212 | 566 localvc.event-13 | DEBUG | a.a.b.s.SharedQueueProcessingService : Currently processing jobs on this node: 0, active threads in Pool: 0, maximum pool size of thread executor : 1
    23:42:51.213 | 566 localvc.event-13 | DEBUG | s.l.LocalCIWebsocketMessagingService : Sending message on topic /topic/admin/queued-jobs: []
    23:42:51.213 | 566 localvc.event-13 | DEBUG | s.l.LocalCIWebsocketMessagingService : Sending message on topic /topic/courses/148/queued-jobs: []
    23:42:51.213 | 566 localvc.event-13 | DEBUG | a.a.b.s.SharedQueueProcessingService : CIBuildJobQueueItem removed from queue: BuildJobQueueItem[id=4651739576569330, name=SHORTB06DD3F905F4604F6E085260D83ED657A6DFTSTEXC-LOCALCIINTSTUDENT1, buildAgent=BuildAgentDTO[name=null, memberAddress=null, displayName=null], participationId=465, courseId=148, exerciseId=299, retryCount=0, priority=2, status=null, repositoryInfo=RepositoryInfo[repositoryName=shortb06dd3f905f4604f6e085260d83ed657a6dftstexc-localciintstudent1, repositoryType=user, triggeredByPushTo=user, assignmentRepositoryUri=http://localhost:49152/git/SHORTB06DD3F905F4604F6E085260D83ED657A6DFTSTEXC/shortb06dd3f905f4604f6e085260d83ed657a6dftstexc-localciintstudent1.git, testRepositoryUri=http://localhost:49152/git/SHORTB06DD3F905F4604F6E085260D83ED657A6DFTSTEXC/shortb06dd3f905f4604f6e085260d83ed657a6dftstexc-tests.git, solutionRepositoryUri=null, auxiliaryRepositoryUris=[Ljava.lang.String;@4b65768f, auxiliaryRepositoryCheckoutDirectories=[Ljava.lang.String;@6e76a133], jobTimingInfo=JobTimingInfo[submissionDate=2025-02-14T23:42:49.330093960Z[Etc/UTC], buildStartDate=null, buildCompletionDate=null, estimatedCompletionDate=null, estimatedDuration=19], buildConfig=BuildConfig[buildScript=#!/bin/bash
cd /var/tmp/testing-dir
chmod +x ./gradlew
./gradlew clean test
, dockerImage=dummy-docker-image:latest, commitHashToBuild=41581fff25954d36cf07586926ee0c77d1003131, assignmentCommitHash=41581fff25954d36cf07586926ee0c77d1003131, testCommitHash=41581fff25954d36cf07586926ee0c77d1003131, branch=main, programmingLanguage=JAVA, projectType=PLAIN_GRADLE, scaEnabled=false, sequentialTestRunsEnabled=false, resultPaths=[/var/tmp/testing-dir/**/test-results/test/*.xml], timeoutSeconds=0, assignmentCheckoutPath=null, testCheckoutPath=null, solutionCheckoutPath=null, dockerRunConfig=null], submissionResult=null]
    23:42:51.213 | 565 localvc.event-12 | DEBUG | s.l.LocalCIWebsocketMessagingService : Sending message on topic /topic/courses/148/running-jobs: []
    23:42:51.214 |  47 Pool-1-worker-21 | DEBUG | d.t.c.a.a.c.u.util.UserUtilService   : Generate 2 students...
    23:42:51.214 | 566 localvc.event-13 | DEBUG | a.p.s.l.LocalCIQueueWebsocketService : Build agent updated: BuildAgentInformation[buildAgent=BuildAgentDTO[name=artemis-build-agent-test, memberAddress=[127.0.0.1]:5703, displayName=artemis-build-agent-test], maxNumberOfConcurrentBuildJobs=1, numberOfCurrentBuildJobs=1, runningBuildJobs=[BuildJobQueueItem[id=4651739576569330, name=SHORTB06DD3F905F4604F6E085260D83ED657A6DFTSTEXC-LOCALCIINTSTUDENT1, buildAgent=BuildAgentDTO[name=artemis-build-agent-test, memberAddress=[127.0.0.1]:5703, displayName=artemis-build-agent-test], participationId=465, courseId=148, exerciseId=299, retryCount=0, priority=2, status=null, repositoryInfo=RepositoryInfo[repositoryName=shortb06dd3f905f4604f6e085260d83ed657a6dftstexc-localciintstudent1, repositoryType=user, triggeredByPushTo=user, assignmentRepositoryUri=http://localhost:49152/git/SHORTB06DD3F905F4604F6E085260D83ED657A6DFTSTEXC/shortb06dd3f905f4604f6e085260d83ed657a6dftstexc-localciintstudent1.git, testRepositoryUri=http://localhost:49152/git/SHORTB06DD3F905F4604F6E085260D83ED657A6DFTSTEXC/shortb06dd3f905f4604f6e085260d83ed657a6dftstexc-tests.git, solutionRepositoryUri=null, auxiliaryRepositoryUris=[Ljava.lang.String;@714957bb, auxiliaryRepositoryCheckoutDirectories=[Ljava.lang.String;@27ff4caa], jobTimingInfo=JobTimingInfo[submissionDate=2025-02-14T23:42:49.330093960Z[Etc/UTC], buildStartDate=2025-02-14T23:42:49.347797345Z[Etc/UTC], buildCompletionDate=null, estimatedCompletionDate=2025-02-14T23:43:08.347788449Z[Etc/UTC], estimatedDuration=19], buildConfig=BuildConfig[buildScript=#!/bin/bash
cd /var/tmp/testing-dir
chmod +x ./gradlew
./gradlew clean test
, dockerImage=dummy-docker-image:latest, commitHashToBuild=41581fff25954d36cf07586926ee0c77d1003131, assignmentCommitHash=41581fff25954d36cf07586926ee0c77d1003131, testCommitHash=41581fff25954d36cf07586926ee0c77d1003131, branch=main, programmingLanguage=JAVA, projectType=PLAIN_GRADLE, scaEnabled=false, sequentialTestRunsEnabled=false, resultPaths=[/var/tmp/testing-dir/**/test-results/test/*.xml], timeoutSeconds=0, assignmentCheckoutPath=null, testCheckoutPath=null, solutionCheckoutPath=null, dockerRunConfig=null], submissionResult=null]], status=ACTIVE, recentBuildJobs=[BuildJobQueueItem[id=4621739576562326, name=SHORT43ACF76B02BC1044B80938509D14043FABDETSTEXC-LOCALCIINTSTUDENT1, buildAgent=BuildAgentDTO[name=artemis-build-agent-test, memberAddress=[127.0.0.1]:5703, displayName=artemis-build-agent-test], participationId=462, courseId=147, exerciseId=298, retryCount=0, priority=2, status=SUCCESSFUL, repositoryInfo=RepositoryInfo[repositoryName=short43acf76b02bc1044b80938509d14043fabdetstexc-localciintstudent1, repositoryType=user, triggeredByPushTo=user, assignmentRepositoryUri=http://localhost:49152/git/SHORT43ACF76B02BC1044B80938509D14043FABDETSTEXC/short43acf76b02bc1044b80938509d14043fabdetstexc-localciintstudent1.git, testRepositoryUri=http://localhost:49152/git/SHORT43ACF76B02BC1044B80938509D14043FABDETSTEXC/short43acf76b02bc1044b80938509d14043fabdetstexc-tests.git, solutionRepositoryUri=null, auxiliaryRepositoryUris=[Ljava.lang.String;@47ce97d4, auxiliaryRepositoryCheckoutDirectories=[Ljava.lang.String;@1c6ac927], jobTimingInfo=JobTimingInfo[submissionDate=2025-02-14T23:42:42.326978596Z[Etc/UTC], buildStartDate=2025-02-14T23:42:42.420147010Z[Etc/UTC], buildCompletionDate=2025-02-14T23:42:45.573855829Z[Etc/UTC], estimatedCompletionDate=2025-02-14T23:43:01.420129377Z[Etc/UTC], estimatedDuration=19], buildConfig=BuildConfig[buildScript=#!/bin/bash
cd /var/tmp/testing-dir
chmod +x ./gradlew
./gradlew clean test
, dockerImage=dummy-docker-image:latest, commitHashToBuild=a9c717ccf7bcbe9531d3eee21dbaeb5aab2ff971, assignmentCommitHash=a9c717ccf7bcbe9531d3eee21dbaeb5aab2ff971, testCommitHash=a9c717ccf7bcbe9531d3eee21dbaeb5aab2ff971, branch=main, programmingLanguage=JAVA, projectType=PLAIN_GRADLE, scaEnabled=false, sequentialTestRunsEnabled=false, resultPaths=[/var/tmp/testing-dir/**/test-results/test/*.xml], timeoutSeconds=0, assignmentCheckoutPath=null, testCheckoutPath=null, solutionCheckoutPath=null, dockerRunConfig=DockerRunConfig[isNetworkDisabled=true, env=[key=value]]], submissionResult=ResultDTO[id=132, completionDate=2025-02-14T23:42:45.519869118Z[Etc/UTC], successful=false, score=7.7, rated=true, submission=SubmissionDTO[id=119, submitted=true, type=MANUAL, exampleSubmission=null, submissionDate=2025-02-14T23:42:42.302762Z, commitHash=a9c717ccf7bcbe9531d3eee21dbaeb5aab2ff971, buildFailed=false, buildArtifact=false, participation=ParticipationDTO[id=462, testRun=false, type=programming, submissionCount=null, exercise=ParticipationExerciseDTO[id=298, exerciseType=PROGRAMMING, type=programming, assessmentType=AUTOMATIC, dueDate=2025-02-16T23:42:41.553955Z, assessmentDueDate=null, maxPoints=42.0, course=CourseDTO[id=147, accuracyOfScores=1]]], submissionExerciseType=programming, isProcessing=false, buildStartDate=null, estimatedCompletionDate=null], participation=ParticipationDTO[id=462, testRun=false, type=programming, submissionCount=null, exercise=ParticipationExerciseDTO[id=298, exerciseType=PROGRAMMING, type=programming, assessmentType=AUTOMATIC, dueDate=2025-02-16T23:42:41.553955Z, assessmentDueDate=null, maxPoints=42.0, course=CourseDTO[id=147, accuracyOfScores=1]]], feedbacks=[FeedbackDTO[id=67, text=null, detailText=The exercise expects a class with the name Context in the package testpackage. You did not implement the class in the exercise., hasLongFeedbackText=false, reference=null, credits=0.0, positive=false, type=AUTOMATIC, visibility=ALWAYS, testCase=TestCaseDTO[testName=null, id=13]], FeedbackDTO[id=68, text=null, detailText=The exercise expects a class with the name Policy in the package testpackage. You did not implement the class in the exercise., hasLongFeedbackText=false, reference=null, credits=0.0, positive=false, type=AUTOMATIC, visibility=ALWAYS, testCase=TestCaseDTO[testName=null, id=14]], FeedbackDTO[id=69, text=null, detailText=The exercise expects a class with the name SortStrategy in the package testpackage. You did not implement the class in the exercise., hasLongFeedbackText=false, reference=null, credits=0.0, positive=false, type=AUTOMATIC, visibility=ALWAYS, testCase=TestCaseDTO[testName=null, id=15]], FeedbackDTO[id=70, text=null, detailText=The class 'MergeSort' does not implement the interface 'SortStrategy' as expected. Implement the interface and its methods., hasLongFeedbackText=false, reference=null, credits=0.0, positive=false, type=AUTOMATIC, visibility=ALWAYS, testCase=TestCaseDTO[testName=null, id=10]], FeedbackDTO[id=71, text=null, detailText=The exercise expects a class with the name SortStrategy in the package testpackage. You did not implement the class in the exercise., hasLongFeedbackText=false, reference=null, credits=0.0, positive=false, type=AUTOMATIC, visibility=ALWAYS, testCase=TestCaseDTO[testName=null, id=7]], FeedbackDTO[id=72, text=null, detailText=The class 'BubbleSort' does not implement the interface 'SortStrategy' as expected. Implement the interface and its methods., hasLongFeedbackText=false, reference=null, credits=0.0, positive=false, type=AUTOMATIC, visibility=ALWAYS, testCase=TestCaseDTO[testName=null, id=11]], FeedbackDTO[id=73, text=null, detailText=MergeSort does not sort correctly, hasLongFeedbackText=false, reference=null, credits=0.0, positive=false, type=AUTOMATIC, visibility=ALWAYS, testCase=TestCaseDTO[testName=null, id=16]], FeedbackDTO[id=74, text=null, detailText=The class 'Context' was not found within the submission. Make sure to implement it properly., hasLongFeedbackText=false, reference=null, credits=0.0, positive=false, type=AUTOMATIC, visibility=ALWAYS, testCase=TestCaseDTO[testName=null, id=17]], FeedbackDTO[id=75, text=null, detailText=The class 'Context' was not found within the submission. Make sure to implement it properly., hasLongFeedbackText=false, reference=null, credits=0.0, positive=false, type=AUTOMATIC, visibility=ALWAYS, testCase=TestCaseDTO[testName=null, id=18]], FeedbackDTO[id=76, text=null, detailText=The exercise expects a class with the name Policy in the package testpackage. You did not implement the class in the exercise., hasLongFeedbackText=false, reference=null, credits=0.0, positive=false, type=AUTOMATIC, visibility=ALWAYS, testCase=TestCaseDTO[testName=null, id=12]], FeedbackDTO[id=77, text=null, detailText=The exercise expects a class with the name Context in the package testpackage. You did not implement the class in the exercise., hasLongFeedbackText=false, reference=null, credits=0.0, positive=false, type=AUTOMATIC, visibility=ALWAYS, testCase=TestCaseDTO[testName=null, id=8]], FeedbackDTO[id=78, text=null, detailText=The exercise expects a class with the name Policy in the package testpackage. You did not implement the class in the exercise., hasLongFeedbackText=false, reference=null, credits=0.0, positive=false, type=AUTOMATIC, visibility=ALWAYS, testCase=TestCaseDTO[testName=null, id=9]], FeedbackDTO[id=79, text=null, detailText=null, hasLongFeedbackText=false, reference=null, credits=3.230769230769231, positive=true, type=AUTOMATIC, visibility=ALWAYS, testCase=TestCaseDTO[testName=null, id=19]]], assessmentType=AUTOMATIC, hasComplaint=null, exampleResult=null, testCaseCount=13, passedTestCaseCount=1, codeIssueCount=0]]], publicSshKey=ssh-rsa AAAAB3NzaC1yc2EAAAADAQABAAACAQCOPdMsxRE2jFJ/UEa5/LsBxtwzJcrh3/rYBCQvcMeVpiRfhzQPWu7mrt/G2Ew+i+vRloGH9aqKg6dd1liRncao53Zmd/ePxoatXePNhmzTfkCkcSkTUz7B+QMjkoDDV5jwuFPD6mF3JkhuzSi64n9Zy905t4w2IhVcjM2mL3eYNjiCXt6Qpq3Pkt7dM/Ksw1nxnvuiIALuJLB3FTkXkHqq3PJav+9HSq2r6ZaWgekneaGxlQlb+U+Vy3XOuArKAzK8c8i+0bR+AHiTG6ncYXt7ax3U+TdlDTF7OLP3umwaYjs1NBXOHwG42pevvpKn2fqavZZozk+M05jXLx3bq0O7itxfErWc7etky8qYPyyIMF/txQIVLd78+Ze4d7Y60t5MGbXM5cGE6fFif5fEJwgswXD+BrG0cafz1CTatjSKFdvp8Vp4VszXhHDan1PrP6JEFJ5Cc5GDmLRZPCFa3vL9f5qXgf4bkqKN8MYeEujwJE5nMRWoiJVNakix2bcrrneQMBlnYeYZVWXXXUusAQBzl4NgddC1umZpihZkL1b1MffZAUW3EGEXi7KHnllQhkTLLsQ8ntMgbylqaJKStqaXlLvdeRJcEnUuiFCrHEVVbXRFZR7XVDZ02CE5o3MuaRPty8Kh+jRTF3COlAckHwYEJCNNJvXFgb2CNXL4mjzYDw== test@localhost]
    23:42:51.216 | 566 localvc.event-13 | DEBUG | s.l.LocalCIWebsocketMessagingService : Sending message on topic /topic/admin/build-agents: [BuildAgentInformation[buildAgent=BuildAgentDTO[name=artemis-build-agent-test, memberAddress=[127.0.0.1]:5703, displayName=artemis-build-agent-test], maxNumberOfConcurrentBuildJobs=1, numberOfCurrentBuildJobs=0, runningBuildJobs=[], status=IDLE, recentBuildJobs=null, publicSshKey=null]]
    23:42:51.217 | 566 localvc.event-13 | DEBUG | s.l.LocalCIWebsocketMessagingService : Sending message on topic /topic/admin/build-agent/artemis-build-agent-test: BuildAgentInformation[buildAgent=BuildAgentDTO[name=artemis-build-agent-test, memberAddress=[127.0.0.1]:5703, displayName=artemis-build-agent-test], maxNumberOfConcurrentBuildJobs=1, numberOfCurrentBuildJobs=0, runningBuildJobs=[], status=IDLE, recentBuildJobs=[BuildJobQueueItem[id=4621739576562326, name=SHORT43ACF76B02BC1044B80938509D14043FABDETSTEXC-LOCALCIINTSTUDENT1, buildAgent=BuildAgentDTO[name=artemis-build-agent-test, memberAddress=[127.0.0.1]:5703, displayName=artemis-build-agent-test], participationId=462, courseId=147, exerciseId=298, retryCount=0, priority=2, status=SUCCESSFUL, repositoryInfo=RepositoryInfo[repositoryName=short43acf76b02bc1044b80938509d14043fabdetstexc-localciintstudent1, repositoryType=user, triggeredByPushTo=user, assignmentRepositoryUri=http://localhost:49152/git/SHORT43ACF76B02BC1044B80938509D14043FABDETSTEXC/short43acf76b02bc1044b80938509d14043fabdetstexc-localciintstudent1.git, testRepositoryUri=http://localhost:49152/git/SHORT43ACF76B02BC1044B80938509D14043FABDETSTEXC/short43acf76b02bc1044b80938509d14043fabdetstexc-tests.git, solutionRepositoryUri=null, auxiliaryRepositoryUris=[Ljava.lang.String;@49216b63, auxiliaryRepositoryCheckoutDirectories=[Ljava.lang.String;@348b091], jobTimingInfo=JobTimingInfo[submissionDate=2025-02-14T23:42:42.326978596Z[Etc/UTC], buildStartDate=2025-02-14T23:42:42.420147010Z[Etc/UTC], buildCompletionDate=2025-02-14T23:42:45.573855829Z[Etc/UTC], estimatedCompletionDate=2025-02-14T23:43:01.420129377Z[Etc/UTC], estimatedDuration=19], buildConfig=BuildConfig[buildScript=#!/bin/bash
cd /var/tmp/testing-dir
chmod +x ./gradlew
./gradlew clean test
, dockerImage=dummy-docker-image:latest, commitHashToBuild=a9c717ccf7bcbe9531d3eee21dbaeb5aab2ff971, assignmentCommitHash=a9c717ccf7bcbe9531d3eee21dbaeb5aab2ff971, testCommitHash=a9c717ccf7bcbe9531d3eee21dbaeb5aab2ff971, branch=main, programmingLanguage=JAVA, projectType=PLAIN_GRADLE, scaEnabled=false, sequentialTestRunsEnabled=false, resultPaths=[/var/tmp/testing-dir/**/test-results/test/*.xml], timeoutSeconds=0, assignmentCheckoutPath=null, testCheckoutPath=null, solutionCheckoutPath=null, dockerRunConfig=DockerRunConfig[isNetworkDisabled=true, env=[key=value]]], submissionResult=ResultDTO[id=132, completionDate=2025-02-14T23:42:45.519869118Z[Etc/UTC], successful=false, score=7.7, rated=true, submission=SubmissionDTO[id=119, submitted=true, type=MANUAL, exampleSubmission=null, submissionDate=2025-02-14T23:42:42.302762Z, commitHash=a9c717ccf7bcbe9531d3eee21dbaeb5aab2ff971, buildFailed=false, buildArtifact=false, participation=ParticipationDTO[id=462, testRun=false, type=programming, submissionCount=null, exercise=ParticipationExerciseDTO[id=298, exerciseType=PROGRAMMING, type=programming, assessmentType=AUTOMATIC, dueDate=2025-02-16T23:42:41.553955Z, assessmentDueDate=null, maxPoints=42.0, course=CourseDTO[id=147, accuracyOfScores=1]]], submissionExerciseType=programming, isProcessing=false, buildStartDate=null, estimatedCompletionDate=null], participation=ParticipationDTO[id=462, testRun=false, type=programming, submissionCount=null, exercise=ParticipationExerciseDTO[id=298, exerciseType=PROGRAMMING, type=programming, assessmentType=AUTOMATIC, dueDate=2025-02-16T23:42:41.553955Z, assessmentDueDate=null, maxPoints=42.0, course=CourseDTO[id=147, accuracyOfScores=1]]], feedbacks=[FeedbackDTO[id=67, text=null, detailText=The exercise expects a class with the name Context in the package testpackage. You did not implement the class in the exercise., hasLongFeedbackText=false, reference=null, credits=0.0, positive=false, type=AUTOMATIC, visibility=ALWAYS, testCase=TestCaseDTO[testName=null, id=13]], FeedbackDTO[id=68, text=null, detailText=The exercise expects a class with the name Policy in the package testpackage. You did not implement the class in the exercise., hasLongFeedbackText=false, reference=null, credits=0.0, positive=false, type=AUTOMATIC, visibility=ALWAYS, testCase=TestCaseDTO[testName=null, id=14]], FeedbackDTO[id=69, text=null, detailText=The exercise expects a class with the name SortStrategy in the package testpackage. You did not implement the class in the exercise., hasLongFeedbackText=false, reference=null, credits=0.0, positive=false, type=AUTOMATIC, visibility=ALWAYS, testCase=TestCaseDTO[testName=null, id=15]], FeedbackDTO[id=70, text=null, detailText=The class 'MergeSort' does not implement the interface 'SortStrategy' as expected. Implement the interface and its methods., hasLongFeedbackText=false, reference=null, credits=0.0, positive=false, type=AUTOMATIC, visibility=ALWAYS, testCase=TestCaseDTO[testName=null, id=10]], FeedbackDTO[id=71, text=null, detailText=The exercise expects a class with the name SortStrategy in the package testpackage. You did not implement the class in the exercise., hasLongFeedbackText=false, reference=null, credits=0.0, positive=false, type=AUTOMATIC, visibility=ALWAYS, testCase=TestCaseDTO[testName=null, id=7]], FeedbackDTO[id=72, text=null, detailText=The class 'BubbleSort' does not implement the interface 'SortStrategy' as expected. Implement the interface and its methods., hasLongFeedbackText=false, reference=null, credits=0.0, positive=false, type=AUTOMATIC, visibility=ALWAYS, testCase=TestCaseDTO[testName=null, id=11]], FeedbackDTO[id=73, text=null, detailText=MergeSort does not sort correctly, hasLongFeedbackText=false, reference=null, credits=0.0, positive=false, type=AUTOMATIC, visibility=ALWAYS, testCase=TestCaseDTO[testName=null, id=16]], FeedbackDTO[id=74, text=null, detailText=The class 'Context' was not found within the submission. Make sure to implement it properly., hasLongFeedbackText=false, reference=null, credits=0.0, positive=false, type=AUTOMATIC, visibility=ALWAYS, testCase=TestCaseDTO[testName=null, id=17]], FeedbackDTO[id=75, text=null, detailText=The class 'Context' was not found within the submission. Make sure to implement it properly., hasLongFeedbackText=false, reference=null, credits=0.0, positive=false, type=AUTOMATIC, visibility=ALWAYS, testCase=TestCaseDTO[testName=null, id=18]], FeedbackDTO[id=76, text=null, detailText=The exercise expects a class with the name Policy in the package testpackage. You did not implement the class 
[...]
backDTO[id=67, text=null, detailText=The exercise expects a class with the name Context in the package testpackage. You did not implement the class in the exercise., hasLongFeedbackText=false, reference=null, credits=0.0, positive=false, type=AUTOMATIC, visibility=ALWAYS, testCase=TestCaseDTO[testName=null, id=13]], FeedbackDTO[id=68, text=null, detailText=The exercise expects a class with the name Policy in the package testpackage. You did not implement the class in the exercise., hasLongFeedbackText=false, reference=null, credits=0.0, positive=false, type=AUTOMATIC, visibility=ALWAYS, testCase=TestCaseDTO[testName=null, id=14]], FeedbackDTO[id=69, text=null, detailText=The exercise expects a class with the name SortStrategy in the package testpackage. You did not implement the class in the exercise., hasLongFeedbackText=false, reference=null, credits=0.0, positive=false, type=AUTOMATIC, visibility=ALWAYS, testCase=TestCaseDTO[testName=null, id=15]], FeedbackDTO[id=70, text=null, detailText=The class 'MergeSort' does not implement the interface 'SortStrategy' as expected. Implement the interface and its methods., hasLongFeedbackText=false, reference=null, credits=0.0, positive=false, type=AUTOMATIC, visibility=ALWAYS, testCase=TestCaseDTO[testName=null, id=10]], FeedbackDTO[id=71, text=null, detailText=The exercise expects a class with the name SortStrategy in the package testpackage. You did not implement the class in the exercise., hasLongFeedbackText=false, reference=null, credits=0.0, positive=false, type=AUTOMATIC, visibility=ALWAYS, testCase=TestCaseDTO[testName=null, id=7]], FeedbackDTO[id=72, text=null, detailText=The class 'BubbleSort' does not implement the interface 'SortStrategy' as expected. Implement the interface and its methods., hasLongFeedbackText=false, reference=null, credits=0.0, positive=false, type=AUTOMATIC, visibility=ALWAYS, testCase=TestCaseDTO[testName=null, id=11]], FeedbackDTO[id=73, text=null, detailText=MergeSort does not sort correctly, hasLongFeedbackText=false, reference=null, credits=0.0, positive=false, type=AUTOMATIC, visibility=ALWAYS, testCase=TestCaseDTO[testName=null, id=16]], FeedbackDTO[id=74, text=null, detailText=The class 'Context' was not found within the submission. Make sure to implement it properly., hasLongFeedbackText=false, reference=null, credits=0.0, positive=false, type=AUTOMATIC, visibility=ALWAYS, testCase=TestCaseDTO[testName=null, id=17]], FeedbackDTO[id=75, text=null, detailText=The class 'Context' was not found within the submission. Make sure to implement it properly., hasLongFeedbackText=false, reference=null, credits=0.0, positive=false, type=AUTOMATIC, visibility=ALWAYS, testCase=TestCaseDTO[testName=null, id=18]], FeedbackDTO[id=76, text=null, detailText=The exercise expects a class with the name Policy in the package testpackage. You did not implement the class in the exercise., hasLongFeedbackText=false, reference=null, credits=0.0, positive=false, type=AUTOMATIC, visibility=ALWAYS, testCase=TestCaseDTO[testName=null, id=12]], FeedbackDTO[id=77, text=null, detailText=The exercise expects a class with the name Context in the package testpackage. You did not implement the class in the exercise., hasLongFeedbackText=false, reference=null, credits=0.0, positive=false, type=AUTOMATIC, visibility=ALWAYS, testCase=TestCaseDTO[testName=null, id=8]], FeedbackDTO[id=78, text=null, detailText=The exercise expects a class with the name Policy in the package testpackage. You did not implement the class in the exercise., hasLongFeedbackText=false, reference=null, credits=0.0, positive=false, type=AUTOMATIC, visibility=ALWAYS, testCase=TestCaseDTO[testName=null, id=9]], FeedbackDTO[id=79, text=null, detailText=null, hasLongFeedbackText=false, reference=null, credits=3.230769230769231, positive=true, type=AUTOMATIC, visibility=ALWAYS, testCase=TestCaseDTO[testName=null, id=19]]], assessmentType=AUTOMATIC, hasComplaint=null, exampleResult=null, testCaseCount=13, passedTestCaseCount=1, codeIssueCount=0]], BuildJobQueueItem[id=4651739576569330, name=SHORTB06DD3F905F4604F6E085260D83ED657A6DFTSTEXC-LOCALCIINTSTUDENT1, buildAgent=BuildAgentDTO[name=artemis-build-agent-test, memberAddress=[127.0.0.1]:5703, displayName=artemis-build-agent-test], participationId=465, courseId=148, exerciseId=299, retryCount=0, priority=2, status=SUCCESSFUL, repositoryInfo=RepositoryInfo[repositoryName=shortb06dd3f905f4604f6e085260d83ed657a6dftstexc-localciintstudent1, repositoryType=user, triggeredByPushTo=user, assignmentRepositoryUri=http://localhost:49152/git/SHORTB06DD3F905F4604F6E085260D83ED657A6DFTSTEXC/shortb06dd3f905f4604f6e085260d83ed657a6dftstexc-localciintstudent1.git, testRepositoryUri=http://localhost:49152/git/SHORTB06DD3F905F4604F6E085260D83ED657A6DFTSTEXC/shortb06dd3f905f4604f6e085260d83ed657a6dftstexc-tests.git, solutionRepositoryUri=null, auxiliaryRepositoryUris=[Ljava.lang.String;@4a83757b, auxiliaryRepositoryCheckoutDirectories=[Ljava.lang.String;@19ed45c2], jobTimingInfo=JobTimingInfo[submissionDate=2025-02-14T23:42:49.330093960Z[Etc/UTC], buildStartDate=2025-02-14T23:42:49.347797345Z[Etc/UTC], buildCompletionDate=2025-02-14T23:42:51.204319751Z[Etc/UTC], estimatedCompletionDate=2025-02-14T23:43:08.347788449Z[Etc/UTC], estimatedDuration=19], buildConfig=BuildConfig[buildScript=#!/bin/bash
cd /var/tmp/testing-dir
chmod +x ./gradlew
./gradlew clean test
, dockerImage=dummy-docker-image:latest, commitHashToBuild=41581fff25954d36cf07586926ee0c77d1003131, assignmentCommitHash=41581fff25954d36cf07586926ee0c77d1003131, testCommitHash=41581fff25954d36cf07586926ee0c77d1003131, branch=main, programmingLanguage=JAVA, projectType=PLAIN_GRADLE, scaEnabled=false, sequentialTestRunsEnabled=false, resultPaths=[/var/tmp/testing-dir/**/test-results/test/*.xml], timeoutSeconds=0, assignmentCheckoutPath=null, testCheckoutPath=null, solutionCheckoutPath=null, dockerRunConfig=null], submissionResult=ResultDTO[id=133, completionDate=2025-02-14T23:42:51.155372920Z[Etc/UTC], successful=false, score=7.7, rated=true, submission=SubmissionDTO[id=120, submitted=true, type=MANUAL, exampleSubmission=null, submissionDate=2025-02-14T23:42:49.321855Z, commitHash=41581fff25954d36cf07586926ee0c77d1003131, buildFailed=false, buildArtifact=false, participation=ParticipationDTO[id=465, testRun=false, type=programming, submissionCount=null, exercise=ParticipationExerciseDTO[id=299, exerciseType=PROGRAMMING, type=programming, assessmentType=AUTOMATIC, dueDate=2025-02-16T23:42:49.163661Z, assessmentDueDate=null, maxPoints=42.0, course=CourseDTO[id=148, accuracyOfScores=1]]], submissionExerciseType=programming, isProcessing=false, buildStartDate=null, estimatedCompletionDate=null], participation=ParticipationDTO[id=465, testRun=false, type=programming, submissionCount=null, exercise=ParticipationExerciseDTO[id=299, exerciseType=PROGRAMMING, type=programming, assessmentType=AUTOMATIC, dueDate=2025-02-16T23:42:49.163661Z, assessmentDueDate=null, maxPoints=42.0, course=CourseDTO[id=148, accuracyOfScores=1]]], feedbacks=[FeedbackDTO[id=80, text=null, detailText=The exercise expects a class with the name Context in the package testpackage. You did not implement the class in the exercise., hasLongFeedbackText=false, reference=null, credits=0.0, positive=false, type=AUTOMATIC, visibility=ALWAYS, testCase=TestCaseDTO[testName=null, id=26]], FeedbackDTO[id=81, text=null, detailText=The exercise expects a class with the name Policy in the package testpackage. You did not implement the class in the exercise., hasLongFeedbackText=false, reference=null, credits=0.0, positive=false, type=AUTOMATIC, visibility=ALWAYS, testCase=TestCaseDTO[testName=null, id=27]], FeedbackDTO[id=82, text=null, detailText=The exercise expects a class with the name SortStrategy in the package testpackage. You did not implement the class in the exercise., hasLongFeedbackText=false, reference=null, credits=0.0, positive=false, type=AUTOMATIC, visibility=ALWAYS, testCase=TestCaseDTO[testName=null, id=28]], FeedbackDTO[id=83, text=null, detailText=The class 'MergeSort' does not implement the interface 'SortStrategy' as expected. Implement the interface and its methods., hasLongFeedbackText=false, reference=null, credits=0.0, positive=false, type=AUTOMATIC, visibility=ALWAYS, testCase=TestCaseDTO[testName=null, id=23]], FeedbackDTO[id=84, text=null, detailText=The exercise expects a class with the name SortStrategy in the package testpackage. You did not implement the class in the exercise., hasLongFeedbackText=false, reference=null, credits=0.0, positive=false, type=AUTOMATIC, visibility=ALWAYS, testCase=TestCaseDTO[testName=null, id=20]], FeedbackDTO[id=85, text=null, detailText=The class 'BubbleSort' does not implement the interface 'SortStrategy' as expected. Implement the interface and its methods., hasLongFeedbackText=false, reference=null, credits=0.0, positive=false, type=AUTOMATIC, visibility=ALWAYS, testCase=TestCaseDTO[testName=null, id=24]], FeedbackDTO[id=86, text=null, detailText=MergeSort does not sort correctly, hasLongFeedbackText=false, reference=null, credits=0.0, positive=false, type=AUTOMATIC, visibility=ALWAYS, testCase=TestCaseDTO[testName=null, id=29]], FeedbackDTO[id=87, text=null, detailText=The class 'Context' was not found within the submission. Make sure to implement it properly., hasLongFeedbackText=false, reference=null, credits=0.0, positive=false, type=AUTOMATIC, visibility=ALWAYS, testCase=TestCaseDTO[testName=null, id=30]], FeedbackDTO[id=88, text=null, detailText=The class 'Context' was not found within the submission. Make sure to implement it properly., hasLongFeedbackText=false, reference=null, credits=0.0, positive=false, type=AUTOMATIC, visibility=ALWAYS, testCase=TestCaseDTO[testName=null, id=31]], FeedbackDTO[id=89, text=null, detailText=The exercise expects a class with the name Policy in the package testpackage. You did not implement the class in the exercise., hasLongFeedbackText=false, reference=null, credits=0.0, positive=false, type=AUTOMATIC, visibility=ALWAYS, testCase=TestCaseDTO[testName=null, id=25]], FeedbackDTO[id=90, text=null, detailText=The exercise expects a class with the name Context in the package testpackage. You did not implement the class in the exercise., hasLongFeedbackText=false, reference=null, credits=0.0, positive=false, type=AUTOMATIC, visibility=ALWAYS, testCase=TestCaseDTO[testName=null, id=21]], FeedbackDTO[id=91, text=null, detailText=The exercise expects a class with the name Policy in the package testpackage. You did not implement the class in the exercise., hasLongFeedbackText=false, reference=null, credits=0.0, positive=false, type=AUTOMATIC, visibility=ALWAYS, testCase=TestCaseDTO[testName=null, id=22]], FeedbackDTO[id=92, text=null, detailText=null, hasLongFeedbackText=false, reference=null, credits=3.230769230769231, positive=true, type=AUTOMATIC, visibility=ALWAYS, testCase=TestCaseDTO[testName=null, id=32]]], assessmentType=AUTOMATIC, hasComplaint=null, exampleResult=null, testCaseCount=13, passedTestCaseCount=1, codeIssueCount=0]]], publicSshKey=ssh-rsa AAAAB3NzaC1yc2EAAAADAQABAAACAQCOPdMsxRE2jFJ/UEa5/LsBxtwzJcrh3/rYBCQvcMeVpiRfhzQPWu7mrt/G2Ew+i+vRloGH9aqKg6dd1liRncao53Zmd/ePxoatXePNhmzTfkCkcSkTUz7B+QMjkoDDV5jwuFPD6mF3JkhuzSi64n9Zy905t4w2IhVcjM2mL3eYNjiCXt6Qpq3Pkt7dM/Ksw1nxnvuiIALuJLB3FTkXkHqq3PJav+9HSq2r6ZaWgekneaGxlQlb+U+Vy3XOuArKAzK8c8i+0bR+AHiTG6ncYXt7ax3U+TdlDTF7OLP3umwaYjs1NBXOHwG42pevvpKn2fqavZZozk+M05jXLx3bq0O7itxfErWc7etky8qYPyyIMF/txQIVLd78+Ze4d7Y60t5MGbXM5cGE6fFif5fEJwgswXD+BrG0cafz1CTatjSKFdvp8Vp4VszXhHDan1PrP6JEFJ5Cc5GDmLRZPCFa3vL9f5qXgf4bkqKN8MYeEujwJE5nMRWoiJVNakix2bcrrneQMBlnYeYZVWXXXUusAQBzl4NgddC1umZpihZkL1b1MffZAUW3EGEXi7KHnllQhkTLLsQ8ntMgbylqaJKStqaXlLvdeRJcEnUuiFCrHEVVbXRFZR7XVDZ02CE5o3MuaRPty8Kh+jRTF3COlAckHwYEJCNNJvXFgb2CNXL4mjzYDw== test@localhost]
    23:42:51.282 | 566 localvc.event-13 | DEBUG | a.p.s.l.SharedQueueManagementService : Build agent updated: null
    23:42:51.290 |  47 Pool-1-worker-21 | DEBUG | .c.s.m.InstanceMessageReceiveService : Received schedule participant score for exercise 391 and participant 66 (result to be deleted: null)
    23:42:51.290 |  47 Pool-1-worker-21 | DEBUG | .a.s.ParticipantScoreScheduleService : Scheduled task for exercise 391 and participant 66 at 2025-02-14T23:42:51.390670413Z[Etc/UTC].
    23:42:51.296 |  47 Pool-1-worker-21 | DEBUG | .c.s.m.InstanceMessageReceiveService : Received schedule participant score for exercise 392 and participant 66 (result to be deleted: null)
    23:42:51.296 |  47 Pool-1-worker-21 | DEBUG | .a.s.ParticipantScoreScheduleService : Scheduled task for exercise 392 and participant 66 at 2025-02-14T23:42:51.396445332Z[Etc/UTC].
    23:42:51.302 |  47 Pool-1-worker-21 | DEBUG | .c.s.m.InstanceMessageReceiveService : Received schedule participant score for exercise 393 and participant 66 (result to be deleted: null)
    23:42:51.302 |  47 Pool-1-worker-21 | DEBUG | .a.s.ParticipantScoreScheduleService : Scheduled task for exercise 393 and participant 66 at 2025-02-14T23:42:51.402815511Z[Etc/UTC].
    23:42:51.309 |  47 Pool-1-worker-21 | DEBUG | .c.s.m.InstanceMessageReceiveService : Received schedule participant score for exercise 395 and participant 66 (result to be deleted: null)
    23:42:51.309 |  47 Pool-1-worker-21 | DEBUG | .a.s.ParticipantScoreScheduleService : Scheduled task for exercise 395 and participant 66 at 2025-02-14T23:42:51.409852845Z[Etc/UTC].
    23:42:51.316 |  47 Pool-1-worker-21 | DEBUG | .c.s.m.InstanceMessageReceiveService : Received schedule participant score for exercise 394 and participant 66 (result to be deleted: null)
    23:42:51.316 |  47 Pool-1-worker-21 | DEBUG | .a.s.ParticipantScoreScheduleService : Scheduled task for exercise 394 and participant 66 at 2025-02-14T23:42:51.416302172Z[Etc/UTC].
    23:42:51.369 |  47 Pool-1-worker-21 | INFO  | i.z.t.d.l.EmbeddedDatabaseReporter   : JDBC URL to connect to 'dataSource': url='jdbc:h2:tcp://localhost:41063/mem:df70fc46-7e57-4cb5-9cd0-c1d90c14afa7;USER=sa', scope='CourseScoreCalculationServiceTest#getScoresAndParticipationResultsForPastCourseWithGradedPresentations'
    23:42:51.377 |  47 Pool-1-worker-21 | DEBUG | .c.s.m.InstanceMessageReceiveService : Received schedule participant score for exercise 396 and participant 66 (result to be deleted: null)
    23:42:51.377 |  47 Pool-1-worker-21 | DEBUG | .a.s.ParticipantScoreScheduleService : Scheduled task for exercise 396 and participant 66 at 2025-02-14T23:42:51.477751224Z[Etc/UTC].
    23:42:51.378 |  47 Pool-1-worker-21 | DEBUG | .c.s.m.InstanceMessageReceiveService : Received schedule participant score for exercise 397 and participant 66 (result to be deleted: null)
    23:42:51.378 |  47 Pool-1-worker-21 | DEBUG | .a.s.ParticipantScoreScheduleService : Scheduled task for exercise 397 and participant 66 at 2025-02-14T23:42:51.478298835Z[Etc/UTC].
    23:42:51.378 |  47 Pool-1-worker-21 | DEBUG | .c.s.m.InstanceMessageReceiveService : Received schedule participant score for exercise 398 and participant 66 (result to be deleted: null)
    23:42:51.378 |  47 Pool-1-worker-21 | DEBUG | .a.s.ParticipantScoreScheduleService : Scheduled task for exercise 398 and participant 66 at 2025-02-14T23:42:51.478823423Z[Etc/UTC].
    23:42:51.379 |  47 Pool-1-worker-21 | DEBUG | .c.s.m.InstanceMessageReceiveService : Received schedule participant score for exercise 400 and participant 66 (result to be deleted: null)
    23:42:51.379 |  47 Pool-1-worker-21 | DEBUG | .a.s.ParticipantScoreScheduleService : Scheduled task for exercise 400 and participant 66 at 2025-02-14T23:42:51.479333735Z[Etc/UTC].
    23:42:51.379 |  47 Pool-1-worker-21 | DEBUG | .c.s.m.InstanceMessageReceiveService : Received schedule participant score for exercise 399 and participant 66 (result to be deleted: null)
    23:42:51.379 |  47 Pool-1-worker-21 | DEBUG | .a.s.ParticipantScoreScheduleService : Scheduled task for exercise 399 and participant 66 at 2025-02-14T23:42:51.479825792Z[Etc/UTC].
    23:42:51.390 | 664 taskScheduler-2  | DEBUG | .a.s.ParticipantScoreScheduleService : Processing exercise 391 and participant 66 to update participant scores.
    23:42:51.396 | 666 taskScheduler-4  | DEBUG | .a.s.ParticipantScoreScheduleService : Processing exercise 392 and participant 66 to update participant scores.
    23:42:51.402 | 663 taskScheduler-1  | DEBUG | .a.s.ParticipantScoreScheduleService : Processing exercise 393 and participant 66 to update participant scores.
    23:42:51.407 | 666 taskScheduler-4  | DEBUG | .a.s.ParticipantScoreScheduleService : Updating the participant score for exercise 392 and participant 66 took 11 ms.
    23:42:51.409 | 664 taskScheduler-2  | DEBUG | .a.s.ParticipantScoreScheduleService : Updating the participant score for exercise 391 and participant 66 took 19 ms.
    23:42:51.409 | 665 taskScheduler-3  | DEBUG | .a.s.ParticipantScoreScheduleService : Processing exercise 395 and participant 66 to update participant scores.
    23:42:51.410 |  47 Pool-1-worker-21 | DEBUG | .c.s.m.InstanceMessageReceiveService : Received schedule participant score for exercise 396 and participant 66 (result to be deleted: null)
    23:42:51.410 |  47 Pool-1-worker-21 | DEBUG | .a.s.ParticipantScoreScheduleService : Scheduled task for exercise 396 and participant 66 at 2025-02-14T23:42:51.510118444Z[Etc/UTC].
    23:42:51.414 | 663 taskScheduler-1  | DEBUG | .a.s.ParticipantScoreScheduleService : Updating the participant score for exercise 393 and participant 66 took 12 ms.
    23:42:51.417 | 665 taskScheduler-3  | DEBUG | .a.s.ParticipantScoreScheduleService : Updating the participant score for exercise 395 and participant 66 took 8 ms.
    23:42:51.417 | 665 taskScheduler-3  | DEBUG | .a.s.ParticipantScoreScheduleService : Processing exercise 394 and participant 66 to update participant scores.
    23:42:51.421 |  47 Pool-1-worker-21 | DEBUG | .c.s.m.InstanceMessageReceiveService : Received schedule participant score for exercise 397 and participant 66 (result to be deleted: null)
    23:42:51.421 |  47 Pool-1-worker-21 | DEBUG | .a.s.ParticipantScoreScheduleService : Scheduled task for exercise 397 and participant 66 at 2025-02-14T23:42:51.521741820Z[Etc/UTC].
    23:42:51.427 |  47 Pool-1-worker-21 | DEBUG | .c.s.m.InstanceMessageReceiveService : Received schedule participant score for exercise 398 and participant 66 (result to be deleted: null)
    23:42:51.427 |  47 Pool-1-worker-21 | DEBUG | .a.s.ParticipantScoreScheduleService : Scheduled task for exercise 398 and participant 66 at 2025-02-14T23:42:51.527978059Z[Etc/UTC].
    23:42:51.429 | 665 taskScheduler-3  | DEBUG | .a.s.ParticipantScoreScheduleService : Updating the participant score for exercise 394 and participant 66 took 12 ms.
    23:42:51.434 |  47 Pool-1-worker-21 | DEBUG | .c.s.m.InstanceMessageReceiveService : Received schedule participant score for exercise 400 and participant 66 (result to be deleted: null)
    23:42:51.434 |  47 Pool-1-worker-21 | DEBUG | .a.s.ParticipantScoreScheduleService : Scheduled task for exercise 400 and participant 66 at 2025-02-14T23:42:51.534803739Z[Etc/UTC].
    23:42:51.441 |  47 Pool-1-worker-21 | DEBUG | .c.s.m.InstanceMessageReceiveService : Received schedule participant score for exercise 399 and participant 66 (result to be deleted: null)
    23:42:51.441 |  47 Pool-1-worker-21 | DEBUG | .a.s.ParticipantScoreScheduleService : Scheduled task for exercise 399 and participant 66 at 2025-02-14T23:42:51.541331652Z[Etc/UTC].
    23:42:51.510 | 663 taskScheduler-1  | DEBUG | .a.s.ParticipantScoreScheduleService : Processing exercise 396 and participant 66 to update participant scores.
    23:42:51.517 | 663 taskScheduler-1  | DEBUG | .a.s.ParticipantScoreScheduleService : Updating the participant score for exercise 396 and participant 66 took 7 ms.

Finished logs for CourseScoreCalculationServiceTest
]]></system-out>
  <system-err><![CDATA[]]></system-err>
</testsuite>
