<?xml version="1.0" encoding="UTF-8"?>
<testsuite name="de.tum.cit.aet.artemis.programming.ProgrammingAssessmentIntegrationTest" tests="40" skipped="0" failures="0" errors="0" timestamp="2025-02-14T23:47:27" hostname="fv-az1721-502" time="9.162">
  <properties/>
  <testcase name="testOverrideAssessment_submitSameTutorNoAssessmentDueDatePossible()" classname="de.tum.cit.aet.artemis.programming.ProgrammingAssessmentIntegrationTest" time="0.272"/>
  <testcase name="programmingExerciseManualResult_noManualReviewsAllowed_forbidden()" classname="de.tum.cit.aet.artemis.programming.ProgrammingAssessmentIntegrationTest" time="0.141"/>
  <testcase name="updateManualProgrammingExerciseResult_addFeedbackAfterAutomaticLongFeedback()" classname="de.tum.cit.aet.artemis.programming.ProgrammingAssessmentIntegrationTest" time="0.243"/>
  <testcase name="multipleCorrectionRoundsForExam()" classname="de.tum.cit.aet.artemis.programming.ProgrammingAssessmentIntegrationTest" time="0.607"/>
  <testcase name="createManualProgrammingExerciseResult_resultPropertyMissing()" classname="de.tum.cit.aet.artemis.programming.ProgrammingAssessmentIntegrationTest" time="0.235"/>
  <testcase name="testOverrideAssessment_submitSameTutorPossible()" classname="de.tum.cit.aet.artemis.programming.ProgrammingAssessmentIntegrationTest" time="0.168"/>
  <testcase name="createManualProgrammingExerciseResult_IncludedCompletelyWithoutBonusPointsExercise()" classname="de.tum.cit.aet.artemis.programming.ProgrammingAssessmentIntegrationTest" time="0.478"/>
  <testcase name="createManualProgrammingExerciseResult_withResultOver100Percent()" classname="de.tum.cit.aet.artemis.programming.ProgrammingAssessmentIntegrationTest" time="0.322"/>
  <testcase name="unlockFeedbackRequestAfterAssessment()" classname="de.tum.cit.aet.artemis.programming.ProgrammingAssessmentIntegrationTest" time="0.207"/>
  <testcase name="cancelAssessmentOfOtherTutorAsTutor()" classname="de.tum.cit.aet.artemis.programming.ProgrammingAssessmentIntegrationTest" time="0.364"/>
  <testcase name="testSaveAssessmentNote()" classname="de.tum.cit.aet.artemis.programming.ProgrammingAssessmentIntegrationTest" time="0.194"/>
  <testcase name="overrideProgrammingAssessmentAfterComplaint()" classname="de.tum.cit.aet.artemis.programming.ProgrammingAssessmentIntegrationTest" time="0.435"/>
  <testcase name="updateManualProgrammingExerciseResult()" classname="de.tum.cit.aet.artemis.programming.ProgrammingAssessmentIntegrationTest" time="0.163"/>
  <testcase name="testOverrideAssessment_submitOtherTutorForbidden()" classname="de.tum.cit.aet.artemis.programming.ProgrammingAssessmentIntegrationTest" time="0.115"/>
  <testcase name="createManualProgrammingExerciseResult_resultHasAutomaticFeedback()" classname="de.tum.cit.aet.artemis.programming.ProgrammingAssessmentIntegrationTest" time="0.15"/>
  <testcase name="testOverrideAssessment_submitOtherTutorAfterAssessmentDueDateForbidden()" classname="de.tum.cit.aet.artemis.programming.ProgrammingAssessmentIntegrationTest" time="0.193"/>
  <testcase name="updateAssessmentAfterComplaint_studentHidden()" classname="de.tum.cit.aet.artemis.programming.ProgrammingAssessmentIntegrationTest" time="0.203"/>
  <testcase name="testDeleteResult()" classname="de.tum.cit.aet.artemis.programming.ProgrammingAssessmentIntegrationTest" time="0.289"/>
  <testcase name="cancelAssessmentOfOtherTutorAsInstructor()" classname="de.tum.cit.aet.artemis.programming.ProgrammingAssessmentIntegrationTest" time="0.12"/>
  <testcase name="programmingExerciseManualResult_submissionNotModified()" classname="de.tum.cit.aet.artemis.programming.ProgrammingAssessmentIntegrationTest" time="0.151"/>
  <testcase name="testOverrideAssessment_submitSameTutorAfterAssessmentDueDateForbidden()" classname="de.tum.cit.aet.artemis.programming.ProgrammingAssessmentIntegrationTest" time="0.121"/>
  <testcase name="testOverrideAssessment_submitInstructorAfterAssessmentDueDatePossible()" classname="de.tum.cit.aet.artemis.programming.ProgrammingAssessmentIntegrationTest" time="0.146"/>
  <testcase name="[1] submit=true" classname="de.tum.cit.aet.artemis.programming.ProgrammingAssessmentIntegrationTest" time="0.138"/>
  <testcase name="[2] submit=false" classname="de.tum.cit.aet.artemis.programming.ProgrammingAssessmentIntegrationTest" time="0.142"/>
  <testcase name="updateManualProgrammingExerciseResult_newResult()" classname="de.tum.cit.aet.artemis.programming.ProgrammingAssessmentIntegrationTest" time="0.137"/>
  <testcase name="createManualProgrammingExerciseResult_IncludedCompletelyWithBonusPointsExercise()" classname="de.tum.cit.aet.artemis.programming.ProgrammingAssessmentIntegrationTest" time="0.49"/>
  <testcase name="updateAssessmentAfterComplaint_sameAsAssessor_forbidden()" classname="de.tum.cit.aet.artemis.programming.ProgrammingAssessmentIntegrationTest" time="0.119"/>
  <testcase name="testOverrideAssessment_submitInstructorPossible()" classname="de.tum.cit.aet.artemis.programming.ProgrammingAssessmentIntegrationTest" time="0.195"/>
  <testcase name="updateManualProgrammingExerciseResult_addFeedbackAfterManualLongFeedback()" classname="de.tum.cit.aet.artemis.programming.ProgrammingAssessmentIntegrationTest" time="0.239"/>
  <testcase name="createManualProgrammingExerciseResult_NotIncludedExercise()" classname="de.tum.cit.aet.artemis.programming.ProgrammingAssessmentIntegrationTest" time="0.354"/>
  <testcase name="createManualProgrammingExerciseResult_manualResultsNotAllowed()" classname="de.tum.cit.aet.artemis.programming.ProgrammingAssessmentIntegrationTest" time="0.119"/>
  <testcase name="createManualProgrammingExerciseResult_save()" classname="de.tum.cit.aet.artemis.programming.ProgrammingAssessmentIntegrationTest" time="0.132"/>
  <testcase name="[1] submit=true" classname="de.tum.cit.aet.artemis.programming.ProgrammingAssessmentIntegrationTest" time="0.175"/>
  <testcase name="[2] submit=false" classname="de.tum.cit.aet.artemis.programming.ProgrammingAssessmentIntegrationTest" time="0.195"/>
  <testcase name="createManualProgrammingExerciseResult_IncludedAsBonusExercise()" classname="de.tum.cit.aet.artemis.programming.ProgrammingAssessmentIntegrationTest" time="0.462"/>
  <testcase name="cancelOwnAssessmentAsTutor()" classname="de.tum.cit.aet.artemis.programming.ProgrammingAssessmentIntegrationTest" time="0.173"/>
  <testcase name="createManualProgrammingExerciseResult_submit()" classname="de.tum.cit.aet.artemis.programming.ProgrammingAssessmentIntegrationTest" time="0.175"/>
  <testcase name="updateAssessmentAfterComplaint_automaticAssessment_forbidden()" classname="de.tum.cit.aet.artemis.programming.ProgrammingAssessmentIntegrationTest" time="0.123"/>
  <testcase name="updateAssessmentAfterComplaint_dueDateNotPassed_forbidden()" classname="de.tum.cit.aet.artemis.programming.ProgrammingAssessmentIntegrationTest" time="0.206"/>
  <testcase name="cancelOwnAssessmentAsStudent()" classname="de.tum.cit.aet.artemis.programming.ProgrammingAssessmentIntegrationTest" time="0.177"/>
  <system-out><![CDATA[
Starting logs for ProgrammingAssessmentIntegrationTest

  Starting logs for ProgrammingAssessmentIntegrationTest > testOverrideAssessment_submitSameTutorNoAssessmentDueDatePossible()
    23:47:27.124 | 446 ool-1-worker-210 | DEBUG | d.t.c.a.a.c.u.util.UserUtilService   : Generate 3 students...
    23:47:27.133 | 446 ool-1-worker-210 | DEBUG | d.t.c.a.a.c.u.util.UserUtilService   : 3 students generated. Generate 2 tutors...
    23:47:27.137 | 446 ool-1-worker-210 | DEBUG | d.t.c.a.a.c.u.util.UserUtilService   : 2 tutors generated. Generate 0 editors...
    23:47:27.139 | 446 ool-1-worker-210 | DEBUG | d.t.c.a.a.c.u.util.UserUtilService   : 0 editors generated. Generate 2 instructors...
    23:47:27.141 | 446 ool-1-worker-210 | DEBUG | d.t.c.a.a.c.u.util.UserUtilService   : 2 instructors generated
    23:47:27.144 | 446 ool-1-worker-210 | DEBUG | d.t.c.a.a.c.u.util.UserUtilService   : Removing 1 users from all courses...
    23:47:27.145 | 446 ool-1-worker-210 | DEBUG | d.t.c.a.a.c.u.util.UserUtilService   : Removing 1 users from all courses. Done
    23:47:27.145 | 446 ool-1-worker-210 | DEBUG | d.t.c.a.a.c.u.util.UserUtilService   : Save 7 users to database...
    23:47:27.149 | 446 ool-1-worker-210 | DEBUG | d.t.c.a.a.c.u.util.UserUtilService   : Save 7 users to database. Done
    23:47:27.196 | 446 ool-1-worker-210 | DEBUG | .c.s.m.InstanceMessageReceiveService : Received schedule participant score for exercise 3276 and participant 681 (result to be deleted: null)
    23:47:27.196 | 446 ool-1-worker-210 | DEBUG | .a.s.ParticipantScoreScheduleService : Scheduled task for exercise 3276 and participant 681 at 2025-02-14T23:47:27.296309425Z[Etc/UTC].
    23:47:27.224 | 446 ool-1-worker-210 | DEBUG | .c.s.m.InstanceMessageReceiveService : Received schedule participant score for exercise 3276 and participant 681 (result to be deleted: null)
    23:47:27.224 | 446 ool-1-worker-210 | DEBUG | .a.s.ParticipantScoreScheduleService : Scheduled task for exercise 3276 and participant 681 at 2025-02-14T23:47:27.324624812Z[Etc/UTC].
    23:47:27.233 | 446 ool-1-worker-210 | DEBUG | PersonalAccessTokenManagementService : Generate secure vcs access token
    23:47:27.240 | 446 ool-1-worker-210 | DEBUG | .c.s.m.InstanceMessageReceiveService : Received schedule participant score for exercise 3276 and participant 682 (result to be deleted: null)
    23:47:27.240 | 446 ool-1-worker-210 | DEBUG | .a.s.ParticipantScoreScheduleService : Scheduled task for exercise 3276 and participant 682 at 2025-02-14T23:47:27.340317277Z[Etc/UTC].
    23:47:27.259 | 446 ool-1-worker-210 | DEBUG | .c.s.m.InstanceMessageReceiveService : Received schedule participant score for exercise 3276 and participant 682 (result to be deleted: null)
    23:47:27.259 | 446 ool-1-worker-210 | DEBUG | .a.s.ParticipantScoreScheduleService : Scheduled task for exercise 3276 and participant 682 at 2025-02-14T23:47:27.359508417Z[Etc/UTC].
    23:47:27.291 | 446 ool-1-worker-210 | DEBUG | .c.s.m.InstanceMessageReceiveService : Received schedule participant score for exercise 3276 and participant 682 (result to be deleted: null)
    23:47:27.291 | 446 ool-1-worker-210 | DEBUG | .a.s.ParticipantScoreScheduleService : Scheduled task for exercise 3276 and participant 682 at 2025-02-14T23:47:27.391410042Z[Etc/UTC].
    23:47:27.292 | 446 ool-1-worker-210 | INFO  | i.z.t.d.l.EmbeddedDatabaseReporter   : JDBC URL to connect to 'dataSource': url='jdbc:h2:tcp://localhost:41063/mem:df70fc46-7e57-4cb5-9cd0-c1d90c14afa7;USER=sa', scope='ProgrammingAssessmentIntegrationTest#testOverrideAssessment_submitSameTutorNoAssessmentDueDatePossible'
    23:47:27.300 | 446 ool-1-worker-210 | DEBUG | d.t.c.a.a.c.s.f.ApiVersionFilter     : Adding Version to Request PUT /api/participations/2157/manual-results
    23:47:27.305 | 446 ool-1-worker-210 | DEBUG | .a.p.w.ProgrammingAssessmentResource : REST request to save a new result : Result{id1256, completionDate=2025-02-14T23:47:27.293912449Z, successful=false, score=75.0, rated=true, assessmentType=SEMI_AUTOMATIC, hasComplaint=null, testCaseCount=0, passedTestCaseCount=0, codeIssueCount=0}
    23:47:27.324 | 666 taskScheduler-4  | DEBUG | .a.s.ParticipantScoreScheduleService : Processing exercise 3276 and participant 681 to update participant scores.
    23:47:27.326 | 446 ool-1-worker-210 | DEBUG | .c.s.m.InstanceMessageReceiveService : Received schedule participant score for exercise 3276 and participant 681 (result to be deleted: null)
    23:47:27.326 | 446 ool-1-worker-210 | DEBUG | .a.s.ParticipantScoreScheduleService : Scheduled task for exercise 3276 and participant 681 at 2025-02-14T23:47:27.426930576Z[Etc/UTC].
    23:47:27.341 | 666 taskScheduler-4  | DEBUG | .a.s.ParticipantScoreScheduleService : Updating the participant score for exercise 3276 and participant 681 took 17 ms.
    23:47:27.347 | 446 ool-1-worker-210 | DEBUG | .c.s.m.InstanceMessageReceiveService : Received schedule participant score for exercise 3276 and participant 681 (result to be deleted: null)
    23:47:27.347 | 446 ool-1-worker-210 | DEBUG | .a.s.ParticipantScoreScheduleService : Scheduled task for exercise 3276 and participant 681 at 2025-02-14T23:47:27.447917896Z[Etc/UTC].

  Starting logs for ProgrammingAssessmentIntegrationTest > programmingExerciseManualResult_noManualReviewsAllowed_forbidden()
    23:47:27.389 | 446 ool-1-worker-210 | DEBUG | d.t.c.a.a.c.u.util.UserUtilService   : Generate 3 students...
    23:47:27.404 | 446 ool-1-worker-210 | DEBUG | d.t.c.a.a.c.u.util.UserUtilService   : 3 students generated. Generate 2 tutors...
    23:47:27.408 | 446 ool-1-worker-210 | DEBUG | d.t.c.a.a.c.u.util.UserUtilService   : 2 tutors generated. Generate 0 editors...
    23:47:27.409 | 446 ool-1-worker-210 | DEBUG | d.t.c.a.a.c.u.util.UserUtilService   : 0 editors generated. Generate 2 instructors...
    23:47:27.414 | 446 ool-1-worker-210 | DEBUG | d.t.c.a.a.c.u.util.UserUtilService   : 2 instructors generated
    23:47:27.418 | 446 ool-1-worker-210 | DEBUG | d.t.c.a.a.c.u.util.UserUtilService   : Removing 7 users from all courses...
    23:47:27.419 | 446 ool-1-worker-210 | DEBUG | d.t.c.a.a.c.u.util.UserUtilService   : Removing 7 users from all courses. Done
    23:47:27.419 | 446 ool-1-worker-210 | DEBUG | d.t.c.a.a.c.u.util.UserUtilService   : Save 7 users to database...
    23:47:27.428 | 663 taskScheduler-1  | DEBUG | .a.s.ParticipantScoreScheduleService : Processing exercise 3276 and participant 681 to update participant scores.
    23:47:27.434 | 446 ool-1-worker-210 | DEBUG | d.t.c.a.a.c.u.util.UserUtilService   : Save 7 users to database. Done
    23:47:27.444 | 663 taskScheduler-1  | DEBUG | .a.s.ParticipantScoreScheduleService : Updating the participant score for exercise 3276 and participant 681 took 16 ms.
    23:47:27.462 | 446 ool-1-worker-210 | DEBUG | .c.s.m.InstanceMessageReceiveService : Received schedule participant score for exercise 3277 and participant 681 (result to be deleted: null)
    23:47:27.463 | 446 ool-1-worker-210 | DEBUG | .a.s.ParticipantScoreScheduleService : Scheduled task for exercise 3277 and participant 681 at 2025-02-14T23:47:27.563064538Z[Etc/UTC].
    23:47:27.475 | 446 ool-1-worker-210 | DEBUG | .c.s.m.InstanceMessageReceiveService : Received schedule participant score for exercise 3277 and participant 681 (result to be deleted: null)
    23:47:27.475 | 446 ool-1-worker-210 | DEBUG | .a.s.ParticipantScoreScheduleService : Scheduled task for exercise 3277 and participant 681 at 2025-02-14T23:47:27.575448163Z[Etc/UTC].
    23:47:27.479 | 446 ool-1-worker-210 | DEBUG | PersonalAccessTokenManagementService : Generate secure vcs access token
    23:47:27.481 | 446 ool-1-worker-210 | DEBUG | .c.s.m.InstanceMessageReceiveService : Received schedule participant score for exercise 3277 and participant 682 (result to be deleted: null)
    23:47:27.481 | 446 ool-1-worker-210 | DEBUG | .a.s.ParticipantScoreScheduleService : Scheduled task for exercise 3277 and participant 682 at 2025-02-14T23:47:27.581748793Z[Etc/UTC].
    23:47:27.489 | 446 ool-1-worker-210 | DEBUG | .c.s.m.InstanceMessageReceiveService : Received schedule participant score for exercise 3277 and participant 682 (result to be deleted: null)
    23:47:27.489 | 446 ool-1-worker-210 | DEBUG | .a.s.ParticipantScoreScheduleService : Scheduled task for exercise 3277 and participant 682 at 2025-02-14T23:47:27.589333939Z[Etc/UTC].
    23:47:27.501 | 446 ool-1-worker-210 | DEBUG | .c.s.m.InstanceMessageReceiveService : Received schedule participant score for exercise 3277 and participant 682 (result to be deleted: null)
    23:47:27.502 | 446 ool-1-worker-210 | DEBUG | .a.s.ParticipantScoreScheduleService : Scheduled task for exercise 3277 and participant 682 at 2025-02-14T23:47:27.602039735Z[Etc/UTC].
    23:47:27.502 | 446 ool-1-worker-210 | INFO  | i.z.t.d.l.EmbeddedDatabaseReporter   : JDBC URL to connect to 'dataSource': url='jdbc:h2:tcp://localhost:41063/mem:df70fc46-7e57-4cb5-9cd0-c1d90c14afa7;USER=sa', scope='ProgrammingAssessmentIntegrationTest#programmingExerciseManualResult_noManualReviewsAllowed_forbidden'
    23:47:27.505 | 446 ool-1-worker-210 | DEBUG | d.t.c.a.a.c.s.f.ApiVersionFilter     : Adding Version to Request PUT /api/participations/2162/manual-results
    23:47:27.508 | 446 ool-1-worker-210 | WARN  | o.z.p.spring.common.AdviceTraits     : Forbidden: Access Denied
    23:47:27.510 | 446 ool-1-worker-210 | DEBUG | d.t.c.a.a.c.s.f.ApiVersionFilter     : Adding Version to Request PUT /api/participations/2162/manual-results
    23:47:27.512 | 446 ool-1-worker-210 | WARN  | o.z.p.spring.common.AdviceTraits     : Forbidden: Access Denied

  Starting logs for ProgrammingAssessmentIntegrationTest > updateManualProgrammingExerciseResult_addFeedbackAfterAutomaticLongFeedback()
    23:47:27.526 | 446 ool-1-worker-210 | DEBUG | d.t.c.a.a.c.u.util.UserUtilService   : Generate 3 students...
    23:47:27.531 | 446 ool-1-worker-210 | DEBUG | d.t.c.a.a.c.u.util.UserUtilService   : 3 students generated. Generate 2 tutors...
    23:47:27.535 | 446 ool-1-worker-210 | DEBUG | d.t.c.a.a.c.u.util.UserUtilService   : 2 tutors generated. Generate 0 editors...
    23:47:27.536 | 446 ool-1-worker-210 | DEBUG | d.t.c.a.a.c.u.util.UserUtilService   : 0 editors generated. Generate 2 instructors...
    23:47:27.540 | 446 ool-1-worker-210 | DEBUG | d.t.c.a.a.c.u.util.UserUtilService   : 2 instructors generated
    23:47:27.542 | 446 ool-1-worker-210 | DEBUG | d.t.c.a.a.c.u.util.UserUtilService   : Removing 7 users from all courses...
    23:47:27.544 | 446 ool-1-worker-210 | DEBUG | d.t.c.a.a.c.u.util.UserUtilService   : Removing 7 users from all courses. Done
    23:47:27.544 | 446 ool-1-worker-210 | DEBUG | d.t.c.a.a.c.u.util.UserUtilService   : Save 7 users to database...
    23:47:27.548 | 446 ool-1-worker-210 | DEBUG | d.t.c.a.a.c.u.util.UserUtilService   : Save 7 users to database. Done
    23:47:27.575 | 446 ool-1-worker-210 | DEBUG | .c.s.m.InstanceMessageReceiveService : Received schedule participant score for exercise 3278 and participant 681 (result to be deleted: null)
    23:47:27.575 | 446 ool-1-worker-210 | DEBUG | .a.s.ParticipantScoreScheduleService : Scheduled task for exercise 3278 and participant 681 at 2025-02-14T23:47:27.675658149Z[Etc/UTC].
    23:47:27.588 | 446 ool-1-worker-210 | DEBUG | .c.s.m.InstanceMessageReceiveService : Received schedule participant score for exercise 3278 and participant 681 (result to be deleted: null)
    23:47:27.588 | 446 ool-1-worker-210 | DEBUG | .a.s.ParticipantScoreScheduleService : Scheduled task for exercise 3278 and participant 681 at 2025-02-14T23:47:27.688374003Z[Etc/UTC].
    23:47:27.593 | 446 ool-1-worker-210 | DEBUG | PersonalAccessTokenManagementService : Generate secure vcs access token
    23:47:27.596 | 446 ool-1-worker-210 | DEBUG | .c.s.m.InstanceMessageReceiveService : Received schedule participant score for exercise 3278 and participant 682 (result to be deleted: null)
    23:47:27.596 | 446 ool-1-worker-210 | DEBUG | .a.s.ParticipantScoreScheduleService : Scheduled task for exercise 3278 and participant 682 at 2025-02-14T23:47:27.696154403Z[Etc/UTC].
    23:47:27.604 | 446 ool-1-worker-210 | DEBUG | .c.s.m.InstanceMessageReceiveService : Received schedule participant score for exercise 3278 and participant 682 (result to be deleted: null)
    23:47:27.604 | 446 ool-1-worker-210 | DEBUG | .a.s.ParticipantScoreScheduleService : Scheduled task for exercise 3278 and participant 682 at 2025-02-14T23:47:27.704434265Z[Etc/UTC].
    23:47:27.617 | 446 ool-1-worker-210 | DEBUG | .c.s.m.InstanceMessageReceiveService : Received schedule participant score for exercise 3278 and participant 682 (result to be deleted: null)
    23:47:27.617 | 446 ool-1-worker-210 | DEBUG | .a.s.ParticipantScoreScheduleService : Scheduled task for exercise 3278 and participant 682 at 2025-02-14T23:47:27.717818776Z[Etc/UTC].
    23:47:27.619 | 446 ool-1-worker-210 | INFO  | i.z.t.d.l.EmbeddedDatabaseReporter   : JDBC URL to connect to 'dataSource': url='jdbc:h2:tcp://localhost:41063/mem:df70fc46-7e57-4cb5-9cd0-c1d90c14afa7;USER=sa', scope='ProgrammingAssessmentIntegrationTest#updateManualProgrammingExerciseResult_addFeedbackAfterAutomaticLongFeedback'
    23:47:27.632 | 446 ool-1-worker-210 | DEBUG | PersonalAccessTokenManagementService : Generate secure vcs access token
    23:47:27.650 | 446 ool-1-worker-210 | DEBUG | .c.s.m.InstanceMessageReceiveService : Received schedule participant score for exercise 3278 and participant 682 (result to be deleted: null)
    23:47:27.650 | 446 ool-1-worker-210 | DEBUG | .a.s.ParticipantScoreScheduleService : Scheduled task for exercise 3278 and participant 682 at 2025-02-14T23:47:27.750121879Z[Etc/UTC].
    23:47:27.674 | 446 ool-1-worker-210 | DEBUG | .c.s.m.InstanceMessageReceiveService : Received schedule participant score for exercise 3278 and participant 681 (result to be deleted: null)
    23:47:27.675 | 446 ool-1-worker-210 | DEBUG | .a.s.ParticipantScoreScheduleService : Scheduled task for exercise 3278 and participant 681 at 2025-02-14T23:47:27.775056480Z[Etc/UTC].
    23:47:27.694 | 446 ool-1-worker-210 | DEBUG | .c.s.m.InstanceMessageReceiveService : Received schedule participant score for exercise 3278 and participant 681 (result to be deleted: null)
    23:47:27.694 | 446 ool-1-worker-210 | DEBUG | .a.s.ParticipantScoreScheduleService : Scheduled task for exercise 3278 and participant 681 at 2025-02-14T23:47:27.794490374Z[Etc/UTC].
    23:47:27.696 | 446 ool-1-worker-210 | DEBUG | d.t.c.a.a.c.s.f.ApiVersionFilter     : Adding Version to Request PUT /api/participations/2166/manual-results
    23:47:27.701 | 446 ool-1-worker-210 | DEBUG | .a.p.w.ProgrammingAssessmentResource : REST request to save a new result : Result{id1262, completionDate=null, successful=false, score=2.0, rated=true, assessmentType=SEMI_AUTOMATIC, hasComplaint=null, testCaseCount=0, passedTestCaseCount=0, codeIssueCount=0}
    23:47:27.718 | 446 ool-1-worker-210 | DEBUG | .c.s.m.InstanceMessageReceiveService : Received schedule participant score for exercise 3278 and participant 682 (result to be deleted: null)
    23:47:27.718 | 446 ool-1-worker-210 | DEBUG | .a.s.ParticipantScoreScheduleService : Scheduled task for exercise 3278 and participant 682 at 2025-02-14T23:47:27.818759695Z[Etc/UTC].
    23:47:27.740 | 446 ool-1-worker-210 | DEBUG | .c.s.m.InstanceMessageReceiveService : Received schedule participant score for exercise 3278 and participant 682 (result to be deleted: null)
    23:47:27.740 | 446 ool-1-worker-210 | DEBUG | .a.s.ParticipantScoreScheduleService : Scheduled task for exercise 3278 and participant 682 at 2025-02-14T23:47:27.840384233Z[Etc/UTC].

  Starting logs for ProgrammingAssessmentIntegrationTest > multipleCorrectionRoundsForExam()
    23:47:27.779 | 446 ool-1-worker-210 | DEBUG | d.t.c.a.a.c.u.util.UserUtilService   : Generate 3 students...
    23:47:27.793 | 446 ool-1-worker-210 | DEBUG | d.t.c.a.a.c.u.util.UserUtilService   : 3 students generated. Generate 2 tutors...
    23:47:27.804 | 446 ool-1-worker-210 | DEBUG | d.t.c.a.a.c.u.util.UserUtilService   : 2 tutors generated. Generate 0 editors...
    23:47:27.805 | 446 ool-1-worker-210 | DEBUG | d.t.c.a.a.c.u.util.UserUtilService   : 0 editors generated. Generate 2 instructors...
    23:47:27.812 | 446 ool-1-worker-210 | DEBUG | d.t.c.a.a.c.u.util.UserUtilService   : 2 instructors generated
    23:47:27.815 | 446 ool-1-worker-210 | DEBUG | d.t.c.a.a.c.u.util.UserUtilService   : Removing 7 users from all courses...
    23:47:27.816 | 446 ool-1-worker-210 | DEBUG | d.t.c.a.a.c.u.util.UserUtilService   : Removing 7 users from all courses. Done
    23:47:27.816 | 446 ool-1-worker-210 | DEBUG | d.t.c.a.a.c.u.util.UserUtilService   : Save 7 users to database...
    23:47:27.821 | 446 ool-1-worker-210 | DEBUG | d.t.c.a.a.c.u.util.UserUtilService   : Save 7 users to database. Done
    23:47:27.847 | 446 ool-1-worker-210 | DEBUG | .c.s.m.InstanceMessageReceiveService : Received schedule participant score for exercise 3279 and participant 681 (result to be deleted: null)
    23:47:27.847 | 446 ool-1-worker-210 | DEBUG | .a.s.ParticipantScoreScheduleService : Scheduled task for exercise 3279 and participant 681 at 2025-02-14T23:47:27.947244631Z[Etc/UTC].
    23:47:27.858 | 446 ool-1-worker-210 | DEBUG | .c.s.m.InstanceMessageReceiveService : Received schedule participant score for exercise 3279 and participant 681 (result to be deleted: null)
    23:47:27.858 | 446 ool-1-worker-210 | DEBUG | .a.s.ParticipantScoreScheduleService : Scheduled task for exercise 3279 and participant 681 at 2025-02-14T23:47:27.958907261Z[Etc/UTC].
    23:47:27.862 | 446 ool-1-worker-210 | DEBUG | PersonalAccessTokenManagementService : Generate secure vcs access token
    23:47:27.864 | 446 ool-1-worker-210 | DEBUG | .c.s.m.InstanceMessageReceiveService : Received schedule participant score for exercise 3279 and participant 682 (result to be deleted: null)
    23:47:27.864 | 446 ool-1-worker-210 | DEBUG | .a.s.ParticipantScoreScheduleService : Scheduled task for exercise 3279 and participant 682 at 2025-02-14T23:47:27.964865122Z[Etc/UTC].
    23:47:27.872 | 446 ool-1-worker-210 | DEBUG | .c.s.m.InstanceMessageReceiveService : Received schedule participant score for exercise 3279 and participant 682 (result to be deleted: null)
    23:47:27.872 | 446 ool-1-worker-210 | DEBUG | .a.s.ParticipantScoreScheduleService : Scheduled task for exercise 3279 and participant 682 at 2025-02-14T23:47:27.972509889Z[Etc/UTC].
    23:47:27.885 | 446 ool-1-worker-210 | DEBUG | .c.s.m.InstanceMessageReceiveService : Received schedule participant score for exercise 3279 and participant 682 (result to be deleted: null)
    23:47:27.885 | 446 ool-1-worker-210 | DEBUG | .a.s.ParticipantScoreScheduleService : Scheduled task for exercise 3279 and participant 682 at 2025-02-14T23:47:27.985129173Z[Etc/UTC].
    23:47:27.886 | 446 ool-1-worker-210 | INFO  | i.z.t.d.l.EmbeddedDatabaseReporter   : JDBC URL to connect to 'dataSource': url='jdbc:h2:tcp://localhost:41063/mem:df70fc46-7e57-4cb5-9cd0-c1d90c14afa7;USER=sa', scope='ProgrammingAssessmentIntegrationTest#multipleCorrectionRoundsForExam'
    23:47:27.894 | 446 ool-1-worker-210 | DEBUG | PersonalAccessTokenManagementService : Generate secure vcs access token
    23:47:27.897 | 446 ool-1-worker-210 | DEBUG | .c.s.m.InstanceMessageReceiveService : Received schedule participant score for exercise 3280 and participant 681 (result to be deleted: null)
    23:47:27.897 | 446 ool-1-worker-210 | DEBUG | .a.s.ParticipantScoreScheduleService : Scheduled task for exercise 3280 and participant 681 at 2025-02-14T23:47:27.997592369Z[Etc/UTC].
    23:47:27.909 | 446 ool-1-worker-210 | DEBUG | .c.s.m.InstanceMessageReceiveService : Received schedule participant score for exercise 3280 and participant 681 (result to be deleted: null)
    23:47:27.909 | 446 ool-1-worker-210 | DEBUG | .a.s.ParticipantScoreScheduleService : Scheduled task for exercise 3280 and participant 681 at 2025-02-14T23:47:28.009970483Z[Etc/UTC].
    23:47:27.912 | 446 ool-1-worker-210 | DEBUG | .c.s.m.InstanceMessageReceiveService : Received schedule participant score for exercise 3280 and participant 681 (result to be deleted: null)
    23:47:27.912 | 446 ool-1-worker-210 | DEBUG | .a.s.ParticipantScoreScheduleService : Scheduled task for exercise 3280 and participant 681 at 2025-02-14T23:47:28.012995936Z[Etc/UTC].
    23:47:27.925 | 446 ool-1-worker-210 | DEBUG | .c.s.m.InstanceMessageReceiveService : Received schedule participant score for exercise 3280 and participant 681 (result to be deleted: null)
    23:47:27.925 | 446 ool-1-worker-210 | DEBUG | .a.s.ParticipantScoreScheduleService : Scheduled task for exercise 3280 and participant 681 at 2025-02-14T23:47:28.025085182Z[Etc/UTC].
    23:47:27.927 | 446 ool-1-worker-210 | DEBUG | .c.s.m.InstanceMessageReceiveService : Received schedule participant score for exercise 3280 and participant 681 (result to be deleted: null)
    23:47:27.927 | 446 ool-1-worker-210 | DEBUG | .a.s.ParticipantScoreScheduleService : Scheduled task for exercise 3280 and participant 681 at 2025-02-14T23:47:28.027930608Z[Etc/UTC].
    23:47:27.939 | 446 ool-1-worker-210 | DEBUG | .c.s.m.InstanceMessageReceiveService : Received schedule participant score for exercise 3280 and participant 681 (result to be deleted: null)
    23:47:27.939 | 446 ool-1-worker-210 | DEBUG | .a.s.ParticipantScoreScheduleService : Scheduled task for exercise 3280 and participant 681 at 2025-02-14T23:47:28.039559405Z[Etc/UTC].
    23:47:27.944 | 446 ool-1-worker-210 | DEBUG | d.t.c.a.a.c.s.f.ApiVersionFilter     : Adding Version to Request GET /api/exercises/3280/programming-submission-without-assessment
    23:47:27.946 | 446 ool-1-worker-210 | DEBUG | .a.p.w.ProgrammingSubmissionResource : REST request to get a programming submission without assessment
    23:47:27.959 | 663 taskScheduler-1  | DEBUG | .a.s.ParticipantScoreScheduleService : Processing exercise 3279 and participant 681 to update participant scores.
    23:47:27.965 | 446 ool-1-worker-210 | DEBUG | .c.s.m.InstanceMessageReceiveService : Received schedule participant score for exercise 3280 and participant 681 (result to be deleted: null)
    23:47:27.965 | 446 ool-1-worker-210 | DEBUG | .a.s.ParticipantScoreScheduleService : Scheduled task for exercise 3280 and participant 681 at 2025-02-14T23:47:28.065408342Z[Etc/UTC].
    23:47:27.971 | 663 taskScheduler-1  | DEBUG | .a.s.ParticipantScoreScheduleService : Updated participant score 83.
    23:47:27.977 | 446 ool-1-worker-210 | DEBUG | .c.s.m.InstanceMessageReceiveService : Received schedule participant score for exercise 3280 and participant 681 (result to be deleted: null)
    23:47:27.977 | 446 ool-1-worker-210 | DEBUG | .a.s.ParticipantScoreScheduleService : Scheduled task for exercise 3280 and participant 681 at 2025-02-14T23:47:28.077711907Z[Etc/UTC].
    23:47:27.979 | 663 taskScheduler-1  | DEBUG | .a.s.ParticipantScoreScheduleService : Updating the participant score for exercise 3279 and participant 681 took 20 ms.
    23:47:27.985 | 664 taskScheduler-2  | DEBUG | .a.s.ParticipantScoreScheduleService : Processing exercise 3279 and participant 682 to update participant scores.
    23:47:27.989 | 446 ool-1-worker-210 | DEBUG | .c.s.m.InstanceMessageReceiveService : Received schedule participant score for exercise 3280 and participant 681 (result to be deleted: null)
    23:47:27.989 | 446 ool-1-worker-210 | DEBUG | .a.s.ParticipantScoreScheduleService : Scheduled task for exercise 3280 and participant 681 at 2025-02-14T23:47:28.089164385Z[Etc/UTC].
    23:47:27.989 | 446 ool-1-worker-210 | DEBUG | a.a.p.s.ProgrammingSubmissionService : Assessment locked with result id: 1268 for assessor: programmingassessmenttutor1First programmingassessmenttutor1Last
    23:47:27.996 | 664 taskScheduler-2  | DEBUG | .a.s.ParticipantScoreScheduleService : Updating the participant score for exercise 3279 and participant 682 took 11 ms.
    23:47:28.000 | 446 ool-1-worker-210 | DEBUG | d.t.c.a.a.c.s.f.ApiVersionFilter     : Adding Version to Request GET /api/exercises/3280/programming-submissions
    23:47:28.001 | 446 ool-1-worker-210 | DEBUG | .a.p.w.ProgrammingSubmissionResource : REST request to get all programming submissions
    23:47:28.012 | 446 ool-1-worker-210 | DEBUG | d.t.c.a.a.c.s.f.ApiVersionFilter     : Adding Version to Request PUT /api/participations/2172/manual-results
    23:47:28.012 | 446 ool-1-worker-210 | DEBUG | .a.p.w.ProgrammingAssessmentResource : REST request to save a new result : Result{id1268, completionDate=null, successful=false, score=80.0, rated=true, assessmentType=SEMI_AUTOMATIC, hasComplaint=null, testCaseCount=0, passedTestCaseCount=0, codeIssueCount=0}
    23:47:28.020 | 446 ool-1-worker-210 | DEBUG | .c.s.m.InstanceMessageReceiveService : Received schedule participant score for exercise 3280 and participant 681 (result to be deleted: null)
    23:47:28.020 | 446 ool-1-worker-210 | DEBUG | .a.s.ParticipantScoreScheduleService : Scheduled task for exercise 3280 and participant 681 at 2025-02-14T23:47:28.120522927Z[Etc/UTC].
    23:47:28.030 | 446 ool-1-worker-210 | DEBUG | .c.s.m.InstanceMessageReceiveService : Received schedule participant score for exercise 3280 and participant 681 (result to be deleted: null)
    23:47:28.030 | 446 ool-1-worker-210 | DEBUG | .a.s.ParticipantScoreScheduleService : Scheduled task for exercise 3280 and participant 681 at 2025-02-14T23:47:28.130489574Z[Etc/UTC].
    23:47:28.033 | 446 ool-1-worker-210 | DEBUG | .c.s.m.InstanceMessageReceiveService : Received schedule participant score for exercise 3280 and participant 681 (result to be deleted: null)
    23:47:28.033 | 446 ool-1-worker-210 | DEBUG | .a.s.ParticipantScoreScheduleService : Scheduled task for exercise 3280 and participant 681 at 2025-02-14T23:47:28.133659526Z[Etc/UTC].
    23:47:28.055 | 446 ool-1-worker-210 | DEBUG | d.t.c.a.a.c.s.f.ApiVersionFilter     : Adding Version to Request GET /api/exercises/3280/programming-submissions
    23:47:28.059 | 446 ool-1-worker-210 | DEBUG | .a.p.w.ProgrammingSubmissionResource : REST request to get all programming submissions
    23:47:28.094 | 446 ool-1-worker-210 | DEBUG | .c.s.m.InstanceMessageReceiveService : Received schedule participant score for exercise 3280 and participant 681 (result to be deleted: null)
    23:47:28.094 | 446 ool-1-worker-210 | DEBUG | .a.s.ParticipantScoreScheduleService : Scheduled task for exercise 3280 and participant 681 at 2025-02-14T23:47:28.194786875Z[Etc/UTC].
    23:47:28.103 | 446 ool-1-worker-210 | DEBUG | d.t.c.a.a.c.s.f.ApiVersionFilter     : Adding Version to Request GET /api/exercises/3280/programming-submission-without-assessment
    23:47:28.106 | 446 ool-1-worker-210 | DEBUG | .a.p.w.ProgrammingSubmissionResource : REST request to get a programming submission without assessment
    23:47:28.150 | 446 ool-1-worker-210 | DEBUG | .c.s.m.InstanceMessageReceiveService : Received schedule participant score for exercise 3280 and participant 681 (result to be deleted: null)
    23:47:28.150 | 446 ool-1-worker-210 | DEBUG | .a.s.ParticipantScoreScheduleService : Scheduled task for exercise 3280 and participant 681 at 2025-02-14T23:47:28.250749462Z[Etc/UTC].
    23:47:28.197 | 446 ool-1-worker-210 | DEBUG | .c.s.m.InstanceMessageReceiveService : Received schedule participant score for exercise 3280 and participant 681 (result to be deleted: null)
    23:47:28.197 | 446 ool-1-worker-210 | DEBUG | .a.s.ParticipantScoreScheduleService : Scheduled task for exercise 3280 and participant 681 at 2025-02-14T23:47:28.297480051Z[Etc/UTC].
    23:47:28.228 | 446 ool-1-worker-210 | DEBUG | .c.s.m.InstanceMessageReceiveService : Received schedule participant score for exercise 3280 and participant 681 (result to be deleted: null)
    23:47:28.228 | 446 ool-1-worker-210 | DEBUG | .a.s.ParticipantScoreScheduleService : Scheduled task for exercise 3280 and participant 681 at 2025-02-14T23:47:28.328182961Z[Etc/UTC].
    23:47:28.228 | 446 ool-1-worker-210 | DEBUG | a.a.p.s.ProgrammingSubmissionService : Assessment locked with result id: 1269 for assessor: programmingassessmenttutor1First programmingassessmenttutor1Last
    23:47:28.259 | 446 ool-1-worker-210 | DEBUG | d.t.c.a.a.c.s.f.ApiVersionFilter     : Adding Version to Request PUT /api/participations/2172/manual-results
    23:47:28.260 | 446 ool-1-worker-210 | DEBUG | .a.p.w.ProgrammingAssessmentResource : REST request to save a new result : Result{id1269, completionDate=null, successful=false, score=90.0, rated=true, assessmentType=SEMI_AUTOMATIC, hasComplaint=null, testCaseCount=0, passedTestCaseCount=0, codeIssueCount=0}
    23:47:28.291 | 446 ool-1-worker-210 | DEBUG | .c.s.m.InstanceMessageReceiveService : Received schedule participant score for exercise 3280 and participant 681 (result to be deleted: null)
    23:47:28.291 | 446 ool-1-worker-210 | DEBUG | .a.s.ParticipantScoreScheduleService : Scheduled task for exercise 3280 and participant 681 at 2025-02-14T23:47:28.391661785Z[Etc/UTC].
    23:47:28.314 | 446 ool-1-worker-210 | DEBUG | .c.s.m.InstanceMessageReceiveService : Received schedule participant score for exercise 3280 and participant 681 (result to be deleted: null)
    23:47:28.314 | 446 ool-1-worker-210 | DEBUG | .a.s.ParticipantScoreScheduleService : Scheduled task for exercise 3280 and participant 681 at 2025-02-14T23:47:28.414216999Z[Etc/UTC].
    23:47:28.326 | 446 ool-1-worker-210 | DEBUG | d.t.c.a.a.c.s.f.ApiVersionFilter     : Adding Version to Request GET /api/exercises/3280/programming-submissions
    23:47:28.329 | 446 ool-1-worker-210 | DEBUG | .a.p.w.ProgrammingSubmissionResource : REST request to get all programming submissions
    23:47:28.347 | 446 ool-1-worker-210 | DEBUG | d.t.c.a.a.c.s.f.ApiVersionFilter     : Adding Version to Request GET /api/exercises/3280/programming-submissions
    23:47:28.348 | 446 ool-1-worker-210 | DEBUG | .a.p.w.ProgrammingSubmissionResource : REST request to get all programming submissions

  Starting logs for ProgrammingAssessmentIntegrationTest > createManualProgrammingExerciseResult_resultPropertyMissing()
    23:47:28.394 | 446 ool-1-worker-210 | DEBUG | d.t.c.a.a.c.u.util.UserUtilService   : Generate 3 students...
    23:47:28.406 | 446 ool-1-worker-210 | DEBUG | d.t.c.a.a.c.u.util.UserUtilService   : 3 students generated. Generate 2 tutors...
    23:47:28.413 | 446 ool-1-worker-210 | DEBUG | d.t.c.a.a.c.u.util.UserUtilService   : 2 tutors generated. Generate 0 editors...
    23:47:28.417 | 446 ool-1-worker-210 | DEBUG | d.t.c.a.a.c.u.util.UserUtilService   : 0 editors generated. Generate 2 instructors...
    23:47:28.424 | 446 ool-1-worker-210 | DEBUG | d.t.c.a.a.c.u.util.UserUtilService   : 2 instructors generated
    23:47:28.429 | 446 ool-1-worker-210 | DEBUG | d.t.c.a.a.c.u.util.UserUtilService   : Removing 7 users from all courses...
    23:47:28.430 | 446 ool-1-worker-210 | DEBUG | d.t.c.a.a.c.u.util.UserUtilService   : Removing 7 users from all courses. Done
    23:47:28.430 | 446 ool-1-worker-210 | DEBUG | d.t.c.a.a.c.u.util.UserUtilService   : Save 7 users to database...
    23:47:28.440 | 446 ool-1-worker-210 | DEBUG | d.t.c.a.a.c.u.util.UserUtilService   : Save 7 users to database. Done
    23:47:28.502 | 446 ool-1-worker-210 | DEBUG | .c.s.m.InstanceMessageReceiveService : Received schedule participant score for exercise 3281 and participant 681 (result to be deleted: null)
    23:47:28.502 | 446 ool-1-worker-210 | DEBUG | .a.s.ParticipantScoreScheduleService : Scheduled task for exercise 3281 and participant 681 at 2025-02-14T23:47:28.602177914Z[Etc/UTC].
    23:47:28.526 | 446 ool-1-worker-210 | DEBUG | .c.s.m.InstanceMessageReceiveService : Received schedule participant score for exercise 3281 and participant 681 (result to be deleted: null)
    23:47:28.526 | 446 ool-1-worker-210 | DEBUG | .a.s.ParticipantScoreScheduleService : Scheduled task for exercise 3281 and participant 681 at 2025-02-14T23:47:28.626223328Z[Etc/UTC].
    23:47:28.535 | 446 ool-1-worker-210 | DEBUG | PersonalAccessTokenManagementService : Generate secure vcs access token
    23:47:28.538 | 446 ool-1-worker-210 | DEBUG | .c.s.m.InstanceMessageReceiveService : Received schedule participant score for exercise 3281 and participant 682 (result to be deleted: null)
    23:47:28.538 | 446 ool-1-worker-210 | DEBUG | .a.s.ParticipantScoreScheduleService : Scheduled task for exercise 3281 and participant 682 at 2025-02-14T23:47:28.638454769Z[Etc/UTC].
    23:47:28.554 | 446 ool-1-worker-210 | DEBUG | .c.s.m.InstanceMessageReceiveService : Received schedule participant score for exercise 3281 and participant 682 (result to be deleted: null)
    23:47:28.554 | 446 ool-1-worker-210 | DEBUG | .a.s.ParticipantScoreScheduleService : Scheduled task for exercise 3281 and participant 682 at 2025-02-14T23:47:28.654260455Z[Etc/UTC].
    23:47:28.567 | 446 ool-1-worker-210 | DEBUG | .c.s.m.InstanceMessageReceiveService : Received schedule participant score for exercise 3281 and participant 682 (result to be deleted: null)
    23:47:28.567 | 446 ool-1-worker-210 | DEBUG | .a.s.ParticipantScoreScheduleService : Scheduled task for exercise 3281 and participant 682 at 2025-02-14T23:47:28.667082708Z[Etc/UTC].
    23:47:28.567 | 446 ool-1-worker-210 | INFO  | i.z.t.d.l.EmbeddedDatabaseReporter   : JDBC URL to connect to 'dataSource': url='jdbc:h2:tcp://localhost:41063/mem:df70fc46-7e57-4cb5-9cd0-c1d90c14afa7;USER=sa', scope='ProgrammingAssessmentIntegrationTest#createManualProgrammingExerciseResult_resultPropertyMissing'
    23:47:28.569 | 446 ool-1-worker-210 | DEBUG | d.t.c.a.a.c.s.f.ApiVersionFilter     : Adding Version to Request PUT /api/participations/2176/manual-results
    23:47:28.569 | 446 ool-1-worker-210 | DEBUG | .a.p.w.ProgrammingAssessmentResource : REST request to save a new result : Result{idnull, completionDate=null, successful=null, score=null, rated=null, assessmentType=null, hasComplaint=null, testCaseCount=0, passedTestCaseCount=0, codeIssueCount=0}
    23:47:28.574 | 446 ool-1-worker-210 | ERROR | tech.jhipster.web.util.HeaderUtil    : Entity processing failed, Score is required.
    23:47:28.574 | 446 ool-1-worker-210 | WARN  | o.z.p.spring.common.AdviceTraits     : Bad Request: Score is required.
    23:47:28.576 | 446 ool-1-worker-210 | DEBUG | d.t.c.a.a.c.s.f.ApiVersionFilter     : Adding Version to Request PUT /api/participations/2176/manual-results
    23:47:28.576 | 446 ool-1-worker-210 | DEBUG | .a.p.w.ProgrammingAssessmentResource : REST request to save a new result : Result{idnull, completionDate=null, successful=null, score=null, rated=true, assessmentType=null, hasComplaint=null, testCaseCount=0, passedTestCaseCount=0, codeIssueCount=0}
    23:47:28.582 | 446 ool-1-worker-210 | ERROR | tech.jhipster.web.util.HeaderUtil    : Entity processing failed, Score is required.
    23:47:28.582 | 446 ool-1-worker-210 | WARN  | o.z.p.spring.common.AdviceTraits     : Bad Request: Score is required.
    23:47:28.583 | 446 ool-1-worker-210 | DEBUG | d.t.c.a.a.c.s.f.ApiVersionFilter     : Adding Version to Request PUT /api/participations/2176/manual-results
    23:47:28.587 | 446 ool-1-worker-210 | DEBUG | .a.p.w.ProgrammingAssessmentResource : REST request to save a new result : Result{idnull, completionDate=null, successful=null, score=null, rated=true, assessmentType=null, hasComplaint=null, testCaseCount=0, passedTestCaseCount=0, codeIssueCount=0}
    23:47:28.592 | 446 ool-1-worker-210 | ERROR | tech.jhipster.web.util.HeaderUtil    : Entity processing failed, Score is required.
    23:47:28.592 | 446 ool-1-worker-210 | WARN  | o.z.p.spring.common.AdviceTraits     : Bad Request: Score is required.
    23:47:28.594 | 446 ool-1-worker-210 | DEBUG | d.t.c.a.a.c.s.f.ApiVersionFilter     : Adding Version to Request PUT /api/participations/2176/manual-results
    23:47:28.594 | 446 ool-1-worker-210 | DEBUG | .a.p.w.ProgrammingAssessmentResource : REST request to save a new result : Result{idnull, completionDate=null, successful=null, score=null, rated=true, assessmentType=null, hasComplaint=null, testCaseCount=0, passedTestCaseCount=0, codeIssueCount=0}
    23:47:28.598 | 446 ool-1-worker-210 | ERROR | tech.jhipster.web.util.HeaderUtil    : Entity processing failed, Score is required.
    23:47:28.598 | 446 ool-1-worker-210 | WARN  | o.z.p.spring.common.AdviceTraits     : Bad Request: Score is required.
    23:47:28.601 | 446 ool-1-worker-210 | DEBUG | d.t.c.a.a.c.s.f.ApiVersionFilter     : Adding Version to Request PUT /api/participations/2176/manual-results
    23:47:28.602 | 446 ool-1-worker-210 | DEBUG | .a.p.w.ProgrammingAssessmentResource : REST request to save a new result : Result{idnull, completionDate=null, successful=null, score=null, rated=true, assessmentType=null, hasComplaint=null, testCaseCount=0, passedTestCaseCount=0, codeIssueCount=0}
    23:47:28.605 | 446 ool-1-worker-210 | ERROR | tech.jhipster.web.util.HeaderUtil    : Entity processing failed, Score is required.
    23:47:28.605 | 446 ool-1-worker-210 | WARN  | o.z.p.spring.common.AdviceTraits     : Bad Request: Score is required.

  Starting logs for ProgrammingAssessmentIntegrationTest > testOverrideAssessment_submitSameTutorPossible()
    23:47:28.620 | 446 ool-1-worker-210 | DEBUG | d.t.c.a.a.c.u.util.UserUtilService   : Generate 3 students...
    23:47:28.625 | 446 ool-1-worker-210 | DEBUG | d.t.c.a.a.c.u.util.UserUtilService   : 3 students generated. Generate 2 tutors...
    23:47:28.629 | 446 ool-1-worker-210 | DEBUG | d.t.c.a.a.c.u.util.UserUtilService   : 2 tutors generated. Generate 0 editors...
    23:47:28.630 | 446 ool-1-worker-210 | DEBUG | d.t.c.a.a.c.u.util.UserUtilService   : 0 editors generated. Generate 2 instructors...
    23:47:28.634 | 446 ool-1-worker-210 | DEBUG | d.t.c.a.a.c.u.util.UserUtilService   : 2 instructors generated
    23:47:28.636 | 446 ool-1-worker-210 | DEBUG | d.t.c.a.a.c.u.util.UserUtilService   : Removing 7 users from all courses...
    23:47:28.637 | 446 ool-1-worker-210 | DEBUG | d.t.c.a.a.c.u.util.UserUtilService   : Removing 7 users from all courses. Done
    23:47:28.637 | 446 ool-1-worker-210 | DEBUG | d.t.c.a.a.c.u.util.UserUtilService   : Save 7 users to database...
    23:47:28.642 | 446 ool-1-worker-210 | DEBUG | d.t.c.a.a.c.u.util.UserUtilService   : Save 7 users to database. Done
    23:47:28.678 | 446 ool-1-worker-210 | DEBUG | .c.s.m.InstanceMessageReceiveService : Received schedule participant score for exercise 3282 and participant 681 (result to be deleted: null)
    23:47:28.678 | 446 ool-1-worker-210 | DEBUG | .a.s.ParticipantScoreScheduleService : Scheduled task for exercise 3282 and participant 681 at 2025-02-14T23:47:28.778234449Z[Etc/UTC].
    23:47:28.690 | 446 ool-1-worker-210 | DEBUG | .c.s.m.InstanceMessageReceiveService : Received schedule participant score for exercise 3282 and participant 681 (result to be deleted: null)
    23:47:28.690 | 446 ool-1-worker-210 | DEBUG | .a.s.ParticipantScoreScheduleService : Scheduled task for exercise 3282 and participant 681 at 2025-02-14T23:47:28.790050375Z[Etc/UTC].
    23:47:28.693 | 446 ool-1-worker-210 | DEBUG | PersonalAccessTokenManagementService : Generate secure vcs access token
    23:47:28.696 | 446 ool-1-worker-210 | DEBUG | .c.s.m.InstanceMessageReceiveService : Received schedule participant score for exercise 3282 and participant 682 (result to be deleted: null)
    23:47:28.696 | 446 ool-1-worker-210 | DEBUG | .a.s.ParticipantScoreScheduleService : Scheduled task for exercise 3282 and participant 682 at 2025-02-14T23:47:28.796154219Z[Etc/UTC].
    23:47:28.705 | 446 ool-1-worker-210 | DEBUG | .c.s.m.InstanceMessageReceiveService : Received schedule participant score for exercise 3282 and participant 682 (result to be deleted: null)
    23:47:28.705 | 446 ool-1-worker-210 | DEBUG | .a.s.ParticipantScoreScheduleService : Scheduled task for exercise 3282 and participant 682 at 2025-02-14T23:47:28.805061400Z[Etc/UTC].
    23:47:28.728 | 446 ool-1-worker-210 | DEBUG | .c.s.m.InstanceMessageReceiveService : Received schedule participant score for exercise 3282 and participant 682 (result to be deleted: null)
    23:47:28.729 | 446 ool-1-worker-210 | DEBUG | .a.s.ParticipantScoreScheduleService : Scheduled task for exercise 3282 and participant 682 at 2025-02-14T23:47:28.829066919Z[Etc/UTC].
    23:47:28.736 | 446 ool-1-worker-210 | INFO  | i.z.t.d.l.EmbeddedDatabaseReporter   : JDBC URL to connect to 'dataSource': url='jdbc:h2:tcp://localhost:41063/mem:df70fc46-7e57-4cb5-9cd0-c1d90c14afa7;USER=sa', scope='ProgrammingAssessmentIntegrationTest#testOverrideAssessment_submitSameTutorPossible'
    23:47:28.740 | 446 ool-1-worker-210 | DEBUG | d.t.c.a.a.c.s.f.ApiVersionFilter     : Adding Version to Request PUT /api/participations/2179/manual-results
    23:47:28.741 | 446 ool-1-worker-210 | DEBUG | .a.p.w.ProgrammingAssessmentResource : REST request to save a new result : Result{id1272, completionDate=2025-02-14T23:47:28.737033506Z, successful=false, score=75.0, rated=true, assessmentType=SEMI_AUTOMATIC, hasComplaint=null, testCaseCount=0, passedTestCaseCount=0, codeIssueCount=0}
    23:47:28.750 | 446 ool-1-worker-210 | DEBUG | .c.s.m.InstanceMessageReceiveService : Received schedule participant score for exercise 3282 and participant 681 (result to be deleted: null)
    23:47:28.751 | 446 ool-1-worker-210 | DEBUG | .a.s.ParticipantScoreScheduleService : Scheduled task for exercise 3282 and participant 681 at 2025-02-14T23:47:28.851032604Z[Etc/UTC].
    23:47:28.764 | 446 ool-1-worker-210 | DEBUG | .c.s.m.InstanceMessageReceiveService : Received schedule participant score for exercise 3282 and participant 681 (result to be deleted: null)
    23:47:28.764 | 446 ool-1-worker-210 | DEBUG | .a.s.ParticipantScoreScheduleService : Scheduled task for exercise 3282 and participant 681 at 2025-02-14T23:47:28.864224896Z[Etc/UTC].

  Starting logs for ProgrammingAssessmentIntegrationTest > createManualProgrammingExerciseResult_IncludedCompletelyWithoutBonusPointsExercise()
    23:47:28.790 | 446 ool-1-worker-210 | DEBUG | d.t.c.a.a.c.u.util.UserUtilService   : Generate 3 students...
    23:47:28.798 | 446 ool-1-worker-210 | DEBUG | d.t.c.a.a.c.u.util.UserUtilService   : 3 students generated. Generate 2 tutors...
    23:47:28.804 | 446 ool-1-worker-210 | DEBUG | d.t.c.a.a.c.u.util.UserUtilService   : 2 tutors generated. Generate 0 editors...
    23:47:28.806 | 446 ool-1-worker-210 | DEBUG | d.t.c.a.a.c.u.util.UserUtilService   : 0 editors generated. Generate 2 instructors...
    23:47:28.811 | 446 ool-1-worker-210 | DEBUG | d.t.c.a.a.c.u.util.UserUtilService   : 2 instructors generated
    23:47:28.813 | 446 ool-1-worker-210 | DEBUG | d.t.c.a.a.c.u.util.UserUtilService   : Removing 7 users from all courses...
    23:47:28.814 | 446 ool-1-worker-210 | DEBUG | d.t.c.a.a.c.u.util.UserUtilService   : Removing 7 users from all courses. Done
    23:47:28.814 | 446 ool-1-worker-210 | DEBUG | d.t.c.a.a.c.u.util.UserUtilService   : Save 7 users to database...
    23:47:28.819 | 446 ool-1-worker-210 | DEBUG | d.t.c.a.a.c.u.util.UserUtilService   : Save 7 users to database. Done
    23:47:28.845 | 446 ool-1-worker-210 | DEBUG | .c.s.m.InstanceMessageReceiveService : Received schedule participant score for exercise 3283 and participant 681 (result to be deleted: null)
    23:47:28.845 | 446 ool-1-worker-210 | DEBUG | .a.s.ParticipantScoreScheduleService : Scheduled task for exercise 3283 and participant 681 at 2025-02-14T23:47:28.945159362Z[Etc/UTC].
    23:47:28.856 | 446 ool-1-worker-210 | DEBUG | .c.s.m.InstanceMessageReceiveService : Received schedule participant score for exercise 3283 and participant 681 (result to be deleted: null)
    23:47:28.856 | 446 ool-1-worker-210 | DEBUG | .a.s.ParticipantScoreScheduleService : Scheduled task for exercise 3283 and participant 681 at 2025-02-14T23:47:28.956778851Z[Etc/UTC].
    23:47:28.860 | 446 ool-1-worker-210 | DEBUG | PersonalAccessTokenManagementService : Generate secure vcs access token
    23:47:28.862 | 446 ool-1-worker-210 | DEBUG | .c.s.m.InstanceMessageReceiveService : Received schedule participant score for exercise 3283 and participant 682 (result to be deleted: null)
    23:47:28.862 | 446 ool-1-worker-210 | DEBUG | .a.s.ParticipantScoreScheduleService : Scheduled task for exercise 3283 and participant 682 at 2025-02-14T23:47:28.962589017Z[Etc/UTC].
    23:47:28.869 | 446 ool-1-worker-210 | DEBUG | .c.s.m.InstanceMessageReceiveService : Received schedule participant score for exercise 3283 and participant 682 (result to be deleted: null)
    23:47:28.870 | 446 ool-1-worker-210 | DEBUG | .a.s.ParticipantScoreScheduleService : Scheduled task for exercise 3283 and participant 682 at 2025-02-14T23:47:28.970040664Z[Etc/UTC].
    23:47:28.882 | 446 ool-1-worker-210 | DEBUG | .c.s.m.InstanceMessageReceiveService : Received schedule participant score for exercise 3283 and participant 682 (result to be deleted: null)
    23:47:28.882 | 446 ool-1-worker-210 | DEBUG | .a.s.ParticipantScoreScheduleService : Scheduled task for exercise 3283 and participant 682 at 2025-02-14T23:47:28.982625093Z[Etc/UTC].
    23:47:28.883 | 446 ool-1-worker-210 | INFO  | i.z.t.d.l.EmbeddedDatabaseReporter   : JDBC URL to connect to 'dataSource': url='jdbc:h2:tcp://localhost:41063/mem:df70fc46-7e57-4cb5-9cd0-c1d90c14afa7;USER=sa', scope='ProgrammingAssessmentIntegrationTest#createManualProgrammingExerciseResult_IncludedCompletelyWithoutBonusPointsExercise'
    23:47:28.886 | 446 ool-1-worker-210 | DEBUG | d.t.c.a.a.c.s.f.ApiVersionFilter     : Adding Version to Request PUT /api/participations/2184/manual-results
    23:47:28.887 | 446 ool-1-worker-210 | DEBUG | .a.p.w.ProgrammingAssessmentResource : REST request to save a new result : Result{idnull, completionDate=null, successful=false, score=0.0, rated=true, assessmentType=SEMI_AUTOMATIC, hasComplaint=null, testCaseCount=0, passedTestCaseCount=0, codeIssueCount=0}
    23:47:28.905 | 446 ool-1-worker-210 | DEBUG | .c.s.m.InstanceMessageReceiveService : Received schedule participant score for exercise 3283 and participant 682 (result to be deleted: null)
    23:47:28.905 | 446 ool-1-worker-210 | DEBUG | .a.s.ParticipantScoreScheduleService : Scheduled task for exercise 3283 and participant 682 at 2025-02-14T23:47:29.005332541Z[Etc/UTC].
    23:47:28.920 | 446 ool-1-worker-210 | DEBUG | .c.s.m.InstanceMessageReceiveService : Received schedule participant score for exercise 3283 and participant 682 (result to be deleted: null)
    23:47:28.920 | 446 ool-1-worker-210 | DEBUG | .a.s.ParticipantScoreScheduleService : Scheduled task for exercise 3283 and participant 682 at 2025-02-14T23:47:29.020084222Z[Etc/UTC].
    23:47:28.926 | 446 ool-1-worker-210 | DEBUG | .c.s.m.InstanceMessageReceiveService : Received schedule participant score for exercise 3283 and participant 682 (result to be deleted: null)
    23:47:28.926 | 446 ool-1-worker-210 | DEBUG | .a.s.ParticipantScoreScheduleService : Scheduled task for exercise 3283 and participant 682 at 2025-02-14T23:47:29.026508814Z[Etc/UTC].
    23:47:28.952 | 446 ool-1-worker-210 | DEBUG | d.t.c.a.a.c.s.f.ApiVersionFilter     : Adding Version to Request PUT /api/participations/2184/manual-results
    23:47:28.953 | 446 ool-1-worker-210 | DEBUG | .a.p.w.ProgrammingAssessmentResource : REST request to save a new result : Result{idnull, completionDate=null, successful=false, score=0.0, rated=true, assessmentType=SEMI_AUTOMATIC, hasComplaint=null, testCaseCount=0, passedTestCaseCount=0, codeIssueCount=0}
    23:47:28.956 | 664 taskScheduler-2  | DEBUG | .a.s.ParticipantScoreScheduleService : Processing exercise 3283 and participant 681 to update participant scores.
    23:47:28.968 | 446 ool-1-worker-210 | DEBUG | .c.s.m.InstanceMessageReceiveService : Received schedule participant score for exercise 3283 and participant 682 (result to be deleted: null)
    23:47:28.968 | 446 ool-1-worker-210 | DEBUG | .a.s.ParticipantScoreScheduleService : Scheduled task for exercise 3283 and participant 682 at 2025-02-14T23:47:29.068068520Z[Etc/UTC].
    23:47:28.969 | 664 taskScheduler-2  | DEBUG | .a.s.ParticipantScoreScheduleService : Updated participant score 84.
    23:47:28.972 | 664 taskScheduler-2  | DEBUG | .a.s.ParticipantScoreScheduleService : Updating the participant score for exercise 3283 and participant 681 took 16 ms.
    23:47:28.980 | 446 ool-1-worker-210 | DEBUG | .c.s.m.InstanceMessageReceiveService : Received schedule participant score for exercise 3283 and participant 682 (result to be deleted: null)
    23:47:28.980 | 446 ool-1-worker-210 | DEBUG | .a.s.ParticipantScoreScheduleService : Scheduled task for exercise 3283 and participant 682 at 2025-02-14T23:47:29.080439363Z[Etc/UTC].
    23:47:28.984 | 446 ool-1-worker-210 | DEBUG | .c.s.m.InstanceMessageReceiveService : Received schedule participant score for exercise 3283 and participant 682 (result to be deleted: null)
    23:47:28.984 | 446 ool-1-worker-210 | DEBUG | .a.s.ParticipantScoreScheduleService : Scheduled task for exercise 3283 and participant 682 at 2025-02-14T23:47:29.084301496Z[Etc/UTC].
    23:47:28.995 | 446 ool-1-worker-210 | DEBUG | d.t.c.a.a.c.s.f.ApiVersionFilter     : Adding Version to Request PUT /api/participations/2184/manual-results
    23:47:28.996 | 446 ool-1-worker-210 | DEBUG | .a.p.w.ProgrammingAssessmentResource : REST request to save a new result : Result{idnull, completionDate=null, successful=false, score=0.0, rated=true, assessmentType=SEMI_AUTOMATIC, hasComplaint=null, testCaseCount=0, passedTestCaseCount=0, codeIssueCount=0}
    23:47:29.014 | 446 ool-1-worker-210 | DEBUG | .c.s.m.InstanceMessageReceiveService : Received schedule participant score for exercise 3283 and participant 682 (result to be deleted: null)
    23:47:29.014 | 446 ool-1-worker-210 | DEBUG | .a.s.ParticipantScoreScheduleService : Scheduled task for exercise 3283 and participant 682 at 2025-02-14T23:47:29.114320416Z[Etc/UTC].
    23:47:29.035 | 446 ool-1-worker-210 | DEBUG | .c.s.m.InstanceMessageReceiveService : Received schedule participant score for exercise 3283 and participant 682 (result to be deleted: null)
    23:47:29.035 | 446 ool-1-worker-210 | DEBUG | .a.s.ParticipantScoreScheduleService : Scheduled task for exercise 3283 and participant 682 at 2025-02-14T23:47:29.135098185Z[Etc/UTC].
    23:47:29.041 | 446 ool-1-worker-210 | DEBUG | .c.s.m.InstanceMessageReceiveService : Received schedule participant score for exercise 3283 and participant 682 (result to be deleted: null)
    23:47:29.042 | 446 ool-1-worker-210 | DEBUG | .a.s.ParticipantScoreScheduleService : Scheduled task for exercise 3283 and participant 682 at 2025-02-14T23:47:29.142019172Z[Etc/UTC].
    23:47:29.061 | 446 ool-1-worker-210 | DEBUG | d.t.c.a.a.c.s.f.ApiVersionFilter     : Adding Version to Request PUT /api/participations/2184/manual-results
    23:47:29.064 | 446 ool-1-worker-210 | DEBUG | .a.p.w.ProgrammingAssessmentResource : REST request to save a new result : Result{idnull, completionDate=null, successful=false, score=50.0, rated=true, assessmentType=SEMI_AUTOMATIC, hasComplaint=null, testCaseCount=0, passedTestCaseCount=0, codeIssueCount=0}
    23:47:29.086 | 446 ool-1-worker-210 | DEBUG | .c.s.m.InstanceMessageReceiveService : Received schedule participant score for exercise 3283 and participant 682 (result to be deleted: null)
    23:47:29.086 | 446 ool-1-worker-210 | DEBUG | .a.s.ParticipantScoreScheduleService : Scheduled task for exercise 3283 and participant 682 at 2025-02-14T23:47:29.186563128Z[Etc/UTC].
    23:47:29.111 | 446 ool-1-worker-210 | DEBUG | .c.s.m.InstanceMessageReceiveService : Received schedule participant score for exercise 3283 and participant 682 (result to be deleted: null)
    23:47:29.111 | 446 ool-1-worker-210 | DEBUG | .a.s.ParticipantScoreScheduleService : Scheduled task for exercise 3283 and participant 682 at 2025-02-14T23:47:29.211792339Z[Etc/UTC].
    23:47:29.117 | 446 ool-1-worker-210 | DEBUG | .c.s.m.InstanceMessageReceiveService : Received schedule participant score for exercise 3283 and participant 682 (result to be deleted: null)
    23:47:29.117 | 446 ool-1-worker-210 | DEBUG | .a.s.ParticipantScoreScheduleService : Scheduled task for exercise 3283 and participant 682 at 2025-02-14T23:47:29.217435673Z[Etc/UTC].
    23:47:29.129 | 446 ool-1-worker-210 | DEBUG | d.t.c.a.a.c.s.f.ApiVersionFilter     : Adding Version to Request PUT /api/participations/2184/manual-results
    23:47:29.130 | 446 ool-1-worker-210 | DEBUG | .a.p.w.ProgrammingAssessmentResource : REST request to save a new result : Result{idnull, completionDate=null, successful=true, score=100.0, rated=true, assessmentType=SEMI_AUTOMATIC, hasComplaint=null, testCaseCount=0, passedTestCaseCount=0, codeIssueCount=0}
    23:47:29.141 | 446 ool-1-worker-210 | DEBUG | .c.s.m.InstanceMessageReceiveService : Received schedule participant score for exercise 3283 and participant 682 (result to be deleted: null)
    23:47:29.141 | 446 ool-1-worker-210 | DEBUG | .a.s.ParticipantScoreScheduleService : Scheduled task for exercise 3283 and participant 682 at 2025-02-14T23:47:29.241405666Z[Etc/UTC].
    23:47:29.155 | 446 ool-1-worker-210 | DEBUG | .c.s.m.InstanceMessageReceiveService : Received schedule participant score for exercise 3283 and participant 682 (result to be deleted: null)
    23:47:29.156 | 446 ool-1-worker-210 | DEBUG | .a.s.ParticipantScoreScheduleService : Scheduled task for exercise 3283 and participant 682 at 2025-02-14T23:47:29.256011034Z[Etc/UTC].
    23:47:29.159 | 446 ool-1-worker-210 | DEBUG | .c.s.m.InstanceMessageReceiveService : Received schedule participant score for exercise 3283 and participant 682 (result to be deleted: null)
    23:47:29.159 | 446 ool-1-worker-210 | DEBUG | .a.s.ParticipantScoreScheduleService : Scheduled task for exercise 3283 and participant 682 at 2025-02-14T23:47:29.259710543Z[Etc/UTC].
    23:47:29.183 | 446 ool-1-worker-210 | DEBUG | d.t.c.a.a.c.s.f.ApiVersionFilter     : Adding Version to Request PUT /api/participations/2184/manual-results
    23:47:29.184 | 446 ool-1-worker-210 | DEBUG | .a.p.w.ProgrammingAssessmentResource : REST request to save a new result : Result{idnull, completionDate=null, successful=true, score=100.0, rated=true, assessmentType=SEMI_AUTOMATIC, hasComplaint=null, testCaseCount=0, passedTestCaseCount=0, codeIssueCount=0}
    23:47:29.208 | 446 ool-1-worker-210 | DEBUG | .c.s.m.InstanceMessageReceiveService : Received schedule participant score for exercise 3283 and participant 682 (result to be deleted: null)
    23:47:29.208 | 446 ool-1-worker-210 | DEBUG | .a.s.ParticipantScoreScheduleService : Scheduled task for exercise 3283 and participant 682 at 2025-02-14T23:47:29.308975479Z[Etc/UTC].
    23:47:29.236 | 446 ool-1-worker-210 | DEBUG | .c.s.m.InstanceMessageReceiveService : Received schedule participant score for exercise 3283 and participant 682 (result to be deleted: null)
    23:47:29.236 | 446 ool-1-worker-210 | DEBUG | .a.s.ParticipantScoreScheduleService : Scheduled task for exercise 3283 and participant 682 at 2025-02-14T23:47:29.336710722Z[Etc/UTC].
    23:47:29.245 | 446 ool-1-worker-210 | DEBUG | .c.s.m.InstanceMessageReceiveService : Received schedule participant score for exercise 3283 and participant 682 (result to be deleted: null)
    23:47:29.245 | 446 ool-1-worker-210 | DEBUG | .a.s.ParticipantScoreScheduleService : Scheduled task for exercise 3283 and participant 682 at 2025-02-14T23:47:29.345951167Z[Etc/UTC].

  Starting logs for ProgrammingAssessmentIntegrationTest > createManualProgrammingExerciseResult_withResultOver100Percent()
    23:47:29.270 | 446 ool-1-worker-210 | DEBUG | d.t.c.a.a.c.u.util.UserUtilService   : Generate 3 students...
    23:47:29.281 | 446 ool-1-worker-210 | DEBUG | d.t.c.a.a.c.u.util.UserUtilService   : 3 students generated. Generate 2 tutors...
    23:47:29.290 | 446 ool-1-worker-210 | DEBUG | d.t.c.a.a.c.u.util.UserUtilService   : 2 tutors generated. Generate 0 editors...
    23:47:29.294 | 446 ool-1-worker-210 | DEBUG | d.t.c.a.a.c.u.util.UserUtilService   : 0 editors generated. Generate 2 instructors...
    23:47:29.314 | 446 ool-1-worker-210 | DEBUG | d.t.c.a.a.c.u.util.UserUtilService   : 2 instructors generated
    23:47:29.318 | 446 ool-1-worker-210 | DEBUG | d.t.c.a.a.c.u.util.UserUtilService   : Removing 7 users from all courses...
    23:47:29.319 | 446 ool-1-worker-210 | DEBUG | d.t.c.a.a.c.u.util.UserUtilService   : Removing 7 users from all courses. Done
    23:47:29.319 | 446 ool-1-worker-210 | DEBUG | d.t.c.a.a.c.u.util.UserUtilService   : Save 7 users to database...
    23:47:29.331 | 446 ool-1-worker-210 | DEBUG | d.t.c.a.a.c.u.util.UserUtilService   : Save 7 users to database. Done
    23:47:29.381 | 446 ool-1-worker-210 | DEBUG | .c.s.m.InstanceMessageReceiveService : Received schedule participant score for exercise 3284 and participant 681 (result to be deleted: null)
    23:47:29.381 | 446 ool-1-worker-210 | DEBUG | .a.s.ParticipantScoreScheduleService : Scheduled task for exercise 3284 and participant 681 at 2025-02-14T23:47:29.481891948Z[Etc/UTC].
    23:47:29.393 | 446 ool-1-worker-210 | DEBUG | .c.s.m.InstanceMessageReceiveService : Received schedule participant score for exercise 3284 and participant 681 (result to be deleted: null)
    23:47:29.393 | 446 ool-1-worker-210 | DEBUG | .a.s.ParticipantScoreScheduleService : Scheduled task for exercise 3284 and participant 681 at 2025-02-14T23:47:29.493289173Z[Etc/UTC].
    23:47:29.397 | 446 ool-1-worker-210 | DEBUG | PersonalAccessTokenManagementService : Generate secure vcs access token
    23:47:29.399 | 446 ool-1-worker-210 | DEBUG | .c.s.m.InstanceMessageReceiveService : Received schedule participant score for exercise 3284 and participant 682 (result to be deleted: null)
    23:47:29.399 | 446 ool-1-worker-210 | DEBUG | .a.s.ParticipantScoreScheduleService : Scheduled task for exercise 3284 and participant 682 at 2025-02-14T23:47:29.499834580Z[Etc/UTC].
    23:47:29.407 | 446 ool-1-worker-210 | DEBUG | .c.s.m.InstanceMessageReceiveService : Received schedule participant score for exercise 3284 and participant 682 (result to be deleted: null)
    23:47:29.407 | 446 ool-1-worker-210 | DEBUG | .a.s.ParticipantScoreScheduleService : Scheduled task for exercise 3284 and participant 682 at 2025-02-14T23:47:29.507963660Z[Etc/UTC].
    23:47:29.442 | 446 ool-1-worker-210 | DEBUG | .c.s.m.InstanceMessageReceiveService : Received schedule participant score for exercise 3284 and participant 682 (result to be deleted: null)
    23:47:29.442 | 446 ool-1-worker-210 | DEBUG | .a.s.ParticipantScoreScheduleService : Scheduled task for exercise 3284 and participant 682 at 2025-02-14T23:47:29.542871411Z[Etc/UTC].
    23:47:29.443 | 446 ool-1-worker-210 | INFO  | i.z.t.d.l.EmbeddedDatabaseReporter   : JDBC URL to connect to 'dataSource': url='jdbc:h2:tcp://localhost:41063/mem:df70fc46-7e57-4cb5-9cd0-c1d90c14afa7;USER=sa', scope='ProgrammingAssessmentIntegrationTest#createManualProgrammingExerciseResult_withResultOver100Percent'
    23:47:29.447 | 446 ool-1-worker-210 | DEBUG | d.t.c.a.a.c.s.f.ApiVersionFilter     : Adding Version to Request PUT /api/participations/2188/manual-results
    23:47:29.451 | 446 ool-1-worker-210 | DEBUG | .a.p.w.ProgrammingAssessmentResource : REST request to save a new result : Result{idnull, completionDate=null, successful=true, score=105.0, rated=true, assessmentType=SEMI_AUTOMATIC, hasComplaint=null, testCaseCount=0, passedTestCaseCount=0, codeIssueCount=0}
    23:47:29.475 | 446 ool-1-worker-210 | DEBUG | .c.s.m.InstanceMessageReceiveService : Received schedule participant score for exercise 3284 and participant 682 (result to be deleted: null)
    23:47:29.475 | 446 ool-1-worker-210 | DEBUG | .a.s.ParticipantScoreScheduleService : Scheduled task for exercise 3284 and participant 682 at 2025-02-14T23:47:29.575579670Z[Etc/UTC].
    23:47:29.493 | 664 taskScheduler-2  | DEBUG | .a.s.ParticipantScoreScheduleService : Processing exercise 3284 and participant 681 to update participant scores.
    23:47:29.500 | 664 taskScheduler-2  | DEBUG | .a.s.ParticipantScoreScheduleService : Updated participant score 85.
    23:47:29.500 | 446 ool-1-worker-210 | DEBUG | .c.s.m.InstanceMessageReceiveService : Received schedule participant score for exercise 3284 and participant 682 (result to be deleted: null)
    23:47:29.500 | 446 ool-1-worker-210 | DEBUG | .a.s.ParticipantScoreScheduleService : Scheduled task for exercise 3284 and participant 682 at 2025-02-14T23:47:29.600272531Z[Etc/UTC].
    23:47:29.509 | 664 taskScheduler-2  | DEBUG | .a.s.ParticipantScoreScheduleService : Updating the participant score for exercise 3284 and participant 681 took 16 ms.
    23:47:29.509 | 446 ool-1-worker-210 | DEBUG | .c.s.m.InstanceMessageReceiveService : Received schedule participant score for exercise 3284 and participant 682 (result to be deleted: null)
    23:47:29.509 | 446 ool-1-worker-210 | DEBUG | .a.s.ParticipantScoreScheduleService : Scheduled task for exercise 3284 and participant 682 at 2025-02-14T23:47:29.609897300Z[Etc/UTC].
    23:47:29.531 | 446 ool-1-worker-210 | DEBUG | d.t.c.a.a.c.s.f.ApiVersionFilter     : Adding Version to Request PUT /api/participations/2188/manual-results
    23:47:29.532 | 446 ool-1-worker-210 | DEBUG | .a.p.w.ProgrammingAssessmentResource : REST request to save a new result : Result{idnull, completionDate=null, successful=true, score=110.0, rated=true, assessmentType=SEMI_AUTOMATIC, hasComplaint=null, testCaseCount=0, passedTestCaseCount=0, codeIssueCount=0}
    23:47:29.549 | 446 ool-1-worker-210 | DEBUG | .c.s.m.InstanceMessageReceiveService : Received schedule participant score for exercise 3284 and participant 682 (result to be deleted: null)
    23:47:29.549 | 446 ool-1-worker-210 | DEBUG | .a.s.ParticipantScoreScheduleService : Scheduled task for exercise 3284 and participant 682 at 2025-02-14T23:47:29.649911905Z[Etc/UTC].
    23:47:29.566 | 446 ool-1-worker-210 | DEBUG | .c.s.m.InstanceMessageReceiveService : Received schedule participant score for exercise 3284 and participant 682 (result to be deleted: null)
    23:47:29.566 | 446 ool-1-worker-210 | DEBUG | .a.s.ParticipantScoreScheduleService : Scheduled task for exercise 3284 and participant 682 at 2025-02-14T23:47:29.666508807Z[Etc/UTC].
    23:47:29.569 | 446 ool-1-worker-210 | DEBUG | .c.s.m.InstanceMessageReceiveService : Received schedule participant score for exercise 3284 and participant 682 (result to be deleted: null)
    23:47:29.569 | 446 ool-1-worker-210 | DEBUG | .a.s.ParticipantScoreScheduleService : Scheduled task for exercise 3284 and participant 682 at 2025-02-14T23:47:29.669660034Z[Etc/UTC].

  Starting logs for ProgrammingAssessmentIntegrationTest > unlockFeedbackRequestAfterAssessment()
    23:47:29.595 | 446 ool-1-worker-210 | DEBUG | d.t.c.a.a.c.u.util.UserUtilService   : Generate 3 students...
    23:47:29.600 | 446 ool-1-worker-210 | DEBUG | d.t.c.a.a.c.u.util.UserUtilService   : 3 students generated. Generate 2 tutors...
    23:47:29.604 | 446 ool-1-worker-210 | DEBUG | d.t.c.a.a.c.u.util.UserUtilService   : 2 tutors generated. Generate 0 editors...
    23:47:29.605 | 446 ool-1-worker-210 | DEBUG | d.t.c.a.a.c.u.util.UserUtilService   : 0 editors generated. Generate 2 instructors...
    23:47:29.610 | 446 ool-1-worker-210 | DEBUG | d.t.c.a.a.c.u.util.UserUtilService   : 2 instructors generated
    23:47:29.612 | 446 ool-1-worker-210 | DEBUG | d.t.c.a.a.c.u.util.UserUtilService   : Removing 7 users from all courses...
    23:47:29.615 | 446 ool-1-worker-210 | DEBUG | d.t.c.a.a.c.u.util.UserUtilService   : Removing 7 users from all courses. Done
    23:47:29.615 | 446 ool-1-worker-210 | DEBUG | d.t.c.a.a.c.u.util.UserUtilService   : Save 7 users to database...
    23:47:29.619 | 446 ool-1-worker-210 | DEBUG | d.t.c.a.a.c.u.util.UserUtilService   : Save 7 users to database. Done
    23:47:29.649 | 446 ool-1-worker-210 | DEBUG | .c.s.m.InstanceMessageReceiveService : Received schedule participant score for exercise 3285 and participant 681 (result to be deleted: null)
    23:47:29.649 | 446 ool-1-worker-210 | DEBUG | .a.s.ParticipantScoreScheduleService : Scheduled task for exercise 3285 and participant 681 at 2025-02-14T23:47:29.749741181Z[Etc/UTC].
    23:47:29.678 | 446 ool-1-worker-210 | DEBUG | .c.s.m.InstanceMessageReceiveService : Received schedule participant score for exercise 3285 and participant 681 (result to be deleted: null)
    23:47:29.678 | 446 ool-1-worker-210 | DEBUG | .a.s.ParticipantScoreScheduleService : Scheduled task for exercise 3285 and participant 681 at 2025-02-14T23:47:29.778316272Z[Etc/UTC].
    23:47:29.685 | 446 ool-1-worker-210 | DEBUG | PersonalAccessTokenManagementService : Generate secure vcs access token
    23:47:29.690 | 446 ool-1-worker-210 | DEBUG | .c.s.m.InstanceMessageReceiveService : Received schedule participant score for exercise 3285 and participant 682 (result to be deleted: null)
    23:47:29.690 | 446 ool-1-worker-210 | DEBUG | .a.s.ParticipantScoreScheduleService : Scheduled task for exercise 3285 and participant 682 at 2025-02-14T23:47:29.790677434Z[Etc/UTC].
    23:47:29.706 | 446 ool-1-worker-210 | DEBUG | .c.s.m.InstanceMessageReceiveService : Received schedule participant score for exercise 3285 and participant 682 (result to be deleted: null)
    23:47:29.706 | 446 ool-1-worker-210 | DEBUG | .a.s.ParticipantScoreScheduleService : Scheduled task for exercise 3285 and participant 682 at 2025-02-14T23:47:29.806714863Z[Etc/UTC].
    23:47:29.723 | 446 ool-1-worker-210 | DEBUG | .c.s.m.InstanceMessageReceiveService : Received schedule participant score for exercise 3285 and participant 682 (result to be deleted: null)
    23:47:29.723 | 446 ool-1-worker-210 | DEBUG | .a.s.ParticipantScoreScheduleService : Scheduled task for exercise 3285 and participant 682 at 2025-02-14T23:47:29.823448761Z[Etc/UTC].
    23:47:29.724 | 446 ool-1-worker-210 | INFO  | i.z.t.d.l.EmbeddedDatabaseReporter   : JDBC URL to connect to 'dataSource': url='jdbc:h2:tcp://localhost:41063/mem:df70fc46-7e57-4cb5-9cd0-c1d90c14afa7;USER=sa', scope='ProgrammingAssessmentIntegrationTest#unlockFeedbackRequestAfterAssessment'
    23:47:29.745 | 446 ool-1-worker-210 | DEBUG | .c.s.m.InstanceMessageReceiveService : Received schedule participant score for exercise 3285 and participant 682 (result to be deleted: null)
    23:47:29.745 | 446 ool-1-worker-210 | DEBUG | .a.s.ParticipantScoreScheduleService : Scheduled task for exercise 3285 and participant 682 at 2025-02-14T23:47:29.845914528Z[Etc/UTC].
    23:47:29.748 | 446 ool-1-worker-210 | DEBUG | d.t.c.a.a.c.s.f.ApiVersionFilter     : Adding Version to Request PUT /api/participations/2192/manual-results
    23:47:29.749 | 446 ool-1-worker-210 | DEBUG | .a.p.w.ProgrammingAssessmentResource : REST request to save a new result : Result{id1279, completionDate=null, successful=true, score=100.0, rated=null, assessmentType=SEMI_AUTOMATIC, hasComplaint=null, testCaseCount=0, passedTestCaseCount=0, codeIssueCount=0}
    23:47:29.755 | 446 ool-1-worker-210 | DEBUG | .c.s.m.InstanceMessageReceiveService : Received schedule participant score for exercise 3285 and participant 682 (result to be deleted: null)
    23:47:29.755 | 446 ool-1-worker-210 | DEBUG | .a.s.ParticipantScoreScheduleService : Scheduled task for exercise 3285 and participant 682 at 2025-02-14T23:47:29.855806155Z[Etc/UTC].
    23:47:29.763 | 446 ool-1-worker-210 | DEBUG | .c.s.m.InstanceMessageReceiveService : Received schedule participant score for exercise 3285 and participant 682 (result to be deleted: null)
    23:47:29.763 | 446 ool-1-worker-210 | DEBUG | .a.s.ParticipantScoreScheduleService : Scheduled task for exercise 3285 and participant 682 at 2025-02-14T23:47:29.863148949Z[Etc/UTC].
    23:47:29.765 | 446 ool-1-worker-210 | DEBUG | .c.s.m.InstanceMessageReceiveService : Received schedule participant score for exercise 3285 and participant 682 (result to be deleted: null)
    23:47:29.765 | 446 ool-1-worker-210 | DEBUG | .a.s.ParticipantScoreScheduleService : Scheduled task for exercise 3285 and participant 682 at 2025-02-14T23:47:29.865657748Z[Etc/UTC].
    23:47:29.778 | 666 taskScheduler-4  | DEBUG | .a.s.ParticipantScoreScheduleService : Processing exercise 3285 and participant 681 to update participant scores.
    23:47:29.784 | 666 taskScheduler-4  | DEBUG | .a.s.ParticipantScoreScheduleService : Updated participant score 86.
    23:47:29.789 | 666 taskScheduler-4  | DEBUG | .a.s.ParticipantScoreScheduleService : Updating the participant score for exercise 3285 and participant 681 took 11 ms.

  Starting logs for ProgrammingAssessmentIntegrationTest > cancelAssessmentOfOtherTutorAsTutor()
    23:47:29.810 | 446 ool-1-worker-210 | DEBUG | d.t.c.a.a.c.u.util.UserUtilService   : Generate 3 students...
    23:47:29.816 | 446 ool-1-worker-210 | DEBUG | d.t.c.a.a.c.u.util.UserUtilService   : 3 students generated. Generate 2 tutors...
    23:47:29.819 | 446 ool-1-worker-210 | DEBUG | d.t.c.a.a.c.u.util.UserUtilService   : 2 tutors generated. Generate 0 editors...
    23:47:29.821 | 446 ool-1-worker-210 | DEBUG | d.t.c.a.a.c.u.util.UserUtilService   : 0 editors generated. Generate 2 instructors...
    23:47:29.825 | 446 ool-1-worker-210 | DEBUG | d.t.c.a.a.c.u.util.UserUtilService   : 2 instructors generated
    23:47:29.827 | 446 ool-1-worker-210 | DEBUG | d.t.c.a.a.c.u.util.UserUtilService   : Removing 7 users from all courses...
    23:47:29.829 | 446 ool-1-worker-210 | DEBUG | d.t.c.a.a.c.u.util.UserUtilService   : Removing 7 users from all courses. Done
    23:47:29.829 | 446 ool-1-worker-210 | DEBUG | d.t.c.a.a.c.u.util.UserUtilService   : Save 7 users to database...
    23:47:29.835 | 446 ool-1-worker-210 | DEBUG | d.t.c.a.a.c.u.util.UserUtilService   : Save 7 users to database. Done
    23:47:30.009 | 446 ool-1-worker-210 | DEBUG | .c.s.m.InstanceMessageReceiveService : Received schedule participant score for exercise 3286 and participant 681 (result to be deleted: null)
    23:47:30.009 | 446 ool-1-worker-210 | DEBUG | .a.s.ParticipantScoreScheduleService : Scheduled task for exercise 3286 and participant 681 at 2025-02-14T23:47:30.109256923Z[Etc/UTC].
    23:47:30.041 | 446 ool-1-worker-210 | DEBUG | .c.s.m.InstanceMessageReceiveService : Received schedule participant score for exercise 3286 and participant 681 (result to be deleted: null)
    23:47:30.041 | 446 ool-1-worker-210 | DEBUG | .a.s.ParticipantScoreScheduleService : Scheduled task for exercise 3286 and participant 681 at 2025-02-14T23:47:30.141437268Z[Etc/UTC].
    23:47:30.048 | 446 ool-1-worker-210 | DEBUG | PersonalAccessTokenManagementService : Generate secure vcs access token
    23:47:30.053 | 446 ool-1-worker-210 | DEBUG | .c.s.m.InstanceMessageReceiveService : Received schedule participant score for exercise 3286 and participant 682 (result to be deleted: null)
    23:47:30.054 | 446 ool-1-worker-210 | DEBUG | .a.s.ParticipantScoreScheduleService : Scheduled task for exercise 3286 and participant 682 at 2025-02-14T23:47:30.154022508Z[Etc/UTC].
    23:47:30.072 | 446 ool-1-worker-210 | DEBUG | .c.s.m.InstanceMessageReceiveService : Received schedule participant score for exercise 3286 and participant 682 (result to be deleted: null)
    23:47:30.072 | 446 ool-1-worker-210 | DEBUG | .a.s.ParticipantScoreScheduleService : Scheduled task for exercise 3286 and participant 682 at 2025-02-14T23:47:30.172437070Z[Etc/UTC].
    23:47:30.088 | 116 pool-19-thread-4 | ERROR | d.t.c.a.a.core.service.FileService   : Deleting the file path did not work because it does not exist
    23:47:30.102 | 446 ool-1-worker-210 | DEBUG | .c.s.m.InstanceMessageReceiveService : Received schedule participant score for exercise 3286 and participant 682 (result to be deleted: null)
    23:47:30.102 | 446 ool-1-worker-210 | DEBUG | .a.s.ParticipantScoreScheduleService : Scheduled task for exercise 3286 and participant 682 at 2025-02-14T23:47:30.202899832Z[Etc/UTC].
    23:47:30.104 | 446 ool-1-worker-210 | INFO  | i.z.t.d.l.EmbeddedDatabaseReporter   : JDBC URL to connect to 'dataSource': url='jdbc:h2:tcp://localhost:41063/mem:df70fc46-7e57-4cb5-9cd0-c1d90c14afa7;USER=sa', scope='ProgrammingAssessmentIntegrationTest#cancelAssessmentOfOtherTutorAsTutor'
    23:47:30.127 | 446 ool-1-worker-210 | DEBUG | .c.s.m.InstanceMessageReceiveService : Received schedule participant score for exercise 3286 and participant 681 (result to be deleted: null)
[...]
    23:47:35.558 | 446 ool-1-worker-210 | DEBUG | .a.s.ParticipantScoreScheduleService : Scheduled task for exercise 3313 and participant 681 at 2025-02-14T23:47:35.658254203Z[Etc/UTC].
    23:47:35.560 | 446 ool-1-worker-210 | DEBUG | d.t.c.a.a.c.s.f.ApiVersionFilter     : Adding Version to Request PUT /api/programming-submissions/1776/cancel-assessment
    23:47:35.560 | 446 ool-1-worker-210 | DEBUG | d.t.c.a.a.a.web.AssessmentResource   : REST request to cancel assessment of submission: 1776

  Starting logs for ProgrammingAssessmentIntegrationTest > createManualProgrammingExerciseResult_submit()
    23:47:35.581 | 446 ool-1-worker-210 | DEBUG | d.t.c.a.a.c.u.util.UserUtilService   : Generate 3 students...
    23:47:35.595 | 446 ool-1-worker-210 | DEBUG | d.t.c.a.a.c.u.util.UserUtilService   : 3 students generated. Generate 2 tutors...
    23:47:35.602 | 446 ool-1-worker-210 | DEBUG | d.t.c.a.a.c.u.util.UserUtilService   : 2 tutors generated. Generate 0 editors...
    23:47:35.603 | 446 ool-1-worker-210 | DEBUG | d.t.c.a.a.c.u.util.UserUtilService   : 0 editors generated. Generate 2 instructors...
    23:47:35.616 | 446 ool-1-worker-210 | DEBUG | d.t.c.a.a.c.u.util.UserUtilService   : 2 instructors generated
    23:47:35.618 | 446 ool-1-worker-210 | DEBUG | d.t.c.a.a.c.u.util.UserUtilService   : Removing 7 users from all courses...
    23:47:35.620 | 446 ool-1-worker-210 | DEBUG | d.t.c.a.a.c.u.util.UserUtilService   : Removing 7 users from all courses. Done
    23:47:35.620 | 446 ool-1-worker-210 | DEBUG | d.t.c.a.a.c.u.util.UserUtilService   : Save 7 users to database...
    23:47:35.625 | 446 ool-1-worker-210 | DEBUG | d.t.c.a.a.c.u.util.UserUtilService   : Save 7 users to database. Done
    23:47:35.652 | 446 ool-1-worker-210 | DEBUG | .c.s.m.InstanceMessageReceiveService : Received schedule participant score for exercise 3314 and participant 681 (result to be deleted: null)
    23:47:35.652 | 446 ool-1-worker-210 | DEBUG | .a.s.ParticipantScoreScheduleService : Scheduled task for exercise 3314 and participant 681 at 2025-02-14T23:47:35.752311154Z[Etc/UTC].
    23:47:35.664 | 446 ool-1-worker-210 | DEBUG | .c.s.m.InstanceMessageReceiveService : Received schedule participant score for exercise 3314 and participant 681 (result to be deleted: null)
    23:47:35.664 | 446 ool-1-worker-210 | DEBUG | .a.s.ParticipantScoreScheduleService : Scheduled task for exercise 3314 and participant 681 at 2025-02-14T23:47:35.764965183Z[Etc/UTC].
    23:47:35.668 | 446 ool-1-worker-210 | DEBUG | PersonalAccessTokenManagementService : Generate secure vcs access token
    23:47:35.671 | 446 ool-1-worker-210 | DEBUG | .c.s.m.InstanceMessageReceiveService : Received schedule participant score for exercise 3314 and participant 682 (result to be deleted: null)
    23:47:35.671 | 446 ool-1-worker-210 | DEBUG | .a.s.ParticipantScoreScheduleService : Scheduled task for exercise 3314 and participant 682 at 2025-02-14T23:47:35.771223414Z[Etc/UTC].
    23:47:35.679 | 446 ool-1-worker-210 | DEBUG | .c.s.m.InstanceMessageReceiveService : Received schedule participant score for exercise 3314 and participant 682 (result to be deleted: null)
    23:47:35.679 | 446 ool-1-worker-210 | DEBUG | .a.s.ParticipantScoreScheduleService : Scheduled task for exercise 3314 and participant 682 at 2025-02-14T23:47:35.779064738Z[Etc/UTC].
    23:47:35.692 | 446 ool-1-worker-210 | DEBUG | .c.s.m.InstanceMessageReceiveService : Received schedule participant score for exercise 3314 and participant 682 (result to be deleted: null)
    23:47:35.692 | 446 ool-1-worker-210 | DEBUG | .a.s.ParticipantScoreScheduleService : Scheduled task for exercise 3314 and participant 682 at 2025-02-14T23:47:35.792993043Z[Etc/UTC].
    23:47:35.693 | 446 ool-1-worker-210 | INFO  | i.z.t.d.l.EmbeddedDatabaseReporter   : JDBC URL to connect to 'dataSource': url='jdbc:h2:tcp://localhost:41063/mem:df70fc46-7e57-4cb5-9cd0-c1d90c14afa7;USER=sa', scope='ProgrammingAssessmentIntegrationTest#createManualProgrammingExerciseResult_submit'
    23:47:35.695 | 446 ool-1-worker-210 | DEBUG | d.t.c.a.a.c.s.f.ApiVersionFilter     : Adding Version to Request PUT /api/participations/2310/manual-results
    23:47:35.697 | 446 ool-1-worker-210 | DEBUG | .a.p.w.ProgrammingAssessmentResource : REST request to save a new result : Result{idnull, completionDate=null, successful=false, score=90.0, rated=true, assessmentType=SEMI_AUTOMATIC, hasComplaint=null, testCaseCount=0, passedTestCaseCount=0, codeIssueCount=0}
    23:47:35.704 | 446 ool-1-worker-210 | DEBUG | .c.s.m.InstanceMessageReceiveService : Received schedule participant score for exercise 3314 and participant 682 (result to be deleted: null)
    23:47:35.704 | 446 ool-1-worker-210 | DEBUG | .a.s.ParticipantScoreScheduleService : Scheduled task for exercise 3314 and participant 682 at 2025-02-14T23:47:35.804955182Z[Etc/UTC].
    23:47:35.715 | 446 ool-1-worker-210 | DEBUG | .c.s.m.InstanceMessageReceiveService : Received schedule participant score for exercise 3314 and participant 682 (result to be deleted: null)
    23:47:35.715 | 446 ool-1-worker-210 | DEBUG | .a.s.ParticipantScoreScheduleService : Scheduled task for exercise 3314 and participant 682 at 2025-02-14T23:47:35.815578393Z[Etc/UTC].
    23:47:35.718 | 446 ool-1-worker-210 | DEBUG | .c.s.m.InstanceMessageReceiveService : Received schedule participant score for exercise 3314 and participant 682 (result to be deleted: null)
    23:47:35.718 | 446 ool-1-worker-210 | DEBUG | .a.s.ParticipantScoreScheduleService : Scheduled task for exercise 3314 and participant 682 at 2025-02-14T23:47:35.818296543Z[Etc/UTC].
    23:47:35.728 | 446 ool-1-worker-210 | DEBUG | d.t.c.a.a.c.s.f.ApiVersionFilter     : Adding Version to Request GET /api/courses/2529/for-assessment-dashboard
    23:47:35.730 | 446 ool-1-worker-210 | DEBUG | d.t.c.a.a.core.web.CourseResource    : REST request /courses/{courseId}/for-assessment-dashboard
    23:47:35.733 | 446 ool-1-worker-210 | DEBUG | c.a.a.a.s.AssessmentDashboardService : generateStatisticsForExercisesForAssessmentDashboard invoked
    23:47:35.735 | 446 ool-1-worker-210 | DEBUG | c.a.a.a.s.AssessmentDashboardService : Finished >> complaintService.calculateNrOfOpenComplaints all << in 2.59ms
    23:47:35.737 | 446 ool-1-worker-210 | DEBUG | c.a.a.a.s.AssessmentDashboardService : Finished >> assessmentDashboardService.calculateNumberOfSubmissions all << in 1.70ms
    23:47:35.738 | 446 ool-1-worker-210 | DEBUG | c.a.a.a.s.AssessmentDashboardService : Finished >> programmingExerciseRepository.countAssessmentsByExerciseIdSubmitted << call for exercise 3314 in 508µs
    23:47:35.739 | 446 ool-1-worker-210 | DEBUG | c.a.a.a.s.AssessmentDashboardService : Finished >> exampleSubmissionRepository.findAllWithResultByExerciseId << call for course 3314 in 864µs
    23:47:35.739 | 446 ool-1-worker-210 | DEBUG | c.a.a.a.s.AssessmentDashboardService : Finished >> assessmentDashboardLoopIteration << call for exercise 3314 in 6.38ms
    23:47:35.739 | 446 ool-1-worker-210 | DEBUG | c.a.a.a.s.AssessmentDashboardService : Finished >> generateStatisticsForExercisesForAssessmentDashboard << call in 6.39ms

  Starting logs for ProgrammingAssessmentIntegrationTest > updateAssessmentAfterComplaint_automaticAssessment_forbidden()
    23:47:35.759 | 446 ool-1-worker-210 | DEBUG | d.t.c.a.a.c.u.util.UserUtilService   : Generate 3 students...
    23:47:35.764 | 446 ool-1-worker-210 | DEBUG | d.t.c.a.a.c.u.util.UserUtilService   : 3 students generated. Generate 2 tutors...
    23:47:35.768 | 446 ool-1-worker-210 | DEBUG | d.t.c.a.a.c.u.util.UserUtilService   : 2 tutors generated. Generate 0 editors...
    23:47:35.770 | 446 ool-1-worker-210 | DEBUG | d.t.c.a.a.c.u.util.UserUtilService   : 0 editors generated. Generate 2 instructors...
    23:47:35.774 | 446 ool-1-worker-210 | DEBUG | d.t.c.a.a.c.u.util.UserUtilService   : 2 instructors generated
    23:47:35.776 | 446 ool-1-worker-210 | DEBUG | d.t.c.a.a.c.u.util.UserUtilService   : Removing 7 users from all courses...
    23:47:35.778 | 446 ool-1-worker-210 | DEBUG | d.t.c.a.a.c.u.util.UserUtilService   : Removing 7 users from all courses. Done
    23:47:35.778 | 446 ool-1-worker-210 | DEBUG | d.t.c.a.a.c.u.util.UserUtilService   : Save 7 users to database...
    23:47:35.783 | 446 ool-1-worker-210 | DEBUG | d.t.c.a.a.c.u.util.UserUtilService   : Save 7 users to database. Done
    23:47:35.810 | 446 ool-1-worker-210 | DEBUG | .c.s.m.InstanceMessageReceiveService : Received schedule participant score for exercise 3315 and participant 681 (result to be deleted: null)
    23:47:35.810 | 446 ool-1-worker-210 | DEBUG | .a.s.ParticipantScoreScheduleService : Scheduled task for exercise 3315 and participant 681 at 2025-02-14T23:47:35.910751826Z[Etc/UTC].
    23:47:35.823 | 446 ool-1-worker-210 | DEBUG | .c.s.m.InstanceMessageReceiveService : Received schedule participant score for exercise 3315 and participant 681 (result to be deleted: null)
    23:47:35.823 | 446 ool-1-worker-210 | DEBUG | .a.s.ParticipantScoreScheduleService : Scheduled task for exercise 3315 and participant 681 at 2025-02-14T23:47:35.923257338Z[Etc/UTC].
    23:47:35.827 | 446 ool-1-worker-210 | DEBUG | PersonalAccessTokenManagementService : Generate secure vcs access token
    23:47:35.829 | 446 ool-1-worker-210 | DEBUG | .c.s.m.InstanceMessageReceiveService : Received schedule participant score for exercise 3315 and participant 682 (result to be deleted: null)
    23:47:35.829 | 446 ool-1-worker-210 | DEBUG | .a.s.ParticipantScoreScheduleService : Scheduled task for exercise 3315 and participant 682 at 2025-02-14T23:47:35.929757902Z[Etc/UTC].
    23:47:35.838 | 446 ool-1-worker-210 | DEBUG | .c.s.m.InstanceMessageReceiveService : Received schedule participant score for exercise 3315 and participant 682 (result to be deleted: null)
    23:47:35.838 | 446 ool-1-worker-210 | DEBUG | .a.s.ParticipantScoreScheduleService : Scheduled task for exercise 3315 and participant 682 at 2025-02-14T23:47:35.938643974Z[Etc/UTC].
    23:47:35.852 | 446 ool-1-worker-210 | DEBUG | .c.s.m.InstanceMessageReceiveService : Received schedule participant score for exercise 3315 and participant 682 (result to be deleted: null)
    23:47:35.852 | 446 ool-1-worker-210 | DEBUG | .a.s.ParticipantScoreScheduleService : Scheduled task for exercise 3315 and participant 682 at 2025-02-14T23:47:35.952493672Z[Etc/UTC].
    23:47:35.853 | 446 ool-1-worker-210 | INFO  | i.z.t.d.l.EmbeddedDatabaseReporter   : JDBC URL to connect to 'dataSource': url='jdbc:h2:tcp://localhost:41063/mem:df70fc46-7e57-4cb5-9cd0-c1d90c14afa7;USER=sa', scope='ProgrammingAssessmentIntegrationTest#updateAssessmentAfterComplaint_automaticAssessment_forbidden'
    23:47:35.856 | 446 ool-1-worker-210 | DEBUG | d.t.c.a.a.c.s.f.ApiVersionFilter     : Adding Version to Request PUT /api/programming-submissions/1779/assessment-after-complaint
    23:47:35.857 | 446 ool-1-worker-210 | DEBUG | .a.p.w.ProgrammingAssessmentResource : REST request to update the assessment of manual result for submission 1779 after complaint.
    23:47:35.861 | 446 ool-1-worker-210 | WARN  | o.z.p.spring.common.AdviceTraits     : Forbidden: You are not allowed to access this resource

  Starting logs for ProgrammingAssessmentIntegrationTest > updateAssessmentAfterComplaint_dueDateNotPassed_forbidden()
    23:47:35.891 | 446 ool-1-worker-210 | DEBUG | d.t.c.a.a.c.u.util.UserUtilService   : Generate 3 students...
    23:47:35.902 | 446 ool-1-worker-210 | DEBUG | d.t.c.a.a.c.u.util.UserUtilService   : 3 students generated. Generate 2 tutors...
    23:47:35.906 | 446 ool-1-worker-210 | DEBUG | d.t.c.a.a.c.u.util.UserUtilService   : 2 tutors generated. Generate 0 editors...
    23:47:35.908 | 446 ool-1-worker-210 | DEBUG | d.t.c.a.a.c.u.util.UserUtilService   : 0 editors generated. Generate 2 instructors...
    23:47:35.912 | 446 ool-1-worker-210 | DEBUG | d.t.c.a.a.c.u.util.UserUtilService   : 2 instructors generated
    23:47:35.914 | 446 ool-1-worker-210 | DEBUG | d.t.c.a.a.c.u.util.UserUtilService   : Removing 7 users from all courses...
    23:47:35.915 | 446 ool-1-worker-210 | DEBUG | d.t.c.a.a.c.u.util.UserUtilService   : Removing 7 users from all courses. Done
    23:47:35.915 | 446 ool-1-worker-210 | DEBUG | d.t.c.a.a.c.u.util.UserUtilService   : Save 7 users to database...
    23:47:35.921 | 446 ool-1-worker-210 | DEBUG | d.t.c.a.a.c.u.util.UserUtilService   : Save 7 users to database. Done
    23:47:35.952 | 446 ool-1-worker-210 | DEBUG | .c.s.m.InstanceMessageReceiveService : Received schedule participant score for exercise 3316 and participant 681 (result to be deleted: null)
    23:47:35.952 | 446 ool-1-worker-210 | DEBUG | .a.s.ParticipantScoreScheduleService : Scheduled task for exercise 3316 and participant 681 at 2025-02-14T23:47:36.052514305Z[Etc/UTC].
    23:47:35.980 | 446 ool-1-worker-210 | DEBUG | .c.s.m.InstanceMessageReceiveService : Received schedule participant score for exercise 3316 and participant 681 (result to be deleted: null)
    23:47:35.980 | 446 ool-1-worker-210 | DEBUG | .a.s.ParticipantScoreScheduleService : Scheduled task for exercise 3316 and participant 681 at 2025-02-14T23:47:36.080420969Z[Etc/UTC].
    23:47:35.988 | 446 ool-1-worker-210 | DEBUG | PersonalAccessTokenManagementService : Generate secure vcs access token
    23:47:35.993 | 446 ool-1-worker-210 | DEBUG | .c.s.m.InstanceMessageReceiveService : Received schedule participant score for exercise 3316 and participant 682 (result to be deleted: null)
    23:47:35.993 | 446 ool-1-worker-210 | DEBUG | .a.s.ParticipantScoreScheduleService : Scheduled task for exercise 3316 and participant 682 at 2025-02-14T23:47:36.093860443Z[Etc/UTC].
    23:47:36.013 | 446 ool-1-worker-210 | DEBUG | .c.s.m.InstanceMessageReceiveService : Received schedule participant score for exercise 3316 and participant 682 (result to be deleted: null)
    23:47:36.013 | 446 ool-1-worker-210 | DEBUG | .a.s.ParticipantScoreScheduleService : Scheduled task for exercise 3316 and participant 682 at 2025-02-14T23:47:36.113298594Z[Etc/UTC].
    23:47:36.043 | 446 ool-1-worker-210 | DEBUG | .c.s.m.InstanceMessageReceiveService : Received schedule participant score for exercise 3316 and participant 682 (result to be deleted: null)
    23:47:36.044 | 446 ool-1-worker-210 | DEBUG | .a.s.ParticipantScoreScheduleService : Scheduled task for exercise 3316 and participant 682 at 2025-02-14T23:47:36.144050167Z[Etc/UTC].
    23:47:36.045 | 446 ool-1-worker-210 | INFO  | i.z.t.d.l.EmbeddedDatabaseReporter   : JDBC URL to connect to 'dataSource': url='jdbc:h2:tcp://localhost:41063/mem:df70fc46-7e57-4cb5-9cd0-c1d90c14afa7;USER=sa', scope='ProgrammingAssessmentIntegrationTest#updateAssessmentAfterComplaint_dueDateNotPassed_forbidden'
    23:47:36.053 | 446 ool-1-worker-210 | DEBUG | d.t.c.a.a.c.s.f.ApiVersionFilter     : Adding Version to Request PUT /api/programming-submissions/1781/assessment-after-complaint
    23:47:36.054 | 446 ool-1-worker-210 | DEBUG | .a.p.w.ProgrammingAssessmentResource : REST request to update the assessment of manual result for submission 1781 after complaint.
    23:47:36.062 | 446 ool-1-worker-210 | WARN  | o.z.p.spring.common.AdviceTraits     : Forbidden: You are not allowed to access this resource

  Starting logs for ProgrammingAssessmentIntegrationTest > cancelOwnAssessmentAsStudent()
    23:47:36.101 | 446 ool-1-worker-210 | DEBUG | d.t.c.a.a.c.u.util.UserUtilService   : Generate 3 students...
    23:47:36.107 | 446 ool-1-worker-210 | DEBUG | d.t.c.a.a.c.u.util.UserUtilService   : 3 students generated. Generate 2 tutors...
    23:47:36.110 | 446 ool-1-worker-210 | DEBUG | d.t.c.a.a.c.u.util.UserUtilService   : 2 tutors generated. Generate 0 editors...
    23:47:36.112 | 446 ool-1-worker-210 | DEBUG | d.t.c.a.a.c.u.util.UserUtilService   : 0 editors generated. Generate 2 instructors...
    23:47:36.116 | 446 ool-1-worker-210 | DEBUG | d.t.c.a.a.c.u.util.UserUtilService   : 2 instructors generated
    23:47:36.118 | 446 ool-1-worker-210 | DEBUG | d.t.c.a.a.c.u.util.UserUtilService   : Removing 7 users from all courses...
    23:47:36.120 | 446 ool-1-worker-210 | DEBUG | d.t.c.a.a.c.u.util.UserUtilService   : Removing 7 users from all courses. Done
    23:47:36.120 | 446 ool-1-worker-210 | DEBUG | d.t.c.a.a.c.u.util.UserUtilService   : Save 7 users to database...
    23:47:36.125 | 446 ool-1-worker-210 | DEBUG | d.t.c.a.a.c.u.util.UserUtilService   : Save 7 users to database. Done
    23:47:36.152 | 446 ool-1-worker-210 | DEBUG | .c.s.m.InstanceMessageReceiveService : Received schedule participant score for exercise 3317 and participant 681 (result to be deleted: null)
    23:47:36.152 | 446 ool-1-worker-210 | DEBUG | .a.s.ParticipantScoreScheduleService : Scheduled task for exercise 3317 and participant 681 at 2025-02-14T23:47:36.252787946Z[Etc/UTC].
    23:47:36.182 | 446 ool-1-worker-210 | DEBUG | .c.s.m.InstanceMessageReceiveService : Received schedule participant score for exercise 3317 and participant 681 (result to be deleted: null)
    23:47:36.182 | 446 ool-1-worker-210 | DEBUG | .a.s.ParticipantScoreScheduleService : Scheduled task for exercise 3317 and participant 681 at 2025-02-14T23:47:36.282618188Z[Etc/UTC].
    23:47:36.190 | 446 ool-1-worker-210 | DEBUG | PersonalAccessTokenManagementService : Generate secure vcs access token
    23:47:36.193 | 446 ool-1-worker-210 | DEBUG | .c.s.m.InstanceMessageReceiveService : Received schedule participant score for exercise 3317 and participant 682 (result to be deleted: null)
    23:47:36.193 | 446 ool-1-worker-210 | DEBUG | .a.s.ParticipantScoreScheduleService : Scheduled task for exercise 3317 and participant 682 at 2025-02-14T23:47:36.293171917Z[Etc/UTC].
    23:47:36.210 | 446 ool-1-worker-210 | DEBUG | .c.s.m.InstanceMessageReceiveService : Received schedule participant score for exercise 3317 and participant 682 (result to be deleted: null)
    23:47:36.210 | 446 ool-1-worker-210 | DEBUG | .a.s.ParticipantScoreScheduleService : Scheduled task for exercise 3317 and participant 682 at 2025-02-14T23:47:36.310608555Z[Etc/UTC].
    23:47:36.228 | 446 ool-1-worker-210 | DEBUG | .c.s.m.InstanceMessageReceiveService : Received schedule participant score for exercise 3317 and participant 682 (result to be deleted: null)
    23:47:36.228 | 446 ool-1-worker-210 | DEBUG | .a.s.ParticipantScoreScheduleService : Scheduled task for exercise 3317 and participant 682 at 2025-02-14T23:47:36.328320537Z[Etc/UTC].
    23:47:36.229 | 446 ool-1-worker-210 | INFO  | i.z.t.d.l.EmbeddedDatabaseReporter   : JDBC URL to connect to 'dataSource': url='jdbc:h2:tcp://localhost:41063/mem:df70fc46-7e57-4cb5-9cd0-c1d90c14afa7;USER=sa', scope='ProgrammingAssessmentIntegrationTest#cancelOwnAssessmentAsStudent'
    23:47:36.240 | 446 ool-1-worker-210 | DEBUG | .c.s.m.InstanceMessageReceiveService : Received schedule participant score for exercise 3317 and participant 681 (result to be deleted: null)
    23:47:36.240 | 446 ool-1-worker-210 | DEBUG | .a.s.ParticipantScoreScheduleService : Scheduled task for exercise 3317 and participant 681 at 2025-02-14T23:47:36.340463964Z[Etc/UTC].
    23:47:36.253 | 446 ool-1-worker-210 | DEBUG | .c.s.m.InstanceMessageReceiveService : Received schedule participant score for exercise 3317 and participant 681 (result to be deleted: null)
    23:47:36.253 | 446 ool-1-worker-210 | DEBUG | .a.s.ParticipantScoreScheduleService : Scheduled task for exercise 3317 and participant 681 at 2025-02-14T23:47:36.353929617Z[Etc/UTC].
    23:47:36.255 | 446 ool-1-worker-210 | DEBUG | d.t.c.a.a.c.s.f.ApiVersionFilter     : Adding Version to Request PUT /api/programming-submissions/1785/cancel-assessment
    23:47:36.257 | 446 ool-1-worker-210 | WARN  | o.z.p.spring.common.AdviceTraits     : Forbidden: Access Denied

Finished logs for ProgrammingAssessmentIntegrationTest
]]></system-out>
  <system-err><![CDATA[]]></system-err>
</testsuite>
