<?xml version="1.0"?>
<testsuites>
<testsuite name="e2e/course/CourseExercise.spec.ts" timestamp="2025-03-08T16:39:19.448Z" hostname="fast-tests" tests="1" failures="0" skipped="0" time="17.048" errors="0">
  
  <testcase name="Course exercise › Search Exercise › Filters exercises based on title" classname="e2e/course/CourseExercise.spec.ts" time="17.048"></testcase>
  
</testsuite>
<testsuite name="e2e/course/CourseManagement.spec.ts" timestamp="2025-03-08T16:39:19.448Z" hostname="fast-tests" tests="7" failures="1" skipped="0" time="176.118" errors="0">
  
  <testcase name="Course management › Manual student selection › Manually adds and removes a student" classname="e2e/course/CourseManagement.spec.ts" time="137.824"></testcase>
  
  <testcase name="Course management › Course creation › Creates a new course" classname="e2e/course/CourseManagement.spec.ts" time="10.216"></testcase>
  
  <testcase name="Course management › Course creation › Creates a new course with custom groups" classname="e2e/course/CourseManagement.spec.ts" time="12.703">
    
    <system-out>
      
      <![CDATA[Retrying delete course request due to failure
Retrying delete course request due to failure
Retrying delete course request due to failure
Retrying delete course request due to failure
Retrying delete course request due to failure
Retrying delete course request due to failure
Retrying delete course request due to failure
Retrying delete course request due to failure
Retrying delete course request due to failure
Retrying delete course request due to failure]]>
      
    </system-out>
    
  </testcase>
  
  <testcase name="Course management › Course edit › Edits a existing course" classname="e2e/course/CourseManagement.spec.ts" time="3.889"></testcase>
  
  <testcase name="Course management › Course deletion › Deletes an existing course" classname="e2e/course/CourseManagement.spec.ts" time="3.383"></testcase>
  
  <testcase name="Course management › Course icon deletion › Course within icon › Deletes an existing course icon" classname="e2e/course/CourseManagement.spec.ts" time="4.29"></testcase>
  
  <testcase name="Course management › Course icon deletion › Course without icon › Deletes not existing course icon" classname="e2e/course/CourseManagement.spec.ts" time="3.813"></testcase>
  
</testsuite>
<testsuite name="e2e/course/CourseMessages.spec.ts" timestamp="2025-03-08T16:39:19.448Z" hostname="fast-tests" tests="28" failures="28" skipped="0" time="139.744" errors="0">
  
  <testcase name="Course messages › Channel messages › Create channel › Check for pre-created channels" classname="e2e/course/CourseMessages.spec.ts" time="4.534">
    
    <failure message="CourseMessages.spec.ts:33:17 Check for pre-created channels" type="FAILURE">
      
      <![CDATA[[fast-tests] › e2e/course/CourseMessages.spec.ts:33:17 › Course messages › Channel messages › Create channel › Check for pre-created channels @fast 

    Error: expect(received).toBe(expected) // Object.is equality

    Expected: 200
    Received: 401

       at support/commands.ts:34

      32 |             });
      33 |
    > 34 |             expect(response.status()).toBe(200);
         |                                       ^
      35 |
      36 |             const newJwtCookie = await page
      37 |                 .context()
        at Function.Commands.login (/Users/egekocabas/Desktop/thesis/new/Artemis/src/test/playwright/support/commands.ts:34:39)
        at /Users/egekocabas/Desktop/thesis/new/Artemis/src/test/playwright/support/fixtures.ts:162:13
        at /Users/egekocabas/Desktop/thesis/new/Artemis/src/test/playwright/e2e/course/CourseMessages.spec.ts:21:9

    Retry #1 ───────────────────────────────────────────────────────────────────────────────────────

    Error: expect(received).toBe(expected) // Object.is equality

    Expected: 200
    Received: 401

       at support/commands.ts:34

      32 |             });
      33 |
    > 34 |             expect(response.status()).toBe(200);
         |                                       ^
      35 |
      36 |             const newJwtCookie = await page
      37 |                 .context()
        at Function.Commands.login (/Users/egekocabas/Desktop/thesis/new/Artemis/src/test/playwright/support/commands.ts:34:39)
        at /Users/egekocabas/Desktop/thesis/new/Artemis/src/test/playwright/support/fixtures.ts:162:13
        at /Users/egekocabas/Desktop/thesis/new/Artemis/src/test/playwright/e2e/course/CourseMessages.spec.ts:21:9

    attachment #1: trace (application/zip) ─────────────────────────────────────────────────────────
    test-results/e2e-course-CourseMessages--a5765-ck-for-pre-created-channels-fast-tests-retry1/trace.zip
    Usage:

        npx playwright show-trace test-results/e2e-course-CourseMessages--a5765-ck-for-pre-created-channels-fast-tests-retry1/trace.zip

    ────────────────────────────────────────────────────────────────────────────────────────────────

    Retry #2 ───────────────────────────────────────────────────────────────────────────────────────

    Error: expect(received).toBe(expected) // Object.is equality

    Expected: 200
    Received: 401

       at support/commands.ts:34

      32 |             });
      33 |
    > 34 |             expect(response.status()).toBe(200);
         |                                       ^
      35 |
      36 |             const newJwtCookie = await page
      37 |                 .context()
        at Function.Commands.login (/Users/egekocabas/Desktop/thesis/new/Artemis/src/test/playwright/support/commands.ts:34:39)
        at /Users/egekocabas/Desktop/thesis/new/Artemis/src/test/playwright/support/fixtures.ts:162:13
        at /Users/egekocabas/Desktop/thesis/new/Artemis/src/test/playwright/e2e/course/CourseMessages.spec.ts:21:9]]>
      
    </failure>
    
    <system-out>
      
      <![CDATA[[[ATTACHMENT|../test-results/e2e-course-CourseMessages--a5765-ck-for-pre-created-channels-fast-tests-retry1/trace.zip]]]]>
      
    </system-out>
    
  </testcase>
  
  <testcase name="Course messages › Channel messages › Create channel › Instructor should be able to create a public announcement channel" classname="e2e/course/CourseMessages.spec.ts" time="4.223">
    
    <failure message="CourseMessages.spec.ts:42:17 Instructor should be able to create a public announcement channel" type="FAILURE">
      
      <![CDATA[[fast-tests] › e2e/course/CourseMessages.spec.ts:42:17 › Course messages › Channel messages › Create channel › Instructor should be able to create a public announcement channel @fast 

    Error: expect(received).toBe(expected) // Object.is equality

    Expected: 200
    Received: 401

       at support/commands.ts:34

      32 |             });
      33 |
    > 34 |             expect(response.status()).toBe(200);
         |                                       ^
      35 |
      36 |             const newJwtCookie = await page
      37 |                 .context()
        at Function.Commands.login (/Users/egekocabas/Desktop/thesis/new/Artemis/src/test/playwright/support/commands.ts:34:39)
        at /Users/egekocabas/Desktop/thesis/new/Artemis/src/test/playwright/support/fixtures.ts:162:13
        at /Users/egekocabas/Desktop/thesis/new/Artemis/src/test/playwright/e2e/course/CourseMessages.spec.ts:21:9

    Retry #1 ───────────────────────────────────────────────────────────────────────────────────────

    Error: expect(received).toBe(expected) // Object.is equality

    Expected: 200
    Received: 401

       at support/commands.ts:34

      32 |             });
      33 |
    > 34 |             expect(response.status()).toBe(200);
         |                                       ^
      35 |
      36 |             const newJwtCookie = await page
      37 |                 .context()
        at Function.Commands.login (/Users/egekocabas/Desktop/thesis/new/Artemis/src/test/playwright/support/commands.ts:34:39)
        at /Users/egekocabas/Desktop/thesis/new/Artemis/src/test/playwright/support/fixtures.ts:162:13
        at /Users/egekocabas/Desktop/thesis/new/Artemis/src/test/playwright/e2e/course/CourseMessages.spec.ts:21:9

    attachment #1: trace (application/zip) ─────────────────────────────────────────────────────────
    test-results/e2e-course-CourseMessages--be228-public-announcement-channel-fast-tests-retry1/trace.zip
    Usage:

        npx playwright show-trace test-results/e2e-course-CourseMessages--be228-public-announcement-channel-fast-tests-retry1/trace.zip

    ────────────────────────────────────────────────────────────────────────────────────────────────

    Retry #2 ───────────────────────────────────────────────────────────────────────────────────────

    Error: expect(received).toBe(expected) // Object.is equality

    Expected: 200
    Received: 401

       at support/commands.ts:34

      32 |             });
      33 |
    > 34 |             expect(response.status()).toBe(200);
         |                                       ^
      35 |
      36 |             const newJwtCookie = await page
      37 |                 .context()
        at Function.Commands.login (/Users/egekocabas/Desktop/thesis/new/Artemis/src/test/playwright/support/commands.ts:34:39)
        at /Users/egekocabas/Desktop/thesis/new/Artemis/src/test/playwright/support/fixtures.ts:162:13
        at /Users/egekocabas/Desktop/thesis/new/Artemis/src/test/playwright/e2e/course/CourseMessages.spec.ts:21:9]]>
      
    </failure>
    
    <system-out>
      
      <![CDATA[[[ATTACHMENT|../test-results/e2e-course-CourseMessages--be228-public-announcement-channel-fast-tests-retry1/trace.zip]]]]>
      
    </system-out>
    
  </testcase>
  
  <testcase name="Course messages › Channel messages › Create channel › Instructor should be able to create a private announcement channel" classname="e2e/course/CourseMessages.spec.ts" time="5.451">
    
    <failure message="CourseMessages.spec.ts:54:17 Instructor should be able to create a private announcement channel" type="FAILURE">
      
      <![CDATA[[fast-tests] › e2e/course/CourseMessages.spec.ts:54:17 › Course messages › Channel messages › Create channel › Instructor should be able to create a private announcement channel @fast 

    Error: expect(received).toBe(expected) // Object.is equality

    Expected: 200
    Received: 401

       at support/commands.ts:34

      32 |             });
      33 |
    > 34 |             expect(response.status()).toBe(200);
         |                                       ^
      35 |
      36 |             const newJwtCookie = await page
      37 |                 .context()
        at Function.Commands.login (/Users/egekocabas/Desktop/thesis/new/Artemis/src/test/playwright/support/commands.ts:34:39)
        at /Users/egekocabas/Desktop/thesis/new/Artemis/src/test/playwright/support/fixtures.ts:162:13
        at /Users/egekocabas/Desktop/thesis/new/Artemis/src/test/playwright/e2e/course/CourseMessages.spec.ts:21:9

    Retry #1 ───────────────────────────────────────────────────────────────────────────────────────

    Error: expect(received).toBe(expected) // Object.is equality

    Expected: 200
    Received: 401

       at support/commands.ts:34

      32 |             });
      33 |
    > 34 |             expect(response.status()).toBe(200);
         |                                       ^
      35 |
      36 |             const newJwtCookie = await page
      37 |                 .context()
        at Function.Commands.login (/Users/egekocabas/Desktop/thesis/new/Artemis/src/test/playwright/support/commands.ts:34:39)
        at /Users/egekocabas/Desktop/thesis/new/Artemis/src/test/playwright/support/fixtures.ts:162:13
        at /Users/egekocabas/Desktop/thesis/new/Artemis/src/test/playwright/e2e/course/CourseMessages.spec.ts:21:9

    attachment #1: trace (application/zip) ─────────────────────────────────────────────────────────
    test-results/e2e-course-CourseMessages--3e2ba-rivate-announcement-channel-fast-tests-retry1/trace.zip
    Usage:

        npx playwright show-trace test-results/e2e-course-CourseMessages--3e2ba-rivate-announcement-channel-fast-tests-retry1/trace.zip

    ────────────────────────────────────────────────────────────────────────────────────────────────

    Retry #2 ───────────────────────────────────────────────────────────────────────────────────────

    Error: expect(received).toBe(expected) // Object.is equality

    Expected: 200
    Received: 401

       at support/commands.ts:34

      32 |             });
      33 |
    > 34 |             expect(response.status()).toBe(200);
         |                                       ^
      35 |
      36 |             const newJwtCookie = await page
      37 |                 .context()
        at Function.Commands.login (/Users/egekocabas/Desktop/thesis/new/Artemis/src/test/playwright/support/commands.ts:34:39)
        at /Users/egekocabas/Desktop/thesis/new/Artemis/src/test/playwright/support/fixtures.ts:162:13
        at /Users/egekocabas/Desktop/thesis/new/Artemis/src/test/playwright/e2e/course/CourseMessages.spec.ts:21:9]]>
      
    </failure>
    
    <system-out>
      
      <![CDATA[[[ATTACHMENT|../test-results/e2e-course-CourseMessages--3e2ba-rivate-announcement-channel-fast-tests-retry1/trace.zip]]]]>
      
    </system-out>
    
  </testcase>
  
  <testcase name="Course messages › Channel messages › Create channel › Instructor should be able to create a public unrestricted channel" classname="e2e/course/CourseMessages.spec.ts" time="5.547">
    
    <failure message="CourseMessages.spec.ts:66:17 Instructor should be able to create a public unrestricted channel" type="FAILURE">
      
      <![CDATA[[fast-tests] › e2e/course/CourseMessages.spec.ts:66:17 › Course messages › Channel messages › Create channel › Instructor should be able to create a public unrestricted channel @fast 

    Error: expect(received).toBe(expected) // Object.is equality

    Expected: 200
    Received: 401

       at support/commands.ts:34

      32 |             });
      33 |
    > 34 |             expect(response.status()).toBe(200);
         |                                       ^
      35 |
      36 |             const newJwtCookie = await page
      37 |                 .context()
        at Function.Commands.login (/Users/egekocabas/Desktop/thesis/new/Artemis/src/test/playwright/support/commands.ts:34:39)
        at /Users/egekocabas/Desktop/thesis/new/Artemis/src/test/playwright/support/fixtures.ts:162:13
        at /Users/egekocabas/Desktop/thesis/new/Artemis/src/test/playwright/e2e/course/CourseMessages.spec.ts:21:9

    Retry #1 ───────────────────────────────────────────────────────────────────────────────────────

    Error: expect(received).toBe(expected) // Object.is equality

    Expected: 200
    Received: 401

       at support/commands.ts:34

      32 |             });
      33 |
    > 34 |             expect(response.status()).toBe(200);
         |                                       ^
      35 |
      36 |             const newJwtCookie = await page
      37 |                 .context()
        at Function.Commands.login (/Users/egekocabas/Desktop/thesis/new/Artemis/src/test/playwright/support/commands.ts:34:39)
        at /Users/egekocabas/Desktop/thesis/new/Artemis/src/test/playwright/support/fixtures.ts:162:13
        at /Users/egekocabas/Desktop/thesis/new/Artemis/src/test/playwright/e2e/course/CourseMessages.spec.ts:21:9

    attachment #1: trace (application/zip) ─────────────────────────────────────────────────────────
    test-results/e2e-course-CourseMessages--df3df-public-unrestricted-channel-fast-tests-retry1/trace.zip
    Usage:

        npx playwright show-trace test-results/e2e-course-CourseMessages--df3df-public-unrestricted-channel-fast-tests-retry1/trace.zip

    ────────────────────────────────────────────────────────────────────────────────────────────────

    Retry #2 ───────────────────────────────────────────────────────────────────────────────────────

    Error: expect(received).toBe(expected) // Object.is equality

    Expected: 200
    Received: 401

       at support/commands.ts:34

      32 |             });
      33 |
    > 34 |             expect(response.status()).toBe(200);
         |                                       ^
      35 |
      36 |             const newJwtCookie = await page
      37 |                 .context()
        at Function.Commands.login (/Users/egekocabas/Desktop/thesis/new/Artemis/src/test/playwright/support/commands.ts:34:39)
        at /Users/egekocabas/Desktop/thesis/new/Artemis/src/test/playwright/support/fixtures.ts:162:13
        at /Users/egekocabas/Desktop/thesis/new/Artemis/src/test/playwright/e2e/course/CourseMessages.spec.ts:21:9]]>
      
    </failure>
    
    <system-out>
      
      <![CDATA[[[ATTACHMENT|../test-results/e2e-course-CourseMessages--df3df-public-unrestricted-channel-fast-tests-retry1/trace.zip]]]]>
      
    </system-out>
    
  </testcase>
  
  <testcase name="Course messages › Channel messages › Create channel › Instructor should be able to create a public course-wide unrestricted channel" classname="e2e/course/CourseMessages.spec.ts" time="5.274">
    
    <failure message="CourseMessages.spec.ts:78:17 Instructor should be able to create a public course-wide unrestricted channel" type="FAILURE">
      
      <![CDATA[[fast-tests] › e2e/course/CourseMessages.spec.ts:78:17 › Course messages › Channel messages › Create channel › Instructor should be able to create a public course-wide unrestricted channel @fast 

    Error: expect(received).toBe(expected) // Object.is equality

    Expected: 200
    Received: 401

       at support/commands.ts:34

      32 |             });
      33 |
    > 34 |             expect(response.status()).toBe(200);
         |                                       ^
      35 |
      36 |             const newJwtCookie = await page
      37 |                 .context()
        at Function.Commands.login (/Users/egekocabas/Desktop/thesis/new/Artemis/src/test/playwright/support/commands.ts:34:39)
        at /Users/egekocabas/Desktop/thesis/new/Artemis/src/test/playwright/support/fixtures.ts:162:13
        at /Users/egekocabas/Desktop/thesis/new/Artemis/src/test/playwright/e2e/course/CourseMessages.spec.ts:21:9

    Retry #1 ───────────────────────────────────────────────────────────────────────────────────────

    Error: expect(received).toBe(expected) // Object.is equality

    Expected: 200
    Received: 401

       at support/commands.ts:34

      32 |             });
      33 |
    > 34 |             expect(response.status()).toBe(200);
         |                                       ^
      35 |
      36 |             const newJwtCookie = await page
      37 |                 .context()
        at Function.Commands.login (/Users/egekocabas/Desktop/thesis/new/Artemis/src/test/playwright/support/commands.ts:34:39)
        at /Users/egekocabas/Desktop/thesis/new/Artemis/src/test/playwright/support/fixtures.ts:162:13
        at /Users/egekocabas/Desktop/thesis/new/Artemis/src/test/playwright/e2e/course/CourseMessages.spec.ts:21:9

    attachment #1: trace (application/zip) ─────────────────────────────────────────────────────────
    test-results/e2e-course-CourseMessages--d492c-e-wide-unrestricted-channel-fast-tests-retry1/trace.zip
    Usage:

        npx playwright show-trace test-results/e2e-course-CourseMessages--d492c-e-wide-unrestricted-channel-fast-tests-retry1/trace.zip

    ────────────────────────────────────────────────────────────────────────────────────────────────

    Retry #2 ───────────────────────────────────────────────────────────────────────────────────────

    Error: expect(received).toBe(expected) // Object.is equality

    Expected: 200
    Received: 401

       at support/commands.ts:34

      32 |             });
      33 |
    > 34 |             expect(response.status()).toBe(200);
         |                                       ^
      35 |
      36 |             const newJwtCookie = await page
      37 |                 .context()
        at Function.Commands.login (/Users/egekocabas/Desktop/thesis/new/Artemis/src/test/playwright/support/commands.ts:34:39)
        at /Users/egekocabas/Desktop/thesis/new/Artemis/src/test/playwright/support/fixtures.ts:162:13
        at /Users/egekocabas/Desktop/thesis/new/Artemis/src/test/playwright/e2e/course/CourseMessages.spec.ts:21:9]]>
      
    </failure>
    
    <system-out>
      
      <![CDATA[[[ATTACHMENT|../test-results/e2e-course-CourseMessages--d492c-e-wide-unrestricted-channel-fast-tests-retry1/trace.zip]]]]>
      
    </system-out>
    
  </testcase>
  
  <testcase name="Course messages › Channel messages › Create channel › Instructor should be able to create a private unrestricted channel" classname="e2e/course/CourseMessages.spec.ts" time="5.006">
    
    <failure message="CourseMessages.spec.ts:91:17 Instructor should be able to create a private unrestricted channel" type="FAILURE">
      
      <![CDATA[[fast-tests] › e2e/course/CourseMessages.spec.ts:91:17 › Course messages › Channel messages › Create channel › Instructor should be able to create a private unrestricted channel @fast 

    Error: expect(received).toBe(expected) // Object.is equality

    Expected: 200
    Received: 401

       at support/commands.ts:34

      32 |             });
      33 |
    > 34 |             expect(response.status()).toBe(200);
         |                                       ^
      35 |
      36 |             const newJwtCookie = await page
      37 |                 .context()
        at Function.Commands.login (/Users/egekocabas/Desktop/thesis/new/Artemis/src/test/playwright/support/commands.ts:34:39)
        at /Users/egekocabas/Desktop/thesis/new/Artemis/src/test/playwright/support/fixtures.ts:162:13
        at /Users/egekocabas/Desktop/thesis/new/Artemis/src/test/playwright/e2e/course/CourseMessages.spec.ts:21:9

    Retry #1 ───────────────────────────────────────────────────────────────────────────────────────

    Error: expect(received).toBe(expected) // Object.is equality

    Expected: 200
    Received: 401

       at support/commands.ts:34

      32 |             });
      33 |
    > 34 |             expect(response.status()).toBe(200);
         |                                       ^
      35 |
      36 |             const newJwtCookie = await page
      37 |                 .context()
        at Function.Commands.login (/Users/egekocabas/Desktop/thesis/new/Artemis/src/test/playwright/support/commands.ts:34:39)
        at /Users/egekocabas/Desktop/thesis/new/Artemis/src/test/playwright/support/fixtures.ts:162:13
        at /Users/egekocabas/Desktop/thesis/new/Artemis/src/test/playwright/e2e/course/CourseMessages.spec.ts:21:9

    attachment #1: trace (application/zip) ─────────────────────────────────────────────────────────
    test-results/e2e-course-CourseMessages--1f63f-rivate-unrestricted-channel-fast-tests-retry1/trace.zip
    Usage:

        npx playwright show-trace test-results/e2e-course-CourseMessages--1f63f-rivate-unrestricted-channel-fast-tests-retry1/trace.zip

    ────────────────────────────────────────────────────────────────────────────────────────────────

    Retry #2 ───────────────────────────────────────────────────────────────────────────────────────

    Error: expect(received).toBe(expected) // Object.is equality

    Expected: 200
    Received: 401

       at support/commands.ts:34

      32 |             });
      33 |
    > 34 |             expect(response.status()).toBe(200);
         |                                       ^
      35 |
      36 |             const newJwtCookie = await page
      37 |                 .context()
        at Function.Commands.login (/Users/egekocabas/Desktop/thesis/new/Artemis/src/test/playwright/support/commands.ts:34:39)
        at /Users/egekocabas/Desktop/thesis/new/Artemis/src/test/playwright/support/fixtures.ts:162:13
        at /Users/egekocabas/Desktop/thesis/new/Artemis/src/test/playwright/e2e/course/CourseMessages.spec.ts:21:9]]>
      
    </failure>
    
    <system-out>
      
      <![CDATA[[[ATTACHMENT|../test-results/e2e-course-CourseMessages--1f63f-rivate-unrestricted-channel-fast-tests-retry1/trace.zip]]]]>
      
    </system-out>
    
  </testcase>
  
  <testcase name="Course messages › Channel messages › Create channel › Instructor should not be able to create a channel with uppercase name" classname="e2e/course/CourseMessages.spec.ts" time="4.076">
    
    <failure message="CourseMessages.spec.ts:103:17 Instructor should not be able to create a channel with uppercase name" type="FAILURE">
      
      <![CDATA[[fast-tests] › e2e/course/CourseMessages.spec.ts:103:17 › Course messages › Channel messages › Create channel › Instructor should not be able to create a channel with uppercase name @fast 

    Error: expect(received).toBe(expected) // Object.is equality

    Expected: 200
    Received: 401

       at support/commands.ts:34

      32 |             });
      33 |
    > 34 |             expect(response.status()).toBe(200);
         |                                       ^
      35 |
      36 |             const newJwtCookie = await page
      37 |                 .context()
        at Function.Commands.login (/Users/egekocabas/Desktop/thesis/new/Artemis/src/test/playwright/support/commands.ts:34:39)
        at /Users/egekocabas/Desktop/thesis/new/Artemis/src/test/playwright/support/fixtures.ts:162:13
        at /Users/egekocabas/Desktop/thesis/new/Artemis/src/test/playwright/e2e/course/CourseMessages.spec.ts:21:9

    Retry #1 ───────────────────────────────────────────────────────────────────────────────────────

    Error: expect(received).toBe(expected) // Object.is equality

    Expected: 200
    Received: 401

       at support/commands.ts:34

      32 |             });
      33 |
    > 34 |             expect(response.status()).toBe(200);
         |                                       ^
      35 |
      36 |             const newJwtCookie = await page
      37 |                 .context()
        at Function.Commands.login (/Users/egekocabas/Desktop/thesis/new/Artemis/src/test/playwright/support/commands.ts:34:39)
        at /Users/egekocabas/Desktop/thesis/new/Artemis/src/test/playwright/support/fixtures.ts:162:13
        at /Users/egekocabas/Desktop/thesis/new/Artemis/src/test/playwright/e2e/course/CourseMessages.spec.ts:21:9

    attachment #1: trace (application/zip) ─────────────────────────────────────────────────────────
    test-results/e2e-course-CourseMessages--98046-channel-with-uppercase-name-fast-tests-retry1/trace.zip
    Usage:

        npx playwright show-trace test-results/e2e-course-CourseMessages--98046-channel-with-uppercase-name-fast-tests-retry1/trace.zip

    ────────────────────────────────────────────────────────────────────────────────────────────────

    Retry #2 ───────────────────────────────────────────────────────────────────────────────────────

    Error: expect(received).toBe(expected) // Object.is equality

    Expected: 200
    Received: 401

       at support/commands.ts:34

      32 |             });
      33 |
    > 34 |             expect(response.status()).toBe(200);
         |                                       ^
      35 |
      36 |             const newJwtCookie = await page
      37 |                 .context()
        at Function.Commands.login (/Users/egekocabas/Desktop/thesis/new/Artemis/src/test/playwright/support/commands.ts:34:39)
        at /Users/egekocabas/Desktop/thesis/new/Artemis/src/test/playwright/support/fixtures.ts:162:13
        at /Users/egekocabas/Desktop/thesis/new/Artemis/src/test/playwright/e2e/course/CourseMessages.spec.ts:21:9]]>
      
    </failure>
    
    <system-out>
      
      <![CDATA[[[ATTACHMENT|../test-results/e2e-course-CourseMessages--98046-channel-with-uppercase-name-fast-tests-retry1/trace.zip]]]]>
      
    </system-out>
    
  </testcase>
  
  <testcase name="Course messages › Channel messages › Create channel › Instructor should not be able to create a channel with name longer than 30 chars" classname="e2e/course/CourseMessages.spec.ts" time="4.182">
    
    <failure message="CourseMessages.spec.ts:111:17 Instructor should not be able to create a channel with name longer than 30 chars" type="FAILURE">
      
      <![CDATA[[fast-tests] › e2e/course/CourseMessages.spec.ts:111:17 › Course messages › Channel messages › Create channel › Instructor should not be able to create a channel with name longer than 30 chars @fast 

    Error: expect(received).toBe(expected) // Object.is equality

    Expected: 200
    Received: 401

       at support/commands.ts:34

      32 |             });
      33 |
    > 34 |             expect(response.status()).toBe(200);
         |                                       ^
      35 |
      36 |             const newJwtCookie = await page
      37 |                 .context()
        at Function.Commands.login (/Users/egekocabas/Desktop/thesis/new/Artemis/src/test/playwright/support/commands.ts:34:39)
        at /Users/egekocabas/Desktop/thesis/new/Artemis/src/test/playwright/support/fixtures.ts:162:13
        at /Users/egekocabas/Desktop/thesis/new/Artemis/src/test/playwright/e2e/course/CourseMessages.spec.ts:21:9

    Retry #1 ───────────────────────────────────────────────────────────────────────────────────────

    Error: expect(received).toBe(expected) // Object.is equality

    Expected: 200
    Received: 401

       at support/commands.ts:34

      32 |             });
      33 |
    > 34 |             expect(response.status()).toBe(200);
         |                                       ^
      35 |
      36 |             const newJwtCookie = await page
      37 |                 .context()
        at Function.Commands.login (/Users/egekocabas/Desktop/thesis/new/Artemis/src/test/playwright/support/commands.ts:34:39)
        at /Users/egekocabas/Desktop/thesis/new/Artemis/src/test/playwright/support/fixtures.ts:162:13
        at /Users/egekocabas/Desktop/thesis/new/Artemis/src/test/playwright/e2e/course/CourseMessages.spec.ts:21:9

    attachment #1: trace (application/zip) ─────────────────────────────────────────────────────────
    test-results/e2e-course-CourseMessages--627b9-h-name-longer-than-30-chars-fast-tests-retry1/trace.zip
    Usage:

        npx playwright show-trace test-results/e2e-course-CourseMessages--627b9-h-name-longer-than-30-chars-fast-tests-retry1/trace.zip

    ────────────────────────────────────────────────────────────────────────────────────────────────

    Retry #2 ───────────────────────────────────────────────────────────────────────────────────────

    Error: expect(received).toBe(expected) // Object.is equality

    Expected: 200
    Received: 401

       at support/commands.ts:34

      32 |             });
      33 |
    > 34 |             expect(response.status()).toBe(200);
         |                                       ^
      35 |
      36 |             const newJwtCookie = await page
      37 |                 .context()
        at Function.Commands.login (/Users/egekocabas/Desktop/thesis/new/Artemis/src/test/playwright/support/commands.ts:34:39)
        at /Users/egekocabas/Desktop/thesis/new/Artemis/src/test/playwright/support/fixtures.ts:162:13
        at /Users/egekocabas/Desktop/thesis/new/Artemis/src/test/playwright/e2e/course/CourseMessages.spec.ts:21:9]]>
      
    </failure>
    
    <system-out>
      
      <![CDATA[[[ATTACHMENT|../test-results/e2e-course-CourseMessages--627b9-h-name-longer-than-30-chars-fast-tests-retry1/trace.zip]]]]>
      
    </system-out>
    
  </testcase>
  
  <testcase name="Course messages › Channel messages › Create channel › Check that channel is created when a lecture is created" classname="e2e/course/CourseMessages.spec.ts" time="4.149">
    
    <failure message="CourseMessages.spec.ts:119:17 Check that channel is created when a lecture is created" type="FAILURE">
      
      <![CDATA[[fast-tests] › e2e/course/CourseMessages.spec.ts:119:17 › Course messages › Channel messages › Create channel › Check that channel is created when a lecture is created @fast 

    Error: expect(received).toBe(expected) // Object.is equality

    Expected: 200
    Received: 401

       at support/commands.ts:34

      32 |             });
      33 |
    > 34 |             expect(response.status()).toBe(200);
         |                                       ^
      35 |
      36 |             const newJwtCookie = await page
      37 |                 .context()
        at Function.Commands.login (/Users/egekocabas/Desktop/thesis/new/Artemis/src/test/playwright/support/commands.ts:34:39)
        at /Users/egekocabas/Desktop/thesis/new/Artemis/src/test/playwright/support/fixtures.ts:162:13
        at /Users/egekocabas/Desktop/thesis/new/Artemis/src/test/playwright/e2e/course/CourseMessages.spec.ts:21:9

    Retry #1 ───────────────────────────────────────────────────────────────────────────────────────

    Error: expect(received).toBe(expected) // Object.is equality

    Expected: 200
    Received: 401

       at support/commands.ts:34

      32 |             });
      33 |
    > 34 |             expect(response.status()).toBe(200);
         |                                       ^
      35 |
      36 |             const newJwtCookie = await page
      37 |                 .context()
        at Function.Commands.login (/Users/egekocabas/Desktop/thesis/new/Artemis/src/test/playwright/support/commands.ts:34:39)
        at /Users/egekocabas/Desktop/thesis/new/Artemis/src/test/playwright/support/fixtures.ts:162:13
        at /Users/egekocabas/Desktop/thesis/new/Artemis/src/test/playwright/e2e/course/CourseMessages.spec.ts:21:9

    attachment #1: trace (application/zip) ─────────────────────────────────────────────────────────
    test-results/e2e-course-CourseMessages--8e3cf-d-when-a-lecture-is-created-fast-tests-retry1/trace.zip
    Usage:

        npx playwright show-trace test-results/e2e-course-CourseMessages--8e3cf-d-when-a-lecture-is-created-fast-tests-retry1/trace.zip

    ────────────────────────────────────────────────────────────────────────────────────────────────

    Retry #2 ───────────────────────────────────────────────────────────────────────────────────────

    Error: expect(received).toBe(expected) // Object.is equality

    Expected: 200
    Received: 401

       at support/commands.ts:34

      32 |             });
      33 |
    > 34 |             expect(response.status()).toBe(200);
         |                                       ^
      35 |
      36 |             const newJwtCookie = await page
      37 |                 .context()
        at Function.Commands.login (/Users/egekocabas/Desktop/thesis/new/Artemis/src/test/playwright/support/commands.ts:34:39)
        at /Users/egekocabas/Desktop/thesis/new/Artemis/src/test/playwright/support/fixtures.ts:162:13
        at /Users/egekocabas/Desktop/thesis/new/Artemis/src/test/playwright/e2e/course/CourseMessages.spec.ts:21:9]]>
      
    </failure>
    
    <system-out>
      
      <![CDATA[[[ATTACHMENT|../test-results/e2e-course-CourseMessages--8e3cf-d-when-a-lecture-is-created-fast-tests-retry1/trace.zip]]]]>
      
    </system-out>
    
  </testcase>
  
  <testcase name="Course messages › Channel messages › Create channel › Check that channel is created when an exercise is created" classname="e2e/course/CourseMessages.spec.ts" time="4.328">
    
    <failure message="CourseMessages.spec.ts:127:17 Check that channel is created when an exercise is created" type="FAILURE">
      
      <![CDATA[[fast-tests] › e2e/course/CourseMessages.spec.ts:127:17 › Course messages › Channel messages › Create channel › Check that channel is created when an exercise is created @fast 

    Error: expect(received).toBe(expected) // Object.is equality

    Expected: 200
    Received: 401

       at support/commands.ts:34

      32 |             });
      33 |
    > 34 |             expect(response.status()).toBe(200);
         |                                       ^
      35 |
      36 |             const newJwtCookie = await page
      37 |                 .context()
        at Function.Commands.login (/Users/egekocabas/Desktop/thesis/new/Artemis/src/test/playwright/support/commands.ts:34:39)
        at /Users/egekocabas/Desktop/thesis/new/Artemis/src/test/playwright/support/fixtures.ts:162:13
        at /Users/egekocabas/Desktop/thesis/new/Artemis/src/test/playwright/e2e/course/CourseMessages.spec.ts:21:9

    Retry #1 ───────────────────────────────────────────────────────────────────────────────────────

    Error: expect(received).toBe(expected) // Object.is equality

    Expected: 200
    Received: 401

       at support/commands.ts:34

      32 |             });
      33 |
    > 34 |             expect(response.status()).toBe(200);
         |                                       ^
      35 |
      36 |             const newJwtCookie = await page
      37 |                 .context()
        at Function.Commands.login (/Users/egekocabas/Desktop/thesis/new/Artemis/src/test/playwright/support/commands.ts:34:39)
        at /Users/egekocabas/Desktop/thesis/new/Artemis/src/test/playwright/support/fixtures.ts:162:13
        at /Users/egekocabas/Desktop/thesis/new/Artemis/src/test/playwright/e2e/course/CourseMessages.spec.ts:21:9

    attachment #1: trace (application/zip) ─────────────────────────────────────────────────────────
    test-results/e2e-course-CourseMessages--d7448-when-an-exercise-is-created-fast-tests-retry1/trace.zip
    Usage:

        npx playwright show-trace test-results/e2e-course-CourseMessages--d7448-when-an-exercise-is-created-fast-tests-retry1/trace.zip

    ────────────────────────────────────────────────────────────────────────────────────────────────

    Retry #2 ───────────────────────────────────────────────────────────────────────────────────────

    Error: expect(received).toBe(expected) // Object.is equality

    Expected: 200
    Received: 401

       at support/commands.ts:34

      32 |             });
      33 |
    > 34 |             expect(response.status()).toBe(200);
         |                                       ^
      35 |
      36 |             const newJwtCookie = await page
      37 |                 .context()
        at Function.Commands.login (/Users/egekocabas/Desktop/thesis/new/Artemis/src/test/playwright/support/commands.ts:34:39)
        at /Users/egekocabas/Desktop/thesis/new/Artemis/src/test/playwright/support/fixtures.ts:162:13
        at /Users/egekocabas/Desktop/thesis/new/Artemis/src/test/playwright/e2e/course/CourseMessages.spec.ts:21:9]]>
      
    </failure>
    
    <system-out>
      
      <![CDATA[[[ATTACHMENT|../test-results/e2e-course-CourseMessages--d7448-when-an-exercise-is-created-fast-tests-retry1/trace.zip]]]]>
      
    </system-out>
    
  </testcase>
  
  <testcase name="Course messages › Channel messages › Create channel › Check that channel is created when an exam is created" classname="e2e/course/CourseMessages.spec.ts" time="4.256">
    
    <failure message="CourseMessages.spec.ts:135:17 Check that channel is created when an exam is created" type="FAILURE">
      
      <![CDATA[[fast-tests] › e2e/course/CourseMessages.spec.ts:135:17 › Course messages › Channel messages › Create channel › Check that channel is created when an exam is created @fast 

    Error: expect(received).toBe(expected) // Object.is equality

    Expected: 200
    Received: 401

       at support/commands.ts:34

      32 |             });
      33 |
    > 34 |             expect(response.status()).toBe(200);
         |                                       ^
      35 |
      36 |             const newJwtCookie = await page
      37 |                 .context()
        at Function.Commands.login (/Users/egekocabas/Desktop/thesis/new/Artemis/src/test/playwright/support/commands.ts:34:39)
        at /Users/egekocabas/Desktop/thesis/new/Artemis/src/test/playwright/support/fixtures.ts:162:13
        at /Users/egekocabas/Desktop/thesis/new/Artemis/src/test/playwright/e2e/course/CourseMessages.spec.ts:21:9

    Retry #1 ───────────────────────────────────────────────────────────────────────────────────────

    Error: expect(received).toBe(expected) // Object.is equality

    Expected: 200
    Received: 401

       at support/commands.ts:34

      32 |             });
      33 |
    > 34 |             expect(response.status()).toBe(200);
         |                                       ^
      35 |
      36 |             const newJwtCookie = await page
      37 |                 .context()
        at Function.Commands.login (/Users/egekocabas/Desktop/thesis/new/Artemis/src/test/playwright/support/commands.ts:34:39)
        at /Users/egekocabas/Desktop/thesis/new/Artemis/src/test/playwright/support/fixtures.ts:162:13
        at /Users/egekocabas/Desktop/thesis/new/Artemis/src/test/playwright/e2e/course/CourseMessages.spec.ts:21:9

    attachment #1: trace (application/zip) ─────────────────────────────────────────────────────────
    test-results/e2e-course-CourseMessages--09560-ted-when-an-exam-is-created-fast-tests-retry1/trace.zip
    Usage:

        npx playwright show-trace test-results/e2e-course-CourseMessages--09560-ted-when-an-exam-is-created-fast-tests-retry1/trace.zip

    ────────────────────────────────────────────────────────────────────────────────────────────────

    Retry #2 ───────────────────────────────────────────────────────────────────────────────────────

    Error: expect(received).toBe(expected) // Object.is equality

    Expected: 200
    Received: 401

       at support/commands.ts:34

      32 |             });
      33 |
    > 34 |             expect(response.status()).toBe(200);
         |                                       ^
      35 |
      36 |             const newJwtCookie = await page
      37 |                 .context()
        at Function.Commands.login (/Users/egekocabas/Desktop/thesis/new/Artemis/src/test/playwright/support/commands.ts:34:39)
        at /Users/egekocabas/Desktop/thesis/new/Artemis/src/test/playwright/support/fixtures.ts:162:13
        at /Users/egekocabas/Desktop/thesis/new/Artemis/src/test/playwright/e2e/course/CourseMessages.spec.ts:21:9]]>
      
    </failure>
    
    <system-out>
      
      <![CDATA[[[ATTACHMENT|../test-results/e2e-course-CourseMessages--09560-ted-when-an-exam-is-created-fast-tests-retry1/trace.zip]]]]>
      
    </system-out>
    
  </testcase>
  
  <testcase name="Course messages › Channel messages › Edit channel › Instructor should be able to edit a channel" classname="e2e/course/CourseMessages.spec.ts" time="4.836">
    
    <failure message="CourseMessages.spec.ts:154:17 Instructor should be able to edit a channel" type="FAILURE">
      
      <![CDATA[[fast-tests] › e2e/course/CourseMessages.spec.ts:154:17 › Course messages › Channel messages › Edit channel › Instructor should be able to edit a channel @fast 

    Error: expect(received).toBe(expected) // Object.is equality

    Expected: 200
    Received: 401

       at support/commands.ts:34

      32 |             });
      33 |
    > 34 |             expect(response.status()).toBe(200);
         |                                       ^
      35 |
      36 |             const newJwtCookie = await page
      37 |                 .context()
        at Function.Commands.login (/Users/egekocabas/Desktop/thesis/new/Artemis/src/test/playwright/support/commands.ts:34:39)
        at /Users/egekocabas/Desktop/thesis/new/Artemis/src/test/playwright/support/fixtures.ts:162:13
        at /Users/egekocabas/Desktop/thesis/new/Artemis/src/test/playwright/e2e/course/CourseMessages.spec.ts:21:9

    Retry #1 ───────────────────────────────────────────────────────────────────────────────────────

    Error: expect(received).toBe(expected) // Object.is equality

    Expected: 200
    Received: 401

       at support/commands.ts:34

      32 |             });
      33 |
    > 34 |             expect(response.status()).toBe(200);
         |                                       ^
      35 |
      36 |             const newJwtCookie = await page
      37 |                 .context()
        at Function.Commands.login (/Users/egekocabas/Desktop/thesis/new/Artemis/src/test/playwright/support/commands.ts:34:39)
        at /Users/egekocabas/Desktop/thesis/new/Artemis/src/test/playwright/support/fixtures.ts:162:13
        at /Users/egekocabas/Desktop/thesis/new/Artemis/src/test/playwright/e2e/course/CourseMessages.spec.ts:21:9

    attachment #1: trace (application/zip) ─────────────────────────────────────────────────────────
    test-results/e2e-course-CourseMessages--fe328-d-be-able-to-edit-a-channel-fast-tests-retry1/trace.zip
    Usage:

        npx playwright show-trace test-results/e2e-course-CourseMessages--fe328-d-be-able-to-edit-a-channel-fast-tests-retry1/trace.zip

    ────────────────────────────────────────────────────────────────────────────────────────────────

    Retry #2 ───────────────────────────────────────────────────────────────────────────────────────

    Error: expect(received).toBe(expected) // Object.is equality

    Expected: 200
    Received: 401

       at support/commands.ts:34

      32 |             });
      33 |
    > 34 |             expect(response.status()).toBe(200);
         |                                       ^
      35 |
      36 |             const newJwtCookie = await page
      37 |                 .context()
        at Function.Commands.login (/Users/egekocabas/Desktop/thesis/new/Artemis/src/test/playwright/support/commands.ts:34:39)
        at /Users/egekocabas/Desktop/thesis/new/Artemis/src/test/playwright/support/fixtures.ts:162:13
        at /Users/egekocabas/Desktop/thesis/new/Artemis/src/test/playwright/e2e/course/CourseMessages.spec.ts:21:9]]>
      
    </failure>
    
    <system-out>
      
      <![CDATA[[[ATTACHMENT|../test-results/e2e-course-CourseMessages--fe328-d-be-able-to-edit-a-channel-fast-tests-retry1/trace.zip]]]]>
      
    </system-out>
    
  </testcase>
  
  <testcase name="Course messages › Channel messages › Join channel › Student should be joined into pre-created channels automatically" classname="e2e/course/CourseMessages.spec.ts" time="4.891">
    
    <failure message="CourseMessages.spec.ts:179:17 Student should be joined into pre-created channels automatically" type="FAILURE">
      
      <![CDATA[[fast-tests] › e2e/course/CourseMessages.spec.ts:179:17 › Course messages › Channel messages › Join channel › Student should be joined into pre-created channels automatically @fast 

    Error: expect(received).toBe(expected) // Object.is equality

    Expected: 200
    Received: 401

       at support/commands.ts:34

      32 |             });
      33 |
    > 34 |             expect(response.status()).toBe(200);
         |                                       ^
      35 |
      36 |             const newJwtCookie = await page
      37 |                 .context()
        at Function.Commands.login (/Users/egekocabas/Desktop/thesis/new/Artemis/src/test/playwright/support/commands.ts:34:39)
        at /Users/egekocabas/Desktop/thesis/new/Artemis/src/test/playwright/support/fixtures.ts:162:13
        at /Users/egekocabas/Desktop/thesis/new/Artemis/src/test/playwright/e2e/course/CourseMessages.spec.ts:21:9

    Retry #1 ───────────────────────────────────────────────────────────────────────────────────────

    Error: expect(received).toBe(expected) // Object.is equality

    Expected: 200
    Received: 401

       at support/commands.ts:34

      32 |             });
      33 |
    > 34 |             expect(response.status()).toBe(200);
         |                                       ^
      35 |
      36 |             const newJwtCookie = await page
      37 |                 .context()
        at Function.Commands.login (/Users/egekocabas/Desktop/thesis/new/Artemis/src/test/playwright/support/commands.ts:34:39)
        at /Users/egekocabas/Desktop/thesis/new/Artemis/src/test/playwright/support/fixtures.ts:162:13
        at /Users/egekocabas/Desktop/thesis/new/Artemis/src/test/playwright/e2e/course/CourseMessages.spec.ts:21:9

    attachment #1: trace (application/zip) ─────────────────────────────────────────────────────────
    test-results/e2e-course-CourseMessages--5b56d-ated-channels-automatically-fast-tests-retry1/trace.zip
    Usage:

        npx playwright show-trace test-results/e2e-course-CourseMessages--5b56d-ated-channels-automatically-fast-tests-retry1/trace.zip

    ────────────────────────────────────────────────────────────────────────────────────────────────

    Retry #2 ───────────────────────────────────────────────────────────────────────────────────────

    Error: expect(received).toBe(expected) // Object.is equality

    Expected: 200
    Received: 401

       at support/commands.ts:34

      32 |             });
      33 |
    > 34 |             expect(response.status()).toBe(200);
         |                                       ^
      35 |
      36 |             const newJwtCookie = await page
      37 |                 .context()
        at Function.Commands.login (/Users/egekocabas/Desktop/thesis/new/Artemis/src/test/playwright/support/commands.ts:34:39)
        at /Users/egekocabas/Desktop/thesis/new/Artemis/src/test/playwright/support/fixtures.ts:162:13
        at /Users/egekocabas/Desktop/thesis/new/Artemis/src/test/playwright/e2e/course/CourseMessages.spec.ts:21:9]]>
      
    </failure>
    
    <system-out>
      
      <![CDATA[[[ATTACHMENT|../test-results/e2e-course-CourseMessages--5b56d-ated-channels-automatically-fast-tests-retry1/trace.zip]]]]>
      
    </system-out>
    
  </testcase>
  
  <testcase name="Course messages › Channel messages › Join channel › Student should be able to join a public channel" classname="e2e/course/CourseMessages.spec.ts" time="4.745">
    
    <failure message="CourseMessages.spec.ts:203:17 Student should be able to join a public channel" type="FAILURE">
      
      <![CDATA[[fast-tests] › e2e/course/CourseMessages.spec.ts:203:17 › Course messages › Channel messages › Join channel › Student should be able to join a public channel @fast 

    Error: expect(received).toBe(expected) // Object.is equality

    Expected: 200
    Received: 401

       at support/commands.ts:34

      32 |             });
      33 |
    > 34 |             expect(response.status()).toBe(200);
         |                                       ^
      35 |
      36 |             const newJwtCookie = await page
      37 |                 .context()
        at Function.Commands.login (/Users/egekocabas/Desktop/thesis/new/Artemis/src/test/playwright/support/commands.ts:34:39)
        at /Users/egekocabas/Desktop/thesis/new/Artemis/src/test/playwright/support/fixtures.ts:162:13
        at /Users/egekocabas/Desktop/thesis/new/Artemis/src/test/playwright/e2e/course/CourseMessages.spec.ts:21:9

    Retry #1 ───────────────────────────────────────────────────────────────────────────────────────

    Error: expect(received).toBe(expected) // Object.is equality

    Expected: 200
    Received: 401

       at support/commands.ts:34

      32 |             });
      33 |
    > 34 |             expect(response.status()).toBe(200);
         |                                       ^
      35 |
      36 |             const newJwtCookie = await page
      37 |                 .context()
        at Function.Commands.login (/Users/egekocabas/Desktop/thesis/new/Artemis/src/test/playwright/support/commands.ts:34:39)
        at /Users/egekocabas/Desktop/thesis/new/Artemis/src/test/playwright/support/fixtures.ts:162:13
        at /Users/egekocabas/Desktop/thesis/new/Artemis/src/test/playwright/e2e/course/CourseMessages.spec.ts:21:9

    attachment #1: trace (application/zip) ─────────────────────────────────────────────────────────
    test-results/e2e-course-CourseMessages--916a7-le-to-join-a-public-channel-fast-tests-retry1/trace.zip
    Usage:

        npx playwright show-trace test-results/e2e-course-CourseMessages--916a7-le-to-join-a-public-channel-fast-tests-retry1/trace.zip

    ────────────────────────────────────────────────────────────────────────────────────────────────

    Retry #2 ───────────────────────────────────────────────────────────────────────────────────────

    Error: expect(received).toBe(expected) // Object.is equality

    Expected: 200
    Received: 401

       at support/commands.ts:34

      32 |             });
      33 |
    > 34 |             expect(response.status()).toBe(200);
         |                                       ^
      35 |
      36 |             const newJwtCookie = await page
      37 |                 .context()
        at Function.Commands.login (/Users/egekocabas/Desktop/thesis/new/Artemis/src/test/playwright/support/commands.ts:34:39)
        at /Users/egekocabas/Desktop/thesis/new/Artemis/src/test/playwright/support/fixtures.ts:162:13
        at /Users/egekocabas/Desktop/thesis/new/Artemis/src/test/playwright/e2e/course/CourseMessages.spec.ts:21:9]]>
      
    </failure>
    
    <system-out>
      
      <![CDATA[[[ATTACHMENT|../test-results/e2e-course-CourseMessages--916a7-le-to-join-a-public-channel-fast-tests-retry1/trace.zip]]]]>
      
    </system-out>
    
  </testcase>
  
  <testcase name="Course messages › Channel messages › Join channel › Student should be able to leave a public channel" classname="e2e/course/CourseMessages.spec.ts" time="4.9">
    
    <failure message="CourseMessages.spec.ts:212:17 Student should be able to leave a public channel" type="FAILURE">
      
      <![CDATA[[fast-tests] › e2e/course/CourseMessages.spec.ts:212:17 › Course messages › Channel messages › Join channel › Student should be able to leave a public channel @fast 

    Error: expect(received).toBe(expected) // Object.is equality

    Expected: 200
    Received: 401

       at support/commands.ts:34

      32 |             });
      33 |
    > 34 |             expect(response.status()).toBe(200);
         |                                       ^
      35 |
      36 |             const newJwtCookie = await page
      37 |                 .context()
        at Function.Commands.login (/Users/egekocabas/Desktop/thesis/new/Artemis/src/test/playwright/support/commands.ts:34:39)
        at /Users/egekocabas/Desktop/thesis/new/Artemis/src/test/playwright/support/fixtures.ts:162:13
        at /Users/egekocabas/Desktop/thesis/new/Artemis/src/test/playwright/e2e/course/CourseMessages.spec.ts:21:9

    Retry #1 ───────────────────────────────────────────────────────────────────────────────────────

    Error: expect(received).toBe(expected) // Object.is equality

    Expected: 200
    Received: 401

       at support/commands.ts:34

      32 |             });
      33 |
    > 34 |             expect(response.status()).toBe(200);
         |                                       ^
      35 |
      36 |             const newJwtCookie = await page
      37 |                 .context()
        at Function.Commands.login (/Users/egekocabas/Desktop/thesis/new/Artemis/src/test/playwright/support/commands.ts:34:39)
        at /Users/egekocabas/Desktop/thesis/new/Artemis/src/test/playwright/support/fixtures.ts:162:13
        at /Users/egekocabas/Desktop/thesis/new/Artemis/src/test/playwright/e2e/course/CourseMessages.spec.ts:21:9

    attachment #1: trace (application/zip) ─────────────────────────────────────────────────────────
    test-results/e2e-course-CourseMessages--74db4-e-to-leave-a-public-channel-fast-tests-retry1/trace.zip
    Usage:

        npx playwright show-trace test-results/e2e-course-CourseMessages--74db4-e-to-leave-a-public-channel-fast-tests-retry1/trace.zip

    ────────────────────────────────────────────────────────────────────────────────────────────────

    Retry #2 ───────────────────────────────────────────────────────────────────────────────────────

    Error: expect(received).toBe(expected) // Object.is equality

    Expected: 200
    Received: 401

       at support/commands.ts:34

      32 |             });
      33 |
    > 34 |             expect(response.status()).toBe(200);
         |                                       ^
      35 |
      36 |             const newJwtCookie = await page
      37 |                 .context()
        at Function.Commands.login (/Users/egekocabas/Desktop/thesis/new/Artemis/src/test/playwright/support/commands.ts:34:39)
        at /Users/egekocabas/Desktop/thesis/new/Artemis/src/test/playwright/support/fixtures.ts:162:13
        at /Users/egekocabas/Desktop/thesis/new/Artemis/src/test/playwright/e2e/course/CourseMessages.spec.ts:21:9]]>
      
    </failure>
    
    <system-out>
      
      <![CDATA[[[ATTACHMENT|../test-results/e2e-course-CourseMessages--74db4-e-to-leave-a-public-channel-fast-tests-retry1/trace.zip]]]]>
      
    </system-out>
    
  </testcase>
  
  <testcase name="Course messages › Channel messages › Write/edit/delete message in channel › Student should be able to write message in channel" classname="e2e/course/CourseMessages.spec.ts" time="4.868">
    
    <failure message="CourseMessages.spec.ts:230:17 Student should be able to write message in channel" type="FAILURE">
      
      <![CDATA[[fast-tests] › e2e/course/CourseMessages.spec.ts:230:17 › Course messages › Channel messages › Write/edit/delete message in channel › Student should be able to write message in channel @fast 

    Error: expect(received).toBe(expected) // Object.is equality

    Expected: 200
    Received: 401

       at support/commands.ts:34

      32 |             });
      33 |
    > 34 |             expect(response.status()).toBe(200);
         |                                       ^
      35 |
      36 |             const newJwtCookie = await page
      37 |                 .context()
        at Function.Commands.login (/Users/egekocabas/Desktop/thesis/new/Artemis/src/test/playwright/support/commands.ts:34:39)
        at /Users/egekocabas/Desktop/thesis/new/Artemis/src/test/playwright/support/fixtures.ts:162:13
        at /Users/egekocabas/Desktop/thesis/new/Artemis/src/test/playwright/e2e/course/CourseMessages.spec.ts:21:9

    Retry #1 ───────────────────────────────────────────────────────────────────────────────────────

    Error: expect(received).toBe(expected) // Object.is equality

    Expected: 200
    Received: 401

       at support/commands.ts:34

      32 |             });
      33 |
    > 34 |             expect(response.status()).toBe(200);
         |                                       ^
      35 |
      36 |             const newJwtCookie = await page
      37 |                 .context()
        at Function.Commands.login (/Users/egekocabas/Desktop/thesis/new/Artemis/src/test/playwright/support/commands.ts:34:39)
        at /Users/egekocabas/Desktop/thesis/new/Artemis/src/test/playwright/support/fixtures.ts:162:13
        at /Users/egekocabas/Desktop/thesis/new/Artemis/src/test/playwright/e2e/course/CourseMessages.spec.ts:21:9

    attachment #1: trace (application/zip) ─────────────────────────────────────────────────────────
    test-results/e2e-course-CourseMessages--48131-to-write-message-in-channel-fast-tests-retry1/trace.zip
    Usage:

        npx playwright show-trace test-results/e2e-course-CourseMessages--48131-to-write-message-in-channel-fast-tests-retry1/trace.zip

    ────────────────────────────────────────────────────────────────────────────────────────────────

    Retry #2 ───────────────────────────────────────────────────────────────────────────────────────

    Error: expect(received).toBe(expected) // Object.is equality

    Expected: 200
    Received: 401

       at support/commands.ts:34

      32 |             });
      33 |
    > 34 |             expect(response.status()).toBe(200);
         |                                       ^
      35 |
      36 |             const newJwtCookie = await page
      37 |                 .context()
        at Function.Commands.login (/Users/egekocabas/Desktop/thesis/new/Artemis/src/test/playwright/support/commands.ts:34:39)
        at /Users/egekocabas/Desktop/thesis/new/Artemis/src/test/playwright/support/fixtures.ts:162:13
        at /Users/egekocabas/Desktop/thesis/new/Artemis/src/test/playwright/e2e/course/CourseMessages.spec.ts:21:9]]>
      
    </failure>
    
    <system-out>
      
      <![CDATA[[[ATTACHMENT|../test-results/e2e-course-CourseMessages--48131-to-write-message-in-channel-fast-tests-retry1/trace.zip]]]]>
      
    </system-out>
    
  </testcase>
  
  <testcase name="Course messages › Channel messages › Write/edit/delete message in channel › Student should be able to edit message in channel" classname="e2e/course/CourseMessages.spec.ts" time="4.947">
    
    <failure message="CourseMessages.spec.ts:238:17 Student should be able to edit message in channel" type="FAILURE">
      
      <![CDATA[[fast-tests] › e2e/course/CourseMessages.spec.ts:238:17 › Course messages › Channel messages › Write/edit/delete message in channel › Student should be able to edit message in channel @fast 

    Error: expect(received).toBe(expected) // Object.is equality

    Expected: 200
    Received: 401

       at support/commands.ts:34

      32 |             });
      33 |
    > 34 |             expect(response.status()).toBe(200);
         |                                       ^
      35 |
      36 |             const newJwtCookie = await page
      37 |                 .context()
        at Function.Commands.login (/Users/egekocabas/Desktop/thesis/new/Artemis/src/test/playwright/support/commands.ts:34:39)
        at /Users/egekocabas/Desktop/thesis/new/Artemis/src/test/playwright/support/fixtures.ts:162:13
        at /Users/egekocabas/Desktop/thesis/new/Artemis/src/test/playwright/e2e/course/CourseMessages.spec.ts:21:9

    Retry #1 ───────────────────────────────────────────────────────────────────────────────────────

    Error: expect(received).toBe(expected) // Object.is equality

    Expected: 200
    Received: 401

       at support/commands.ts:34

      32 |             });
      33 |
    > 34 |             expect(response.status()).toBe(200);
         |                                       ^
      35 |
      36 |             const newJwtCookie = await page
      37 |                 .context()
        at Function.Commands.login (/Users/egekocabas/Desktop/thesis/new/Artemis/src/test/playwright/support/commands.ts:34:39)
        at /Users/egekocabas/Desktop/thesis/new/Artemis/src/test/playwright/support/fixtures.ts:162:13
        at /Users/egekocabas/Desktop/thesis/new/Artemis/src/test/playwright/e2e/course/CourseMessages.spec.ts:21:9

    attachment #1: trace (application/zip) ─────────────────────────────────────────────────────────
    test-results/e2e-course-CourseMessages--5023a--to-edit-message-in-channel-fast-tests-retry1/trace.zip
    Usage:

        npx playwright show-trace test-results/e2e-course-CourseMessages--5023a--to-edit-message-in-channel-fast-tests-retry1/trace.zip

    ────────────────────────────────────────────────────────────────────────────────────────────────

    Retry #2 ───────────────────────────────────────────────────────────────────────────────────────

    Error: expect(received).toBe(expected) // Object.is equality

    Expected: 200
    Received: 401

       at support/commands.ts:34

      32 |             });
      33 |
    > 34 |             expect(response.status()).toBe(200);
         |                                       ^
      35 |
      36 |             const newJwtCookie = await page
      37 |                 .context()
        at Function.Commands.login (/Users/egekocabas/Desktop/thesis/new/Artemis/src/test/playwright/support/commands.ts:34:39)
        at /Users/egekocabas/Desktop/thesis/new/Artemis/src/test/playwright/support/fixtures.ts:162:13
        at /Users/egekocabas/Desktop/thesis/new/Artemis/src/test/playwright/e2e/course/CourseMessages.spec.ts:21:9]]>
      
    </failure>
    
    <system-out>
      
      <![CDATA[[[ATTACHMENT|../test-results/e2e-course-CourseMessages--5023a--to-edit-message-in-channel-fast-tests-retry1/trace.zip]]]]>
      
    </system-out>
    
  </testcase>
  
  <testcase name="Course messages › Channel messages › Write/edit/delete message in channel › Student should be able to delete message in channel" classname="e2e/course/CourseMessages.spec.ts" time="4.782">
    
    <failure message="CourseMessages.spec.ts:248:17 Student should be able to delete message in channel" type="FAILURE">
      
      <![CDATA[[fast-tests] › e2e/course/CourseMessages.spec.ts:248:17 › Course messages › Channel messages › Write/edit/delete message in channel › Student should be able to delete message in channel @fast 

    Error: expect(received).toBe(expected) // Object.is equality

    Expected: 200
    Received: 401

       at support/commands.ts:34

      32 |             });
      33 |
    > 34 |             expect(response.status()).toBe(200);
         |                                       ^
      35 |
      36 |             const newJwtCookie = await page
      37 |                 .context()
        at Function.Commands.login (/Users/egekocabas/Desktop/thesis/new/Artemis/src/test/playwright/support/commands.ts:34:39)
        at /Users/egekocabas/Desktop/thesis/new/Artemis/src/test/playwright/support/fixtures.ts:162:13
        at /Users/egekocabas/Desktop/thesis/new/Artemis/src/test/playwright/e2e/course/CourseMessages.spec.ts:21:9

    Retry #1 ───────────────────────────────────────────────────────────────────────────────────────

    Error: expect(received).toBe(expected) // Object.is equality

    Expected: 200
    Received: 401

       at support/commands.ts:34

      32 |             });
      33 |
    > 34 |             expect(response.status()).toBe(200);
         |                                       ^
      35 |
      36 |             const newJwtCookie = await page
      37 |                 .context()
        at Function.Commands.login (/Users/egekocabas/Desktop/thesis/new/Artemis/src/test/playwright/support/commands.ts:34:39)
        at /Users/egekocabas/Desktop/thesis/new/Artemis/src/test/playwright/support/fixtures.ts:162:13
        at /Users/egekocabas/Desktop/thesis/new/Artemis/src/test/playwright/e2e/course/CourseMessages.spec.ts:21:9

    attachment #1: trace (application/zip) ─────────────────────────────────────────────────────────
    test-results/e2e-course-CourseMessages--83753-o-delete-message-in-channel-fast-tests-retry1/trace.zip
    Usage:

        npx playwright show-trace test-results/e2e-course-CourseMessages--83753-o-delete-message-in-channel-fast-tests-retry1/trace.zip

    ────────────────────────────────────────────────────────────────────────────────────────────────

    Retry #2 ───────────────────────────────────────────────────────────────────────────────────────

    Error: expect(received).toBe(expected) // Object.is equality

    Expected: 200
    Received: 401

       at support/commands.ts:34

      32 |             });
      33 |
    > 34 |             expect(response.status()).toBe(200);
         |                                       ^
      35 |
      36 |             const newJwtCookie = await page
      37 |                 .context()
        at Function.Commands.login (/Users/egekocabas/Desktop/thesis/new/Artemis/src/test/playwright/support/commands.ts:34:39)
        at /Users/egekocabas/Desktop/thesis/new/Artemis/src/test/playwright/support/fixtures.ts:162:13
        at /Users/egekocabas/Desktop/thesis/new/Artemis/src/test/playwright/e2e/course/CourseMessages.spec.ts:21:9]]>
      
    </failure>
    
    <system-out>
      
      <![CDATA[[[ATTACHMENT|../test-results/e2e-course-CourseMessages--83753-o-delete-message-in-channel-fast-tests-retry1/trace.zip]]]]>
      
    </system-out>
    
  </testcase>
  
  <testcase name="Course messages › Group chats › Create group chat › Instructors should be able to create a group chat" classname="e2e/course/CourseMessages.spec.ts" time="5.8">
    
    <failure message="CourseMessages.spec.ts:278:17 Instructors should be able to create a group chat" type="FAILURE">
      
      <![CDATA[[fast-tests] › e2e/course/CourseMessages.spec.ts:278:17 › Course messages › Group chats › Create group chat › Instructors should be able to create a group chat @fast 

    Error: expect(received).toBe(expected) // Object.is equality

    Expected: 200
    Received: 401

       at support/commands.ts:34

      32 |             });
      33 |
    > 34 |             expect(response.status()).toBe(200);
         |                                       ^
      35 |
      36 |             const newJwtCookie = await page
      37 |                 .context()
        at Function.Commands.login (/Users/egekocabas/Desktop/thesis/new/Artemis/src/test/playwright/support/commands.ts:34:39)
        at /Users/egekocabas/Desktop/thesis/new/Artemis/src/test/playwright/support/fixtures.ts:162:13
        at /Users/egekocabas/Desktop/thesis/new/Artemis/src/test/playwright/e2e/course/CourseMessages.spec.ts:21:9

    Retry #1 ───────────────────────────────────────────────────────────────────────────────────────

    Error: expect(received).toBe(expected) // Object.is equality

    Expected: 200
    Received: 401

       at support/commands.ts:34

      32 |             });
      33 |
    > 34 |             expect(response.status()).toBe(200);
         |                                       ^
      35 |
      36 |             const newJwtCookie = await page
      37 |                 .context()
        at Function.Commands.login (/Users/egekocabas/Desktop/thesis/new/Artemis/src/test/playwright/support/commands.ts:34:39)
        at /Users/egekocabas/Desktop/thesis/new/Artemis/src/test/playwright/support/fixtures.ts:162:13
        at /Users/egekocabas/Desktop/thesis/new/Artemis/src/test/playwright/e2e/course/CourseMessages.spec.ts:21:9

    attachment #1: trace (application/zip) ─────────────────────────────────────────────────────────
    test-results/e2e-course-CourseMessages--01ca0-able-to-create-a-group-chat-fast-tests-retry1/trace.zip
    Usage:

        npx playwright show-trace test-results/e2e-course-CourseMessages--01ca0-able-to-create-a-group-chat-fast-tests-retry1/trace.zip

    ────────────────────────────────────────────────────────────────────────────────────────────────

    Retry #2 ───────────────────────────────────────────────────────────────────────────────────────

    Error: expect(received).toBe(expected) // Object.is equality

    Expected: 200
    Received: 401

       at support/commands.ts:34

      32 |             });
      33 |
    > 34 |             expect(response.status()).toBe(200);
         |                                       ^
      35 |
      36 |             const newJwtCookie = await page
      37 |                 .context()
        at Function.Commands.login (/Users/egekocabas/Desktop/thesis/new/Artemis/src/test/playwright/support/commands.ts:34:39)
        at /Users/egekocabas/Desktop/thesis/new/Artemis/src/test/playwright/support/fixtures.ts:162:13
        at /Users/egekocabas/Desktop/thesis/new/Artemis/src/test/playwright/e2e/course/CourseMessages.spec.ts:21:9]]>
      
    </failure>
    
    <system-out>
      
      <![CDATA[[[ATTACHMENT|../test-results/e2e-course-CourseMessages--01ca0-able-to-create-a-group-chat-fast-tests-retry1/trace.zip]]]]>
      
    </system-out>
    
  </testcase>
  
  <testcase name="Course messages › Group chats › Create group chat › Tutors should be able to create a group chat" classname="e2e/course/CourseMessages.spec.ts" time="5.437">
    
    <failure message="CourseMessages.spec.ts:290:17 Tutors should be able to create a group chat" type="FAILURE">
      
      <![CDATA[[fast-tests] › e2e/course/CourseMessages.spec.ts:290:17 › Course messages › Group chats › Create group chat › Tutors should be able to create a group chat @fast 

    Error: expect(received).toBe(expected) // Object.is equality

    Expected: 200
    Received: 401

       at support/commands.ts:34

      32 |             });
      33 |
    > 34 |             expect(response.status()).toBe(200);
         |                                       ^
      35 |
      36 |             const newJwtCookie = await page
      37 |                 .context()
        at Function.Commands.login (/Users/egekocabas/Desktop/thesis/new/Artemis/src/test/playwright/support/commands.ts:34:39)
        at /Users/egekocabas/Desktop/thesis/new/Artemis/src/test/playwright/support/fixtures.ts:162:13
        at /Users/egekocabas/Desktop/thesis/new/Artemis/src/test/playwright/e2e/course/CourseMessages.spec.ts:21:9

    Retry #1 ───────────────────────────────────────────────────────────────────────────────────────

    Error: expect(received).toBe(expected) // Object.is equality

    Expected: 200
    Received: 401

       at support/commands.ts:34

      32 |             });
      33 |
    > 34 |             expect(response.status()).toBe(200);
         |                                       ^
      35 |
      36 |             const newJwtCookie = await page
      37 |                 .context()
        at Function.Commands.login (/Users/egekocabas/Desktop/thesis/new/Artemis/src/test/playwright/support/commands.ts:34:39)
        at /Users/egekocabas/Desktop/thesis/new/Artemis/src/test/playwright/support/fixtures.ts:162:13
        at /Users/egekocabas/Desktop/thesis/new/Artemis/src/test/playwright/e2e/course/CourseMessages.spec.ts:21:9

    attachment #1: trace (application/zip) ─────────────────────────────────────────────────────────
    test-results/e2e-course-CourseMessages--a44fb-able-to-create-a-group-chat-fast-tests-retry1/trace.zip
    Usage:

        npx playwright show-trace test-results/e2e-course-CourseMessages--a44fb-able-to-create-a-group-chat-fast-tests-retry1/trace.zip

    ────────────────────────────────────────────────────────────────────────────────────────────────

    Retry #2 ───────────────────────────────────────────────────────────────────────────────────────

    Error: expect(received).toBe(expected) // Object.is equality

    Expected: 200
    Received: 401

       at support/commands.ts:34

      32 |             });
      33 |
    > 34 |             expect(response.status()).toBe(200);
         |                                       ^
      35 |
      36 |             const newJwtCookie = await page
      37 |                 .context()
        at Function.Commands.login (/Users/egekocabas/Desktop/thesis/new/Artemis/src/test/playwright/support/commands.ts:34:39)
        at /Users/egekocabas/Desktop/thesis/new/Artemis/src/test/playwright/support/fixtures.ts:162:13
        at /Users/egekocabas/Desktop/thesis/new/Artemis/src/test/playwright/e2e/course/CourseMessages.spec.ts:21:9]]>
      
    </failure>
    
    <system-out>
      
      <![CDATA[[[ATTACHMENT|../test-results/e2e-course-CourseMessages--a44fb-able-to-create-a-group-chat-fast-tests-retry1/trace.zip]]]]>
      
    </system-out>
    
  </testcase>
  
  <testcase name="Course messages › Group chats › Create group chat › Students should be able to create a group chat" classname="e2e/course/CourseMessages.spec.ts" time="4.934">
    
    <failure message="CourseMessages.spec.ts:302:17 Students should be able to create a group chat" type="FAILURE">
      
      <![CDATA[[fast-tests] › e2e/course/CourseMessages.spec.ts:302:17 › Course messages › Group chats › Create group chat › Students should be able to create a group chat @fast 

    Error: expect(received).toBe(expected) // Object.is equality

    Expected: 200
    Received: 401

       at support/commands.ts:34

      32 |             });
      33 |
    > 34 |             expect(response.status()).toBe(200);
         |                                       ^
      35 |
      36 |             const newJwtCookie = await page
      37 |                 .context()
        at Function.Commands.login (/Users/egekocabas/Desktop/thesis/new/Artemis/src/test/playwright/support/commands.ts:34:39)
        at /Users/egekocabas/Desktop/thesis/new/Artemis/src/test/playwright/support/fixtures.ts:162:13
        at /Users/egekocabas/Desktop/thesis/new/Artemis/src/test/playwright/e2e/course/CourseMessages.spec.ts:21:9

    Retry #1 ───────────────────────────────────────────────────────────────────────────────────────

    Error: expect(received).toBe(expected) // Object.is equality

    Expected: 200
    Received: 401

       at support/commands.ts:34

      32 |             });
      33 |
    > 34 |             expect(response.status()).toBe(200);
         |                                       ^
      35 |
      36 |             const newJwtCookie = await page
      37 |                 .context()
        at Function.Commands.login (/Users/egekocabas/Desktop/thesis/new/Artemis/src/test/playwright/support/commands.ts:34:39)
        at /Users/egekocabas/Desktop/thesis/new/Artemis/src/test/playwright/support/fixtures.ts:162:13
        at /Users/egekocabas/Desktop/thesis/new/Artemis/src/test/playwright/e2e/course/CourseMessages.spec.ts:21:9

    attachment #1: trace (application/zip) ─────────────────────────────────────────────────────────
    test-results/e2e-course-CourseMessages--3d146-able-to-create-a-group-chat-fast-tests-retry1/trace.zip
    Usage:

        npx playwright show-trace test-results/e2e-course-CourseMessages--3d146-able-to-create-a-group-chat-fast-tests-retry1/trace.zip

    ────────────────────────────────────────────────────────────────────────────────────────────────

    Retry #2 ───────────────────────────────────────────────────────────────────────────────────────

    Error: expect(received).toBe(expected) // Object.is equality

    Expected: 200
    Received: 401

       at support/commands.ts:34

      32 |             });
      33 |
    > 34 |             expect(response.status()).toBe(200);
         |                                       ^
      35 |
      36 |             const newJwtCookie = await page
      37 |                 .context()
        at Function.Commands.login (/Users/egekocabas/Desktop/thesis/new/Artemis/src/test/playwright/support/commands.ts:34:39)
        at /Users/egekocabas/Desktop/thesis/new/Artemis/src/test/playwright/support/fixtures.ts:162:13
        at /Users/egekocabas/Desktop/thesis/new/Artemis/src/test/playwright/e2e/course/CourseMessages.spec.ts:21:9]]>
      
    </failure>
    
    <system-out>
      
      <![CDATA[[[ATTACHMENT|../test-results/e2e-course-CourseMessages--3d146-able-to-create-a-group-chat-fast-tests-retry1/trace.zip]]]]>
      
    </system-out>
    
  </testcase>
  
  <testcase name="Course messages › Group chats › Add to group chat › Tutors should be able to add a user to group chat" classname="e2e/course/CourseMessages.spec.ts" time="5.503">
    
    <failure message="CourseMessages.spec.ts:323:17 Tutors should be able to add a user to group chat" type="FAILURE">
      
      <![CDATA[[fast-tests] › e2e/course/CourseMessages.spec.ts:323:17 › Course messages › Group chats › Add to group chat › Tutors should be able to add a user to group chat @fast 

    Error: expect(received).toBe(expected) // Object.is equality

    Expected: 200
    Received: 401

       at support/commands.ts:34

      32 |             });
      33 |
    > 34 |             expect(response.status()).toBe(200);
         |                                       ^
      35 |
      36 |             const newJwtCookie = await page
      37 |                 .context()
        at Function.Commands.login (/Users/egekocabas/Desktop/thesis/new/Artemis/src/test/playwright/support/commands.ts:34:39)
        at /Users/egekocabas/Desktop/thesis/new/Artemis/src/test/playwright/support/fixtures.ts:162:13
[...]
      
      <![CDATA[[sequential-tests] › e2e/exercise/programming/ProgrammingExerciseParticipation.spec.ts:173:13 › Programming exercise participation › Programming exercise team participation › Team members make git submissions @sequential 

    Error: expect(received).toBe(expected) // Object.is equality

    Expected: 200
    Received: 401

       at support/commands.ts:34

      32 |             });
      33 |
    > 34 |             expect(response.status()).toBe(200);
         |                                       ^
      35 |
      36 |             const newJwtCookie = await page
      37 |                 .context()
        at Function.Commands.login (/Users/egekocabas/Desktop/thesis/new/Artemis/src/test/playwright/support/commands.ts:34:39)
        at ProgrammingExerciseOverviewPage.startParticipation (/Users/egekocabas/Desktop/thesis/new/Artemis/src/test/playwright/support/pageobjects/exercises/programming/ProgrammingExerciseOverviewPage.ts:25:9)
        at /Users/egekocabas/Desktop/thesis/new/Artemis/src/test/playwright/e2e/exercise/programming/ProgrammingExerciseParticipation.spec.ts:175:13

    Retry #1 ───────────────────────────────────────────────────────────────────────────────────────

    Error: expect(received).toBe(expected) // Object.is equality

    Expected: 200
    Received: 401

       at support/commands.ts:34

      32 |             });
      33 |
    > 34 |             expect(response.status()).toBe(200);
         |                                       ^
      35 |
      36 |             const newJwtCookie = await page
      37 |                 .context()
        at Function.Commands.login (/Users/egekocabas/Desktop/thesis/new/Artemis/src/test/playwright/support/commands.ts:34:39)
        at ProgrammingExerciseOverviewPage.startParticipation (/Users/egekocabas/Desktop/thesis/new/Artemis/src/test/playwright/support/pageobjects/exercises/programming/ProgrammingExerciseOverviewPage.ts:25:9)
        at /Users/egekocabas/Desktop/thesis/new/Artemis/src/test/playwright/e2e/exercise/programming/ProgrammingExerciseParticipation.spec.ts:175:13

    attachment #1: trace (application/zip) ─────────────────────────────────────────────────────────
    test-results/e2e-exercise-programming-P-4040e-embers-make-git-submissions-sequential-tests-retry1/trace.zip
    Usage:

        npx playwright show-trace test-results/e2e-exercise-programming-P-4040e-embers-make-git-submissions-sequential-tests-retry1/trace.zip

    ────────────────────────────────────────────────────────────────────────────────────────────────

    Retry #2 ───────────────────────────────────────────────────────────────────────────────────────

    Error: expect(received).toBe(expected) // Object.is equality

    Expected: 200
    Received: 401

       at support/commands.ts:34

      32 |             });
      33 |
    > 34 |             expect(response.status()).toBe(200);
         |                                       ^
      35 |
      36 |             const newJwtCookie = await page
      37 |                 .context()
        at Function.Commands.login (/Users/egekocabas/Desktop/thesis/new/Artemis/src/test/playwright/support/commands.ts:34:39)
        at ProgrammingExerciseOverviewPage.startParticipation (/Users/egekocabas/Desktop/thesis/new/Artemis/src/test/playwright/support/pageobjects/exercises/programming/ProgrammingExerciseOverviewPage.ts:25:9)
        at /Users/egekocabas/Desktop/thesis/new/Artemis/src/test/playwright/e2e/exercise/programming/ProgrammingExerciseParticipation.spec.ts:175:13]]>
      
    </failure>
    
    <system-out>
      
      <![CDATA[[[ATTACHMENT|../test-results/e2e-exercise-programming-P-4040e-embers-make-git-submissions-sequential-tests-retry1/trace.zip]]]]>
      
    </system-out>
    
  </testcase>
  
  <testcase name="Programming exercise participation › Programming exercise team participation › Students without a team can not participate in the team exercise" classname="e2e/exercise/programming/ProgrammingExerciseParticipation.spec.ts" time="7.718">
    
    <failure message="ProgrammingExerciseParticipation.spec.ts:203:13 Students without a team can not participate in the team exercise" type="FAILURE">
      
      <![CDATA[[sequential-tests] › e2e/exercise/programming/ProgrammingExerciseParticipation.spec.ts:203:13 › Programming exercise participation › Programming exercise team participation › Students without a team can not participate in the team exercise @sequential 

    Error: expect(received).toBe(expected) // Object.is equality

    Expected: 200
    Received: 401

       at support/commands.ts:34

      32 |             });
      33 |
    > 34 |             expect(response.status()).toBe(200);
         |                                       ^
      35 |
      36 |             const newJwtCookie = await page
      37 |                 .context()
        at Function.Commands.login (/Users/egekocabas/Desktop/thesis/new/Artemis/src/test/playwright/support/commands.ts:34:39)
        at /Users/egekocabas/Desktop/thesis/new/Artemis/src/test/playwright/support/fixtures.ts:162:13
        at /Users/egekocabas/Desktop/thesis/new/Artemis/src/test/playwright/e2e/exercise/programming/ProgrammingExerciseParticipation.spec.ts:204:13

    Retry #1 ───────────────────────────────────────────────────────────────────────────────────────

    Error: expect(received).toBe(expected) // Object.is equality

    Expected: 200
    Received: 401

       at support/commands.ts:34

      32 |             });
      33 |
    > 34 |             expect(response.status()).toBe(200);
         |                                       ^
      35 |
      36 |             const newJwtCookie = await page
      37 |                 .context()
        at Function.Commands.login (/Users/egekocabas/Desktop/thesis/new/Artemis/src/test/playwright/support/commands.ts:34:39)
        at /Users/egekocabas/Desktop/thesis/new/Artemis/src/test/playwright/support/fixtures.ts:162:13
        at /Users/egekocabas/Desktop/thesis/new/Artemis/src/test/playwright/e2e/exercise/programming/ProgrammingExerciseParticipation.spec.ts:204:13

    attachment #1: trace (application/zip) ─────────────────────────────────────────────────────────
    test-results/e2e-exercise-programming-P-c122e-cipate-in-the-team-exercise-sequential-tests-retry1/trace.zip
    Usage:

        npx playwright show-trace test-results/e2e-exercise-programming-P-c122e-cipate-in-the-team-exercise-sequential-tests-retry1/trace.zip

    ────────────────────────────────────────────────────────────────────────────────────────────────

    Retry #2 ───────────────────────────────────────────────────────────────────────────────────────

    Error: expect(received).toBe(expected) // Object.is equality

    Expected: 200
    Received: 401

       at support/commands.ts:34

      32 |             });
      33 |
    > 34 |             expect(response.status()).toBe(200);
         |                                       ^
      35 |
      36 |             const newJwtCookie = await page
      37 |                 .context()
        at Function.Commands.login (/Users/egekocabas/Desktop/thesis/new/Artemis/src/test/playwright/support/commands.ts:34:39)
        at /Users/egekocabas/Desktop/thesis/new/Artemis/src/test/playwright/support/fixtures.ts:162:13
        at /Users/egekocabas/Desktop/thesis/new/Artemis/src/test/playwright/e2e/exercise/programming/ProgrammingExerciseParticipation.spec.ts:204:13]]>
      
    </failure>
    
    <system-out>
      
      <![CDATA[[[ATTACHMENT|../test-results/e2e-exercise-programming-P-c122e-cipate-in-the-team-exercise-sequential-tests-retry1/trace.zip]]]]>
      
    </system-out>
    
  </testcase>
  
  <testcase name="Programming exercise participation › Programming exercise team participation › Students of other teams have their own submission" classname="e2e/exercise/programming/ProgrammingExerciseParticipation.spec.ts" time="8.633">
    
    <failure message="ProgrammingExerciseParticipation.spec.ts:213:13 Students of other teams have their own submission" type="FAILURE">
      
      <![CDATA[[sequential-tests] › e2e/exercise/programming/ProgrammingExerciseParticipation.spec.ts:213:13 › Programming exercise participation › Programming exercise team participation › Students of other teams have their own submission @sequential 

    Error: expect(received).toBe(expected) // Object.is equality

    Expected: 200
    Received: 401

       at support/commands.ts:34

      32 |             });
      33 |
    > 34 |             expect(response.status()).toBe(200);
         |                                       ^
      35 |
      36 |             const newJwtCookie = await page
      37 |                 .context()
        at Function.Commands.login (/Users/egekocabas/Desktop/thesis/new/Artemis/src/test/playwright/support/commands.ts:34:39)
        at /Users/egekocabas/Desktop/thesis/new/Artemis/src/test/playwright/support/fixtures.ts:162:13
        at /Users/egekocabas/Desktop/thesis/new/Artemis/src/test/playwright/e2e/exercise/programming/ProgrammingExerciseParticipation.spec.ts:227:13

    Retry #1 ───────────────────────────────────────────────────────────────────────────────────────

    Error: expect(received).toBe(expected) // Object.is equality

    Expected: 200
    Received: 401

       at support/commands.ts:34

      32 |             });
      33 |
    > 34 |             expect(response.status()).toBe(200);
         |                                       ^
      35 |
      36 |             const newJwtCookie = await page
      37 |                 .context()
        at Function.Commands.login (/Users/egekocabas/Desktop/thesis/new/Artemis/src/test/playwright/support/commands.ts:34:39)
        at /Users/egekocabas/Desktop/thesis/new/Artemis/src/test/playwright/support/fixtures.ts:162:13
        at /Users/egekocabas/Desktop/thesis/new/Artemis/src/test/playwright/e2e/exercise/programming/ProgrammingExerciseParticipation.spec.ts:227:13

    attachment #1: trace (application/zip) ─────────────────────────────────────────────────────────
    test-results/e2e-exercise-programming-P-ef7cf-s-have-their-own-submission-sequential-tests-retry1/trace.zip
    Usage:

        npx playwright show-trace test-results/e2e-exercise-programming-P-ef7cf-s-have-their-own-submission-sequential-tests-retry1/trace.zip

    ────────────────────────────────────────────────────────────────────────────────────────────────

    Retry #2 ───────────────────────────────────────────────────────────────────────────────────────

    Error: expect(received).toBe(expected) // Object.is equality

    Expected: 200
    Received: 401

       at support/commands.ts:34

      32 |             });
      33 |
    > 34 |             expect(response.status()).toBe(200);
         |                                       ^
      35 |
      36 |             const newJwtCookie = await page
      37 |                 .context()
        at Function.Commands.login (/Users/egekocabas/Desktop/thesis/new/Artemis/src/test/playwright/support/commands.ts:34:39)
        at /Users/egekocabas/Desktop/thesis/new/Artemis/src/test/playwright/support/fixtures.ts:162:13
        at /Users/egekocabas/Desktop/thesis/new/Artemis/src/test/playwright/e2e/exercise/programming/ProgrammingExerciseParticipation.spec.ts:227:13]]>
      
    </failure>
    
    <system-out>
      
      <![CDATA[[[ATTACHMENT|../test-results/e2e-exercise-programming-P-ef7cf-s-have-their-own-submission-sequential-tests-retry1/trace.zip]]]]>
      
    </system-out>
    
  </testcase>
  
  <testcase name="Programming exercise participation › Programming exercise team participation › Check team participation › Instructor checks the participation" classname="e2e/exercise/programming/ProgrammingExerciseParticipation.spec.ts" time="7.834">
    
    <failure message="ProgrammingExerciseParticipation.spec.ts:252:17 Instructor checks the participation" type="FAILURE">
      
      <![CDATA[[sequential-tests] › e2e/exercise/programming/ProgrammingExerciseParticipation.spec.ts:252:17 › Programming exercise participation › Programming exercise team participation › Check team participation › Instructor checks the participation @sequential 

    Error: expect(received).toBe(expected) // Object.is equality

    Expected: 200
    Received: 401

       at support/commands.ts:34

      32 |             });
      33 |
    > 34 |             expect(response.status()).toBe(200);
         |                                       ^
      35 |
      36 |             const newJwtCookie = await page
      37 |                 .context()
        at Function.Commands.login (/Users/egekocabas/Desktop/thesis/new/Artemis/src/test/playwright/support/commands.ts:34:39)
        at /Users/egekocabas/Desktop/thesis/new/Artemis/src/test/playwright/support/fixtures.ts:162:13
        at /Users/egekocabas/Desktop/thesis/new/Artemis/src/test/playwright/e2e/exercise/programming/ProgrammingExerciseParticipation.spec.ts:240:21

    Retry #1 ───────────────────────────────────────────────────────────────────────────────────────

    Error: expect(received).toBe(expected) // Object.is equality

    Expected: 200
    Received: 401

       at support/commands.ts:34

      32 |             });
      33 |
    > 34 |             expect(response.status()).toBe(200);
         |                                       ^
      35 |
      36 |             const newJwtCookie = await page
      37 |                 .context()
        at Function.Commands.login (/Users/egekocabas/Desktop/thesis/new/Artemis/src/test/playwright/support/commands.ts:34:39)
        at /Users/egekocabas/Desktop/thesis/new/Artemis/src/test/playwright/support/fixtures.ts:162:13
        at /Users/egekocabas/Desktop/thesis/new/Artemis/src/test/playwright/e2e/exercise/programming/ProgrammingExerciseParticipation.spec.ts:240:21

    attachment #1: trace (application/zip) ─────────────────────────────────────────────────────────
    test-results/e2e-exercise-programming-P-3393a-or-checks-the-participation-sequential-tests-retry1/trace.zip
    Usage:

        npx playwright show-trace test-results/e2e-exercise-programming-P-3393a-or-checks-the-participation-sequential-tests-retry1/trace.zip

    ────────────────────────────────────────────────────────────────────────────────────────────────

    Retry #2 ───────────────────────────────────────────────────────────────────────────────────────

    Error: expect(received).toBe(expected) // Object.is equality

    Expected: 200
    Received: 401

       at support/commands.ts:34

      32 |             });
      33 |
    > 34 |             expect(response.status()).toBe(200);
         |                                       ^
      35 |
      36 |             const newJwtCookie = await page
      37 |                 .context()
        at Function.Commands.login (/Users/egekocabas/Desktop/thesis/new/Artemis/src/test/playwright/support/commands.ts:34:39)
        at /Users/egekocabas/Desktop/thesis/new/Artemis/src/test/playwright/support/fixtures.ts:162:13
        at /Users/egekocabas/Desktop/thesis/new/Artemis/src/test/playwright/e2e/exercise/programming/ProgrammingExerciseParticipation.spec.ts:240:21]]>
      
    </failure>
    
    <system-out>
      
      <![CDATA[[[ATTACHMENT|../test-results/e2e-exercise-programming-P-3393a-or-checks-the-participation-sequential-tests-retry1/trace.zip]]]]>
      
    </system-out>
    
  </testcase>
  
</testsuite>
<testsuite name="e2e/exercise/programming/ProgrammingExerciseStaticCodeAnalysis.spec.ts" timestamp="2025-03-08T17:00:40.123Z" hostname="sequential-tests" tests="1" failures="1" skipped="0" time="10.506" errors="0">
  
  <testcase name="Static code analysis tests › Configures SCA grading and makes a successful submission with SCA errors" classname="e2e/exercise/programming/ProgrammingExerciseStaticCodeAnalysis.spec.ts" time="10.506">
    
    <failure message="ProgrammingExerciseStaticCodeAnalysis.spec.ts:20:9 Configures SCA grading and makes a successful submission with SCA errors" type="FAILURE">
      
      <![CDATA[[sequential-tests] › e2e/exercise/programming/ProgrammingExerciseStaticCodeAnalysis.spec.ts:20:9 › Static code analysis tests › Configures SCA grading and makes a successful submission with SCA errors @sequential 

    Error: expect(received).toBe(expected) // Object.is equality

    Expected: 200
    Received: 401

       at support/commands.ts:34

      32 |             });
      33 |
    > 34 |             expect(response.status()).toBe(200);
         |                                       ^
      35 |
      36 |             const newJwtCookie = await page
      37 |                 .context()
        at Function.Commands.login (/Users/egekocabas/Desktop/thesis/new/Artemis/src/test/playwright/support/commands.ts:34:39)
        at ProgrammingExerciseOverviewPage.startParticipation (/Users/egekocabas/Desktop/thesis/new/Artemis/src/test/playwright/support/pageobjects/exercises/programming/ProgrammingExerciseOverviewPage.ts:25:9)
        at /Users/egekocabas/Desktop/thesis/new/Artemis/src/test/playwright/e2e/exercise/programming/ProgrammingExerciseStaticCodeAnalysis.spec.ts:34:9

    Retry #1 ───────────────────────────────────────────────────────────────────────────────────────

    Error: expect(received).toBe(expected) // Object.is equality

    Expected: 200
    Received: 401

       at support/commands.ts:34

      32 |             });
      33 |
    > 34 |             expect(response.status()).toBe(200);
         |                                       ^
      35 |
      36 |             const newJwtCookie = await page
      37 |                 .context()
        at Function.Commands.login (/Users/egekocabas/Desktop/thesis/new/Artemis/src/test/playwright/support/commands.ts:34:39)
        at ProgrammingExerciseOverviewPage.startParticipation (/Users/egekocabas/Desktop/thesis/new/Artemis/src/test/playwright/support/pageobjects/exercises/programming/ProgrammingExerciseOverviewPage.ts:25:9)
        at /Users/egekocabas/Desktop/thesis/new/Artemis/src/test/playwright/e2e/exercise/programming/ProgrammingExerciseStaticCodeAnalysis.spec.ts:34:9

    attachment #1: trace (application/zip) ─────────────────────────────────────────────────────────
    test-results/e2e-exercise-programming-P-a08df--submission-with-SCA-errors-sequential-tests-retry1/trace.zip
    Usage:

        npx playwright show-trace test-results/e2e-exercise-programming-P-a08df--submission-with-SCA-errors-sequential-tests-retry1/trace.zip

    ────────────────────────────────────────────────────────────────────────────────────────────────

    Retry #2 ───────────────────────────────────────────────────────────────────────────────────────

    Error: expect(received).toBe(expected) // Object.is equality

    Expected: 200
    Received: 401

       at support/commands.ts:34

      32 |             });
      33 |
    > 34 |             expect(response.status()).toBe(200);
         |                                       ^
      35 |
      36 |             const newJwtCookie = await page
      37 |                 .context()
        at Function.Commands.login (/Users/egekocabas/Desktop/thesis/new/Artemis/src/test/playwright/support/commands.ts:34:39)
        at ProgrammingExerciseOverviewPage.startParticipation (/Users/egekocabas/Desktop/thesis/new/Artemis/src/test/playwright/support/pageobjects/exercises/programming/ProgrammingExerciseOverviewPage.ts:25:9)
        at /Users/egekocabas/Desktop/thesis/new/Artemis/src/test/playwright/e2e/exercise/programming/ProgrammingExerciseStaticCodeAnalysis.spec.ts:34:9]]>
      
    </failure>
    
    <system-out>
      
      <![CDATA[[[ATTACHMENT|../test-results/e2e-exercise-programming-P-a08df--submission-with-SCA-errors-sequential-tests-retry1/trace.zip]]]]>
      
    </system-out>
    
  </testcase>
  
</testsuite>

</testsuites>
