<?xml version="1.0"?>
<testsuites>
<testsuite name="e2e/course/CourseManagement.spec.ts" timestamp="2025-03-08T16:39:19.448Z" hostname="fast-tests" tests="7" failures="1" skipped="0" time="176.118" errors="0">
  
  <testcase name="Course management › Manual student selection › Manually adds and removes a student" classname="e2e/course/CourseManagement.spec.ts" time="137.824">
<failure message="CourseManagement.spec.ts:56:13 Manually adds and removes a student" type="FAILURE">
      
      <![CDATA[[fast-tests] › e2e/course/CourseManagement.spec.ts:56:13 › Course management › Manual student selection › Manually adds and removes a student @fast 

    Test timeout of 45000ms exceeded.

    Error: page.waitForResponse: Test timeout of 45000ms exceeded.
    =========================== logs ===========================
    waiting for response "api/core/courses/*/students/artemis_test_user_1"
    ============================================================

       at support/pageobjects/course/CourseManagementPage.ts:81

      79 |      * */
      80 |     async addStudentToCourse(credentials: UserCredentials) {
    > 81 |         const responsePromise = this.page.waitForResponse(`api/core/courses/*/students/${credentials.username}`);
         |                                           ^
      82 |         await this.page.locator('#detail-value-artemisApp\\.course\\.studentGroupName').locator('a').click();
      83 |         await this.confirmUserIntoGroup(credentials);
      84 |         await responsePromise;
        at CourseManagementPage.addStudentToCourse (/Users/egekocabas/Desktop/thesis/new/Artemis/src/test/playwright/support/pageobjects/course/CourseManagementPage.ts:81:43)
        at /Users/egekocabas/Desktop/thesis/new/Artemis/src/test/playwright/e2e/course/CourseManagement.spec.ts:60:36

    Error: locator.click: Test timeout of 45000ms exceeded.
    Call log:
      - waiting for locator('.dropdown-item').filter({ hasText: '(artemis_test_user_1)' })


       at support/pageobjects/course/CourseManagementPage.ts:121

      119 |     private async confirmUserIntoGroup(credentials: UserCredentials) {
      120 |         await this.page.locator('#typeahead-basic').fill(credentials.username);
    > 121 |         await this.page.locator('.dropdown-item', { hasText: `(${credentials.username})` }).click();
          |                                                                                             ^
      122 |     }
      123 |
      124 |     /**
        at CourseManagementPage.confirmUserIntoGroup (/Users/egekocabas/Desktop/thesis/new/Artemis/src/test/playwright/support/pageobjects/course/CourseManagementPage.ts:121:93)
        at CourseManagementPage.addStudentToCourse (/Users/egekocabas/Desktop/thesis/new/Artemis/src/test/playwright/support/pageobjects/course/CourseManagementPage.ts:83:9)
        at /Users/egekocabas/Desktop/thesis/new/Artemis/src/test/playwright/e2e/course/CourseManagement.spec.ts:60:13

    Retry #1 ───────────────────────────────────────────────────────────────────────────────────────

    Test timeout of 45000ms exceeded.

    Error: page.waitForResponse: Test timeout of 45000ms exceeded.
    =========================== logs ===========================
    waiting for response "api/core/courses/*/students/artemis_test_user_1"
    ============================================================

       at support/pageobjects/course/CourseManagementPage.ts:81

      79 |      * */
      80 |     async addStudentToCourse(credentials: UserCredentials) {
    > 81 |         const responsePromise = this.page.waitForResponse(`api/core/courses/*/students/${credentials.username}`);
         |                                           ^
      82 |         await this.page.locator('#detail-value-artemisApp\\.course\\.studentGroupName').locator('a').click();
      83 |         await this.confirmUserIntoGroup(credentials);
      84 |         await responsePromise;
        at CourseManagementPage.addStudentToCourse (/Users/egekocabas/Desktop/thesis/new/Artemis/src/test/playwright/support/pageobjects/course/CourseManagementPage.ts:81:43)
        at /Users/egekocabas/Desktop/thesis/new/Artemis/src/test/playwright/e2e/course/CourseManagement.spec.ts:60:36

    Error: locator.click: Test timeout of 45000ms exceeded.
    Call log:
      - waiting for locator('.dropdown-item').filter({ hasText: '(artemis_test_user_1)' })


       at support/pageobjects/course/CourseManagementPage.ts:121

      119 |     private async confirmUserIntoGroup(credentials: UserCredentials) {
      120 |         await this.page.locator('#typeahead-basic').fill(credentials.username);
    > 121 |         await this.page.locator('.dropdown-item', { hasText: `(${credentials.username})` }).click();
          |                                                                                             ^
      122 |     }
      123 |
      124 |     /**
        at CourseManagementPage.confirmUserIntoGroup (/Users/egekocabas/Desktop/thesis/new/Artemis/src/test/playwright/support/pageobjects/course/CourseManagementPage.ts:121:93)
        at CourseManagementPage.addStudentToCourse (/Users/egekocabas/Desktop/thesis/new/Artemis/src/test/playwright/support/pageobjects/course/CourseManagementPage.ts:83:9)
        at /Users/egekocabas/Desktop/thesis/new/Artemis/src/test/playwright/e2e/course/CourseManagement.spec.ts:60:13

    attachment #1: trace (application/zip) ─────────────────────────────────────────────────────────
    test-results/e2e-course-CourseManagemen-7a44d--adds-and-removes-a-student-fast-tests-retry1/trace.zip
    Usage:

        npx playwright show-trace test-results/e2e-course-CourseManagemen-7a44d--adds-and-removes-a-student-fast-tests-retry1/trace.zip

    ────────────────────────────────────────────────────────────────────────────────────────────────

    Retry #2 ───────────────────────────────────────────────────────────────────────────────────────

    Test timeout of 45000ms exceeded.

    Error: page.waitForResponse: Test timeout of 45000ms exceeded.
    =========================== logs ===========================
    waiting for response "api/core/courses/*/students/artemis_test_user_1"
    ============================================================

       at support/pageobjects/course/CourseManagementPage.ts:81

      79 |      * */
      80 |     async addStudentToCourse(credentials: UserCredentials) {
    > 81 |         const responsePromise = this.page.waitForResponse(`api/core/courses/*/students/${credentials.username}`);
         |                                           ^
      82 |         await this.page.locator('#detail-value-artemisApp\\.course\\.studentGroupName').locator('a').click();
      83 |         await this.confirmUserIntoGroup(credentials);
      84 |         await responsePromise;
        at CourseManagementPage.addStudentToCourse (/Users/egekocabas/Desktop/thesis/new/Artemis/src/test/playwright/support/pageobjects/course/CourseManagementPage.ts:81:43)
        at /Users/egekocabas/Desktop/thesis/new/Artemis/src/test/playwright/e2e/course/CourseManagement.spec.ts:60:36

    Error: locator.click: Test timeout of 45000ms exceeded.
    Call log:
      - waiting for locator('.dropdown-item').filter({ hasText: '(artemis_test_user_1)' })


       at support/pageobjects/course/CourseManagementPage.ts:121

      119 |     private async confirmUserIntoGroup(credentials: UserCredentials) {
      120 |         await this.page.locator('#typeahead-basic').fill(credentials.username);
    > 121 |         await this.page.locator('.dropdown-item', { hasText: `(${credentials.username})` }).click();
          |                                                                                             ^
      122 |     }
      123 |
      124 |     /**
        at CourseManagementPage.confirmUserIntoGroup (/Users/egekocabas/Desktop/thesis/new/Artemis/src/test/playwright/support/pageobjects/course/CourseManagementPage.ts:121:93)
        at CourseManagementPage.addStudentToCourse (/Users/egekocabas/Desktop/thesis/new/Artemis/src/test/playwright/support/pageobjects/course/CourseManagementPage.ts:83:9)
        at /Users/egekocabas/Desktop/thesis/new/Artemis/src/test/playwright/e2e/course/CourseManagement.spec.ts:60:13]]>
      
    </failure>
  </testcase>
  
  <testcase name="Course management › Course creation › Creates a new course" classname="e2e/course/CourseManagement.spec.ts" time="10.216"></testcase>
  
  <testcase name="Course management › Course creation › Creates a new course with custom groups" classname="e2e/course/CourseManagement.spec.ts" time="12.703">
    
    <system-out>
      <![CDATA[Retrying delete course request due to failure
Retrying delete course request due to failure
Retrying delete course request due to failure
Retrying delete course request due to failure
Retrying delete course request due to failure
Retrying delete course request due to failure
Retrying delete course request due to failure
Retrying delete course request due to failure
Retrying delete course request due to failure
Retrying delete course request due to failure]]>
      
    </system-out>
    
  </testcase>
  
  <testcase name="Course management › Course edit › Edits a existing course" classname="e2e/course/CourseManagement.spec.ts" time="3.889"></testcase>
  
  <testcase name="Course management › Course deletion › Deletes an existing course" classname="e2e/course/CourseManagement.spec.ts" time="3.383"></testcase>
  
  <testcase name="Course management › Course icon deletion › Course within icon › Deletes an existing course icon" classname="e2e/course/CourseManagement.spec.ts" time="4.29"></testcase>
  
  <testcase name="Course management › Course icon deletion › Course without icon › Deletes not existing course icon" classname="e2e/course/CourseManagement.spec.ts" time="3.813"></testcase>
  
</testsuite>
</testsuites>
