<?xml version="1.0"?>
<testsuites>
<testsuite name="e2e/course/CourseManagement.spec.ts" timestamp="2025-03-08T16:39:19.448Z" hostname="fast-tests" tests="7" failures="0" skipped="0" time="176.118" errors="0">
  
  <testcase name="Course management › Manual student selection › Manually adds and removes a student" classname="e2e/course/CourseManagement.spec.ts" time="137.824">
    <failure message="CourseMessages.spec.ts:33:17 Check for pre-created channels" type="FAILURE">
      
      <![CDATA[[fast-tests] › e2e/course/CourseMessages.spec.ts:33:17 › Course messages › Channel messages › Create channel › Check for pre-created channels @fast 

    Error: expect(received).toBe(expected) // Object.is equality

    Expected: 200
    Received: 401

      
       at support/commands.ts:34

      32 |             });
      33 |
    > 34 |             expect(response.status()).toBe(200);
         |                                       ^
      35 |
      36 |             const newJwtCookie = await page
      37 |                 .context()
        at Function.Commands.login (/Users/egekocabas/Desktop/thesis/new/Artemis/src/test/playwright/support/commands.ts:34:39)
        at /Users/egekocabas/Desktop/thesis/new/Artemis/src/test/playwright/support/fixtures.ts:162:13
        at /Users/egekocabas/Desktop/thesis/new/Artemis/src/test/playwright/e2e/course/CourseMessages.spec.ts:21:9

    Retry #1 ───────────────────────────────────────────────────────────────────────────────────────

    Error: expect(received).toBe(expected) // Object.is equality

    Expected: 200
    Received: 401

       at support/commands.ts:34

      32 |             });
      33 |
    > 34 |             expect(response.status()).toBe(200);
         |                                       ^
      35 |
      36 |             const newJwtCookie = await page
      37 |                 .context()
        at Function.Commands.login (/Users/egekocabas/Desktop/thesis/new/Artemis/src/test/playwright/support/commands.ts:34:39)
        at /Users/egekocabas/Desktop/thesis/new/Artemis/src/test/playwright/support/fixtures.ts:162:13
        at /Users/egekocabas/Desktop/thesis/new/Artemis/src/test/playwright/e2e/course/CourseMessages.spec.ts:21:9

    attachment #1: trace (application/zip) ─────────────────────────────────────────────────────────
    test-results/e2e-course-CourseMessages--a5765-ck-for-pre-created-channels-fast-tests-retry1/trace.zip
    Usage:

        npx playwright show-trace test-results/e2e-course-CourseMessages--a5765-ck-for-pre-created-channels-fast-tests-retry1/trace.zip

    ────────────────────────────────────────────────────────────────────────────────────────────────

    Retry #2 ───────────────────────────────────────────────────────────────────────────────────────

    Error: expect(received).toBe(expected) // Object.is equality

    Expected: 200
    Received: 401

       at support/commands.ts:34

      32 |             });
      33 |
    > 34 |             expect(response.status()).toBe(200);
         |                                       ^
      35 |
      36 |             const newJwtCookie = await page
      37 |                 .context()
        at Function.Commands.login (/Users/egekocabas/Desktop/thesis/new/Artemis/src/test/playwright/support/commands.ts:34:39)
        at /Users/egekocabas/Desktop/thesis/new/Artemis/src/test/playwright/support/fixtures.ts:162:13
        at /Users/egekocabas/Desktop/thesis/new/Artemis/src/test/playwright/e2e/course/CourseMessages.spec.ts:21:9]]>
      
    </failure>
    
  </testcase>
  
  <testcase name="Course management › Course creation › Creates a new course" classname="e2e/course/CourseManagement.spec.ts" time="10.216"></testcase>
  
  <testcase name="Course management › Course creation › Creates a new course with custom groups" classname="e2e/course/CourseManagement.spec.ts" time="12.703">
    
    <system-out>
      <![CDATA[Retrying delete course request due to failure
Retrying delete course request due to failure
Retrying delete course request due to failure
Retrying delete course request due to failure
Retrying delete course request due to failure
Retrying delete course request due to failure
Retrying delete course request due to failure
Retrying delete course request due to failure
Retrying delete course request due to failure
Retrying delete course request due to failure]]>
      
    </system-out>
    
  </testcase>
  
  <testcase name="Course management › Course edit › Edits a existing course" classname="e2e/course/CourseManagement.spec.ts" time="3.889"></testcase>
  
  <testcase name="Course management › Course deletion › Deletes an existing course" classname="e2e/course/CourseManagement.spec.ts" time="3.383"></testcase>
  
  <testcase name="Course management › Course icon deletion › Course within icon › Deletes an existing course icon" classname="e2e/course/CourseManagement.spec.ts" time="4.29"></testcase>
  
  <testcase name="Course management › Course icon deletion › Course without icon › Deletes not existing course icon" classname="e2e/course/CourseManagement.spec.ts" time="3.813"></testcase>
  
</testsuite>
</testsuites>
